F0-20-00-00-45-27-65-0A-F6-01-00-00-00-00-00-00-00-00-00-00-00-00-00-00-00-00-00-00-00-00-00-00-00
00-00-00-88-65-01-01-A4-85-00-76-00-00-00-00-07-00-00-00-88-00-00-00-00-00-00-00-00-00-00-00-00-00
F0-20-00-00-45-27-65-0A-F6-01-00-00-00-00-00-00-88-65-01-01-A4-85-00-76-00-00-00-00-07-00-00-00-88
F0-20-00-00-2D-27-60-0A-F2-01-00-00-00-00-00-00-88-65-01-01-A4-85-00-76-00-00-00-00-07-00-00-00-A9
F0-20-00-00-45-27-65-0A-F6-01-00-00-00-00-00-00-88-65-01-01-A4-85-00-76-00-00-00-00-07-00-00-00-88
F0-20-00-00-45-27-65-0A-F6-01-00-00-00-00-00-00-88-65-01-01-A4-85-00-76-00-00-00-00-07-00-00-00-88
F0-20-00-00-5D-27-69-0A-47-11-00-00-00-00-00-00-88-65-01-01-A4-85-00-76-00-00-00-00-07-00-00-00-0B
F0-20-00-00-5D-27-69-0A-4C-11-00-00-00-00-00-00-88-65-01-01-A4-85-00-76-00-00-00-00-07-00-00-00-06
F0-20-00-00-5D-27-69-0A-4C-11-00-00-00-00-00-00-88-65-01-01-A4-85-00-76-00-00-00-00-07-00-00-00-06
F0-20-00-00-5D-27-69-0A-4C-11-00-00-00-00-00-00-88-65-01-01-A4-85-00-76-00-00-00-00-07-00-00-00-06
F0-20-00-00-45-27-65-0A-F4-09-00-00-00-00-00-00-88-65-01-01-A4-85-00-76-00-00-00-00-07-00-00-00-82
F0-20-00-00-45-27-65-0A-FB-01-00-00-00-00-00-00-88-65-01-01-A4-85-00-76-00-00-00-00-08-00-00-00-82
F0-20-00-00-45-27-65-0A-FB-01-00-00-00-00-00-00-88-65-01-01-A4-85-00-76-00-00-00-00-07-00-00-00-83
F0-20-00-00-45-27-65-0A-FB-01-00-00-00-00-00-00-88-65-01-01-A4-85-00-76-00-00-00-00-07-00-00-00-83
F0-20-00-00-5D-27-69-0A-51-11-00-00-00-00-00-00-88-65-01-01-A4-85-00-76-00-00-00-00-08-00-00-00-00
F0-20-00-00-5D-27-69-0A-51-11-00-00-00-00-00-00-88-65-01-01-A4-85-00-76-00-00-00-00-07-00-00-00-01
F0-20-00-00-5D-27-69-0A-51-11-00-00-00-00-00-00-88-65-01-01-A4-85-00-76-00-00-00-00-07-00-00-00-01
F0-20-00-00-5D-27-69-0A-4C-11-00-00-00-00-00-00-88-65-01-01-A4-85-00-76-00-00-00-00-07-00-00-00-06
F0-20-00-00-5D-27-69-0A-51-11-00-00-00-00-00-00-88-65-01-01-A4-85-00-76-00-00-00-00-07-00-00-00-01
F0-20-00-00-45-27-65-0A-FB-01-00-00-00-00-00-00-88-65-01-01-A4-85-00-76-00-00-00-00-07-00-00-00-83
F0-20-00-00-45-27-65-0A-FB-01-00-00-00-00-00-00-88-65-01-01-A4-85-00-76-00-00-00-00-07-00-00-00-83
F0-20-00-00-5D-27-69-0A-4C-11-00-00-00-00-00-00-88-65-01-01-A4-85-00-76-00-00-00-00-07-00-00-00-06
F0-20-00-00-45-27-65-0A-FB-01-00-00-00-00-00-00-88-65-01-01-A4-85-00-76-00-00-00-00-07-00-00-00-83
F0-20-00-00-45-27-65-0A-FB-01-00-00-00-00-00-00-88-65-01-01-A4-85-00-76-00-00-00-00-07-00-00-00-83
F0-20-00-00-45-27-65-0A-FB-01-00-00-00-00-00-00-88-65-01-01-A4-85-00-76-00-00-00-00-07-00-00-00-83
F0-20-00-00-45-27-65-0A-FB-01-00-00-00-00-00-00-88-65-01-01-A4-85-00-76-00-00-00-00-07-00-00-00-83
F0-20-00-00-5D-27-69-0A-4C-11-00-00-00-00-00-00-88-65-01-01-A4-85-00-76-00-00-00-00-07-00-00-00-06
F0-20-00-00-45-27-65-0A-FB-01-00-00-00-00-00-00-88-65-01-01-A4-85-00-76-00-00-00-00-07-00-00-00-83
F0-20-00-00-45-27-65-0A-FB-01-00-00-00-00-00-00-88-65-01-01-A4-85-00-76-00-00-00-00-07-00-00-00-83
F0-20-00-00-5D-27-69-0A-2F-11-00-00-00-00-00-00-88-65-01-01-A4-85-00-76-00-00-00-00-07-00-00-00-23
F0-20-00-00-45-27-65-0A-F6-01-00-00-00-00-00-00-88-65-01-01-A4-85-00-76-00-00-00-00-07-00-00-00-88
F0-20-00-00-45-27-65-0A-F6-01-00-00-00-00-00-00-88-65-01-01-A4-85-00-76-00-00-00-00-07-00-00-00-88
F0-20-00-00-45-27-65-0A-F6-01-00-00-00-00-00-00-88-65-01-01-A4-85-00-76-00-00-00-00-07-00-00-00-88
F0-20-00-00-45-27-65-0A-F6-01-00-00-00-00-00-00-88-65-01-01-A4-85-00-76-00-00-00-00-07-00-00-00-88
F0-20-00-00-45-27-65-0A-F6-01-00-00-00-00-00-00-88-65-01-01-A4-85-00-76-00-00-00-00-07-00-00-00-88
F0-20-00-00-5D-27-69-0A-42-11-00-00-00-00-00-00-88-65-01-01-A4-85-00-76-00-00-00-00-07-00-00-00-10
F0-20-00-00-45-27-65-0A-F6-01-00-00-00-00-00-00-88-65-01-01-A4-85-00-76-00-00-00-00-07-00-00-00-88
F0-20-00-00-45-27-65-0A-F6-01-00-00-00-00-00-00-88-65-01-01-A4-85-00-76-00-00-00-00-07-00-00-00-88
F0-20-00-00-45-27-65-0A-F6-01-00-00-00-00-00-00-88-65-01-01-A4-85-00-76-00-00-00-00-07-00-00-00-88
F0-20-00-00-45-27-65-0A-19-02-00-00-00-00-00-00-88-65-01-01-A4-85-00-76-00-00-00-00-07-00-00-00-64
F0-20-00-00-45-27-65-0A-F6-01-00-00-00-00-00-00-88-65-01-01-A4-85-00-76-00-00-00-00-07-00-00-00-88
F0-20-00-00-45-27-65-0A-F6-01-00-00-00-00-00-00-88-65-01-01-A4-85-00-76-00-00-00-00-07-00-00-00-88
F0-20-00-00-45-27-65-0A-F6-01-00-00-00-00-00-00-88-65-01-01-A4-85-00-76-00-00-00-00-07-00-00-00-88
F0-20-00-00-45-27-65-0A-F6-01-00-00-00-00-00-00-88-65-01-01-A4-85-00-76-00-00-00-00-07-00-00-00-88
F0-20-00-00-45-27-65-0A-F6-01-00-00-00-00-00-00-88-65-01-01-A4-85-00-76-00-00-00-00-07-00-00-00-88
F0-20-00-00-5D-27-69-0A-47-11-00-00-00-00-00-00-88-65-01-01-A4-85-00-76-00-00-00-00-07-00-00-00-0B
F0-20-00-00-45-27-65-0A-F6-01-00-00-00-00-00-00-88-65-01-01-A4-85-00-76-00-00-00-00-07-00-00-00-88
F0-20-00-00-45-27-65-0A-F6-01-00-00-00-00-00-00-88-65-01-01-A4-85-00-76-00-00-00-00-07-00-00-00-88
F0-20-00-00-45-27-65-0A-F6-01-00-00-00-00-00-00-88-65-01-01-A4-85-00-76-00-00-00-00-06-00-00-00-89
F0-20-00-00-45-27-65-0A-F2-01-00-00-00-00-00-00-88-65-01-01-A4-85-00-76-00-00-00-00-0B-00-00-00-88
F0-20-00-00-45-27-65-0A-4C-11-00-00-00-00-00-00-88-65-01-01-A4-85-00-76-00-00-00-00-0C-00-00-00-1D
F0-20-00-00-45-27-65-0A-47-11-00-00-00-00-00-00-88-65-01-01-A4-85-00-76-00-00-00-00-0C-00-00-00-22
F0-20-00-00-5D-27-69-0A-47-11-00-00-00-00-00-00-88-65-01-01-A4-85-00-76-00-00-00-00-0B-00-00-00-07
F0-20-00-00-45-27-65-0A-47-11-00-00-00-00-00-00-88-65-01-01-A4-85-00-76-00-00-00-00-0C-00-00-00-22
F0-20-00-00-45-27-65-0A-FB-01-00-00-00-00-00-00-88-65-01-01-A4-85-00-76-00-00-00-00-0B-00-00-00-7F
F0-20-00-00-45-27-65-0A-F6-01-00-00-00-00-00-00-88-65-01-01-A4-85-00-76-00-00-00-00-0C-00-00-00-83
F0-20-00-00-45-27-65-0A-F6-01-00-00-00-00-00-00-88-65-01-01-A4-85-00-76-00-00-00-00-0B-00-00-00-84
F0-20-00-00-45-27-65-0A-F6-01-00-00-00-00-00-00-88-65-01-01-A4-85-00-76-00-00-00-00-0C-00-00-00-83
F0-20-00-00-45-27-65-0A-F6-01-00-00-00-00-00-00-88-65-01-01-A4-85-00-76-00-00-00-00-0C-00-00-00-83
