F0-20-00-00-45-27-65-0A-F6-01-00-00-00-00-00-00-00-00-00-00-00-00-00-00-00-00-00-00-00-00-00-00-00
00-00-00-00-00-89-65-01-01-A4-85-00-76-00-00-00-00-0C-00-00-00-82-00-00-00-00-00-00-00-00-00-00-00
F0-20-00-00-45-27-65-0A-F6-01-00-00-00-00-00-00-89-65-01-01-A4-85-00-00-00-00-00-00-00-00-00-00-00
76-00-00-00-20-00-00-45-27-65-0A-F6-01-00-00-00-00-00-00-89-65-01-01-A4-85-00-76-00-00-00-00-00-00
00-00-00-00-20-00-00-45-27-65-0A-F6-01-00-00-00-00-00-00-89-65-01-01-A4-85-00-76-00-00-00-00-00-00
00-00-00-0B-20-00-00-45-27-65-0A-F6-01-00-00-00-00-00-00-89-65-01-01-A4-85-00-76-00-00-00-00-00-00
00-00-00-00-20-00-00-45-27-65-0A-F6-01-00-00-00-00-00-00-89-65-01-01-A4-85-00-76-00-00-00-00-00-00
00-00-00-00-20-00-00-45-27-65-0A-F6-01-00-00-00-00-00-00-89-65-01-01-A4-85-00-76-00-00-00-00-00-00
00-00-00-0C-20-00-00-45-27-65-0A-F6-01-00-00-00-00-00-00-89-65-01-01-A4-85-00-76-00-00-00-00-00-00
00-00-00-00-20-00-00-45-27-65-0A-F6-01-00-00-00-00-00-00-89-65-01-01-A4-85-00-76-00-00-00-00-00-00
00-00-00-00-20-00-00-45-27-65-0A-F6-01-00-00-00-00-00-00-89-65-01-01-A4-85-00-76-00-00-00-00-00-00
00-00-00-20-00-00-45-27-65-0A-F6-01-00-00-00-00-00-00-89-65-01-01-A4-85-00-76-00-00-00-00-00-00-00
00-00-00-20-00-00-45-27-65-0A-F6-01-00-00-00-00-00-00-89-65-01-01-A4-85-00-76-00-00-00-00-00-00-00
00-00-00-0C-20-00-00-45-27-65-0A-F6-01-00-00-00-00-00-00-89-65-01-01-A4-85-00-76-00-00-00-00-00-00
00-00-00-20-00-00-45-27-65-0A-F6-01-00-00-00-00-00-00-89-65-01-01-A4-85-00-76-00-00-00-00-00-00-00
00-00-00-20-00-00-2D-27-60-0A-F6-01-00-00-00-00-00-00-89-65-01-01-A4-85-00-76-00-00-00-00-00-00-00
00-00-0C-20-00-00-45-27-65-0A-F6-01-00-00-00-00-00-00-89-65-01-01-A4-85-00-76-00-00-00-00-00-00-00
00-00-00-20-00-00-45-27-65-0A-F6-01-00-00-00-00-00-00-89-65-01-01-A4-85-00-76-00-00-00-00-00-00-00
00-00-00-0C-20-00-00-45-27-65-0A-F6-01-00-00-00-00-00-00-89-65-01-01-A4-85-00-76-00-00-00-00-00-00
00-00-00-20-00-00-45-27-65-0A-F6-01-00-00-00-00-00-00-89-65-01-01-A4-85-00-76-00-00-00-00-00-00-00
00-00-00-0C-20-00-00-2D-27-60-0A-F6-01-00-00-00-00-00-00-89-65-01-01-A4-85-00-76-00-00-00-00-00-00
00-00-00-00-20-00-00-45-27-65-0A-F6-01-00-00-00-00-00-00-89-65-01-01-A4-85-00-76-00-00-00-00-00-00
00-00-00-00-20-00-00-45-27-65-0A-FB-01-00-00-00-00-00-00-89-65-01-01-A4-85-00-76-00-00-00-00-00-00
00-00-00-00-20-00-00-45-27-65-0A-F6-01-00-00-00-00-00-00-89-65-01-01-A4-85-00-76-00-00-00-00-00-00
00-00-00-F0-00-00-45-27-65-0A-F6-01-00-00-00-00-00-00-89-65-01-01-A4-85-00-76-00-00-00-00-00-00-00
00-00-00-0C-20-00-00-45-27-65-0A-F6-01-00-00-00-00-00-00-89-65-01-01-A4-85-00-76-00-00-00-00-00-00
00-00-00-20-00-00-2D-27-60-0A-F6-01-00-00-00-00-00-00-89-65-01-01-A4-85-00-76-00-00-00-00-00-00-00
00-00-00-0C-20-00-00-45-27-65-0A-F6-01-00-00-00-00-00-00-89-65-01-01-A4-85-00-76-00-00-00-00-00-00
00-00-00-20-00-00-45-27-65-0A-F6-01-00-00-00-00-00-00-89-65-01-01-A4-85-00-76-00-00-00-00-00-00-00
00-00-00-0C-20-00-00-45-27-65-0A-F6-01-00-00-00-00-00-00-89-65-01-01-A4-85-00-76-00-00-00-00-00-00
00-00-00-00-20-00-00-45-27-65-0A-F6-01-00-00-00-00-00-00-89-65-01-01-A4-85-00-76-00-00-00-00-00-00
00-00-00-0C-20-00-00-45-27-65-0A-F6-01-00-00-00-00-00-00-89-65-01-01-A4-85-00-76-00-00-00-00-00-00
00-00-00-00-20-00-00-2D-27-60-0A-F6-01-00-00-00-00-00-00-89-65-01-01-A4-85-00-76-00-00-00-00-00-00
00-00-00-20-00-00-45-27-65-0A-F6-01-00-00-00-00-00-00-89-65-01-01-A4-85-00-76-00-00-00-00-00-00-00
00-00-00-00-20-00-00-45-27-65-0A-F6-01-00-00-00-00-00-00-89-65-01-01-A4-85-00-76-00-00-00-00-00-00
00-00-00-00-20-00-00-45-27-65-0A-F6-01-00-00-00-00-00-00-89-65-01-01-A4-85-00-76-00-00-00-00-00-00
00-00-00-0C-20-00-00-45-27-65-0A-F6-01-00-00-00-00-00-00-89-65-01-01-A4-85-00-76-00-00-00-00-00-00
00-00-00-00-20-00-00-45-27-65-0A-F6-01-00-00-00-00-00-00-89-65-01-01-A4-85-00-76-00-00-00-00-00-00
00-00-00-00-20-00-00-2D-27-60-0A-F6-01-00-00-00-00-00-00-89-65-01-01-A4-85-00-76-00-00-00-00-00-00
00-00-00-20-00-00-45-27-65-0A-F6-01-00-00-00-00-00-00-89-65-01-01-A4-85-00-76-00-00-00-00-00-00-00
00-00-00-0C-20-00-00-45-27-65-0A-F6-01-00-00-00-00-00-00-89-65-01-01-A4-85-00-76-00-00-00-00-00-00
00-00-00-00-20-00-00-45-27-65-0A-F6-01-00-00-00-00-00-00-89-65-01-01-A4-85-00-76-00-00-00-00-00-00
00-00-00-00-20-00-00-45-27-65-0A-F6-01-00-00-00-00-00-00-89-65-01-01-A4-85-00-76-00-00-00-00-00-00
00-00-00-0B-20-00-00-45-27-65-0A-F6-01-00-00-00-00-00-00-89-65-01-01-A4-85-00-76-00-00-00-00-00-00
00-00-00-00-20-00-00-45-27-65-0A-F6-01-00-00-00-00-00-00-89-65-01-01-A4-85-00-76-00-00-00-00-00-00
00-00-00-00-20-00-00-45-27-65-0A-F2-01-00-00-00-00-00-00-89-65-01-01-A4-85-00-76-00-00-00-00-00-00
00-00-00-20-00-00-45-27-65-0A-F2-01-00-00-00-00-00-00-89-65-01-01-A4-85-00-76-00-00-00-00-00-00-00
00-00-00-0C-20-00-00-45-27-65-0A-F6-01-00-00-00-00-00-00-89-65-01-01-A4-85-00-76-00-00-00-00-00-00
00-00-00-00-20-00-00-45-27-65-0A-F6-01-00-00-00-00-00-00-89-65-01-01-A4-85-00-76-00-00-00-00-00-00
00-00-00-00-20-00-00-2D-27-60-0A-F6-01-00-00-00-00-00-00-89-65-01-01-A4-85-00-76-00-00-00-00-00-00
00-00-00-00-20-00-00-45-27-65-0A-F6-01-00-00-00-00-00-00-89-65-01-01-A4-85-00-76-00-00-00-00-00-00
00-00-00-0C-20-00-00-45-27-65-0A-F6-01-00-00-00-00-00-00-89-65-01-01-A4-85-00-76-00-00-00-00-00-00
00-00-00-00-20-00-00-45-27-65-0A-F6-01-00-00-00-00-00-00-89-65-01-01-A4-85-00-76-00-00-00-00-00-00
00-00-0C-20-00-00-45-27-65-0A-F6-01-00-00-00-00-00-00-89-65-01-01-A4-85-00-00-00-00-00-00-00-00-00
76-00-00-00-20-00-00-45-27-65-0A-F6-01-00-00-00-00-00-00-89-65-01-01-A4-85-00-76-00-00-00-00-00-00
00-00-00-0C-20-00-00-45-27-65-0A-F6-01-00-00-00-00-00-00-89-65-01-01-A4-85-00-76-00-00-00-00-00-00
00-00-00-00-20-00-00-45-27-65-0A-F6-01-00-00-00-00-00-00-89-65-01-01-A4-85-00-76-00-00-00-00-00-00
00-00-00-0C-20-00-00-45-27-65-0A-F2-01-00-00-00-00-00-00-89-65-01-01-A4-85-00-76-00-00-00-00-00-00
00-00-00-00-20-00-00-45-27-65-0A-F6-01-00-00-00-00-00-00-89-65-01-01-A4-85-00-76-00-00-00-00-00-00
00-00-00-00-20-00-00-45-27-65-0A-F6-01-00-00-00-00-00-00-89-65-01-01-A4-85-00-76-00-00-00-00-00-00
00-00-00-00-20-00-00-45-27-65-0A-F6-01-00-00-00-00-00-00-89-65-01-01-A4-85-00-76-00-00-00-00-00-00
00-00-00-20-00-00-45-27-65-0A-F6-01-00-00-00-00-00-00-89-65-01-01-A4-85-00-76-00-00-00-00-00-00-00
00-00-00-0C-20-00-00-45-27-65-0A-F6-01-00-00-00-00-00-00-89-65-01-01-A4-85-00-76-00-00-00-00-00-00
00-00-00-00-20-00-00-45-27-65-0A-F6-01-00-00-00-00-00-00-89-65-01-01-A4-85-00-76-00-00-00-00-00-00
00-00-00-00-20-00-00-45-27-65-0A-F6-01-00-00-00-00-00-00-89-65-01-01-A4-85-00-76-00-00-00-00-00-00
00-00-00-0B-20-00-00-45-27-65-0A-F6-01-00-00-00-00-00-00-89-65-01-01-A4-85-00-76-00-00-00-00-00-00
00-00-00-F0-00-00-45-27-65-0A-F6-01-00-00-00-00-00-00-89-65-01-01-A4-85-00-76-00-00-00-00-00-00-00
00-00-00-0C-20-00-00-45-27-65-0A-F6-01-00-00-00-00-00-00-89-65-01-01-A4-85-00-76-00-00-00-00-00-00
00-00-00-00-20-00-00-45-27-65-0A-F6-01-00-00-00-00-00-00-89-65-01-01-A4-85-00-76-00-00-00-00-00-00
00-00-00-20-00-00-45-27-65-0A-F6-01-00-00-00-00-00-00-89-65-01-01-A4-85-00-76-00-00-00-00-00-00-00
00-00-00-0C-20-00-00-45-27-65-0A-F6-01-00-00-00-00-00-00-89-65-01-01-A4-85-00-76-00-00-00-00-00-00
00-00-00-00-20-00-00-45-27-65-0A-F6-01-00-00-00-00-00-00-89-65-01-01-A4-85-00-76-00-00-00-00-00-00
00-00-00-00-20-00-00-45-27-65-0A-F6-01-00-00-00-00-00-00-89-65-01-01-A4-85-00-76-00-00-00-00-00-00
0C-00-20-00-00-45-27-65-0A-F6-01-00-00-00-00-00-00-89-65-01-01-A4-85-00-00-00-00-00-00-00-00-00-00
76-00-00-00-20-00-00-2D-27-60-0A-F6-01-00-00-00-00-00-00-89-65-01-01-A4-85-00-76-00-00-00-00-00-00
00-00-00-00-20-00-00-45-27-65-0A-F6-01-00-00-00-00-00-00-89-65-01-01-A4-85-00-76-00-00-00-00-00-00
00-00-00-00-20-00-00-45-27-65-0A-F6-01-00-00-00-00-00-00-89-65-01-01-A4-85-00-76-00-00-00-00-00-00
00-00-00-00-20-00-00-45-27-65-0A-F6-01-00-00-00-00-00-00-89-65-01-01-A4-85-00-76-00-00-00-00-00-00
00-00-00-0C-20-00-00-45-27-65-0A-F6-01-00-00-00-00-00-00-89-65-01-01-A4-85-00-76-00-00-00-00-00-00
00-00-00-00-20-00-00-45-27-65-0A-F6-01-00-00-00-00-00-00-89-65-01-01-A4-85-00-76-00-00-00-00-00-00
00-00-00-00-20-00-00-45-27-65-0A-F6-01-00-00-00-00-00-00-89-65-01-01-A4-85-00-76-00-00-00-00-00-00
00-00-00-00-20-00-00-45-27-65-0A-F6-01-00-00-00-00-00-00-89-65-01-01-A4-85-00-76-00-00-00-00-00-00
00-00-00-00-0C-20-00-00-45-27-65-0A-F6-01-00-00-00-00-00-00-89-65-01-01-A4-85-00-76-00-00-00-00-00
00-00-00-00-20-00-00-45-27-65-0A-F6-01-00-00-00-00-00-00-89-65-01-01-A4-85-00-76-00-00-00-00-00-00
00-00-00-00-20-00-00-45-27-65-0A-F6-01-00-00-00-00-00-00-89-65-01-01-A4-85-00-76-00-00-00-00-00-00
00-00-00-00-20-00-00-2D-27-60-0A-F6-01-00-00-00-00-00-00-89-65-01-01-A4-85-00-76-00-00-00-00-00-00
00-00-00-0C-20-00-00-2D-27-60-0A-F6-01-00-00-00-00-00-00-89-65-01-01-A4-85-00-76-00-00-00-00-00-00
00-00-00-00-20-00-00-45-27-65-0A-F6-01-00-00-00-00-00-00-89-65-01-01-A4-85-00-76-00-00-00-00-00-00
00-00-00-00-20-00-00-45-27-65-0A-F6-01-00-00-00-00-00-00-89-65-01-01-A4-85-00-76-00-00-00-00-00-00
00-00-00-00-20-00-00-45-27-65-0A-98-02-00-00-00-00-00-00-89-65-01-01-A4-85-00-76-00-00-00-00-00-00
00-00-00-0C-20-00-00-45-27-65-0A-EB-04-00-00-00-00-00-00-89-65-01-01-A4-85-00-76-00-00-00-00-00-00
00-00-00-00-20-00-00-45-27-65-0A-22-07-00-00-00-00-00-00-89-65-01-01-A4-85-00-76-00-00-00-00-00-00
00-00-00-00-20-00-00-45-27-65-0A-22-07-00-00-00-00-00-00-89-65-01-01-A4-85-00-76-00-00-00-00-00-00
00-00-00-00-20-00-00-5D-27-69-0A-AB-09-00-00-00-00-00-00-89-65-01-01-A4-85-00-76-00-00-00-00-00-00
00-00-00-0C-20-00-00-5D-27-69-0A-30-0C-00-00-00-00-00-00-89-65-01-01-A4-85-00-76-00-00-00-00-00-00
00-00-00-00-20-00-00-45-27-65-0A-97-0E-00-00-00-00-00-00-89-65-01-01-A4-85-00-76-00-00-00-00-00-00
00-00-00-00-20-00-00-45-27-65-0A-97-0E-00-00-00-00-00-00-89-65-01-01-A4-85-00-76-00-00-00-00-00-00
00-00-00-00-0C-20-00-00-2D-27-60-0A-B0-10-00-00-00-00-00-00-89-65-01-01-A4-85-00-76-00-00-00-00-00
00-00-00-00-20-00-00-45-27-65-0A-39-11-00-00-00-00-00-00-89-65-01-01-A4-85-00-76-00-00-00-00-00-00
00-00-00-00-0C-20-00-00-5D-27-69-0A-3E-11-00-00-00-00-00-00-89-65-01-01-A4-85-00-76-00-00-00-00-00
00-00-00-00-20-00-00-45-27-65-0A-3E-11-00-00-00-00-00-00-89-65-01-01-A4-85-00-76-00-00-00-00-00-00
00-00-00-00-20-00-00-5D-27-69-0A-3E-11-00-00-00-00-00-00-89-65-01-01-A4-85-00-76-00-00-00-00-00-00
00-00-00-00-20-00-00-45-27-65-0A-42-11-00-00-00-00-00-00-89-65-01-01-A4-85-00-76-00-00-00-00-00-00
00-00-00-00-20-00-00-2D-27-60-0A-42-11-00-00-00-00-00-00-89-65-01-01-A4-85-00-76-00-00-00-00-00-00
00-00-00-00-20-00-00-45-27-65-0A-3E-11-00-00-00-00-00-00-89-65-01-01-A4-85-00-76-00-00-00-00-00-00
00-00-00-0C-20-00-00-5D-27-69-0A-3E-11-00-00-00-00-00-00-89-65-01-01-A4-85-00-76-00-00-00-00-00-00
00-00-00-00-20-00-00-45-27-65-0A-42-11-00-00-00-00-00-00-89-65-01-01-A4-85-00-76-00-00-00-00-00-00
00-00-00-00-20-00-00-45-27-65-0A-42-11-00-00-00-00-00-00-89-65-01-01-A4-85-00-76-00-00-00-00-00-00
00-00-00-0B-20-00-00-45-27-65-0A-47-11-00-00-00-00-00-00-89-65-01-01-A4-85-00-76-00-00-00-00-00-00
00-00-00-00-20-00-00-5D-27-69-0A-42-11-00-00-00-00-00-00-89-65-01-01-A4-85-00-76-00-00-00-00-00-00
00-00-00-00-20-00-00-45-27-65-0A-42-11-00-00-00-00-00-00-89-65-01-01-A4-85-00-76-00-00-00-00-00-00
00-00-00-0C-20-00-00-45-27-65-0A-42-11-00-00-00-00-00-00-89-65-01-01-A4-85-00-76-00-00-00-00-00-00
00-00-00-00-20-00-00-45-27-65-0A-47-11-00-00-00-00-00-00-89-65-01-01-A4-85-00-76-00-00-00-00-00-00
00-00-00-00-20-00-00-45-27-65-0A-47-11-00-00-00-00-00-00-89-65-01-01-A4-85-00-76-00-00-00-00-00-00
00-00-00-0B-20-00-00-5D-27-69-0A-47-11-00-00-00-00-00-00-89-65-01-01-A4-85-00-76-00-00-00-00-00-00
00-00-00-00-20-00-00-45-27-65-0A-47-11-00-00-00-00-00-00-89-65-01-01-A4-85-00-76-00-00-00-00-00-00
00-00-00-00-20-00-00-45-27-65-0A-42-11-00-00-00-00-00-00-89-65-01-01-A4-85-00-76-00-00-00-00-00-00
00-00-00-00-20-00-00-5D-27-69-0A-42-11-00-00-00-00-00-00-89-65-01-01-A4-85-00-76-00-00-00-00-00-00
00-00-00-0C-20-00-00-5D-27-69-0A-47-11-00-00-00-00-00-00-89-65-01-01-A4-85-00-00-00-00-00-00-00-00
76-00-00-00-20-00-00-5D-27-69-0A-47-11-00-00-00-00-00-00-89-65-01-01-A4-85-00-76-00-00-00-00-00-00
00-00-00-0C-20-00-00-45-27-65-0A-42-11-00-00-00-00-00-00-89-65-01-01-A4-85-00-76-00-00-00-00-00-00
00-00-00-00-20-00-00-5D-27-69-0A-47-11-00-00-00-00-00-00-89-65-01-01-A4-85-00-76-00-00-00-00-00-00
00-00-00-20-00-00-5D-27-69-0A-47-11-00-00-00-00-00-00-89-65-01-01-A4-85-00-76-00-00-00-00-00-00-00
00-00-00-20-00-00-5D-27-69-0A-47-11-00-00-00-00-00-00-89-65-01-01-A4-85-00-76-00-00-00-00-00-00-00
00-00-00-0C-20-00-00-5D-27-69-0A-42-11-00-00-00-00-00-00-89-65-01-01-A4-85-00-76-00-00-00-00-00-00
00-00-00-00-20-00-00-5D-27-69-0A-47-11-00-00-00-00-00-00-89-65-01-01-A4-85-00-76-00-00-00-00-00-00
00-00-00-0C-20-00-00-5D-27-69-0A-47-11-00-00-00-00-00-00-89-65-01-01-A4-85-00-76-00-00-00-00-00-00
00-00-00-00-20-00-00-45-27-65-0A-47-11-00-00-00-00-00-00-89-65-01-01-A4-85-00-76-00-00-00-00-00-00
00-00-00-00-20-00-00-5D-27-69-0A-47-11-00-00-00-00-00-00-89-65-01-01-A4-85-00-76-00-00-00-00-00-00
00-00-00-00-20-00-00-5D-27-69-0A-42-11-00-00-00-00-00-00-89-65-01-01-A4-85-00-76-00-00-00-00-00-00
00-00-00-0B-20-00-00-45-27-65-0A-47-11-00-00-00-00-00-00-89-65-01-01-A4-85-00-76-00-00-00-00-00-00
00-00-00-00-20-00-00-5D-27-69-0A-47-11-00-00-00-00-00-00-89-65-01-01-A4-85-00-76-00-00-00-00-00-00
00-00-00-00-20-00-00-45-27-65-0A-47-11-00-00-00-00-00-00-89-65-01-01-A4-85-00-76-00-00-00-00-00-00
00-00-00-00-0C-20-00-00-45-27-65-0A-47-11-00-00-00-00-00-00-89-65-01-01-A4-85-00-76-00-00-00-00-00
00-00-00-20-00-00-5D-27-69-0A-47-11-00-00-00-00-00-00-89-65-01-01-A4-85-00-76-00-00-00-00-00-00-00
00-00-00-00-0C-20-00-00-5D-27-69-0A-47-11-00-00-00-00-00-00-89-65-01-01-A4-85-00-76-00-00-00-00-00
00-00-00-00-20-00-00-45-27-65-0A-47-11-00-00-00-00-00-00-89-65-01-01-A4-85-00-76-00-00-00-00-00-00
00-00-00-00-20-00-00-45-27-65-0A-47-11-00-00-00-00-00-00-89-65-01-01-A4-85-00-76-00-00-00-00-00-00
00-00-00-0C-20-00-00-5D-27-69-0A-47-11-00-00-00-00-00-00-89-65-01-01-A4-85-00-76-00-00-00-00-00-00
00-00-00-00-20-00-00-45-27-65-0A-47-11-00-00-00-00-00-00-89-65-01-01-A4-85-00-76-00-00-00-00-00-00
00-00-00-00-20-00-00-5D-27-69-0A-3E-11-00-00-00-00-00-00-89-65-01-01-A4-85-00-76-00-00-00-00-00-00
00-00-00-20-00-00-5D-27-69-0A-42-11-00-00-00-00-00-00-89-65-01-01-A4-85-00-76-00-00-00-00-00-00-00
00-00-00-0C-20-00-00-5D-27-69-0A-42-11-00-00-00-00-00-00-89-65-01-01-A4-85-00-76-00-00-00-00-00-00
00-00-00-00-20-00-00-45-27-65-0A-34-11-00-00-00-00-00-00-89-65-01-01-A4-85-00-76-00-00-00-00-00-00
00-00-00-00-20-00-00-45-27-65-0A-2A-11-00-00-00-00-00-00-89-65-01-01-A4-85-00-76-00-00-00-00-00-00
00-00-00-20-00-00-45-27-65-0A-D7-10-00-00-00-00-00-00-89-65-01-01-A4-85-00-76-00-00-00-00-00-00-00
00-00-00-0C-20-00-00-5D-27-69-0A-D7-10-00-00-00-00-00-00-89-65-01-01-A4-85-00-76-00-00-00-00-00-00
00-00-00-00-20-00-00-5D-27-69-0A-0A-10-00-00-00-00-00-00-89-65-01-01-A4-85-00-76-00-00-00-00-00-00
00-00-00-00-20-00-00-45-27-65-0A-9C-0E-00-00-00-00-00-00-89-65-01-01-A4-85-00-76-00-00-00-00-00-00
00-00-00-0C-20-00-00-45-27-65-0A-39-0C-00-00-00-00-00-00-89-65-01-01-A4-85-00-76-00-00-00-00-00-00
00-00-00-00-20-00-00-45-27-65-0A-98-09-00-00-00-00-00-00-89-65-01-01-A4-85-00-76-00-00-00-00-00-00
00-00-00-00-20-00-00-2D-27-60-0A-98-09-00-00-00-00-00-00-89-65-01-01-A4-85-00-76-00-00-00-00-00-00
00-00-00-00-20-00-00-45-27-65-0A-1D-07-00-00-00-00-00-00-89-65-01-01-A4-85-00-76-00-00-00-00-00-00
00-00-00-00-20-00-00-45-27-65-0A-65-05-00-00-00-00-00-00-89-65-01-01-A4-85-00-76-00-00-00-00-00-00
00-00-00-0C-20-00-00-45-27-65-0A-E8-03-00-00-00-00-00-00-89-65-01-01-A4-85-00-76-00-00-00-00-00-00
00-00-00-00-20-00-00-45-27-65-0A-E8-03-00-00-00-00-00-00-89-65-01-01-A4-85-00-76-00-00-00-00-00-00
00-00-00-00-20-00-00-2D-27-60-0A-DC-02-00-00-00-00-00-00-89-65-01-01-A4-85-00-76-00-00-00-00-00-00
00-00-00-0B-20-00-00-2D-27-60-0A-3B-02-00-00-00-00-00-00-89-65-01-01-A4-85-00-76-00-00-00-00-00-00
00-00-00-00-20-00-00-45-27-65-0A-22-02-00-00-00-00-00-00-89-65-01-01-A4-85-00-76-00-00-00-00-00-00
00-00-00-00-20-00-00-45-27-65-0A-0F-02-00-00-00-00-00-00-89-65-01-01-A4-85-00-76-00-00-00-00-00-00
00-00-00-0C-20-00-00-45-27-65-0A-0F-02-00-00-00-00-00-00-89-65-01-01-A4-85-00-76-00-00-00-00-00-00
00-00-00-00-20-00-00-45-27-65-0A-00-02-00-00-00-00-00-00-89-65-01-01-A4-85-00-76-00-00-00-00-00-00
00-00-00-00-20-00-00-2D-27-60-0A-F6-01-00-00-00-00-00-00-89-65-01-01-A4-85-00-76-00-00-00-00-00-00
00-00-00-00-20-00-00-2D-27-60-0A-F6-01-00-00-00-00-00-00-89-65-01-01-A4-85-00-76-00-00-00-00-00-00
00-00-00-0C-20-00-00-45-27-65-0A-F6-01-00-00-00-00-00-00-89-65-01-01-A4-85-00-76-00-00-00-00-00-00
00-00-00-00-20-00-00-45-27-65-0A-FB-01-00-00-00-00-00-00-89-65-01-01-A4-85-00-76-00-00-00-00-00-00
00-00-00-00-20-00-00-45-27-65-0A-FB-01-00-00-00-00-00-00-89-65-01-01-A4-85-00-76-00-00-00-00-00-00
00-00-00-00-20-00-00-45-27-65-0A-FB-01-00-00-00-00-00-00-89-65-01-01-A4-85-00-76-00-00-00-00-00-00
00-00-00-00-20-00-00-45-27-65-0A-FB-01-00-00-00-00-00-00-89-65-01-01-A4-85-00-76-00-00-00-00-00-00
00-00-00-00-20-00-00-45-27-65-0A-FB-01-00-00-00-00-00-00-89-65-01-01-A4-85-00-76-00-00-00-00-00-00
00-00-00-0C-20-00-00-45-27-65-0A-FB-01-00-00-00-00-00-00-89-65-01-01-A4-85-00-76-00-00-00-00-00-00
00-00-00-00-20-00-00-45-27-65-0A-F6-01-00-00-00-00-00-00-89-65-01-01-A4-85-00-76-00-00-00-00-00-00
00-00-00-20-00-00-45-27-65-0A-F6-01-00-00-00-00-00-00-89-65-01-01-A4-85-00-76-00-00-00-00-00-00-00
00-00-00-0B-20-00-00-45-27-65-0A-F6-01-00-00-00-00-00-00-89-65-01-01-A4-85-00-76-00-00-00-00-00-00
00-00-00-00-20-00-00-45-27-65-0A-FB-01-00-00-00-00-00-00-89-65-01-01-A4-85-00-76-00-00-00-00-00-00
00-00-00-0C-20-00-00-45-27-65-0A-FB-01-00-00-00-00-00-00-89-65-01-01-A4-85-00-76-00-00-00-00-00-00
00-00-00-F0-20-00-00-45-27-65-0A-F6-01-00-00-00-00-00-00-89-65-01-01-A4-85-00-76-00-00-00-00-00-00
00-00-00-00-20-00-00-45-27-65-0A-FB-01-00-00-00-00-00-00-89-65-01-01-A4-85-00-76-00-00-00-00-00-00
00-00-00-00-20-00-00-45-27-65-0A-FB-01-00-00-00-00-00-00-89-65-01-01-A4-85-00-76-00-00-00-00-00-00
00-00-00-F0-00-00-45-27-65-0A-FB-01-00-00-00-00-00-00-89-65-01-01-A4-85-00-76-00-00-00-00-00-00-00
00-00-00-0C-20-00-00-45-27-65-0A-FB-01-00-00-00-00-00-00-89-65-01-01-A4-85-00-76-00-00-00-00-00-00
00-00-00-00-20-00-00-45-27-65-0A-FB-01-00-00-00-00-00-00-89-65-01-01-A4-85-00-76-00-00-00-00-00-00
00-00-00-00-20-00-00-45-27-65-0A-F6-01-00-00-00-00-00-00-89-65-01-01-A4-85-00-76-00-00-00-00-00-00
00-00-00-20-00-00-45-27-65-0A-F6-01-00-00-00-00-00-00-89-65-01-01-A4-85-00-76-00-00-00-00-00-00-00
00-00-00-00-20-00-00-45-27-65-0A-F6-01-00-00-00-00-00-00-89-65-01-01-A4-85-00-76-00-00-00-00-00-00
00-00-00-0C-20-00-00-45-27-65-0A-F6-01-00-00-00-00-00-00-89-65-01-01-A4-85-00-76-00-00-00-00-00-00
00-00-00-0C-20-00-00-45-27-65-0A-F6-01-00-00-00-00-00-00-89-65-01-01-A4-85-00-00-00-00-00-00-00-00
76-00-00-00-20-00-00-45-27-65-0A-F6-01-00-00-00-00-00-00-89-65-01-01-A4-85-00-76-00-00-00-00-00-00
00-00-00-0C-20-00-00-45-27-65-0A-F6-01-00-00-00-00-00-00-89-65-01-01-A4-85-00-76-00-00-00-00-00-00
00-00-00-00-20-00-00-45-27-65-0A-FB-01-00-00-00-00-00-00-89-65-01-01-A4-85-00-76-00-00-00-00-00-00
00-00-00-20-00-00-45-27-65-0A-F6-01-00-00-00-00-00-00-89-65-01-01-A4-85-00-76-00-00-00-00-00-00-00
00-00-00-00-20-00-00-45-27-65-0A-F6-01-00-00-00-00-00-00-89-65-01-01-A4-85-00-76-00-00-00-00-00-00
00-00-00-0C-20-00-00-45-27-65-0A-F6-01-00-00-00-00-00-00-89-65-01-01-A4-85-00-76-00-00-00-00-00-00
00-00-00-00-20-00-00-45-27-65-0A-FB-01-00-00-00-00-00-00-89-65-01-01-A4-85-00-76-00-00-00-00-00-00
00-00-00-00-20-00-00-45-27-65-0A-FB-01-00-00-00-00-00-00-89-65-01-01-A4-85-00-76-00-00-00-00-00-00
00-00-00-0B-20-00-00-45-27-65-0A-F6-01-00-00-00-00-00-00-89-65-01-01-A4-85-00-76-00-00-00-00-00-00
00-00-00-00-20-00-00-45-27-65-0A-F6-01-00-00-00-00-00-00-89-65-01-01-A4-85-00-76-00-00-00-00-00-00
00-00-00-00-20-00-00-45-27-65-0A-7F-02-00-00-00-00-00-00-89-65-01-01-A4-85-00-76-00-00-00-00-00-00
00-00-00-20-00-00-2D-27-60-0A-85-04-00-00-00-00-00-00-89-65-01-01-A4-85-00-76-00-00-00-00-00-00-00
00-00-00-00-20-00-00-5D-27-69-0A-BB-06-00-00-00-00-00-00-89-65-01-01-A4-85-00-76-00-00-00-00-00-00
00-00-00-0B-20-00-00-45-27-65-0A-27-09-00-00-00-00-00-00-89-65-01-01-A4-85-00-76-00-00-00-00-00-00
00-00-00-00-20-00-00-5D-27-69-0A-27-09-00-00-00-00-00-00-89-65-01-01-A4-85-00-76-00-00-00-00-00-00
00-00-00-20-00-00-5D-27-69-0A-F0-0B-00-00-00-00-00-00-89-65-01-01-A4-85-00-76-00-00-00-00-00-00-00
00-00-00-0C-20-00-00-5D-27-69-0A-EA-0E-00-00-00-00-00-00-89-65-01-01-A4-85-00-76-00-00-00-00-00-00
00-00-00-00-20-00-00-2D-27-60-0A-25-11-00-00-00-00-00-00-89-65-01-01-A4-85-00-76-00-00-00-00-00-00
00-00-00-00-20-00-00-45-27-65-0A-25-11-00-00-00-00-00-00-89-65-01-01-A4-85-00-76-00-00-00-00-00-00
00-00-00-00-20-00-00-5D-27-69-0A-39-11-00-00-00-00-00-00-89-65-01-01-A4-85-00-76-00-00-00-00-00-00
00-00-00-0C-20-00-00-5D-27-69-0A-3E-11-00-00-00-00-00-00-89-65-01-01-A4-85-00-76-00-00-00-00-00-00
00-00-00-00-20-00-00-45-27-65-0A-3E-11-00-00-00-00-00-00-89-65-01-01-A4-85-00-76-00-00-00-00-00-00
00-00-00-20-00-00-45-27-65-0A-42-11-00-00-00-00-00-00-89-65-01-01-A4-85-00-76-00-00-00-00-00-00-00
00-00-00-0C-20-00-00-45-27-65-0A-42-11-00-00-00-00-00-00-89-65-01-01-A4-85-00-76-00-00-00-00-00-00
00-00-00-20-00-00-45-27-65-0A-3E-11-00-00-00-00-00-00-89-65-01-01-A4-85-00-76-00-00-00-00-00-00-00
00-00-00-0C-20-00-00-5D-27-69-0A-3E-11-00-00-00-00-00-00-89-65-01-01-A4-85-00-76-00-00-00-00-00-00
00-00-00-00-20-00-00-45-27-65-0A-42-11-00-00-00-00-00-00-89-65-01-01-A4-85-00-76-00-00-00-00-00-00
00-00-00-0C-20-00-00-45-27-65-0A-42-11-00-00-00-00-00-00-89-65-01-01-A4-85-00-76-00-00-00-00-00-00
00-00-00-00-20-00-00-45-27-65-0A-42-11-00-00-00-00-00-00-89-65-01-01-A4-85-00-76-00-00-00-00-00-00
00-00-00-00-20-00-00-2D-27-60-0A-42-11-00-00-00-00-00-00-89-65-01-01-A4-85-00-76-00-00-00-00-00-00
00-00-00-00-20-00-00-5D-27-69-0A-42-11-00-00-00-00-00-00-89-65-01-01-A4-85-00-76-00-00-00-00-00-00
00-00-00-0C-20-00-00-45-27-65-0A-42-11-00-00-00-00-00-00-89-65-01-01-A4-85-00-76-00-00-00-00-00-00
00-00-00-00-20-00-00-45-27-65-0A-42-11-00-00-00-00-00-00-89-65-01-01-A4-85-00-76-00-00-00-00-00-00
00-00-00-00-20-00-00-45-27-65-0A-42-11-00-00-00-00-00-00-89-65-01-01-A4-85-00-76-00-00-00-00-00-00
00-00-00-0B-20-00-00-45-27-65-0A-42-11-00-00-00-00-00-00-89-65-01-01-A4-85-00-76-00-00-00-00-00-00
00-00-00-00-20-00-00-2D-27-60-0A-42-11-00-00-00-00-00-00-89-65-01-01-A4-85-00-76-00-00-00-00-00-00
00-00-00-00-20-00-00-5D-27-69-0A-42-11-00-00-00-00-00-00-89-65-01-01-A4-85-00-76-00-00-00-00-00-00
00-00-00-00-20-00-00-45-27-65-0A-3E-11-00-00-00-00-00-00-89-65-01-01-A4-85-00-76-00-00-00-00-00-00
00-00-00-0C-20-00-00-45-27-65-0A-42-11-00-00-00-00-00-00-89-65-01-01-A4-85-00-76-00-00-00-00-00-00
00-00-00-20-00-00-45-27-65-0A-42-11-00-00-00-00-00-00-89-65-01-01-A4-85-00-76-00-00-00-00-00-00-00
00-00-00-0B-20-00-00-45-27-65-0A-42-11-00-00-00-00-00-00-89-65-01-01-A4-85-00-76-00-00-00-00-00-00
00-00-00-00-20-00-00-5D-27-69-0A-42-11-00-00-00-00-00-00-89-65-01-01-A4-85-00-76-00-00-00-00-00-00
00-00-00-F0-20-00-00-45-27-65-0A-42-11-00-00-00-00-00-00-89-65-01-01-A4-85-00-76-00-00-00-00-00-00
00-00-00-00-20-00-00-5D-27-69-0A-42-11-00-00-00-00-00-00-89-65-01-01-A4-85-00-76-00-00-00-00-00-00
00-00-00-00-20-00-00-5D-27-69-0A-42-11-00-00-00-00-00-00-89-65-01-01-A4-85-00-76-00-00-00-00-00-00
00-00-00-00-20-00-00-5D-27-69-0A-42-11-00-00-00-00-00-00-89-65-01-01-A4-85-00-76-00-00-00-00-00-00
00-00-00-00-20-00-00-5D-27-69-0A-42-11-00-00-00-00-00-00-89-65-01-01-A4-85-00-76-00-00-00-00-00-00
00-00-00-0C-20-00-00-45-27-65-0A-42-11-00-00-00-00-00-00-89-65-01-01-A4-85-00-76-00-00-00-00-00-00
00-00-00-00-20-00-00-5D-27-69-0A-3E-11-00-00-00-00-00-00-89-65-01-01-A4-85-00-76-00-00-00-00-00-00
00-00-00-20-00-00-5D-27-69-0A-42-11-00-00-00-00-00-00-89-65-01-01-A4-85-00-76-00-00-00-00-00-00-00
00-00-00-0C-20-00-00-45-27-65-0A-42-11-00-00-00-00-00-00-89-65-01-01-A4-85-00-76-00-00-00-00-00-00
00-00-00-00-20-00-00-45-27-65-0A-42-11-00-00-00-00-00-00-89-65-01-01-A4-85-00-76-00-00-00-00-00-00
00-00-00-00-20-00-00-5D-27-69-0A-42-11-00-00-00-00-00-00-89-65-01-01-A4-85-00-76-00-00-00-00-00-00
00-00-00-00-20-00-00-45-27-65-0A-42-11-00-00-00-00-00-00-89-65-01-01-A4-85-00-76-00-00-00-00-00-00
00-00-00-F0-00-00-45-27-65-0A-42-11-00-00-00-00-00-00-89-65-01-01-A4-85-00-76-00-00-00-00-00-00-00
00-00-00-0B-20-00-00-45-27-65-0A-42-11-00-00-00-00-00-00-89-65-01-01-A4-85-00-76-00-00-00-00-00-00
00-00-00-00-F0-20-00-00-5D-27-69-0A-47-11-00-00-00-00-00-00-89-65-01-01-A4-85-00-76-00-00-00-00-00
00-00-00-20-00-00-45-27-65-0A-42-11-00-00-00-00-00-00-89-65-01-01-A4-85-00-76-00-00-00-00-00-00-00
00-00-00-0C-20-00-00-5D-27-69-0A-47-11-00-00-00-00-00-00-89-65-01-01-A4-85-00-76-00-00-00-00-00-00
00-00-00-00-20-00-00-45-27-65-0A-47-11-00-00-00-00-00-00-89-65-01-01-A4-85-00-76-00-00-00-00-00-00
00-00-00-00-20-00-00-45-27-65-0A-3E-11-00-00-00-00-00-00-89-65-01-01-A4-85-00-76-00-00-00-00-00-00
00-00-00-00-20-00-00-5D-27-69-0A-42-11-00-00-00-00-00-00-89-65-01-01-A4-85-00-76-00-00-00-00-00-00
00-00-00-0B-20-00-00-5D-27-69-0A-47-11-00-00-00-00-00-00-89-65-01-01-A4-85-00-76-00-00-00-00-00-00
00-00-00-00-20-00-00-5D-27-69-0A-47-11-00-00-00-00-00-00-89-65-01-01-A4-85-00-76-00-00-00-00-00-00
00-00-00-20-00-00-5D-27-69-0A-47-11-00-00-00-00-00-00-89-65-01-01-A4-85-00-76-00-00-00-00-00-00-00
00-00-00-F0-00-00-5D-27-69-0A-47-11-00-00-00-00-00-00-89-65-01-01-A4-85-00-76-00-00-00-00-00-00-00
00-00-00-0C-20-00-00-5D-27-69-0A-47-11-00-00-00-00-00-00-89-65-01-01-A4-85-00-76-00-00-00-00-00-00
00-00-00-00-20-00-00-5D-27-69-0A-47-11-00-00-00-00-00-00-89-65-01-01-A4-85-00-76-00-00-00-00-00-00
00-00-00-0B-20-00-00-45-27-65-0A-47-11-00-00-00-00-00-00-89-65-01-01-A4-85-00-76-00-00-00-00-00-00
00-00-00-00-20-00-00-5D-27-69-0A-47-11-00-00-00-00-00-00-89-65-01-01-A4-85-00-76-00-00-00-00-00-00
00-00-00-00-20-00-00-45-27-65-0A-47-11-00-00-00-00-00-00-89-65-01-01-A4-85-00-76-00-00-00-00-00-00
00-00-00-00-20-00-00-45-27-65-0A-42-11-00-00-00-00-00-00-89-65-01-01-A4-85-00-76-00-00-00-00-00-00
00-00-00-F0-00-00-5D-27-69-0A-42-11-00-00-00-00-00-00-89-65-01-01-A4-85-00-76-00-00-00-00-00-00-00
00-00-00-20-00-00-5D-27-69-0A-42-11-00-00-00-00-00-00-89-65-01-01-A4-85-00-76-00-00-00-00-00-00-00
00-00-00-0C-20-00-00-45-27-65-0A-47-11-00-00-00-00-00-00-89-65-01-01-A4-85-00-76-00-00-00-00-00-00
00-00-00-00-20-00-00-45-27-65-0A-47-11-00-00-00-00-00-00-89-65-01-01-A4-85-00-76-00-00-00-00-00-00
00-00-00-20-00-00-45-27-65-0A-47-11-00-00-00-00-00-00-89-65-01-01-A4-85-00-76-00-00-00-00-00-00-00
00-00-00-00-20-00-00-45-27-65-0A-47-11-00-00-00-00-00-00-89-65-01-01-A4-85-00-76-00-00-00-00-00-00
00-00-00-0C-20-00-00-5D-27-69-0A-47-11-00-00-00-00-00-00-89-65-01-01-A4-85-00-76-00-00-00-00-00-00
00-00-00-0C-20-00-00-5D-27-69-0A-47-11-00-00-00-00-00-00-89-65-01-01-A4-85-00-76-00-00-00-00-00-00
00-00-00-00-20-00-00-5D-27-69-0A-47-11-00-00-00-00-00-00-89-65-01-01-A4-85-00-76-00-00-00-00-00-00
00-00-00-00-20-00-00-45-27-65-0A-47-11-00-00-00-00-00-00-89-65-01-01-A4-85-00-76-00-00-00-00-00-00
00-00-00-00-20-00-00-45-27-65-0A-47-11-00-00-00-00-00-00-89-65-01-01-A4-85-00-76-00-00-00-00-00-00
00-00-00-20-00-00-45-27-65-0A-42-11-00-00-00-00-00-00-89-65-01-01-A4-85-00-76-00-00-00-00-00-00-00
00-00-00-0C-20-00-00-45-27-65-0A-42-11-00-00-00-00-00-00-89-65-01-01-A4-85-00-76-00-00-00-00-00-00
00-00-00-00-20-00-00-5D-27-69-0A-42-11-00-00-00-00-00-00-89-65-01-01-A4-85-00-76-00-00-00-00-00-00
00-00-00-00-20-00-00-5D-27-69-0A-42-11-00-00-00-00-00-00-89-65-01-01-A4-85-00-76-00-00-00-00-00-00
00-00-00-0C-20-00-00-45-27-65-0A-47-11-00-00-00-00-00-00-89-65-01-01-A4-85-00-76-00-00-00-00-00-00
00-00-00-20-00-00-2D-27-60-0A-42-11-00-00-00-00-00-00-89-65-01-01-A4-85-00-76-00-00-00-00-00-00-00
00-00-00-0C-20-00-00-45-27-65-0A-47-11-00-00-00-00-00-00-89-65-01-01-A4-85-00-76-00-00-00-00-00-00
00-00-00-00-20-00-00-5D-27-69-0A-47-11-00-00-00-00-00-00-89-65-01-01-A4-85-00-76-00-00-00-00-00-00
00-00-00-00-20-00-00-45-27-65-0A-47-11-00-00-00-00-00-00-89-65-01-01-A4-85-00-76-00-00-00-00-00-00
00-00-00-0C-20-00-00-45-27-65-0A-47-11-00-00-00-00-00-00-89-65-01-01-A4-85-00-76-00-00-00-00-00-00
00-00-00-00-20-00-00-45-27-65-0A-42-11-00-00-00-00-00-00-89-65-01-01-A4-85-00-76-00-00-00-00-00-00
00-00-00-00-20-00-00-2D-27-60-0A-42-11-00-00-00-00-00-00-89-65-01-01-A4-85-00-76-00-00-00-00-00-00
00-00-00-0B-20-00-00-45-27-65-0A-42-11-00-00-00-00-00-00-89-65-01-01-A4-85-00-76-00-00-00-00-00-00
00-00-00-00-20-00-00-5D-27-69-0A-3E-11-00-00-00-00-00-00-89-65-01-01-A4-85-00-76-00-00-00-00-00-00
00-00-00-00-20-00-00-45-27-65-0A-47-11-00-00-00-00-00-00-89-65-01-01-A4-85-00-76-00-00-00-00-00-00
00-00-00-20-00-00-45-27-65-0A-47-11-00-00-00-00-00-00-89-65-01-01-A4-85-00-76-00-00-00-00-00-00-00
00-00-00-0C-20-00-00-45-27-65-0A-47-11-00-00-00-00-00-00-89-65-01-01-A4-85-00-76-00-00-00-00-00-00
00-00-00-00-20-00-00-45-27-65-0A-47-11-00-00-00-00-00-00-89-65-01-01-A4-85-00-76-00-00-00-00-00-00
00-00-00-00-20-00-00-45-27-65-0A-47-11-00-00-00-00-00-00-89-65-01-01-A4-85-00-76-00-00-00-00-00-00
00-00-00-0C-20-00-00-45-27-65-0A-47-11-00-00-00-00-00-00-89-65-01-01-A4-85-00-76-00-00-00-00-00-00
00-00-00-00-20-00-00-45-27-65-0A-47-11-00-00-00-00-00-00-89-65-01-01-A4-85-00-76-00-00-00-00-00-00
00-00-00-00-20-00-00-45-27-65-0A-42-11-00-00-00-00-00-00-89-65-01-01-A4-85-00-76-00-00-00-00-00-00
00-00-00-00-20-00-00-45-27-65-0A-42-11-00-00-00-00-00-00-89-65-01-01-A4-85-00-76-00-00-00-00-00-00
00-00-00-0C-20-00-00-45-27-65-0A-47-11-00-00-00-00-00-00-89-65-01-01-A4-85-00-76-00-00-00-00-00-00
00-00-00-00-20-00-00-45-27-65-0A-3E-11-00-00-00-00-00-00-89-65-01-01-A4-85-00-76-00-00-00-00-00-00
00-00-00-00-20-00-00-45-27-65-0A-47-11-00-00-00-00-00-00-89-65-01-01-A4-85-00-76-00-00-00-00-00-00
00-00-00-00-20-00-00-5D-27-69-0A-47-11-00-00-00-00-00-00-89-65-01-01-A4-85-00-76-00-00-00-00-00-00
00-00-00-00-20-00-00-45-27-65-0A-47-11-00-00-00-00-00-00-89-65-01-01-A4-85-00-76-00-00-00-00-00-00
00-00-00-0B-20-00-00-5D-27-69-0A-47-11-00-00-00-00-00-00-89-65-01-01-A4-85-00-76-00-00-00-00-00-00
00-00-00-00-20-00-00-5D-27-69-0A-47-11-00-00-00-00-00-00-89-65-01-01-A4-85-00-76-00-00-00-00-00-00
00-00-00-00-0C-20-00-00-45-27-65-0A-47-11-00-00-00-00-00-00-89-65-01-01-A4-85-00-76-00-00-00-00-00
00-00-00-20-00-00-45-27-65-0A-47-11-00-00-00-00-00-00-89-65-01-01-A4-85-00-76-00-00-00-00-00-00-00
00-00-00-0B-20-00-00-5D-27-69-0A-47-11-00-00-00-00-00-00-89-65-01-01-A4-85-00-76-00-00-00-00-00-00
00-00-00-00-20-00-00-5D-27-69-0A-47-11-00-00-00-00-00-00-89-65-01-01-A4-85-00-76-00-00-00-00-00-00
00-00-00-20-00-00-5D-27-69-0A-47-11-00-00-00-00-00-00-89-65-01-01-A4-85-00-76-00-00-00-00-00-00-00
00-00-00-20-00-00-45-27-65-0A-47-11-00-00-00-00-00-00-89-65-01-01-A4-85-00-76-00-00-00-00-00-00-00
00-00-00-0C-20-00-00-45-27-65-0A-42-11-00-00-00-00-00-00-89-65-01-01-A4-85-00-76-00-00-00-00-00-00
00-00-00-00-20-00-00-5D-27-69-0A-42-11-00-00-00-00-00-00-89-65-01-01-A4-85-00-76-00-00-00-00-00-00
00-00-00-20-00-00-45-27-65-0A-42-11-00-00-00-00-00-00-89-65-01-01-A4-85-00-76-00-00-00-00-00-00-00
00-00-00-0C-20-00-00-5D-27-69-0A-47-11-00-00-00-00-00-00-89-65-01-01-A4-85-00-76-00-00-00-00-00-00
00-00-00-00-20-00-00-5D-27-69-0A-47-11-00-00-00-00-00-00-89-65-01-01-A4-85-00-76-00-00-00-00-00-00
00-00-00-00-20-00-00-45-27-65-0A-47-11-00-00-00-00-00-00-89-65-01-01-A4-85-00-76-00-00-00-00-00-00
00-00-00-00-20-00-00-45-27-65-0A-47-11-00-00-00-00-00-00-89-65-01-01-A4-85-00-76-00-00-00-00-00-00
00-00-00-00-20-00-00-5D-27-69-0A-47-11-00-00-00-00-00-00-89-65-01-01-A4-85-00-76-00-00-00-00-00-00
00-00-00-0B-20-00-00-5D-27-69-0A-47-11-00-00-00-00-00-00-89-65-01-01-A4-85-00-76-00-00-00-00-00-00
00-00-00-00-20-00-00-5D-27-69-0A-47-11-00-00-00-00-00-00-89-65-01-01-A4-85-00-76-00-00-00-00-00-00
00-00-00-20-00-00-45-27-65-0A-47-11-00-00-00-00-00-00-89-65-01-01-A4-85-00-76-00-00-00-00-00-00-00
00-00-00-20-00-00-45-27-65-0A-47-11-00-00-00-00-00-00-89-65-01-01-A4-85-00-76-00-00-00-00-00-00-00
00-00-00-0C-20-00-00-5D-27-69-0A-42-11-00-00-00-00-00-00-89-65-01-01-A4-85-00-76-00-00-00-00-00-00
00-00-00-00-20-00-00-5D-27-69-0A-42-11-00-00-00-00-00-00-89-65-01-01-A4-85-00-76-00-00-00-00-00-00
00-00-00-F0-00-00-5D-27-69-0A-3E-11-00-00-00-00-00-00-89-65-01-01-A4-85-00-76-00-00-00-00-00-00-00
00-00-00-0C-20-00-00-5D-27-69-0A-25-11-00-00-00-00-00-00-89-65-01-01-A4-85-00-76-00-00-00-00-00-00
00-00-00-00-20-00-00-45-27-65-0A-F2-0F-00-00-00-00-00-00-89-65-01-01-A4-85-00-76-00-00-00-00-00-00
00-00-00-00-20-00-00-2D-27-60-0A-F2-0F-00-00-00-00-00-00-89-65-01-01-A4-85-00-76-00-00-00-00-00-00
00-00-00-0C-20-00-00-45-27-65-0A-2E-0D-00-00-00-00-00-00-89-65-01-01-A4-85-00-76-00-00-00-00-00-00
00-00-00-00-20-00-00-5D-27-69-0A-D2-09-00-00-00-00-00-00-89-65-01-01-A4-85-00-76-00-00-00-00-00-00
00-00-00-00-20-00-00-45-27-65-0A-AC-06-00-00-00-00-00-00-89-65-01-01-A4-85-00-76-00-00-00-00-00-00
00-00-00-00-20-00-00-45-27-65-0A-B3-03-00-00-00-00-00-00-89-65-01-01-A4-85-00-76-00-00-00-00-00-00
00-00-00-20-00-00-45-27-65-0A-B3-03-00-00-00-00-00-00-89-65-01-01-A4-85-00-76-00-00-00-00-00-00-00
00-00-00-0C-20-00-00-2D-27-60-0A-27-02-00-00-00-00-00-00-89-65-01-01-A4-85-00-76-00-00-00-00-00-00
00-00-00-00-20-00-00-45-27-65-0A-0F-02-00-00-00-00-00-00-89-65-01-01-A4-85-00-76-00-00-00-00-0C-00
20-00-00-45-27-65-0A-05-02-00-00-00-00-00-00-89-65-01-01-A4-85-00-76-00-00-00-00-00-00-00-00-00-00
00-00-00-20-00-00-45-27-65-0A-05-02-00-00-00-00-00-00-89-65-01-01-A4-85-00-76-00-00-00-00-00-00-00
00-00-00-0C-20-00-00-45-27-65-0A-FB-01-00-00-00-00-00-00-89-65-01-01-A4-85-00-76-00-00-00-00-00-00
00-00-00-00-20-00-00-45-27-65-0A-FB-01-00-00-00-00-00-00-89-65-01-01-A4-85-00-76-00-00-00-00-00-00
00-00-00-00-20-00-00-2D-27-60-0A-FB-01-00-00-00-00-00-00-89-65-01-01-A4-85-00-76-00-00-00-00-00-00
00-00-00-0B-20-00-00-45-27-65-0A-F6-01-00-00-00-00-00-00-89-65-01-01-A4-85-00-76-00-00-00-00-00-00
00-00-00-00-20-00-00-45-27-65-0A-F6-01-00-00-00-00-00-00-89-65-01-01-A4-85-00-76-00-00-00-00-00-00
00-00-00-00-20-00-00-45-27-65-0A-FB-01-00-00-00-00-00-00-89-65-01-01-A4-85-00-76-00-00-00-00-00-00
00-00-00-0C-20-00-00-45-27-65-0A-F6-01-00-00-00-00-00-00-89-65-01-01-A4-85-00-76-00-00-00-00-00-00
00-00-00-00-20-00-00-45-27-65-0A-F6-01-00-00-00-00-00-00-89-65-01-01-A4-85-00-76-00-00-00-00-00-00
00-00-00-00-20-00-00-2D-27-60-0A-F6-01-00-00-00-00-00-00-89-65-01-01-A4-85-00-76-00-00-00-00-00-00
00-00-00-00-20-00-00-45-27-65-0A-F6-01-00-00-00-00-00-00-89-65-01-01-A4-85-00-76-00-00-00-00-00-00
00-00-00-0C-20-00-00-45-27-65-0A-F6-01-00-00-00-00-00-00-89-65-01-01-A4-85-00-76-00-00-00-00-00-00
00-00-00-00-20-00-00-45-27-65-0A-FB-01-00-00-00-00-00-00-89-65-01-01-A4-85-00-76-00-00-00-00-00-00
00-00-00-00-20-00-00-45-27-65-0A-FB-01-00-00-00-00-00-00-89-65-01-01-A4-85-00-76-00-00-00-00-00-00
00-00-00-20-00-00-2D-27-60-0A-FB-01-00-00-00-00-00-00-89-65-01-01-A4-85-00-76-00-00-00-00-00-00-00
00-00-00-20-00-00-45-27-65-0A-FB-01-00-00-00-00-00-00-89-65-01-01-A4-85-00-76-00-00-00-00-00-00-00
00-00-00-0C-20-00-00-45-27-65-0A-FB-01-00-00-00-00-00-00-89-65-01-01-A4-85-00-76-00-00-00-00-00-00
00-00-00-00-20-00-00-45-27-65-0A-F6-01-00-00-00-00-00-00-89-65-01-01-A4-85-00-76-00-00-00-00-00-00
00-00-00-20-00-00-45-27-65-0A-F6-01-00-00-00-00-00-00-89-65-01-01-A4-85-00-76-00-00-00-00-00-00-00
00-00-00-20-00-00-45-27-65-0A-F6-01-00-00-00-00-00-00-89-65-01-01-A4-85-00-76-00-00-00-00-00-00-00
00-00-00-0B-20-00-00-45-27-65-0A-F6-01-00-00-00-00-00-00-89-65-01-01-A4-85-00-76-00-00-00-00-00-00
00-00-00-00-20-00-00-45-27-65-0A-FB-01-00-00-00-00-00-00-89-65-01-01-A4-85-00-76-00-00-00-00-00-00
00-00-00-20-00-00-45-27-65-0A-F6-01-00-00-00-00-00-00-89-65-01-01-A4-85-00-76-00-00-00-00-00-00-00
00-00-00-0C-20-00-00-45-27-65-0A-F6-01-00-00-00-00-00-00-89-65-01-01-A4-85-00-76-00-00-00-00-00-00
00-00-00-00-20-00-00-45-27-65-0A-FB-01-00-00-00-00-00-00-89-65-01-01-A4-85-00-76-00-00-00-00-00-00
00-00-00-0C-20-00-00-45-27-65-0A-FB-01-00-00-00-00-00-00-89-65-01-01-A4-85-00-76-00-00-00-00-00-00
00-00-00-00-20-00-00-45-27-65-0A-FB-01-00-00-00-00-00-00-89-65-01-01-A4-85-00-76-00-00-00-00-00-00
00-00-00-00-20-00-00-45-27-65-0A-FB-01-00-00-00-00-00-00-89-65-01-01-A4-85-00-76-00-00-00-00-00-00
00-00-00-00-20-00-00-45-27-65-0A-FB-01-00-00-00-00-00-00-89-65-01-01-A4-85-00-76-00-00-00-00-00-00
00-00-00-00-20-00-00-45-27-65-0A-F6-01-00-00-00-00-00-00-89-65-01-01-A4-85-00-76-00-00-00-00-00-00
00-00-00-20-00-00-45-27-65-0A-F6-01-00-00-00-00-00-00-89-65-01-01-A4-85-00-76-00-00-00-00-00-00-00
00-00-00-0C-20-00-00-45-27-65-0A-F6-01-00-00-00-00-00-00-89-65-01-01-A4-85-00-76-00-00-00-00-00-00
00-00-00-00-20-00-00-45-27-65-0A-F6-01-00-00-00-00-00-00-89-65-01-01-A4-85-00-76-00-00-00-00-00-00
00-00-00-0C-20-00-00-45-27-65-0A-F6-01-00-00-00-00-00-00-89-65-01-01-A4-85-00-76-00-00-00-00-00-00
00-00-00-00-20-00-00-45-27-65-0A-F6-01-00-00-00-00-00-00-89-65-01-01-A4-85-00-76-00-00-00-00-00-00
00-00-00-00-20-00-00-45-27-65-0A-F6-01-00-00-00-00-00-00-89-65-01-01-A4-85-00-76-00-00-00-00-00-00
00-00-00-20-00-00-45-27-65-0A-FB-01-00-00-00-00-00-00-89-65-01-01-A4-85-00-76-00-00-00-00-00-00-00
00-00-00-0C-20-00-00-45-27-65-0A-FB-01-00-00-00-00-00-00-89-65-01-01-A4-85-00-76-00-00-00-00-00-00
00-00-00-20-00-00-45-27-65-0A-FB-01-00-00-00-00-00-00-89-65-01-01-A4-85-00-76-00-00-00-00-00-00-00
00-00-00-0B-20-00-00-2D-27-60-0A-FB-01-00-00-00-00-00-00-89-65-01-01-A4-85-00-76-00-00-00-00-00-00
00-00-00-00-20-00-00-45-27-65-0A-F6-01-00-00-00-00-00-00-89-65-01-01-A4-85-00-76-00-00-00-00-00-00
00-00-00-0B-20-00-00-45-27-65-0A-F6-01-00-00-00-00-00-00-89-65-01-01-A4-85-00-76-00-00-00-00-00-00
00-00-00-00-20-00-00-45-27-65-0A-F6-01-00-00-00-00-00-00-89-65-01-01-A4-85-00-76-00-00-00-00-00-00
00-00-00-00-20-00-00-45-27-65-0A-F6-01-00-00-00-00-00-00-89-65-01-01-A4-85-00-76-00-00-00-00-00-00
00-00-00-00-20-00-00-2D-27-60-0A-F6-01-00-00-00-00-00-00-89-65-01-01-A4-85-00-76-00-00-00-00-00-00
00-00-00-00-20-00-00-2D-27-60-0A-F6-01-00-00-00-00-00-00-89-65-01-01-A4-85-00-76-00-00-00-00-00-00
00-00-00-00-20-00-00-45-27-65-0A-F6-01-00-00-00-00-00-00-89-65-01-01-A4-85-00-76-00-00-00-00-00-00
00-00-00-0B-20-00-00-45-27-65-0A-FB-01-00-00-00-00-00-00-89-65-01-01-A4-85-00-76-00-00-00-00-00-00
00-00-00-0C-20-00-00-45-27-65-0A-FB-01-00-00-00-00-00-00-89-65-01-01-A4-85-00-00-00-00-00-00-00-00
76-00-00-00-20-00-00-45-27-65-0A-FB-01-00-00-00-00-00-00-89-65-01-01-A4-85-00-76-00-00-00-00-00-00
00-00-00-0C-20-00-00-2D-27-60-0A-FB-01-00-00-00-00-00-00-89-65-01-01-A4-85-00-76-00-00-00-00-00-00
00-00-00-00-20-00-00-45-27-65-0A-FB-01-00-00-00-00-00-00-89-65-01-01-A4-85-00-76-00-00-00-00-00-00
00-00-00-20-00-00-45-27-65-0A-F6-01-00-00-00-00-00-00-89-65-01-01-A4-85-00-76-00-00-00-00-00-00-00
00-00-00-00-0C-20-00-00-45-27-65-0A-F6-01-00-00-00-00-00-00-89-65-01-01-A4-85-00-76-00-00-00-00-00
00-00-00-00-20-00-00-45-27-65-0A-FB-01-00-00-00-00-00-00-89-65-01-01-A4-85-00-76-00-00-00-00-00-00
00-00-00-00-20-00-00-45-27-65-0A-FB-01-00-00-00-00-00-00-89-65-01-01-A4-85-00-76-00-00-00-00-00-00
00-00-00-20-00-00-2D-27-60-0A-FB-01-00-00-00-00-00-00-89-65-01-01-A4-85-00-76-00-00-00-00-00-00-00
00-00-00-F0-00-00-45-27-65-0A-F2-01-00-00-00-00-00-00-89-65-01-01-A4-85-00-76-00-00-00-00-00-00-00
00-00-00-0C-20-00-00-45-27-65-0A-F6-01-00-00-00-00-00-00-89-65-01-01-A4-85-00-76-00-00-00-00-00-00
00-00-00-00-20-00-00-45-27-65-0A-F6-01-00-00-00-00-00-00-89-65-01-01-A4-85-00-76-00-00-00-00-00-00
00-00-00-00-20-00-00-45-27-65-0A-FB-01-00-00-00-00-00-00-89-65-01-01-A4-85-00-76-00-00-00-00-00-00
00-00-00-20-00-00-2D-27-60-0A-FB-01-00-00-00-00-00-00-89-65-01-01-A4-85-00-76-00-00-00-00-00-00-00
00-00-00-0C-20-00-00-2D-27-60-0A-FB-01-00-00-00-00-00-00-89-65-01-01-A4-85-00-76-00-00-00-00-00-00
00-00-00-00-20-00-00-45-27-65-0A-F6-01-00-00-00-00-00-00-89-65-01-01-A4-85-00-76-00-00-00-00-00-00
00-00-00-0C-20-00-00-45-27-65-0A-F6-01-00-00-00-00-00-00-89-65-01-01-A4-85-00-76-00-00-00-00-00-00
00-00-00-00-20-00-00-45-27-65-0A-05-02-00-00-00-00-00-00-89-65-01-01-A4-85-00-76-00-00-00-00-00-00
00-00-00-00-20-00-00-45-27-65-0A-78-03-00-00-00-00-00-00-89-65-01-01-A4-85-00-76-00-00-00-00-00-00
00-00-00-00-20-00-00-45-27-65-0A-DB-05-00-00-00-00-00-00-89-65-01-01-A4-85-00-76-00-00-00-00-00-00
00-00-00-0C-20-00-00-45-27-65-0A-3D-08-00-00-00-00-00-00-89-65-01-01-A4-85-00-76-00-00-00-00-00-00
00-00-00-00-20-00-00-5D-27-69-0A-3D-08-00-00-00-00-00-00-89-65-01-01-A4-85-00-76-00-00-00-00-00-00
00-00-00-00-20-00-00-5D-27-69-0A-0B-0B-00-00-00-00-00-00-89-65-01-01-A4-85-00-76-00-00-00-00-00-00
00-00-00-00-20-00-00-45-27-65-0A-30-0E-00-00-00-00-00-00-89-65-01-01-A4-85-00-76-00-00-00-00-00-00
00-00-00-20-00-00-45-27-65-0A-FE-10-00-00-00-00-00-00-89-65-01-01-A4-85-00-76-00-00-00-00-00-00-00
00-00-00-0C-20-00-00-45-27-65-0A-FE-10-00-00-00-00-00-00-89-65-01-01-A4-85-00-76-00-00-00-00-00-00
00-00-00-00-20-00-00-45-27-65-0A-3E-11-00-00-00-00-00-00-89-65-01-01-A4-85-00-76-00-00-00-00-00-00
00-00-00-00-20-00-00-5D-27-69-0A-42-11-00-00-00-00-00-00-89-65-01-01-A4-85-00-76-00-00-00-00-00-00
00-00-00-00-20-00-00-45-27-65-0A-42-11-00-00-00-00-00-00-89-65-01-01-A4-85-00-76-00-00-00-00-00-00
00-00-00-0C-20-00-00-45-27-65-0A-42-11-00-00-00-00-00-00-89-65-01-01-A4-85-00-76-00-00-00-00-00-00
00-00-00-00-20-00-00-5D-27-69-0A-42-11-00-00-00-00-00-00-89-65-01-01-A4-85-00-76-00-00-00-00-00-00
00-00-00-0B-20-00-00-45-27-65-0A-47-11-00-00-00-00-00-00-89-65-01-01-A4-85-00-76-00-00-00-00-00-00
00-00-00-00-20-00-00-5D-27-69-0A-42-11-00-00-00-00-00-00-89-65-01-01-A4-85-00-76-00-00-00-00-00-00
00-00-00-00-20-00-00-45-27-65-0A-42-11-00-00-00-00-00-00-89-65-01-01-A4-85-00-76-00-00-00-00-00-00
00-00-00-20-00-00-45-27-65-0A-42-11-00-00-00-00-00-00-89-65-01-01-A4-85-00-76-00-00-00-00-00-00-00
00-00-00-0C-20-00-00-45-27-65-0A-47-11-00-00-00-00-00-00-89-65-01-01-A4-85-00-76-00-00-00-00-00-00
00-00-00-00-20-00-00-45-27-65-0A-47-11-00-00-00-00-00-00-89-65-01-01-A4-85-00-76-00-00-00-00-00-00
00-00-00-00-20-00-00-5D-27-69-0A-47-11-00-00-00-00-00-00-89-65-01-01-A4-85-00-76-00-00-00-00-00-00
00-00-00-00-0C-20-00-00-5D-27-69-0A-47-11-00-00-00-00-00-00-89-65-01-01-A4-85-00-76-00-00-00-00-00
00-00-00-20-00-00-45-27-65-0A-47-11-00-00-00-00-00-00-89-65-01-01-A4-85-00-76-00-00-00-00-00-00-00
00-00-00-0C-20-00-00-5D-27-69-0A-47-11-00-00-00-00-00-00-89-65-01-01-A4-85-00-76-00-00-00-00-00-00
00-00-00-00-20-00-00-5D-27-69-0A-47-11-00-00-00-00-00-00-89-65-01-01-A4-85-00-76-00-00-00-00-00-00
00-00-00-0B-20-00-00-5D-27-69-0A-47-11-00-00-00-00-00-00-89-65-01-01-A4-85-00-76-00-00-00-00-00-00
00-00-00-20-00-00-45-27-65-0A-47-11-00-00-00-00-00-00-89-65-01-01-A4-85-00-76-00-00-00-00-00-00-00
00-00-00-0C-20-00-00-45-27-65-0A-47-11-00-00-00-00-00-00-89-65-01-01-A4-85-00-76-00-00-00-00-00-00
00-00-00-00-20-00-00-5D-27-69-0A-42-11-00-00-00-00-00-00-89-65-01-01-A4-85-00-76-00-00-00-00-00-00
00-00-00-00-20-00-00-5D-27-69-0A-47-11-00-00-00-00-00-00-89-65-01-01-A4-85-00-76-00-00-00-00-00-00
00-00-00-0B-20-00-00-5D-27-69-0A-47-11-00-00-00-00-00-00-89-65-01-01-A4-85-00-76-00-00-00-00-00-00
00-00-00-00-20-00-00-5D-27-69-0A-47-11-00-00-00-00-00-00-89-65-01-01-A4-85-00-76-00-00-00-00-00-00
00-00-00-20-00-00-5D-27-69-0A-47-11-00-00-00-00-00-00-89-65-01-01-A4-85-00-76-00-00-00-00-00-00-00
00-00-00-20-00-00-5D-27-69-0A-47-11-00-00-00-00-00-00-89-65-01-01-A4-85-00-76-00-00-00-00-00-00-00
00-00-00-0C-20-00-00-5D-27-69-0A-39-11-00-00-00-00-00-00-89-65-01-01-A4-85-00-76-00-00-00-00-00-00
00-00-00-00-20-00-00-5D-27-69-0A-39-11-00-00-00-00-00-00-89-65-01-01-A4-85-00-76-00-00-00-00-00-00
00-00-00-0B-20-00-00-45-27-65-0A-20-11-00-00-00-00-00-00-89-65-01-01-A4-85-00-76-00-00-00-00-00-00
00-00-00-00-20-00-00-5D-27-69-0A-90-0F-00-00-00-00-00-00-89-65-01-01-A4-85-00-76-00-00-00-00-00-00
00-00-00-00-20-00-00-5D-27-69-0A-1C-0C-00-00-00-00-00-00-89-65-01-01-A4-85-00-76-00-00-00-00-00-00
00-00-00-00-20-00-00-45-27-65-0A-B7-08-00-00-00-00-00-00-89-65-01-01-A4-85-00-76-00-00-00-00-00-00
00-00-00-20-00-00-45-27-65-0A-B7-08-00-00-00-00-00-00-89-65-01-01-A4-85-00-76-00-00-00-00-00-00-00
00-00-00-0B-20-00-00-45-27-65-0A-1A-06-00-00-00-00-00-00-89-65-01-01-A4-85-00-76-00-00-00-00-00-00
00-00-00-00-20-00-00-45-27-65-0A-C1-03-00-00-00-00-00-00-89-65-01-01-A4-85-00-76-00-00-00-00-00-00
00-00-00-00-20-00-00-45-27-65-0A-36-02-00-00-00-00-00-00-89-65-01-01-A4-85-00-76-00-00-00-00-00-00
00-00-00-00-20-00-00-2D-27-60-0A-36-02-00-00-00-00-00-00-89-65-01-01-A4-85-00-76-00-00-00-00-00-00
00-00-00-00-20-00-00-2D-27-60-0A-19-02-00-00-00-00-00-00-89-65-01-01-A4-85-00-76-00-00-00-00-00-00
00-00-00-0C-20-00-00-45-27-65-0A-0A-02-00-00-00-00-00-00-89-65-01-01-A4-85-00-76-00-00-00-00-00-00
00-00-00-00-20-00-00-45-27-65-0A-FB-01-00-00-00-00-00-00-89-65-01-01-A4-85-00-76-00-00-00-00-00-00
00-00-00-0C-20-00-00-45-27-65-0A-FB-01-00-00-00-00-00-00-89-65-01-01-A4-85-00-76-00-00-00-00-00-00
00-00-00-00-20-00-00-45-27-65-0A-FB-01-00-00-00-00-00-00-89-65-01-01-A4-85-00-76-00-00-00-00-00-00
00-00-00-00-20-00-00-2D-27-60-0A-F6-01-00-00-00-00-00-00-89-65-01-01-A4-85-00-76-00-00-00-00-00-00
00-00-00-00-20-00-00-2D-27-60-0A-F6-01-00-00-00-00-00-00-89-65-01-01-A4-85-00-76-00-00-00-00-00-00
00-00-00-20-00-00-45-27-65-0A-FB-01-00-00-00-00-00-00-89-65-01-01-A4-85-00-76-00-00-00-00-00-00-00
00-00-00-00-0C-20-00-00-45-27-65-0A-B3-03-00-00-00-00-00-00-89-65-01-01-A4-85-00-76-00-00-00-00-00
00-00-00-00-20-00-00-45-27-65-0A-B3-03-00-00-00-00-00-00-89-65-01-01-A4-85-00-76-00-00-00-00-00-00
00-00-00-20-00-00-45-27-65-0A-A8-06-00-00-00-00-00-00-89-65-01-01-A4-85-00-76-00-00-00-00-00-00-00
00-00-00-20-00-00-2D-27-60-0A-58-09-00-00-00-00-00-00-89-65-01-01-A4-85-00-76-00-00-00-00-00-00-00
00-00-00-0C-20-00-00-45-27-65-0A-C9-0B-00-00-00-00-00-00-89-65-01-01-A4-85-00-76-00-00-00-00-00-00
00-00-00-00-20-00-00-5D-27-69-0A-C9-0B-00-00-00-00-00-00-89-65-01-01-A4-85-00-76-00-00-00-00-00-00
00-00-00-00-20-00-00-45-27-65-0A-2B-0E-00-00-00-00-00-00-89-65-01-01-A4-85-00-76-00-00-00-00-00-00
00-00-00-00-20-00-00-45-27-65-0A-C8-10-00-00-00-00-00-00-89-65-01-01-A4-85-00-76-00-00-00-00-00-00
00-00-00-0C-20-00-00-45-27-65-0A-2A-11-00-00-00-00-00-00-89-65-01-01-A4-85-00-76-00-00-00-00-00-00
00-00-00-00-20-00-00-2D-27-60-0A-2F-11-00-00-00-00-00-00-89-65-01-01-A4-85-00-76-00-00-00-00-00-00
00-00-00-20-00-00-45-27-65-0A-2F-11-00-00-00-00-00-00-89-65-01-01-A4-85-00-76-00-00-00-00-00-00-00
00-00-00-0C-20-00-00-5D-27-69-0A-2A-11-00-00-00-00-00-00-89-65-01-01-A4-85-00-76-00-00-00-00-00-00
00-00-00-00-20-00-00-5D-27-69-0A-2F-11-00-00-00-00-00-00-89-65-01-01-A4-85-00-76-00-00-00-00-00-00
00-00-00-0C-20-00-00-45-27-65-0A-2F-11-00-00-00-00-00-00-89-65-01-01-A4-85-00-76-00-00-00-00-00-00
00-00-00-00-20-00-00-45-27-65-0A-2F-11-00-00-00-00-00-00-89-65-01-01-A4-85-00-76-00-00-00-00-00-00
00-00-00-00-20-00-00-45-27-65-0A-2F-11-00-00-00-00-00-00-89-65-01-01-A4-85-00-76-00-00-00-00-00-00
00-00-00-00-20-00-00-5D-27-69-0A-20-11-00-00-00-00-00-00-89-65-01-01-A4-85-00-76-00-00-00-00-00-00
00-00-00-00-20-00-00-45-27-65-0A-D4-0F-00-00-00-00-00-00-89-65-01-01-A4-85-00-76-00-00-00-00-00-00
00-00-00-20-00-00-5D-27-69-0A-24-0D-00-00-00-00-00-00-89-65-01-01-A4-85-00-76-00-00-00-00-00-00-00
00-00-00-0C-20-00-00-5D-27-69-0A-24-0D-00-00-00-00-00-00-89-65-01-01-A4-85-00-76-00-00-00-00-00-00
00-00-00-00-20-00-00-45-27-65-0A-2A-0A-00-00-00-00-00-00-89-65-01-01-A4-85-00-76-00-00-00-00-00-00
00-00-00-F0-00-00-45-27-65-0A-CF-06-00-00-00-00-00-00-89-65-01-01-A4-85-00-76-00-00-00-00-00-00-00
00-00-00-00-20-00-00-45-27-65-0A-6C-04-00-00-00-00-00-00-89-65-01-01-A4-85-00-76-00-00-00-00-00-00
00-00-00-0C-20-00-00-45-27-65-0A-6C-04-00-00-00-00-00-00-89-65-01-01-A4-85-00-76-00-00-00-00-00-00
00-00-00-00-20-00-00-45-27-65-0A-71-02-00-00-00-00-00-00-89-65-01-01-A4-85-00-76-00-00-00-00-00-00
00-00-00-00-0C-20-00-00-45-27-65-0A-22-02-00-00-00-00-00-00-89-65-01-01-A4-85-00-76-00-00-00-00-00
00-00-00-00-20-00-00-45-27-65-0A-0F-02-00-00-00-00-00-00-89-65-01-01-A4-85-00-76-00-00-00-00-00-00
00-00-00-00-20-00-00-45-27-65-0A-00-02-00-00-00-00-00-00-89-65-01-01-A4-85-00-76-00-00-00-00-00-00
00-00-00-00-20-00-00-45-27-65-0A-00-02-00-00-00-00-00-00-89-65-01-01-A4-85-00-76-00-00-00-00-00-00
00-00-00-0C-20-00-00-45-27-65-0A-FB-01-00-00-00-00-00-00-89-65-01-01-A4-85-00-76-00-00-00-00-00-00
00-00-00-00-20-00-00-45-27-65-0A-F6-01-00-00-00-00-00-00-89-65-01-01-A4-85-00-76-00-00-00-00-00-00
00-00-00-00-20-00-00-45-27-65-0A-F6-01-00-00-00-00-00-00-89-65-01-01-A4-85-00-76-00-00-00-00-00-00
00-00-00-20-00-00-45-27-65-0A-F6-01-00-00-00-00-00-00-89-65-01-01-A4-85-00-76-00-00-00-00-00-00-00
00-00-00-0C-20-00-00-45-27-65-0A-F6-01-00-00-00-00-00-00-89-65-01-01-A4-85-00-76-00-00-00-00-00-00
00-00-00-00-20-00-00-45-27-65-0A-F6-01-00-00-00-00-00-00-89-65-01-01-A4-85-00-76-00-00-00-00-00-00
00-00-00-00-20-00-00-45-27-65-0A-FB-01-00-00-00-00-00-00-89-65-01-01-A4-85-00-76-00-00-00-00-00-00
00-00-00-00-20-00-00-45-27-65-0A-FB-01-00-00-00-00-00-00-89-65-01-01-A4-85-00-76-00-00-00-00-00-00
00-00-00-20-00-00-45-27-65-0A-FB-01-00-00-00-00-00-00-89-65-01-01-A4-85-00-76-00-00-00-00-00-00-00
00-00-00-0C-20-00-00-45-27-65-0A-FB-01-00-00-00-00-00-00-89-65-01-01-A4-85-00-76-00-00-00-00-00-00
00-00-00-00-20-00-00-45-27-65-0A-F6-01-00-00-00-00-00-00-89-65-01-01-A4-85-00-76-00-00-00-00-00-00
00-00-00-00-20-00-00-45-27-65-0A-FB-01-00-00-00-00-00-00-89-65-01-01-A4-85-00-76-00-00-00-00-00-00
00-00-00-0C-20-00-00-45-27-65-0A-FB-01-00-00-00-00-00-00-89-65-01-01-A4-85-00-76-00-00-00-00-00-00
00-00-00-00-20-00-00-45-27-65-0A-FB-01-00-00-00-00-00-00-89-65-01-01-A4-85-00-76-00-00-00-00-00-00
00-00-00-00-20-00-00-45-27-65-0A-F6-01-00-00-00-00-00-00-89-65-01-01-A4-85-00-76-00-00-00-00-00-00
00-00-00-00-20-00-00-45-27-65-0A-F6-01-00-00-00-00-00-00-89-65-01-01-A4-85-00-76-00-00-00-00-00-00
00-00-00-0C-20-00-00-45-27-65-0A-40-02-00-00-00-00-00-00-89-65-01-01-A4-85-00-76-00-00-00-00-00-00
00-00-00-00-20-00-00-45-27-65-0A-40-02-00-00-00-00-00-00-89-65-01-01-A4-85-00-76-00-00-00-00-00-00
00-00-00-00-20-00-00-45-27-65-0A-BF-04-00-00-00-00-00-00-89-65-01-01-A4-85-00-76-00-00-00-00-00-00
00-00-00-0B-20-00-00-45-27-65-0A-A1-07-00-00-00-00-00-00-89-65-01-01-A4-85-00-76-00-00-00-00-00-00
00-00-00-00-20-00-00-45-27-65-0A-95-0A-00-00-00-00-00-00-89-65-01-01-A4-85-00-76-00-00-00-00-00-00
00-00-00-00-20-00-00-45-27-65-0A-95-0A-00-00-00-00-00-00-89-65-01-01-A4-85-00-76-00-00-00-00-00-00
00-00-00-00-20-00-00-2D-27-60-0A-DD-0D-00-00-00-00-00-00-89-65-01-01-A4-85-00-76-00-00-00-00-00-00
00-00-00-0C-20-00-00-45-27-65-0A-E6-10-00-00-00-00-00-00-89-65-01-01-A4-85-00-76-00-00-00-00-00-00
00-00-00-00-20-00-00-5D-27-69-0A-3E-11-00-00-00-00-00-00-89-65-01-01-A4-85-00-76-00-00-00-00-00-00
00-00-00-00-20-00-00-45-27-65-0A-42-11-00-00-00-00-00-00-89-65-01-01-A4-85-00-76-00-00-00-00-00-00
00-00-00-00-20-00-00-45-27-65-0A-42-11-00-00-00-00-00-00-89-65-01-01-A4-85-00-76-00-00-00-00-00-00
00-00-00-00-20-00-00-45-27-65-0A-42-11-00-00-00-00-00-00-89-65-01-01-A4-85-00-76-00-00-00-00-00-00
00-00-00-0C-20-00-00-2D-27-60-0A-42-11-00-00-00-00-00-00-89-65-01-01-A4-85-00-76-00-00-00-00-00-00
00-00-00-00-20-00-00-5D-27-69-0A-3E-11-00-00-00-00-00-00-89-65-01-01-A4-85-00-76-00-00-00-00-00-00
00-00-00-20-00-00-5D-27-69-0A-42-11-00-00-00-00-00-00-89-65-01-01-A4-85-00-76-00-00-00-00-00-00-00
00-00-00-20-00-00-45-27-65-0A-42-11-00-00-00-00-00-00-89-65-01-01-A4-85-00-76-00-00-00-00-00-00-00
00-00-00-0C-20-00-00-45-27-65-0A-42-11-00-00-00-00-00-00-89-65-01-01-A4-85-00-76-00-00-00-00-00-00
00-00-00-00-20-00-00-45-27-65-0A-42-11-00-00-00-00-00-00-89-65-01-01-A4-85-00-76-00-00-00-00-00-00
00-00-00-00-20-00-00-45-27-65-0A-42-11-00-00-00-00-00-00-89-65-01-01-A4-85-00-76-00-00-00-00-00-00
00-00-00-0C-20-00-00-45-27-65-0A-42-11-00-00-00-00-00-00-89-65-01-01-A4-85-00-76-00-00-00-00-00-00
00-00-00-00-20-00-00-5D-27-69-0A-42-11-00-00-00-00-00-00-89-65-01-01-A4-85-00-76-00-00-00-00-00-00
00-00-00-00-20-00-00-45-27-65-0A-34-11-00-00-00-00-00-00-89-65-01-01-A4-85-00-76-00-00-00-00-00-00
00-00-00-0C-20-00-00-5D-27-69-0A-08-11-00-00-00-00-00-00-89-65-01-01-A4-85-00-76-00-00-00-00-00-00
00-00-00-00-20-00-00-2D-27-60-0A-33-0F-00-00-00-00-00-00-89-65-01-01-A4-85-00-76-00-00-00-00-00-00
00-00-00-00-20-00-00-45-27-65-0A-33-0F-00-00-00-00-00-00-89-65-01-01-A4-85-00-76-00-00-00-00-00-00
00-00-00-00-20-00-00-5D-27-69-0A-CE-0B-00-00-00-00-00-00-89-65-01-01-A4-85-00-76-00-00-00-00-00-00
00-00-00-00-20-00-00-45-27-65-0A-50-08-00-00-00-00-00-00-89-65-01-01-A4-85-00-76-00-00-00-00-00-00
00-00-00-00-20-00-00-45-27-65-0A-57-05-00-00-00-00-00-00-89-65-01-01-A4-85-00-76-00-00-00-00-00-00
00-00-00-0C-20-00-00-45-27-65-0A-57-05-00-00-00-00-00-00-89-65-01-01-A4-85-00-76-00-00-00-00-00-00
00-00-00-0B-20-00-00-2D-27-60-0A-BF-02-00-00-00-00-00-00-89-65-01-01-A4-85-00-76-00-00-00-00-00-00
00-00-00-20-00-00-45-27-65-0A-1D-02-00-00-00-00-00-00-89-65-01-01-A4-85-00-76-00-00-00-00-00-00-00
00-00-00-0C-20-00-00-45-27-65-0A-0F-02-00-00-00-00-00-00-89-65-01-01-A4-85-00-76-00-00-00-00-00-00
00-00-00-00-20-00-00-45-27-65-0A-00-02-00-00-00-00-00-00-89-65-01-01-A4-85-00-76-00-00-00-00-00-00
00-00-00-20-00-00-45-27-65-0A-00-02-00-00-00-00-00-00-89-65-01-01-A4-85-00-76-00-00-00-00-00-00-00
00-00-00-00-20-00-00-45-27-65-0A-F6-01-00-00-00-00-00-00-89-65-01-01-A4-85-00-76-00-00-00-00-00-00
00-00-00-0B-20-00-00-45-27-65-0A-F6-01-00-00-00-00-00-00-89-65-01-01-A4-85-00-76-00-00-00-00-00-00
00-00-00-00-20-00-00-45-27-65-0A-F6-01-00-00-00-00-00-00-89-65-01-01-A4-85-00-76-00-00-00-00-00-00
00-00-00-00-20-00-00-45-27-65-0A-F6-01-00-00-00-00-00-00-89-65-01-01-A4-85-00-76-00-00-00-00-00-00
00-00-00-0C-20-00-00-45-27-65-0A-FB-01-00-00-00-00-00-00-89-65-01-01-A4-85-00-76-00-00-00-00-00-00
00-00-00-00-20-00-00-45-27-65-0A-FB-01-00-00-00-00-00-00-89-65-01-01-A4-85-00-76-00-00-00-00-00-00
00-00-00-00-20-00-00-45-27-65-0A-F6-01-00-00-00-00-00-00-89-65-01-01-A4-85-00-76-00-00-00-00-00-00
00-00-00-0C-20-00-00-45-27-65-0A-FB-01-00-00-00-00-00-00-89-65-01-01-A4-85-00-00-00-00-00-00-00-00
76-00-00-00-20-00-00-45-27-65-0A-FB-01-00-00-00-00-00-00-89-65-01-01-A4-85-00-76-00-00-00-00-00-00
00-00-00-0C-20-00-00-45-27-65-0A-FB-01-00-00-00-00-00-00-89-65-01-01-A4-85-00-76-00-00-00-00-00-00
00-00-00-00-20-00-00-45-27-65-0A-F6-01-00-00-00-00-00-00-89-65-01-01-A4-85-00-76-00-00-00-00-00-00
00-00-00-0B-20-00-00-45-27-65-0A-F6-01-00-00-00-00-00-00-89-65-01-01-A4-85-00-76-00-00-00-00-00-00
00-00-00-20-00-00-45-27-65-0A-F6-01-00-00-00-00-00-00-89-65-01-01-A4-85-00-76-00-00-00-00-00-00-00
00-00-00-0C-20-00-00-45-27-65-0A-F6-01-00-00-00-00-00-00-89-65-01-01-A4-85-00-76-00-00-00-00-00-00
00-00-00-0C-20-00-00-45-27-65-0A-F6-01-00-00-00-00-00-00-89-65-01-01-A4-85-00-76-00-00-00-00-00-00
00-00-00-20-00-00-45-27-65-0A-FB-01-00-00-00-00-00-00-89-65-01-01-A4-85-00-76-00-00-00-00-00-00-00
00-00-00-0B-20-00-00-45-27-65-0A-FB-01-00-00-00-00-00-00-89-65-01-01-A4-85-00-76-00-00-00-00-00-00
00-00-00-00-20-00-00-45-27-65-0A-FB-01-00-00-00-00-00-00-89-65-01-01-A4-85-00-76-00-00-00-00-00-00
00-00-00-20-00-00-45-27-65-0A-F6-01-00-00-00-00-00-00-89-65-01-01-A4-85-00-76-00-00-00-00-00-00-00
00-00-00-00-20-00-00-45-27-65-0A-FB-01-00-00-00-00-00-00-89-65-01-01-A4-85-00-76-00-00-00-00-00-00
00-00-00-0C-20-00-00-45-27-65-0A-FB-01-00-00-00-00-00-00-89-65-01-01-A4-85-00-76-00-00-00-00-00-00
00-00-00-00-20-00-00-45-27-65-0A-FB-01-00-00-00-00-00-00-89-65-01-01-A4-85-00-76-00-00-00-00-00-00
00-00-00-20-00-00-45-27-65-0A-FB-01-00-00-00-00-00-00-89-65-01-01-A4-85-00-76-00-00-00-00-00-00-00
00-00-00-0C-20-00-00-45-27-65-0A-F6-01-00-00-00-00-00-00-89-65-01-01-A4-85-00-76-00-00-00-00-00-00
00-00-00-00-20-00-00-45-27-65-0A-F6-01-00-00-00-00-00-00-89-65-01-01-A4-85-00-76-00-00-00-00-00-00
00-00-00-00-20-00-00-45-27-65-0A-F6-01-00-00-00-00-00-00-89-65-01-01-A4-85-00-76-00-00-00-00-00-00
00-00-00-20-00-00-45-27-65-0A-F6-01-00-00-00-00-00-00-89-65-01-01-A4-85-00-76-00-00-00-00-00-00-00
00-00-00-20-00-00-45-27-65-0A-F6-01-00-00-00-00-00-00-89-65-01-01-A4-85-00-76-00-00-00-00-00-00-00
00-00-00-0C-20-00-00-45-27-65-0A-FB-01-00-00-00-00-00-00-89-65-01-01-A4-85-00-76-00-00-00-00-00-00
00-00-00-00-20-00-00-45-27-65-0A-FB-01-00-00-00-00-00-00-89-65-01-01-A4-85-00-76-00-00-00-00-00-00
00-00-00-0C-20-00-00-45-27-65-0A-FB-01-00-00-00-00-00-00-89-65-01-01-A4-85-00-76-00-00-00-00-00-00
00-00-00-00-20-00-00-2D-27-60-0A-FB-01-00-00-00-00-00-00-89-65-01-01-A4-85-00-76-00-00-00-00-00-00
00-00-00-00-20-00-00-45-27-65-0A-FB-01-00-00-00-00-00-00-89-65-01-01-A4-85-00-76-00-00-00-00-00-00
00-00-00-20-00-00-45-27-65-0A-FB-01-00-00-00-00-00-00-89-65-01-01-A4-85-00-76-00-00-00-00-00-00-00
00-00-0C-20-00-00-45-27-65-0A-F6-01-00-00-00-00-00-00-89-65-01-01-A4-85-00-76-00-00-00-00-00-00-00
00-00-00-0C-20-00-00-45-27-65-0A-F6-01-00-00-00-00-00-00-89-65-01-01-A4-85-00-76-00-00-00-00-00-00
00-00-00-00-20-00-00-45-27-65-0A-F6-01-00-00-00-00-00-00-89-65-01-01-A4-85-00-76-00-00-00-00-00-00
00-00-00-00-20-00-00-2D-27-60-0A-F6-01-00-00-00-00-00-00-89-65-01-01-A4-85-00-76-00-00-00-00-00-00
00-00-00-20-00-00-45-27-65-0A-F6-01-00-00-00-00-00-00-89-65-01-01-A4-85-00-76-00-00-00-00-00-00-00
00-00-00-0B-20-00-00-45-27-65-0A-FB-01-00-00-00-00-00-00-89-65-01-01-A4-85-00-76-00-00-00-00-00-00
00-00-00-00-20-00-00-45-27-65-0A-FB-01-00-00-00-00-00-00-89-65-01-01-A4-85-00-76-00-00-00-00-00-00
00-00-00-00-20-00-00-45-27-65-0A-FB-01-00-00-00-00-00-00-89-65-01-01-A4-85-00-76-00-00-00-00-00-00
00-00-00-00-20-00-00-2D-27-60-0A-FB-01-00-00-00-00-00-00-89-65-01-01-A4-85-00-76-00-00-00-00-00-00
00-00-00-0C-20-00-00-2D-27-60-0A-FB-01-00-00-00-00-00-00-89-65-01-01-A4-85-00-76-00-00-00-00-00-00
00-00-00-00-20-00-00-45-27-65-0A-FB-01-00-00-00-00-00-00-89-65-01-01-A4-85-00-76-00-00-00-00-00-00
00-00-00-00-20-00-00-45-27-65-0A-FB-01-00-00-00-00-00-00-89-65-01-01-A4-85-00-76-00-00-00-00-00-00
00-00-00-00-0C-20-00-00-45-27-65-0A-F6-01-00-00-00-00-00-00-89-65-01-01-A4-85-00-76-00-00-00-00-00
00-00-00-00-20-00-00-45-27-65-0A-F6-01-00-00-00-00-00-00-89-65-01-01-A4-85-00-76-00-00-00-00-00-00
00-00-00-00-20-00-00-2D-27-60-0A-F6-01-00-00-00-00-00-00-89-65-01-01-A4-85-00-76-00-00-00-00-00-00
00-00-00-20-00-00-2D-27-60-0A-F6-01-00-00-00-00-00-00-89-65-01-01-A4-85-00-76-00-00-00-00-00-00-00
00-00-00-0C-20-00-00-45-27-65-0A-F6-01-00-00-00-00-00-00-89-65-01-01-A4-85-00-76-00-00-00-00-00-00
00-00-00-00-20-00-00-45-27-65-0A-FB-01-00-00-00-00-00-00-89-65-01-01-A4-85-00-76-00-00-00-00-00-00
00-00-00-00-20-00-00-45-27-65-0A-40-02-00-00-00-00-00-00-89-65-01-01-A4-85-00-76-00-00-00-00-00-00
00-00-00-20-00-00-45-27-65-0A-40-02-00-00-00-00-00-00-89-65-01-01-A4-85-00-76-00-00-00-00-00-00-00
00-00-00-00-20-00-00-45-27-65-0A-DF-03-00-00-00-00-00-00-89-65-01-01-A4-85-00-76-00-00-00-00-00-00
00-00-00-0B-20-00-00-2D-27-60-0A-50-06-00-00-00-00-00-00-89-65-01-01-A4-85-00-76-00-00-00-00-00-00
00-00-00-00-20-00-00-45-27-65-0A-E3-08-00-00-00-00-00-00-89-65-01-01-A4-85-00-76-00-00-00-00-00-00
00-00-00-00-20-00-00-45-27-65-0A-C4-0B-00-00-00-00-00-00-89-65-01-01-A4-85-00-76-00-00-00-00-00-00
00-00-00-00-20-00-00-45-27-65-0A-C4-0B-00-00-00-00-00-00-89-65-01-01-A4-85-00-76-00-00-00-00-00-00
00-00-00-0C-20-00-00-45-27-65-0A-E0-0E-00-00-00-00-00-00-89-65-01-01-A4-85-00-76-00-00-00-00-00-00
00-00-00-00-20-00-00-45-27-65-0A-2F-11-00-00-00-00-00-00-89-65-01-01-A4-85-00-76-00-00-00-00-00-00
00-00-00-00-20-00-00-45-27-65-0A-3E-11-00-00-00-00-00-00-89-65-01-01-A4-85-00-76-00-00-00-00-00-00
00-00-00-0C-20-00-00-45-27-65-0A-3E-11-00-00-00-00-00-00-89-65-01-01-A4-85-00-76-00-00-00-00-00-00
00-00-00-00-20-00-00-45-27-65-0A-3E-11-00-00-00-00-00-00-89-65-01-01-A4-85-00-76-00-00-00-00-00-00
00-00-00-00-20-00-00-5D-27-69-0A-42-11-00-00-00-00-00-00-89-65-01-01-A4-85-00-76-00-00-00-00-00-00
00-00-00-20-00-00-45-27-65-0A-42-11-00-00-00-00-00-00-89-65-01-01-A4-85-00-76-00-00-00-00-00-00-00
00-00-00-0B-20-00-00-45-27-65-0A-42-11-00-00-00-00-00-00-89-65-01-01-A4-85-00-76-00-00-00-00-00-00
00-00-00-00-20-00-00-45-27-65-0A-42-11-00-00-00-00-00-00-89-65-01-01-A4-85-00-76-00-00-00-00-00-00
00-00-00-00-20-00-00-5D-27-69-0A-42-11-00-00-00-00-00-00-89-65-01-01-A4-85-00-76-00-00-00-00-00-00
00-00-00-00-20-00-00-5D-27-69-0A-47-11-00-00-00-00-00-00-89-65-01-01-A4-85-00-76-00-00-00-00-00-00
00-00-00-0C-20-00-00-45-27-65-0A-47-11-00-00-00-00-00-00-89-65-01-01-A4-85-00-76-00-00-00-00-00-00
00-00-00-00-20-00-00-45-27-65-0A-42-11-00-00-00-00-00-00-89-65-01-01-A4-85-00-76-00-00-00-00-00-00
00-00-00-00-20-00-00-5D-27-69-0A-42-11-00-00-00-00-00-00-89-65-01-01-A4-85-00-76-00-00-00-00-00-00
00-00-00-00-20-00-00-5D-27-69-0A-42-11-00-00-00-00-00-00-89-65-01-01-A4-85-00-76-00-00-00-00-00-00
00-00-00-0C-20-00-00-5D-27-69-0A-3E-11-00-00-00-00-00-00-89-65-01-01-A4-85-00-76-00-00-00-00-00-00
00-00-00-00-20-00-00-5D-27-69-0A-42-11-00-00-00-00-00-00-89-65-01-01-A4-85-00-76-00-00-00-00-00-00
00-00-00-00-20-00-00-5D-27-69-0A-42-11-00-00-00-00-00-00-89-65-01-01-A4-85-00-76-00-00-00-00-00-00
00-00-00-00-20-00-00-5D-27-69-0A-42-11-00-00-00-00-00-00-89-65-01-01-A4-85-00-76-00-00-00-00-00-00
00-00-00-0C-20-00-00-5D-27-69-0A-47-11-00-00-00-00-00-00-89-65-01-01-A4-85-00-76-00-00-00-00-00-00
00-00-00-00-20-00-00-45-27-65-0A-42-11-00-00-00-00-00-00-89-65-01-01-A4-85-00-76-00-00-00-00-00-00
00-00-00-0C-20-00-00-45-27-65-0A-42-11-00-00-00-00-00-00-89-65-01-01-A4-85-00-76-00-00-00-00-00-00
00-00-00-00-20-00-00-45-27-65-0A-42-11-00-00-00-00-00-00-89-65-01-01-A4-85-00-76-00-00-00-00-00-00
00-00-00-00-20-00-00-45-27-65-0A-47-11-00-00-00-00-00-00-89-65-01-01-A4-85-00-76-00-00-00-00-00-00
00-00-00-00-20-00-00-45-27-65-0A-42-11-00-00-00-00-00-00-89-65-01-01-A4-85-00-76-00-00-00-00-00-00
00-00-00-0C-20-00-00-5D-27-69-0A-42-11-00-00-00-00-00-00-89-65-01-01-A4-85-00-76-00-00-00-00-00-00
00-00-00-00-20-00-00-45-27-65-0A-42-11-00-00-00-00-00-00-89-65-01-01-A4-85-00-76-00-00-00-00-00-00
00-00-00-00-20-00-00-45-27-65-0A-3E-11-00-00-00-00-00-00-89-65-01-01-A4-85-00-76-00-00-00-00-00-00
00-00-00-00-20-00-00-5D-27-69-0A-42-11-00-00-00-00-00-00-89-65-01-01-A4-85-00-76-00-00-00-00-00-00
00-00-00-00-20-00-00-5D-27-69-0A-42-11-00-00-00-00-00-00-89-65-01-01-A4-85-00-76-00-00-00-00-00-00
00-00-00-0C-20-00-00-5D-27-69-0A-47-11-00-00-00-00-00-00-89-65-01-01-A4-85-00-76-00-00-00-00-00-00
00-00-00-00-20-00-00-5D-27-69-0A-47-11-00-00-00-00-00-00-89-65-01-01-A4-85-00-76-00-00-00-00-00-00
00-00-00-00-20-00-00-45-27-65-0A-42-11-00-00-00-00-00-00-89-65-01-01-A4-85-00-76-00-00-00-00-00-00
00-00-00-20-00-00-45-27-65-0A-42-11-00-00-00-00-00-00-89-65-01-01-A4-85-00-76-00-00-00-00-00-00-00
00-00-00-0C-20-00-00-5D-27-69-0A-42-11-00-00-00-00-00-00-89-65-01-01-A4-85-00-76-00-00-00-00-00-00
00-00-00-20-00-00-45-27-65-0A-42-11-00-00-00-00-00-00-89-65-01-01-A4-85-00-76-00-00-00-00-00-00-00
00-00-00-20-00-00-45-27-65-0A-47-11-00-00-00-00-00-00-89-65-01-01-A4-85-00-76-00-00-00-00-00-00-00
00-00-00-0C-20-00-00-5D-27-69-0A-42-11-00-00-00-00-00-00-89-65-01-01-A4-85-00-76-00-00-00-00-00-00
00-00-00-00-20-00-00-45-27-65-0A-42-11-00-00-00-00-00-00-89-65-01-01-A4-85-00-76-00-00-00-00-00-00
00-00-00-00-20-00-00-5D-27-69-0A-47-11-00-00-00-00-00-00-89-65-01-01-A4-85-00-76-00-00-00-00-00-00
00-00-00-0C-20-00-00-5D-27-69-0A-47-11-00-00-00-00-00-00-89-65-01-01-A4-85-00-76-00-00-00-00-00-00
00-00-00-00-20-00-00-5D-27-69-0A-42-11-00-00-00-00-00-00-89-65-01-01-A4-85-00-76-00-00-00-00-00-00
00-00-00-00-20-00-00-5D-27-69-0A-47-11-00-00-00-00-00-00-89-65-01-01-A4-85-00-76-00-00-00-00-00-00
00-00-00-00-20-00-00-2D-27-60-0A-42-11-00-00-00-00-00-00-89-65-01-01-A4-85-00-76-00-00-00-00-00-00
00-00-00-0B-20-00-00-45-27-65-0A-42-11-00-00-00-00-00-00-89-65-01-01-A4-85-00-76-00-00-00-00-00-00
00-00-00-00-20-00-00-5D-27-69-0A-42-11-00-00-00-00-00-00-89-65-01-01-A4-85-00-76-00-00-00-00-00-00
00-00-00-00-20-00-00-5D-27-69-0A-42-11-00-00-00-00-00-00-89-65-01-01-A4-85-00-76-00-00-00-00-00-00
00-00-00-00-20-00-00-45-27-65-0A-42-11-00-00-00-00-00-00-89-65-01-01-A4-85-00-76-00-00-00-00-00-00
00-00-00-00-20-00-00-45-27-65-0A-42-11-00-00-00-00-00-00-89-65-01-01-A4-85-00-76-00-00-00-00-00-00
00-00-00-0C-20-00-00-45-27-65-0A-42-11-00-00-00-00-00-00-89-65-01-01-A4-85-00-76-00-00-00-00-00-00
00-00-00-00-20-00-00-45-27-65-0A-42-11-00-00-00-00-00-00-89-65-01-01-A4-85-00-76-00-00-00-00-00-00
00-00-00-00-20-00-00-5D-27-69-0A-3E-11-00-00-00-00-00-00-89-65-01-01-A4-85-00-76-00-00-00-00-00-00
00-00-00-00-20-00-00-5D-27-69-0A-47-11-00-00-00-00-00-00-89-65-01-01-A4-85-00-76-00-00-00-00-00-00
00-00-00-0C-20-00-00-45-27-65-0A-47-11-00-00-00-00-00-00-8A-65-01-01-A4-85-00-76-00-00-00-00-00-00
00-00-00-00-20-00-00-45-27-65-0A-3E-11-00-00-00-00-00-00-8A-65-01-01-A4-85-00-76-00-00-00-00-00-00
00-00-00-00-20-00-00-45-27-65-0A-2F-11-00-00-00-00-00-00-8A-65-01-01-A4-85-00-76-00-00-00-00-00-00
00-00-00-00-20-00-00-45-27-65-0A-8E-10-00-00-00-00-00-00-8A-65-01-01-A4-85-00-76-00-00-00-00-00-00
00-00-00-0C-20-00-00-45-27-65-0A-3A-0E-00-00-00-00-00-00-8A-65-01-01-A4-85-00-76-00-00-00-00-00-00
00-00-00-00-20-00-00-45-27-65-0A-3A-0E-00-00-00-00-00-00-8A-65-01-01-A4-85-00-76-00-00-00-00-00-00
00-00-00-00-20-00-00-45-27-65-0A-ED-0A-00-00-00-00-00-00-8A-65-01-01-A4-85-00-76-00-00-00-00-00-00
00-00-00-20-00-00-45-27-65-0A-83-07-00-00-00-00-00-00-8A-65-01-01-A4-85-00-76-00-00-00-00-00-00-00
00-00-00-0B-20-00-00-2D-27-60-0A-63-04-00-00-00-00-00-00-8A-65-01-01-A4-85-00-76-00-00-00-00-00-00
00-00-00-00-20-00-00-45-27-65-0A-63-04-00-00-00-00-00-00-8A-65-01-01-A4-85-00-76-00-00-00-00-00-00
00-00-00-20-00-00-45-27-65-0A-36-02-00-00-00-00-00-00-8A-65-01-01-A4-85-00-76-00-00-00-00-00-00-00
00-00-00-00-0C-20-00-00-45-27-65-0A-19-02-00-00-00-00-00-00-8A-65-01-01-A4-85-00-76-00-00-00-00-00
00-00-00-00-20-00-00-45-27-65-0A-0A-02-00-00-00-00-00-00-8A-65-01-01-A4-85-00-76-00-00-00-00-00-00
00-00-00-00-20-00-00-2D-27-60-0A-FB-01-00-00-00-00-00-00-8A-65-01-01-A4-85-00-76-00-00-00-00-00-00
00-00-00-00-20-00-00-45-27-65-0A-FB-01-00-00-00-00-00-00-8A-65-01-01-A4-85-00-76-00-00-00-00-00-00
00-00-00-0C-20-00-00-45-27-65-0A-FB-01-00-00-00-00-00-00-8A-65-01-01-A4-85-00-76-00-00-00-00-00-00
00-00-00-00-20-00-00-45-27-65-0A-F6-01-00-00-00-00-00-00-8A-65-01-01-A4-85-00-76-00-00-00-00-00-00
00-00-00-00-20-00-00-45-27-65-0A-F6-01-00-00-00-00-00-00-8A-65-01-01-A4-85-00-76-00-00-00-00-00-00
00-00-00-00-0B-20-00-00-45-27-65-0A-FB-01-00-00-00-00-00-00-8A-65-01-01-A4-85-00-76-00-00-00-00-00
00-00-00-00-20-00-00-45-27-65-0A-FB-01-00-00-00-00-00-00-8A-65-01-01-A4-85-00-76-00-00-00-00-00-00
00-00-00-00-20-00-00-45-27-65-0A-F6-01-00-00-00-00-00-00-8A-65-01-01-A4-85-00-76-00-00-00-00-00-00
00-00-00-00-20-00-00-45-27-65-0A-F6-01-00-00-00-00-00-00-8A-65-01-01-A4-85-00-76-00-00-00-00-00-00
00-00-00-0C-20-00-00-45-27-65-0A-FB-01-00-00-00-00-00-00-8A-65-01-01-A4-85-00-76-00-00-00-00-00-00
00-00-00-00-20-00-00-45-27-65-0A-FB-01-00-00-00-00-00-00-8A-65-01-01-A4-85-00-76-00-00-00-00-00-00
00-00-00-00-20-00-00-45-27-65-0A-FB-01-00-00-00-00-00-00-8A-65-01-01-A4-85-00-76-00-00-00-00-00-00
00-00-00-00-20-00-00-45-27-65-0A-FB-01-00-00-00-00-00-00-8A-65-01-01-A4-85-00-76-00-00-00-00-00-00
00-00-00-00-0C-20-00-00-45-27-65-0A-FB-01-00-00-00-00-00-00-8A-65-01-01-A4-85-00-76-00-00-00-00-00
00-00-00-00-20-00-00-45-27-65-0A-FB-01-00-00-00-00-00-00-8A-65-01-01-A4-85-00-76-00-00-00-00-00-00
00-00-00-00-20-00-00-45-27-65-0A-FB-01-00-00-00-00-00-00-8A-65-01-01-A4-85-00-76-00-00-00-00-00-00
00-00-00-20-00-00-45-27-65-0A-FB-01-00-00-00-00-00-00-8A-65-01-01-A4-85-00-76-00-00-00-00-00-00-00
00-00-00-0B-20-00-00-45-27-65-0A-F6-01-00-00-00-00-00-00-8A-65-01-01-A4-85-00-76-00-00-00-00-00-00
00-00-00-00-20-00-00-45-27-65-0A-F6-01-00-00-00-00-00-00-8A-65-01-01-A4-85-00-76-00-00-00-00-00-00
00-00-00-20-00-00-45-27-65-0A-F6-01-00-00-00-00-00-00-8A-65-01-01-A4-85-00-76-00-00-00-00-00-00-00
00-00-00-20-00-00-45-27-65-0A-F6-01-00-00-00-00-00-00-8A-65-01-01-A4-85-00-76-00-00-00-00-00-00-00
00-00-00-0C-20-00-00-45-27-65-0A-FB-01-00-00-00-00-00-00-8A-65-01-01-A4-85-00-76-00-00-00-00-00-00
00-00-00-00-20-00-00-45-27-65-0A-FB-01-00-00-00-00-00-00-8A-65-01-01-A4-85-00-76-00-00-00-00-00-00
00-00-00-20-00-00-45-27-65-0A-FB-01-00-00-00-00-00-00-8A-65-01-01-A4-85-00-76-00-00-00-00-00-00-00
00-00-00-0C-20-00-00-45-27-65-0A-FB-01-00-00-00-00-00-00-8A-65-01-01-A4-85-00-76-00-00-00-00-00-00
00-00-00-00-20-00-00-45-27-65-0A-FB-01-00-00-00-00-00-00-8A-65-01-01-A4-85-00-76-00-00-00-00-00-00
00-00-00-00-20-00-00-45-27-65-0A-FB-01-00-00-00-00-00-00-8A-65-01-01-A4-85-00-76-00-00-00-00-00-00
00-00-00-00-20-00-00-45-27-65-0A-FB-01-00-00-00-00-00-00-8A-65-01-01-A4-85-00-76-00-00-00-00-00-00
00-00-00-0C-20-00-00-45-27-65-0A-FB-01-00-00-00-00-00-00-8A-65-01-01-A4-85-00-76-00-00-00-00-00-00
00-00-00-00-20-00-00-45-27-65-0A-F6-01-00-00-00-00-00-00-8A-65-01-01-A4-85-00-76-00-00-00-00-00-00
00-00-00-00-20-00-00-45-27-65-0A-F6-01-00-00-00-00-00-00-8A-65-01-01-A4-85-00-76-00-00-00-00-00-00
00-00-00-0C-20-00-00-2D-27-60-0A-F6-01-00-00-00-00-00-00-8A-65-01-01-A4-85-00-76-00-00-00-00-00-00
00-00-00-00-20-00-00-45-27-65-0A-F6-01-00-00-00-00-00-00-8A-65-01-01-A4-85-00-76-00-00-00-00-00-00
00-00-00-00-20-00-00-45-27-65-0A-F6-01-00-00-00-00-00-00-8A-65-01-01-A4-85-00-76-00-00-00-00-00-00
00-00-00-00-20-00-00-45-27-65-0A-FB-01-00-00-00-00-00-00-8A-65-01-01-A4-85-00-76-00-00-00-00-00-00
00-00-00-0C-20-00-00-45-27-65-0A-F6-01-00-00-00-00-00-00-8A-65-01-01-A4-85-00-76-00-00-00-00-00-00
00-00-00-00-20-00-00-45-27-65-0A-FB-01-00-00-00-00-00-00-8A-65-01-01-A4-85-00-76-00-00-00-00-00-00
00-00-00-00-20-00-00-2D-27-60-0A-FB-01-00-00-00-00-00-00-8A-65-01-01-A4-85-00-76-00-00-00-00-00-00
00-00-00-0B-20-00-00-45-27-65-0A-FB-01-00-00-00-00-00-00-8A-65-01-01-A4-85-00-76-00-00-00-00-00-00
00-00-00-20-00-00-45-27-65-0A-FB-01-00-00-00-00-00-00-8A-65-01-01-A4-85-00-76-00-00-00-00-00-00-00
00-00-00-0C-20-00-00-45-27-65-0A-F6-01-00-00-00-00-00-00-8A-65-01-01-A4-85-00-76-00-00-00-00-00-00
00-00-00-00-20-00-00-45-27-65-0A-F6-01-00-00-00-00-00-00-8A-65-01-01-A4-85-00-76-00-00-00-00-00-00
00-00-00-00-20-00-00-2D-27-60-0A-F6-01-00-00-00-00-00-00-8A-65-01-01-A4-85-00-76-00-00-00-00-00-00
00-00-00-0B-20-00-00-2D-27-60-0A-F6-01-00-00-00-00-00-00-8A-65-01-01-A4-85-00-76-00-00-00-00-00-00
00-00-00-00-20-00-00-45-27-65-0A-F6-01-00-00-00-00-00-00-8A-65-01-01-A4-85-00-76-00-00-00-00-00-00
00-00-00-00-20-00-00-45-27-65-0A-FB-01-00-00-00-00-00-00-8A-65-01-01-A4-85-00-76-00-00-00-00-00-00
00-00-00-00-20-00-00-45-27-65-0A-FB-01-00-00-00-00-00-00-8A-65-01-01-A4-85-00-76-00-00-00-00-00-00
00-00-00-20-00-00-45-27-65-0A-FB-01-00-00-00-00-00-00-8A-65-01-01-A4-85-00-76-00-00-00-00-00-00-00
00-00-00-0C-20-00-00-2D-27-60-0A-FB-01-00-00-00-00-00-00-8A-65-01-01-A4-85-00-76-00-00-00-00-00-00
00-00-00-00-20-00-00-2D-27-60-0A-FB-01-00-00-00-00-00-00-8A-65-01-01-A4-85-00-76-00-00-00-00-00-00
00-00-00-20-00-00-5D-27-69-0A-FB-01-00-00-00-00-00-00-8A-65-01-01-A4-85-00-76-00-00-00-00-00-00-00
00-00-00-0C-20-00-00-45-27-65-0A-FB-01-00-00-00-00-00-00-8A-65-01-01-A4-85-00-76-00-00-00-00-00-00
00-00-00-00-20-00-00-45-27-65-0A-F6-01-00-00-00-00-00-00-8A-65-01-01-A4-85-00-76-00-00-00-00-00-00
00-00-00-00-20-00-00-45-27-65-0A-F6-01-00-00-00-00-00-00-8A-65-01-01-A4-85-00-76-00-00-00-00-00-00
00-00-00-00-20-00-00-2D-27-60-0A-F6-01-00-00-00-00-00-00-8A-65-01-01-A4-85-00-76-00-00-00-00-00-00
00-00-00-0C-20-00-00-2D-27-60-0A-F6-01-00-00-00-00-00-00-8A-65-01-01-A4-85-00-76-00-00-00-00-00-00
00-00-00-00-20-00-00-45-27-65-0A-F6-01-00-00-00-00-00-00-8A-65-01-01-A4-85-00-76-00-00-00-00-00-00
00-00-00-00-20-00-00-45-27-65-0A-FB-01-00-00-00-00-00-00-8A-65-01-01-A4-85-00-76-00-00-00-00-00-00
00-00-00-00-20-00-00-45-27-65-0A-FB-01-00-00-00-00-00-00-8A-65-01-01-A4-85-00-76-00-00-00-00-00-00
00-00-00-0C-20-00-00-45-27-65-0A-FB-01-00-00-00-00-00-00-8A-65-01-01-A4-85-00-76-00-00-00-00-00-00
00-00-00-00-20-00-00-2D-27-60-0A-FB-01-00-00-00-00-00-00-8A-65-01-01-A4-85-00-76-00-00-00-00-00-00
00-00-00-00-20-00-00-45-27-65-0A-FB-01-00-00-00-00-00-00-8A-65-01-01-A4-85-00-76-00-00-00-00-00-00
00-00-00-00-20-00-00-45-27-65-0A-F6-01-00-00-00-00-00-00-8A-65-01-01-A4-85-00-76-00-00-00-00-00-00
00-00-00-0C-20-00-00-45-27-65-0A-F6-01-00-00-00-00-00-00-8A-65-01-01-A4-85-00-76-00-00-00-00-00-00
00-00-00-00-20-00-00-45-27-65-0A-F6-01-00-00-00-00-00-00-8A-65-01-01-A4-85-00-76-00-00-00-00-00-00
00-00-00-0C-20-00-00-45-27-65-0A-F6-01-00-00-00-00-00-00-8A-65-01-01-A4-85-00-76-00-00-00-00-00-00
00-00-00-00-20-00-00-45-27-65-0A-F6-01-00-00-00-00-00-00-8A-65-01-01-A4-85-00-76-00-00-00-00-00-00
00-00-00-00-20-00-00-45-27-65-0A-F6-01-00-00-00-00-00-00-8A-65-01-01-A4-85-00-76-00-00-00-00-00-00
00-00-00-20-00-00-45-27-65-0A-F6-01-00-00-00-00-00-00-8A-65-01-01-A4-85-00-76-00-00-00-00-00-00-00
00-00-00-00-20-00-00-45-27-65-0A-F6-01-00-00-00-00-00-00-8A-65-01-01-A4-85-00-76-00-00-00-00-00-00
00-00-00-20-00-00-45-27-65-0A-FB-01-00-00-00-00-00-00-8A-65-01-01-A4-85-00-76-00-00-00-00-00-00-00
00-00-00-0C-20-00-00-45-27-65-0A-FB-01-00-00-00-00-00-00-8A-65-01-01-A4-85-00-76-00-00-00-00-00-00
00-00-00-20-00-00-45-27-65-0A-FB-01-00-00-00-00-00-00-8A-65-01-01-A4-85-00-76-00-00-00-00-00-00-00
00-00-00-00-0C-20-00-00-45-27-65-0A-FB-01-00-00-00-00-00-00-8A-65-01-01-A4-85-00-76-00-00-00-00-00
00-00-00-00-20-00-00-45-27-65-0A-FB-01-00-00-00-00-00-00-8A-65-01-01-A4-85-00-76-00-00-00-00-00-00
00-00-00-00-20-00-00-45-27-65-0A-F6-01-00-00-00-00-00-00-8A-65-01-01-A4-85-00-76-00-00-00-00-00-00
00-00-00-00-20-00-00-45-27-65-0A-F6-01-00-00-00-00-00-00-8A-65-01-01-A4-85-00-76-00-00-00-00-00-00
00-00-00-00-20-00-00-45-27-65-0A-F6-01-00-00-00-00-00-00-8A-65-01-01-A4-85-00-76-00-00-00-00-00-00
00-00-00-0C-20-00-00-45-27-65-0A-F6-01-00-00-00-00-00-00-8A-65-01-01-A4-85-00-76-00-00-00-00-00-00
00-00-00-00-20-00-00-45-27-65-0A-FB-01-00-00-00-00-00-00-8A-65-01-01-A4-85-00-76-00-00-00-00-00-00
00-00-00-0C-20-00-00-45-27-65-0A-FB-01-00-00-00-00-00-00-8A-65-01-01-A4-85-00-76-00-00-00-00-00-00
00-00-00-00-20-00-00-45-27-65-0A-F6-01-00-00-00-00-00-00-8A-65-01-01-A4-85-00-76-00-00-00-00-00-00
00-00-00-00-20-00-00-45-27-65-0A-FB-01-00-00-00-00-00-00-8A-65-01-01-A4-85-00-76-00-00-00-00-00-00
00-00-00-00-20-00-00-45-27-65-0A-FB-01-00-00-00-00-00-00-8A-65-01-01-A4-85-00-76-00-00-00-00-00-00
00-00-00-0C-20-00-00-45-27-65-0A-3B-02-00-00-00-00-00-00-8A-65-01-01-A4-85-00-76-00-00-00-00-00-00
00-00-00-00-20-00-00-45-27-65-0A-8A-04-00-00-00-00-00-00-8A-65-01-01-A4-85-00-76-00-00-00-00-00-00
00-00-00-00-20-00-00-45-27-65-0A-7A-07-00-00-00-00-00-00-8A-65-01-01-A4-85-00-76-00-00-00-00-00-00
00-00-00-00-20-00-00-45-27-65-0A-7A-07-00-00-00-00-00-00-8A-65-01-01-A4-85-00-76-00-00-00-00-00-00
00-00-00-20-00-00-45-27-65-0A-65-0A-00-00-00-00-00-00-8A-65-01-01-A4-85-00-76-00-00-00-00-00-00-00
00-00-00-0C-20-00-00-5D-27-69-0A-99-0D-00-00-00-00-00-00-8A-65-01-01-A4-85-00-76-00-00-00-00-00-00
00-00-00-00-20-00-00-5D-27-69-0A-A1-10-00-00-00-00-00-00-8A-65-01-01-A4-85-00-76-00-00-00-00-00-00
00-00-00-0C-20-00-00-45-27-65-0A-39-11-00-00-00-00-00-00-8A-65-01-01-A4-85-00-76-00-00-00-00-00-00
00-00-00-20-00-00-5D-27-69-0A-39-11-00-00-00-00-00-00-8A-65-01-01-A4-85-00-76-00-00-00-00-00-00-00
00-00-00-0C-20-00-00-5D-27-69-0A-42-11-00-00-00-00-00-00-8A-65-01-01-A4-85-00-76-00-00-00-00-00-00
00-00-00-00-20-00-00-45-27-65-0A-42-11-00-00-00-00-00-00-8A-65-01-01-A4-85-00-76-00-00-00-00-00-00
00-00-00-0C-20-00-00-45-27-65-0A-42-11-00-00-00-00-00-00-8A-65-01-01-A4-85-00-76-00-00-00-00-00-00
00-00-00-00-20-00-00-45-27-65-0A-42-11-00-00-00-00-00-00-8A-65-01-01-A4-85-00-76-00-00-00-00-00-00
00-00-00-00-20-00-00-5D-27-69-0A-42-11-00-00-00-00-00-00-8A-65-01-01-A4-85-00-76-00-00-00-00-00-00
00-00-00-00-20-00-00-5D-27-69-0A-42-11-00-00-00-00-00-00-8A-65-01-01-A4-85-00-76-00-00-00-00-00-00
00-00-00-00-20-00-00-5D-27-69-0A-42-11-00-00-00-00-00-00-8A-65-01-01-A4-85-00-76-00-00-00-00-00-00
00-00-00-00-20-00-00-5D-27-69-0A-42-11-00-00-00-00-00-00-8A-65-01-01-A4-85-00-76-00-00-00-00-00-00
00-00-00-0C-20-00-00-45-27-65-0A-42-11-00-00-00-00-00-00-8A-65-01-01-A4-85-00-76-00-00-00-00-00-00
00-00-00-00-20-00-00-2D-27-60-0A-42-11-00-00-00-00-00-00-8A-65-01-01-A4-85-00-76-00-00-00-00-00-00
00-00-00-0B-20-00-00-45-27-65-0A-3E-11-00-00-00-00-00-00-8A-65-01-01-A4-85-00-76-00-00-00-00-00-00
00-00-00-00-20-00-00-5D-27-69-0A-42-11-00-00-00-00-00-00-8A-65-01-01-A4-85-00-76-00-00-00-00-00-00
00-00-00-00-20-00-00-5D-27-69-0A-42-11-00-00-00-00-00-00-8A-65-01-01-A4-85-00-76-00-00-00-00-00-00
00-00-00-20-00-00-45-27-65-0A-42-11-00-00-00-00-00-00-8A-65-01-01-A4-85-00-76-00-00-00-00-00-00-00
00-00-00-0C-20-00-00-45-27-65-0A-42-11-00-00-00-00-00-00-8A-65-01-01-A4-85-00-00-00-00-00-00-00-00
76-00-00-00-00-20-00-00-45-27-65-0A-42-11-00-00-00-00-00-00-8A-65-01-01-A4-85-00-76-00-00-00-00-00
00-00-00-00-20-00-00-5D-27-69-0A-42-11-00-00-00-00-00-00-8A-65-01-01-A4-85-00-76-00-00-00-00-00-00
00-00-00-00-20-00-00-45-27-65-0A-42-11-00-00-00-00-00-00-8A-65-01-01-A4-85-00-76-00-00-00-00-00-00
00-00-00-0C-20-00-00-45-27-65-0A-42-11-00-00-00-00-00-00-8A-65-01-01-A4-85-00-76-00-00-00-00-00-00
00-00-00-00-20-00-00-5D-27-69-0A-42-11-00-00-00-00-00-00-8A-65-01-01-A4-85-00-76-00-00-00-00-00-00
00-00-00-00-20-00-00-45-27-65-0A-42-11-00-00-00-00-00-00-8A-65-01-01-A4-85-00-76-00-00-00-00-00-00
00-00-00-00-20-00-00-45-27-65-0A-3E-11-00-00-00-00-00-00-8A-65-01-01-A4-85-00-76-00-00-00-00-00-00
00-00-00-00-20-00-00-5D-27-69-0A-3E-11-00-00-00-00-00-00-8A-65-01-01-A4-85-00-76-00-00-00-00-00-00
00-00-00-0C-20-00-00-5D-27-69-0A-47-11-00-00-00-00-00-00-8A-65-01-01-A4-85-00-76-00-00-00-00-00-00
00-00-00-00-20-00-00-5D-27-69-0A-42-11-00-00-00-00-00-00-8A-65-01-01-A4-85-00-76-00-00-00-00-00-00
00-00-00-00-20-00-00-5D-27-69-0A-42-11-00-00-00-00-00-00-8A-65-01-01-A4-85-00-76-00-00-00-00-00-00
00-00-00-00-0C-20-00-00-45-27-65-0A-42-11-00-00-00-00-00-00-8A-65-01-01-A4-85-00-76-00-00-00-00-00
00-00-00-00-20-00-00-5D-27-69-0A-42-11-00-00-00-00-00-00-8A-65-01-01-A4-85-00-76-00-00-00-00-00-00
00-00-00-00-20-00-00-5D-27-69-0A-42-11-00-00-00-00-00-00-8A-65-01-01-A4-85-00-76-00-00-00-00-00-00
00-00-00-0C-20-00-00-5D-27-69-0A-42-11-00-00-00-00-00-00-8A-65-01-01-A4-85-00-76-00-00-00-00-00-00
00-00-00-00-20-00-00-5D-27-69-0A-42-11-00-00-00-00-00-00-8A-65-01-01-A4-85-00-76-00-00-00-00-00-00
00-00-00-00-20-00-00-45-27-65-0A-42-11-00-00-00-00-00-00-8A-65-01-01-A4-85-00-76-00-00-00-00-00-00
00-00-00-00-20-00-00-5D-27-69-0A-47-11-00-00-00-00-00-00-8A-65-01-01-A4-85-00-76-00-00-00-00-00-00
00-00-00-00-20-00-00-5D-27-69-0A-42-11-00-00-00-00-00-00-8A-65-01-01-A4-85-00-76-00-00-00-00-00-00
00-00-00-0C-20-00-00-5D-27-69-0A-3E-11-00-00-00-00-00-00-8A-65-01-01-A4-85-00-76-00-00-00-00-00-00
00-00-00-00-20-00-00-5D-27-69-0A-3E-11-00-00-00-00-00-00-8A-65-01-01-A4-85-00-76-00-00-00-00-00-00
00-00-00-00-20-00-00-5D-27-69-0A-42-11-00-00-00-00-00-00-8A-65-01-01-A4-85-00-76-00-00-00-00-00-00
00-00-00-0B-20-00-00-5D-27-69-0A-42-11-00-00-00-00-00-00-8A-65-01-01-A4-85-00-76-00-00-00-00-00-00
00-00-00-00-20-00-00-45-27-65-0A-47-11-00-00-00-00-00-00-8A-65-01-01-A4-85-00-76-00-00-00-00-00-00
00-00-00-00-20-00-00-5D-27-69-0A-42-11-00-00-00-00-00-00-8A-65-01-01-A4-85-00-76-00-00-00-00-00-00
00-00-00-00-20-00-00-5D-27-69-0A-42-11-00-00-00-00-00-00-8A-65-01-01-A4-85-00-76-00-00-00-00-00-00
00-00-00-20-00-00-5D-27-69-0A-42-11-00-00-00-00-00-00-8A-65-01-01-A4-85-00-76-00-00-00-00-00-00-00
00-00-00-0B-20-00-00-5D-27-69-0A-42-11-00-00-00-00-00-00-8A-65-01-01-A4-85-00-76-00-00-00-00-00-00
00-00-00-00-20-00-00-5D-27-69-0A-42-11-00-00-00-00-00-00-8A-65-01-01-A4-85-00-76-00-00-00-00-00-00
00-00-00-00-20-00-00-5D-27-69-0A-42-11-00-00-00-00-00-00-8A-65-01-01-A4-85-00-76-00-00-00-00-00-00
00-00-00-0C-20-00-00-5D-27-69-0A-42-11-00-00-00-00-00-00-8A-65-01-01-A4-85-00-76-00-00-00-00-00-00
00-00-00-00-20-00-00-5D-27-69-0A-2A-11-00-00-00-00-00-00-8A-65-01-01-A4-85-00-76-00-00-00-00-00-00
00-00-00-00-20-00-00-5D-27-69-0A-AB-10-00-00-00-00-00-00-8A-65-01-01-A4-85-00-76-00-00-00-00-00-00
00-00-00-00-20-00-00-5D-27-69-0A-7A-0E-00-00-00-00-00-00-8A-65-01-01-A4-85-00-76-00-00-00-00-00-00
00-00-00-0C-20-00-00-5D-27-69-0A-7A-0E-00-00-00-00-00-00-8A-65-01-01-A4-85-00-76-00-00-00-00-00-00
00-00-00-00-20-00-00-5D-27-69-0A-80-0B-00-00-00-00-00-00-8A-65-01-01-A4-85-00-76-00-00-00-00-00-00
00-00-00-00-20-00-00-5D-27-69-0A-8B-08-00-00-00-00-00-00-8A-65-01-01-A4-85-00-76-00-00-00-00-00-00
00-00-00-0C-20-00-00-45-27-65-0A-D6-05-00-00-00-00-00-00-8A-65-01-01-A4-85-00-76-00-00-00-00-00-00
00-00-00-00-20-00-00-45-27-65-0A-D6-05-00-00-00-00-00-00-8A-65-01-01-A4-85-00-76-00-00-00-00-00-00
00-00-00-00-20-00-00-45-27-65-0A-60-03-00-00-00-00-00-00-8A-65-01-01-A4-85-00-76-00-00-00-00-00-00
00-00-00-00-20-00-00-45-27-65-0A-27-02-00-00-00-00-00-00-8A-65-01-01-A4-85-00-76-00-00-00-00-00-00
00-00-00-00-20-00-00-45-27-65-0A-14-02-00-00-00-00-00-00-8A-65-01-01-A4-85-00-76-00-00-00-00-00-00
00-00-00-0C-20-00-00-2D-27-60-0A-00-02-00-00-00-00-00-00-8A-65-01-01-A4-85-00-76-00-00-00-00-00-00
00-00-00-00-20-00-00-45-27-65-0A-00-02-00-00-00-00-00-00-8A-65-01-01-A4-85-00-76-00-00-00-00-00-00
00-00-00-00-20-00-00-45-27-65-0A-FB-01-00-00-00-00-00-00-8A-65-01-01-A4-85-00-76-00-00-00-00-00-00
00-00-00-0C-20-00-00-45-27-65-0A-FB-01-00-00-00-00-00-00-8A-65-01-01-A4-85-00-76-00-00-00-00-00-00
00-00-00-00-20-00-00-45-27-65-0A-FB-01-00-00-00-00-00-00-8A-65-01-01-A4-85-00-76-00-00-00-00-00-00
00-00-00-00-20-00-00-45-27-65-0A-FB-01-00-00-00-00-00-00-8A-65-01-01-A4-85-00-76-00-00-00-00-00-00
00-00-00-20-00-00-2D-27-60-0A-FB-01-00-00-00-00-00-00-8A-65-01-01-A4-85-00-76-00-00-00-00-00-00-00
00-00-00-00-0B-20-00-00-45-27-65-0A-F6-01-00-00-00-00-00-00-8A-65-01-01-A4-85-00-76-00-00-00-00-00
00-00-00-00-20-00-00-45-27-65-0A-FB-01-00-00-00-00-00-00-8A-65-01-01-A4-85-00-76-00-00-00-00-00-00
00-00-00-00-20-00-00-45-27-65-0A-FB-01-00-00-00-00-00-00-8A-65-01-01-A4-85-00-76-00-00-00-00-00-00
00-00-00-0C-20-00-00-45-27-65-0A-FB-01-00-00-00-00-00-00-8A-65-01-01-A4-85-00-76-00-00-00-00-00-00
00-00-00-00-20-00-00-2D-27-60-0A-F6-01-00-00-00-00-00-00-8A-65-01-01-A4-85-00-76-00-00-00-00-00-00
00-00-00-00-20-00-00-45-27-65-0A-F6-01-00-00-00-00-00-00-8A-65-01-01-A4-85-00-76-00-00-00-00-00-00
00-00-00-00-20-00-00-45-27-65-0A-F6-01-00-00-00-00-00-00-8A-65-01-01-A4-85-00-76-00-00-00-00-00-00
00-00-00-0C-20-00-00-45-27-65-0A-FB-01-00-00-00-00-00-00-8A-65-01-01-A4-85-00-76-00-00-00-00-00-00
00-00-00-00-20-00-00-45-27-65-0A-FB-01-00-00-00-00-00-00-8A-65-01-01-A4-85-00-76-00-00-00-00-00-00
00-00-00-00-20-00-00-45-27-65-0A-FB-01-00-00-00-00-00-00-8A-65-01-01-A4-85-00-76-00-00-00-00-00-00
00-00-00-00-20-00-00-2D-27-60-0A-FB-01-00-00-00-00-00-00-8A-65-01-01-A4-85-00-76-00-00-00-00-00-00
00-00-00-0B-20-00-00-45-27-65-0A-FB-01-00-00-00-00-00-00-8A-65-01-01-A4-85-00-76-00-00-00-00-00-00
00-00-00-00-20-00-00-45-27-65-0A-FB-01-00-00-00-00-00-00-8A-65-01-01-A4-85-00-76-00-00-00-00-00-00
00-00-00-00-20-00-00-45-27-65-0A-F6-01-00-00-00-00-00-00-8A-65-01-01-A4-85-00-76-00-00-00-00-00-00
00-00-00-00-20-00-00-45-27-65-0A-FB-01-00-00-00-00-00-00-8A-65-01-01-A4-85-00-76-00-00-00-00-00-00
00-00-00-0C-20-00-00-45-27-65-0A-F6-01-00-00-00-00-00-00-8A-65-01-01-A4-85-00-76-00-00-00-00-00-00
00-00-00-00-20-00-00-2D-27-60-0A-F6-01-00-00-00-00-00-00-8A-65-01-01-A4-85-00-76-00-00-00-00-00-00
00-00-00-00-20-00-00-45-27-65-0A-F6-01-00-00-00-00-00-00-8A-65-01-01-A4-85-00-76-00-00-00-00-00-00
00-00-00-0C-20-00-00-45-27-65-0A-F6-01-00-00-00-00-00-00-8A-65-01-01-A4-85-00-76-00-00-00-00-00-00
00-00-00-00-20-00-00-45-27-65-0A-FB-01-00-00-00-00-00-00-8A-65-01-01-A4-85-00-76-00-00-00-00-00-00
00-00-00-00-20-00-00-45-27-65-0A-FB-01-00-00-00-00-00-00-8A-65-01-01-A4-85-00-76-00-00-00-00-00-00
00-00-00-00-20-00-00-45-27-65-0A-FB-01-00-00-00-00-00-00-8A-65-01-01-A4-85-00-76-00-00-00-00-00-00
00-00-00-20-00-00-2D-27-60-0A-FB-01-00-00-00-00-00-00-8A-65-01-01-A4-85-00-76-00-00-00-00-00-00-00
00-00-00-0C-20-00-00-45-27-65-0A-F6-01-00-00-00-00-00-00-8A-65-01-01-A4-85-00-76-00-00-00-00-00-00
00-00-00-00-20-00-00-45-27-65-0A-F6-01-00-00-00-00-00-00-8A-65-01-01-A4-85-00-76-00-00-00-00-00-00
00-00-00-00-20-00-00-45-27-65-0A-FB-01-00-00-00-00-00-00-8A-65-01-01-A4-85-00-76-00-00-00-00-00-00
00-00-00-00-20-00-00-45-27-65-0A-FB-01-00-00-00-00-00-00-8A-65-01-01-A4-85-00-76-00-00-00-00-00-00
00-00-00-0C-20-00-00-45-27-65-0A-F6-01-00-00-00-00-00-00-8A-65-01-01-A4-85-00-76-00-00-00-00-00-00
00-00-00-00-20-00-00-45-27-65-0A-F6-01-00-00-00-00-00-00-8A-65-01-01-A4-85-00-76-00-00-00-00-00-00
00-00-00-00-20-00-00-45-27-65-0A-F6-01-00-00-00-00-00-00-8A-65-01-01-A4-85-00-76-00-00-00-00-00-00
00-00-00-00-20-00-00-45-27-65-0A-F6-01-00-00-00-00-00-00-8A-65-01-01-A4-85-00-76-00-00-00-00-00-00
00-00-00-0C-20-00-00-45-27-65-0A-FB-01-00-00-00-00-00-00-8A-65-01-01-A4-85-00-76-00-00-00-00-00-00
00-00-00-00-20-00-00-45-27-65-0A-FB-01-00-00-00-00-00-00-8A-65-01-01-A4-85-00-76-00-00-00-00-00-00
00-00-00-00-20-00-00-45-27-65-0A-FB-01-00-00-00-00-00-00-8A-65-01-01-A4-85-00-76-00-00-00-00-00-00
00-00-00-00-20-00-00-45-27-65-0A-F6-01-00-00-00-00-00-00-8A-65-01-01-A4-85-00-76-00-00-00-00-00-00
00-00-00-0C-20-00-00-45-27-65-0A-F6-01-00-00-00-00-00-00-8A-65-01-01-A4-85-00-76-00-00-00-00-00-00
00-00-00-00-20-00-00-45-27-65-0A-FB-01-00-00-00-00-00-00-8A-65-01-01-A4-85-00-76-00-00-00-00-00-00
00-00-00-00-20-00-00-45-27-65-0A-F6-01-00-00-00-00-00-00-8A-65-01-01-A4-85-00-76-00-00-00-00-00-00
00-00-00-0B-20-00-00-45-27-65-0A-F6-01-00-00-00-00-00-00-8A-65-01-01-A4-85-00-76-00-00-00-00-00-00
00-00-00-00-20-00-00-45-27-65-0A-F6-01-00-00-00-00-00-00-8A-65-01-01-A4-85-00-76-00-00-00-00-00-00
00-00-00-00-20-00-00-45-27-65-0A-F6-01-00-00-00-00-00-00-8A-65-01-01-A4-85-00-76-00-00-00-00-00-00
00-00-00-20-00-00-45-27-65-0A-F6-01-00-00-00-00-00-00-8A-65-01-01-A4-85-00-76-00-00-00-00-00-00-00
00-00-00-0B-20-00-00-45-27-65-0A-FB-01-00-00-00-00-00-00-8A-65-01-01-A4-85-00-76-00-00-00-00-00-00
00-00-00-00-20-00-00-45-27-65-0A-FB-01-00-00-00-00-00-00-8A-65-01-01-A4-85-00-76-00-00-00-00-00-00
00-00-00-00-20-00-00-45-27-65-0A-FB-01-00-00-00-00-00-00-8A-65-01-01-A4-85-00-76-00-00-00-00-00-00
00-00-00-00-20-00-00-45-27-65-0A-FB-01-00-00-00-00-00-00-8A-65-01-01-A4-85-00-76-00-00-00-00-00-00
00-00-00-00-0C-20-00-00-45-27-65-0A-F6-01-00-00-00-00-00-00-8A-65-01-01-A4-85-00-76-00-00-00-00-00
00-00-00-00-20-00-00-45-27-65-0A-FB-01-00-00-00-00-00-00-8A-65-01-01-A4-85-00-76-00-00-00-00-00-00
00-00-00-00-20-00-00-45-27-65-0A-FB-01-00-00-00-00-00-00-8A-65-01-01-A4-85-00-76-00-00-00-00-00-00
00-00-00-00-20-00-00-45-27-65-0A-FB-01-00-00-00-00-00-00-8A-65-01-01-A4-85-00-76-00-00-00-00-00-00
00-00-00-0C-20-00-00-45-27-65-0A-F6-01-00-00-00-00-00-00-8A-65-01-01-A4-85-00-76-00-00-00-00-00-00
00-00-00-00-20-00-00-45-27-65-0A-F6-01-00-00-00-00-00-00-8A-65-01-01-A4-85-00-76-00-00-00-00-00-00
00-00-00-00-20-00-00-45-27-65-0A-F6-01-00-00-00-00-00-00-8A-65-01-01-A4-85-00-76-00-00-00-00-00-00
