F0-20-00-00-45-27-65-0A-F2-01-00-00-00-00-00-00-00-00-00-00-00-00-00-00-00-00-00-00-00-00-00-00-00
00-00-00-00-81-65-01-01-A4-82-00-76-00-00-00-00-08-00-00-00-95-00-00-00-00-00-00-00-00-00-00-00-00
F0-20-00-00-45-27-65-0A-F2-01-00-00-00-00-00-00-81-65-01-01-A4-82-00-76-00-00-00-00-08-00-00-00-95
F0-20-00-00-45-27-65-0A-F2-01-00-00-00-00-00-00-81-65-01-01-A4-82-00-76-00-00-00-00-08-00-00-00-95
F0-20-00-00-45-27-65-0A-F2-01-00-00-00-00-00-00-81-65-01-01-A4-82-00-76-00-00-00-00-08-00-00-00-95
F0-20-00-00-45-27-65-0A-F2-01-00-00-00-00-00-00-81-65-01-01-A4-82-00-76-00-00-00-00-08-00-00-00-95
F0-20-00-00-45-27-65-0A-F2-01-00-00-00-00-00-00-81-65-01-01-A4-82-00-76-00-00-00-00-07-00-00-00-96
F0-20-00-00-45-27-65-0A-ED-01-00-00-00-00-00-00-81-65-01-01-A4-82-00-76-00-00-00-00-08-00-00-00-9A
F0-20-00-00-45-27-65-0A-ED-01-00-00-00-00-00-00-81-65-01-01-A4-82-00-76-00-00-00-00-08-00-00-00-9A
F0-20-00-00-45-27-65-0A-F2-01-00-00-00-00-00-00-81-65-01-01-A4-82-00-76-00-00-00-00-08-00-00-00-95
F0-20-00-00-45-27-65-0A-F2-01-00-00-00-00-00-00-81-65-01-01-A4-82-00-76-00-00-00-00-08-00-00-00-95
F0-20-00-00-45-27-65-0A-F2-01-00-00-00-00-00-00-81-65-01-01-A4-82-00-76-00-00-00-00-08-00-00-00-95
F0-20-00-00-45-27-65-0A-F2-01-00-00-00-00-00-00-81-65-01-01-A4-82-00-76-00-00-00-00-08-00-00-00-95
F0-20-00-00-45-27-65-0A-ED-01-00-00-00-00-00-00-81-65-01-01-A4-82-00-76-00-00-00-00-07-00-00-00-9B
F0-20-00-00-45-27-65-0A-ED-01-00-00-00-00-00-00-81-65-01-01-A4-82-00-76-00-00-00-00-07-00-00-00-9B
F0-20-00-00-45-27-65-0A-F2-01-00-00-00-00-00-00-81-65-01-01-A4-82-00-76-00-00-00-00-08-00-00-00-95
F0-20-00-00-45-27-65-0A-ED-01-00-00-00-00-00-00-81-65-01-01-A4-82-00-76-00-00-00-00-08-00-00-00-9A
F0-20-00-00-45-27-65-0A-F2-01-00-00-00-00-00-00-81-65-01-01-A4-82-00-76-00-00-00-00-08-00-00-00-95
F0-20-00-00-45-27-65-0A-F2-01-00-00-00-00-00-00-81-65-01-01-A4-82-00-76-00-00-00-00-07-00-00-00-96
F0-20-00-00-45-27-65-0A-F2-01-00-00-00-00-00-00-81-65-01-01-A4-82-00-76-00-00-00-00-07-00-00-00-96
F0-20-00-00-45-27-65-0A-ED-01-00-00-00-00-00-00-81-65-01-01-A4-82-00-76-00-00-00-00-08-00-00-00-9A
F0-20-00-00-45-27-65-0A-ED-01-00-00-00-00-00-00-81-65-01-01-A4-82-00-76-00-00-00-00-08-00-00-00-9A
F0-20-00-00-45-27-65-0A-F2-01-00-00-00-00-00-00-81-65-01-01-A4-82-00-76-00-00-00-00-07-00-00-00-96
F0-20-00-00-45-27-65-0A-ED-01-00-00-00-00-00-00-81-65-01-01-A4-82-00-76-00-00-00-00-07-00-00-00-9B
F0-20-00-00-45-27-65-0A-F2-01-00-00-00-00-00-00-81-65-01-01-A4-82-00-76-00-00-00-00-07-00-00-00-96
F0-20-00-00-45-27-65-0A-F2-01-00-00-00-00-00-00-81-65-01-01-A4-82-00-76-00-00-00-00-07-00-00-00-96
F0-20-00-00-45-27-65-0A-F2-01-00-00-00-00-00-00-81-65-01-01-A4-82-00-76-00-00-00-00-07-00-00-00-96
F0-20-00-00-45-27-65-0A-F2-01-00-00-00-00-00-00-81-65-01-01-A4-82-00-76-00-00-00-00-07-00-00-00-96
F0-20-00-00-45-27-65-0A-F2-01-00-00-00-00-00-00-81-65-01-01-A4-82-00-76-00-00-00-00-07-00-00-00-96
F0-20-00-00-5D-27-69-0A-F2-01-00-00-00-00-00-00-81-65-01-01-A4-82-00-76-00-00-00-00-07-00-00-00-7A
F0-20-00-00-45-27-65-0A-ED-01-00-00-00-00-00-00-81-65-01-01-A4-82-00-76-00-00-00-00-07-00-00-00-9B
F0-20-00-00-45-27-65-0A-F2-01-00-00-00-00-00-00-81-65-01-01-A4-82-00-76-00-00-00-00-07-00-00-00-96
F0-20-00-00-45-27-65-0A-F2-01-00-00-00-00-00-00-81-65-01-01-A4-82-00-76-00-00-00-00-07-00-00-00-96
F0-20-00-00-45-27-65-0A-F2-01-00-00-00-00-00-00-81-65-01-01-A4-82-00-76-00-00-00-00-07-00-00-00-96
F0-20-00-00-45-27-65-0A-F2-01-00-00-00-00-00-00-81-65-01-01-A4-82-00-76-00-00-00-00-07-00-00-00-96
F0-20-00-00-45-27-65-0A-ED-01-00-00-00-00-00-00-81-65-01-01-A4-82-00-76-00-00-00-00-07-00-00-00-9B
F0-20-00-00-45-27-65-0A-ED-01-00-00-00-00-00-00-81-65-01-01-A4-82-00-76-00-00-00-00-07-00-00-00-9B
F0-20-00-00-45-27-65-0A-ED-01-00-00-00-00-00-00-81-65-01-01-A4-82-00-76-00-00-00-00-07-00-00-00-9B
F0-20-00-00-45-27-65-0A-F2-01-00-00-00-00-00-00-81-65-01-01-A4-82-00-76-00-00-00-00-07-00-00-00-96
F0-20-00-00-45-27-65-0A-ED-01-00-00-00-00-00-00-81-65-01-01-A4-82-00-76-00-00-00-00-07-00-00-00-9B
F0-20-00-00-45-27-65-0A-ED-01-00-00-00-00-00-00-81-65-01-01-A4-82-00-76-00-00-00-00-07-00-00-00-9B
F0-20-00-00-45-27-65-0A-ED-01-00-00-00-00-00-00-81-65-01-01-A4-82-00-76-00-00-00-00-07-00-00-00-9B
F0-20-00-00-45-27-65-0A-ED-01-00-00-00-00-00-00-81-65-01-01-A4-82-00-76-00-00-00-00-07-00-00-00-9B
F0-20-00-00-45-27-65-0A-F2-01-00-00-00-00-00-00-81-65-01-01-A4-82-00-76-00-00-00-00-07-00-00-00-96
F0-20-00-00-45-27-65-0A-F2-01-00-00-00-00-00-00-81-65-01-01-A4-82-00-76-00-00-00-00-07-00-00-00-96
F0-20-00-00-45-27-65-0A-F2-01-00-00-00-00-00-00-81-65-01-01-A4-82-00-76-00-00-00-00-07-00-00-00-96
F0-20-00-00-45-27-65-0A-ED-01-00-00-00-00-00-00-81-65-01-01-A4-82-00-76-00-00-00-00-07-00-00-00-9B
F0-20-00-00-45-27-65-0A-ED-01-00-00-00-00-00-00-81-65-01-01-A4-82-00-76-00-00-00-00-07-00-00-00-9B
F0-20-00-00-45-27-65-0A-F2-01-00-00-00-00-00-00-81-65-01-01-A4-82-00-76-00-00-00-00-07-00-00-00-96
F0-20-00-00-45-27-65-0A-F2-01-00-00-00-00-00-00-81-65-01-01-A4-82-00-76-00-00-00-00-07-00-00-00-96
F0-20-00-00-45-27-65-0A-ED-01-00-00-00-00-00-00-81-65-01-01-A4-82-00-76-00-00-00-00-07-00-00-00-9B
F0-20-00-00-45-27-65-0A-ED-01-00-00-00-00-00-00-81-65-01-01-A4-82-00-76-00-00-00-00-07-00-00-00-9B
F0-20-00-00-45-27-65-0A-F2-01-00-00-00-00-00-00-81-65-01-01-A4-82-00-76-00-00-00-00-07-00-00-00-96
F0-20-00-00-45-27-65-0A-ED-01-00-00-00-00-00-00-81-65-01-01-A4-82-00-76-00-00-00-00-07-00-00-00-9B
F0-20-00-00-45-27-65-0A-ED-01-00-00-00-00-00-00-81-65-01-01-A4-82-00-76-00-00-00-00-07-00-00-00-9B
F0-20-00-00-45-27-65-0A-ED-01-00-00-00-00-00-00-81-65-01-01-A4-82-00-76-00-00-00-00-07-00-00-00-9B
F0-20-00-00-45-27-65-0A-ED-01-00-00-00-00-00-00-81-65-01-01-A4-82-00-76-00-00-00-00-07-00-00-00-9B
F0-20-00-00-45-27-65-0A-F2-01-00-00-00-00-00-00-81-65-01-01-A4-82-00-76-00-00-00-00-07-00-00-00-96
F0-20-00-00-45-27-65-0A-F2-01-00-00-00-00-00-00-81-65-01-01-A4-82-00-76-00-00-00-00-07-00-00-00-96
F0-20-00-00-45-27-65-0A-ED-01-00-00-00-00-00-00-81-65-01-01-A4-82-00-76-00-00-00-00-07-00-00-00-9B
F0-20-00-00-45-27-65-0A-ED-01-00-00-00-00-00-00-81-65-01-01-A4-82-00-76-00-00-00-00-07-00-00-00-9B
F0-20-00-00-45-27-65-0A-ED-01-00-00-00-00-00-00-81-65-01-01-A4-82-00-76-00-00-00-00-07-00-00-00-9B
F0-20-00-00-45-27-65-0A-ED-01-00-00-00-00-00-00-81-65-01-01-A4-82-00-76-00-00-00-00-07-00-00-00-9B
F0-20-00-00-45-27-65-0A-ED-01-00-00-00-00-00-00-81-65-01-01-A4-82-00-76-00-00-00-00-07-00-00-00-9B
F0-20-00-00-45-27-65-0A-ED-01-00-00-00-00-00-00-81-65-01-01-A4-82-00-76-00-00-00-00-07-00-00-00-9B
F0-20-00-00-45-27-65-0A-ED-01-00-00-00-00-00-00-81-65-01-01-A4-82-00-76-00-00-00-00-07-00-00-00-9B
F0-20-00-00-45-27-65-0A-ED-01-00-00-00-00-00-00-81-65-01-01-A4-82-00-76-00-00-00-00-07-00-00-00-9B
F0-20-00-00-45-27-65-0A-ED-01-00-00-00-00-00-00-81-65-01-01-A4-82-00-76-00-00-00-00-07-00-00-00-9B
F0-20-00-00-45-27-65-0A-ED-01-00-00-00-00-00-00-81-65-01-01-A4-82-00-76-00-00-00-00-07-00-00-00-9B
F0-20-00-00-45-27-65-0A-ED-01-00-00-00-00-00-00-81-65-01-01-A4-82-00-76-00-00-00-00-07-00-00-00-9B
F0-20-00-00-45-27-65-0A-F2-01-00-00-00-00-00-00-81-65-01-01-A4-82-00-76-00-00-00-00-07-00-00-00-96
F0-20-00-00-45-27-65-0A-ED-01-00-00-00-00-00-00-81-65-01-01-A4-82-00-76-00-00-00-00-07-00-00-00-9B
F0-20-00-00-5D-27-69-0A-ED-01-00-00-00-00-00-00-81-65-01-01-A4-82-00-76-00-00-00-00-07-00-00-00-7F
F0-20-00-00-45-27-65-0A-ED-01-00-00-00-00-00-00-81-65-01-01-A4-82-00-76-00-00-00-00-07-00-00-00-9B
F0-20-00-00-45-27-65-0A-ED-01-00-00-00-00-00-00-81-65-01-01-A4-82-00-76-00-00-00-00-07-00-00-00-9B
F0-20-00-00-45-27-65-0A-ED-01-00-00-00-00-00-00-81-65-01-01-A4-82-00-76-00-00-00-00-07-00-00-00-9B
F0-20-00-00-45-27-65-0A-F2-01-00-00-00-00-00-00-81-65-01-01-A4-82-00-76-00-00-00-00-07-00-00-00-96
F0-20-00-00-45-27-65-0A-ED-01-00-00-00-00-00-00-81-65-01-01-A4-82-00-76-00-00-00-00-07-00-00-00-9B
F0-20-00-00-45-27-65-0A-ED-01-00-00-00-00-00-00-81-65-01-01-A4-82-00-76-00-00-00-00-07-00-00-00-9B
F0-20-00-00-45-27-65-0A-F2-01-00-00-00-00-00-00-81-65-01-01-A4-82-00-76-00-00-00-00-07-00-00-00-96
F0-20-00-00-45-27-65-0A-ED-01-00-00-00-00-00-00-81-65-01-01-A4-82-00-76-00-00-00-00-07-00-00-00-9B
F0-20-00-00-45-27-65-0A-ED-01-00-00-00-00-00-00-81-65-01-01-A4-82-00-76-00-00-00-00-07-00-00-00-9B
F0-20-00-00-45-27-65-0A-F2-01-00-00-00-00-00-00-81-65-01-01-A4-82-00-76-00-00-00-00-07-00-00-00-96
F0-20-00-00-45-27-65-0A-ED-01-00-00-00-00-00-00-81-65-01-01-A4-82-00-76-00-00-00-00-07-00-00-00-9B
F0-20-00-00-45-27-65-0A-ED-01-00-00-00-00-00-00-81-65-01-01-A4-82-00-76-00-00-00-00-07-00-00-00-9B
F0-20-00-00-45-27-65-0A-ED-01-00-00-00-00-00-00-81-65-01-01-A4-82-00-76-00-00-00-00-07-00-00-00-9B
F0-20-00-00-45-27-65-0A-F2-01-00-00-00-00-00-00-81-65-01-01-A4-82-00-76-00-00-00-00-07-00-00-00-96
F0-20-00-00-45-27-65-0A-F2-01-00-00-00-00-00-00-81-65-01-01-A4-82-00-76-00-00-00-00-07-00-00-00-96
F0-20-00-00-45-27-65-0A-ED-01-00-00-00-00-00-00-81-65-01-01-A4-82-00-76-00-00-00-00-07-00-00-00-9B
F0-20-00-00-45-27-65-0A-ED-01-00-00-00-00-00-00-81-65-01-01-A4-82-00-76-00-00-00-00-07-00-00-00-9B
F0-20-00-00-45-27-65-0A-ED-01-00-00-00-00-00-00-81-65-01-01-A4-82-00-76-00-00-00-00-07-00-00-00-9B
F0-20-00-00-45-27-65-0A-F2-01-00-00-00-00-00-00-81-65-01-01-A4-82-00-76-00-00-00-00-07-00-00-00-96
F0-20-00-00-45-27-65-0A-ED-01-00-00-00-00-00-00-81-65-01-01-A4-82-00-76-00-00-00-00-07-00-00-00-9B
F0-20-00-00-45-27-65-0A-ED-01-00-00-00-00-00-00-81-65-01-01-A4-82-00-76-00-00-00-00-07-00-00-00-9B
F0-20-00-00-45-27-65-0A-ED-01-00-00-00-00-00-00-81-65-01-01-A4-82-00-76-00-00-00-00-07-00-00-00-9B
F0-20-00-00-45-27-65-0A-ED-01-00-00-00-00-00-00-81-65-01-01-A4-82-00-76-00-00-00-00-07-00-00-00-9B
F0-20-00-00-45-27-65-0A-ED-01-00-00-00-00-00-00-81-65-01-01-A4-82-00-76-00-00-00-00-07-00-00-00-9B
F0-20-00-00-45-27-65-0A-ED-01-00-00-00-00-00-00-81-65-01-01-A4-82-00-76-00-00-00-00-07-00-00-00-9B
F0-20-00-00-45-27-65-0A-ED-01-00-00-00-00-00-00-81-65-01-01-A4-82-00-76-00-00-00-00-07-00-00-00-9B
F0-20-00-00-45-27-65-0A-ED-01-00-00-00-00-00-00-81-65-01-01-A4-82-00-76-00-00-00-00-07-00-00-00-9B
F0-20-00-00-45-27-65-0A-ED-01-00-00-00-00-00-00-81-65-01-01-A4-82-00-76-00-00-00-00-07-00-00-00-9B
F0-20-00-00-45-27-65-0A-ED-01-00-00-00-00-00-00-81-65-01-01-A4-82-00-76-00-00-00-00-07-00-00-00-9B
F0-20-00-00-45-27-65-0A-ED-01-00-00-00-00-00-00-81-65-01-01-A4-82-00-76-00-00-00-00-07-00-00-00-9B
F0-20-00-00-45-27-65-0A-ED-01-00-00-00-00-00-00-81-65-01-01-A4-82-00-76-00-00-00-00-07-00-00-00-9B
F0-20-00-00-45-27-65-0A-F2-01-00-00-00-00-00-00-81-65-01-01-A4-82-00-76-00-00-00-00-07-00-00-00-96
F0-20-00-00-45-27-65-0A-ED-01-00-00-00-00-00-00-81-65-01-01-A4-82-00-76-00-00-00-00-07-00-00-00-9B
F0-20-00-00-45-27-65-0A-ED-01-00-00-00-00-00-00-81-65-01-01-A4-82-00-76-00-00-00-00-07-00-00-00-9B
F0-20-00-00-45-27-65-0A-ED-01-00-00-00-00-00-00-81-65-01-01-A4-82-00-76-00-00-00-00-07-00-00-00-9B
F0-20-00-00-45-27-65-0A-ED-01-00-00-00-00-00-00-81-65-01-01-A4-82-00-76-00-00-00-00-07-00-00-00-9B
F0-20-00-00-45-27-65-0A-ED-01-00-00-00-00-00-00-81-65-01-01-A4-82-00-76-00-00-00-00-07-00-00-00-9B
F0-20-00-00-45-27-65-0A-F2-01-00-00-00-00-00-00-81-65-01-01-A4-82-00-76-00-00-00-00-07-00-00-00-96
F0-20-00-00-45-27-65-0A-ED-01-00-00-00-00-00-00-81-65-01-01-A4-82-00-76-00-00-00-00-07-00-00-00-9B
F0-20-00-00-45-27-65-0A-ED-01-00-00-00-00-00-00-81-65-01-01-A4-82-00-76-00-00-00-00-07-00-00-00-9B
F0-20-00-00-45-27-65-0A-ED-01-00-00-00-00-00-00-81-65-01-01-A4-82-00-76-00-00-00-00-07-00-00-00-9B
F0-20-00-00-45-27-65-0A-ED-01-00-00-00-00-00-00-81-65-01-01-A4-82-00-76-00-00-00-00-07-00-00-00-9B
F0-20-00-00-45-27-65-0A-ED-01-00-00-00-00-00-00-81-65-01-01-A4-82-00-76-00-00-00-00-07-00-00-00-9B
F0-20-00-00-45-27-65-0A-ED-01-00-00-00-00-00-00-81-65-01-01-A4-82-00-76-00-00-00-00-07-00-00-00-9B
F0-20-00-00-45-27-65-0A-ED-01-00-00-00-00-00-00-81-65-01-01-A4-82-00-76-00-00-00-00-07-00-00-00-9B
F0-20-00-00-45-27-65-0A-ED-01-00-00-00-00-00-00-81-65-01-01-A4-82-00-76-00-00-00-00-07-00-00-00-9B
F0-20-00-00-45-27-65-0A-ED-01-00-00-00-00-00-00-81-65-01-01-A4-82-00-76-00-00-00-00-07-00-00-00-9B
F0-20-00-00-45-27-65-0A-ED-01-00-00-00-00-00-00-81-65-01-01-A4-82-00-76-00-00-00-00-07-00-00-00-9B
F0-20-00-00-45-27-65-0A-ED-01-00-00-00-00-00-00-81-65-01-01-A4-82-00-76-00-00-00-00-07-00-00-00-9B
F0-20-00-00-45-27-65-0A-F2-01-00-00-00-00-00-00-81-65-01-01-A4-82-00-76-00-00-00-00-07-00-00-00-96
F0-20-00-00-45-27-65-0A-F2-01-00-00-00-00-00-00-81-65-01-01-A4-82-00-76-00-00-00-00-07-00-00-00-96
F0-20-00-00-45-27-65-0A-2C-02-00-00-00-00-00-00-81-65-01-01-A4-82-00-76-00-00-00-00-07-00-00-00-5B
F0-20-00-00-45-27-65-0A-FF-04-00-00-00-00-00-00-81-65-01-01-A4-82-00-76-00-00-00-00-07-00-00-00-86
F0-20-00-00-5D-27-69-0A-E7-06-00-00-00-00-00-00-81-65-01-01-A4-82-00-76-00-00-00-00-07-00-00-00-80
F0-20-00-00-45-27-65-0A-E5-07-00-00-00-00-00-00-81-65-01-01-A4-82-00-76-00-00-00-00-07-00-00-00-9D
F0-20-00-00-45-27-65-0A-19-09-00-00-00-00-00-00-81-65-01-01-A4-82-00-76-00-00-00-00-07-00-00-00-67
F0-20-00-00-5D-27-69-0A-AE-0A-00-00-00-00-00-00-81-65-01-01-A4-82-00-76-00-00-00-00-07-00-00-00-B5
F0-20-00-00-5D-27-69-0A-88-0C-00-00-00-00-00-00-81-65-01-01-A4-82-00-76-00-00-00-00-07-00-00-00-D9
F0-20-00-00-5D-27-69-0A-33-0F-00-00-00-00-00-00-81-65-01-01-A4-82-00-76-00-00-00-00-07-00-00-00-2B
F0-20-00-00-5D-27-69-0A-2A-11-00-00-00-00-00-00-81-65-01-01-A4-82-00-76-00-00-00-00-07-00-00-00-32
F0-20-00-00-5D-27-69-0A-3E-11-00-00-00-00-00-00-81-65-01-01-A4-82-00-76-00-00-00-00-07-00-00-00-1E
F0-20-00-00-5D-27-69-0A-47-11-00-00-00-00-00-00-81-65-01-01-A4-82-00-76-00-00-00-00-07-00-00-00-15
F0-20-00-00-5D-27-69-0A-47-11-00-00-00-00-00-00-81-65-01-01-A4-82-00-76-00-00-00-00-07-00-00-00-15
F0-20-00-00-5D-27-69-0A-4C-11-00-00-00-00-00-00-81-65-01-01-A4-82-00-76-00-00-00-00-07-00-00-00-10
F0-20-00-00-5D-27-69-0A-4C-11-00-00-00-00-00-00-81-65-01-01-A4-82-00-76-00-00-00-00-07-00-00-00-10
F0-20-00-00-5D-27-69-0A-4C-11-00-00-00-00-00-00-81-65-01-01-A4-82-00-76-00-00-00-00-07-00-00-00-10
F0-20-00-00-5D-27-69-0A-4C-11-00-00-00-00-00-00-81-65-01-01-A4-82-00-76-00-00-00-00-07-00-00-00-10
F0-20-00-00-5D-27-69-0A-4C-11-00-00-00-00-00-00-81-65-01-01-A4-82-00-76-00-00-00-00-07-00-00-00-10
F0-20-00-00-5D-27-69-0A-4C-11-00-00-00-00-00-00-81-65-01-01-A4-82-00-76-00-00-00-00-07-00-00-00-10
F0-20-00-00-5D-27-69-0A-4C-11-00-00-00-00-00-00-81-65-01-01-A4-82-00-76-00-00-00-00-07-00-00-00-10
F0-20-00-00-5D-27-69-0A-4C-11-00-00-00-00-00-00-81-65-01-01-A4-82-00-76-00-00-00-00-07-00-00-00-10
F0-20-00-00-5D-27-69-0A-4C-11-00-00-00-00-00-00-81-65-01-01-A4-82-00-76-00-00-00-00-07-00-00-00-10
F0-20-00-00-5D-27-69-0A-4C-11-00-00-00-00-00-00-81-65-01-01-A4-82-00-76-00-00-00-00-07-00-00-00-10
F0-20-00-00-5D-27-69-0A-4C-11-00-00-00-00-00-00-81-65-01-01-A4-82-00-76-00-00-00-00-07-00-00-00-10
F0-20-00-00-5D-27-69-0A-4C-11-00-00-00-00-00-00-81-65-01-01-A4-82-00-76-00-00-00-00-07-00-00-00-10
F0-20-00-00-5D-27-69-0A-4C-11-00-00-00-00-00-00-81-65-01-01-A4-82-00-76-00-00-00-00-07-00-00-00-10
F0-20-00-00-45-27-65-0A-4C-11-00-00-00-00-00-00-81-65-01-01-A4-82-00-76-00-00-00-00-07-00-00-00-2C
F0-20-00-00-5D-27-69-0A-4C-11-00-00-00-00-00-00-81-65-01-01-A4-82-00-76-00-00-00-00-07-00-00-00-10
F0-20-00-00-5D-27-69-0A-4C-11-00-00-00-00-00-00-81-65-01-01-A4-82-00-76-00-00-00-00-07-00-00-00-10
F0-20-00-00-45-27-65-0A-4C-11-00-00-00-00-00-00-81-65-01-01-A4-82-00-76-00-00-00-00-07-00-00-00-2C
F0-20-00-00-5D-27-69-0A-4C-11-00-00-00-00-00-00-81-65-01-01-A4-82-00-76-00-00-00-00-07-00-00-00-10
F0-20-00-00-5D-27-69-0A-47-11-00-00-00-00-00-00-81-65-01-01-A4-82-00-76-00-00-00-00-07-00-00-00-15
F0-20-00-00-45-27-65-0A-4C-11-00-00-00-00-00-00-81-65-01-01-A4-82-00-76-00-00-00-00-07-00-00-00-2C
F0-20-00-00-5D-27-69-0A-4C-11-00-00-00-00-00-00-81-65-01-01-A4-82-00-76-00-00-00-00-07-00-00-00-10
F0-20-00-00-5D-27-69-0A-4C-11-00-00-00-00-00-00-81-65-01-01-A4-82-00-76-00-00-00-00-07-00-00-00-10
F0-20-00-00-5D-27-69-0A-47-11-00-00-00-00-00-00-81-65-01-01-A4-82-00-76-00-00-00-00-07-00-00-00-15
F0-20-00-00-5D-27-69-0A-7F-10-00-00-00-00-00-00-81-65-01-01-A4-82-00-76-00-00-00-00-07-00-00-00-DE
F0-20-00-00-5D-27-69-0A-06-0B-00-00-00-00-00-00-81-65-01-01-A4-82-00-76-00-00-00-00-07-00-00-00-5C
F0-20-00-00-45-27-65-0A-D3-04-00-00-00-00-00-00-81-65-01-01-A4-82-00-76-00-00-00-00-07-00-00-00-B2
F0-20-00-00-45-27-65-0A-05-02-00-00-00-00-00-00-81-65-01-01-A4-82-00-76-00-00-00-00-07-00-00-00-82
F0-20-00-00-45-27-65-0A-F6-01-00-00-00-00-00-00-81-65-01-01-A4-82-00-76-00-00-00-00-07-00-00-00-92
F0-20-00-00-45-27-65-0A-F6-01-00-00-00-00-00-00-81-65-01-01-A4-82-00-76-00-00-00-00-07-00-00-00-92
F0-20-00-00-45-27-65-0A-F6-01-00-00-00-00-00-00-81-65-01-01-A4-82-00-76-00-00-00-00-07-00-00-00-92
F0-20-00-00-45-27-65-0A-F6-01-00-00-00-00-00-00-81-65-01-01-A4-82-00-76-00-00-00-00-07-00-00-00-92
F0-20-00-00-45-27-65-0A-F6-01-00-00-00-00-00-00-81-65-01-01-A4-82-00-76-00-00-00-00-07-00-00-00-92
F0-20-00-00-45-27-65-0A-F6-01-00-00-00-00-00-00-81-65-01-01-A4-82-00-76-00-00-00-00-07-00-00-00-92
F0-20-00-00-45-27-65-0A-F6-01-00-00-00-00-00-00-81-65-01-01-A4-82-00-76-00-00-00-00-07-00-00-00-92
F0-20-00-00-45-27-65-0A-F6-01-00-00-00-00-00-00-81-65-01-01-A4-82-00-76-00-00-00-00-07-00-00-00-92
F0-20-00-00-45-27-65-0A-F6-01-00-00-00-00-00-00-81-65-01-01-A4-82-00-76-00-00-00-00-07-00-00-00-92
F0-20-00-00-45-27-65-0A-F6-01-00-00-00-00-00-00-81-65-01-01-A4-82-00-76-00-00-00-00-07-00-00-00-92
F0-20-00-00-45-27-65-0A-F6-01-00-00-00-00-00-00-81-65-01-01-A4-82-00-76-00-00-00-00-07-00-00-00-92
F0-20-00-00-45-27-65-0A-F6-01-00-00-00-00-00-00-81-65-01-01-A4-82-00-76-00-00-00-00-07-00-00-00-92
F0-20-00-00-45-27-65-0A-F6-01-00-00-00-00-00-00-81-65-01-01-A4-82-00-76-00-00-00-00-07-00-00-00-92
F0-20-00-00-45-27-65-0A-F6-01-00-00-00-00-00-00-81-65-01-01-A4-82-00-76-00-00-00-00-07-00-00-00-92
F0-20-00-00-45-27-65-0A-F6-01-00-00-00-00-00-00-81-65-01-01-A4-82-00-76-00-00-00-00-07-00-00-00-92
F0-20-00-00-5D-27-69-0A-CE-04-00-00-00-00-00-00-81-65-01-01-A4-82-00-76-00-00-00-00-07-00-00-00-9B
F0-20-00-00-5D-27-69-0A-53-09-00-00-00-00-00-00-81-65-01-01-A4-82-00-76-00-00-00-00-07-00-00-00-11
F0-20-00-00-5D-27-69-0A-C1-0A-00-00-00-00-00-00-81-65-01-01-A4-82-00-76-00-00-00-00-07-00-00-00-A2
F0-20-00-00-5D-27-69-0A-29-08-00-00-00-00-00-00-81-65-01-01-A4-82-00-76-00-00-00-00-07-00-00-00-3C
F0-20-00-00-45-27-65-0A-CB-03-00-00-00-00-00-00-81-65-01-01-A4-82-00-76-00-00-00-00-07-00-00-00-BB
F0-20-00-00-45-27-65-0A-0A-02-00-00-00-00-00-00-81-65-01-01-A4-82-00-76-00-00-00-00-07-00-00-00-7D
F0-20-00-00-45-27-65-0A-F6-01-00-00-00-00-00-00-81-65-01-01-A4-82-00-76-00-00-00-00-07-00-00-00-92
F0-20-00-00-45-27-65-0A-F6-01-00-00-00-00-00-00-81-65-01-01-A4-82-00-76-00-00-00-00-07-00-00-00-92
F0-20-00-00-45-27-65-0A-F6-01-00-00-00-00-00-00-81-65-01-01-A4-82-00-76-00-00-00-00-07-00-00-00-92
F0-20-00-00-45-27-65-0A-F6-01-00-00-00-00-00-00-81-65-01-01-A4-82-00-76-00-00-00-00-07-00-00-00-92
F0-20-00-00-45-27-65-0A-F6-01-00-00-00-00-00-00-81-65-01-01-A4-82-00-76-00-00-00-00-07-00-00-00-92
F0-20-00-00-45-27-65-0A-F6-01-00-00-00-00-00-00-81-65-01-01-A4-82-00-76-00-00-00-00-07-00-00-00-92
F0-20-00-00-45-27-65-0A-29-06-00-00-00-00-00-00-81-65-01-01-A4-82-00-76-00-00-00-00-07-00-00-00-5A
F0-20-00-00-45-27-65-0A-8D-07-00-00-00-00-00-00-81-65-01-01-A4-82-00-76-00-00-00-00-07-00-00-00-F5
F0-20-00-00-45-27-65-0A-1B-03-00-00-00-00-00-00-81-65-01-01-A4-82-00-76-00-00-00-00-07-00-00-00-6B
F0-20-00-00-5D-27-69-0A-05-02-00-00-00-00-00-00-81-65-01-01-A4-82-00-76-00-00-00-00-07-00-00-00-66
F0-20-00-00-45-27-65-0A-F6-01-00-00-00-00-00-00-81-65-01-01-A4-82-00-76-00-00-00-00-07-00-00-00-92
F0-20-00-00-45-27-65-0A-F6-01-00-00-00-00-00-00-81-65-01-01-A4-82-00-76-00-00-00-00-07-00-00-00-92
F0-20-00-00-45-27-65-0A-F6-01-00-00-00-00-00-00-81-65-01-01-A4-82-00-76-00-00-00-00-07-00-00-00-92
F0-20-00-00-45-27-65-0A-F6-01-00-00-00-00-00-00-81-65-01-01-A4-82-00-76-00-00-00-00-07-00-00-00-92
F0-20-00-00-45-27-65-0A-F6-01-00-00-00-00-00-00-81-65-01-01-A4-82-00-76-00-00-00-00-07-00-00-00-92
F0-20-00-00-45-27-65-0A-F6-01-00-00-00-00-00-00-81-65-01-01-A4-82-00-76-00-00-00-00-07-00-00-00-92
F0-20-00-00-45-27-65-0A-F6-01-00-00-00-00-00-00-81-65-01-01-A4-82-00-76-00-00-00-00-07-00-00-00-92
F0-20-00-00-45-27-65-0A-52-05-00-00-00-00-00-00-81-65-01-01-A4-82-00-76-00-00-00-00-07-00-00-00-32
F0-20-00-00-45-27-65-0A-F4-09-00-00-00-00-00-00-81-65-01-01-A4-82-00-76-00-00-00-00-07-00-00-00-8C
F0-20-00-00-5D-27-69-0A-DC-09-00-00-00-00-00-00-81-65-01-01-A4-82-00-76-00-00-00-00-07-00-00-00-88
F0-20-00-00-45-27-65-0A-4A-04-00-00-00-00-00-00-81-65-01-01-A4-82-00-76-00-00-00-00-07-00-00-00-3B
F0-20-00-00-45-27-65-0A-0F-02-00-00-00-00-00-00-81-65-01-01-A4-82-00-76-00-00-00-00-07-00-00-00-78
F0-20-00-00-45-27-65-0A-F6-01-00-00-00-00-00-00-81-65-01-01-A4-82-00-76-00-00-00-00-07-00-00-00-92
F0-20-00-00-45-27-65-0A-F6-01-00-00-00-00-00-00-81-65-01-01-A4-82-00-76-00-00-00-00-07-00-00-00-92
F0-20-00-00-45-27-65-0A-F6-01-00-00-00-00-00-00-81-65-01-01-A4-82-00-76-00-00-00-00-07-00-00-00-92
F0-20-00-00-45-27-65-0A-F6-01-00-00-00-00-00-00-81-65-01-01-A4-82-00-76-00-00-00-00-07-00-00-00-92
F0-20-00-00-45-27-65-0A-F6-01-00-00-00-00-00-00-81-65-01-01-A4-82-00-76-00-00-00-00-07-00-00-00-92
F0-20-00-00-45-27-65-0A-F6-01-00-00-00-00-00-00-81-65-01-01-A4-82-00-76-00-00-00-00-07-00-00-00-92
F0-20-00-00-45-27-65-0A-F6-01-00-00-00-00-00-00-81-65-01-01-A4-82-00-76-00-00-00-00-07-00-00-00-92
F0-20-00-00-45-27-65-0A-F6-01-00-00-00-00-00-00-81-65-01-01-A4-82-00-76-00-00-00-00-07-00-00-00-92
F0-20-00-00-45-27-65-0A-FB-01-00-00-00-00-00-00-81-65-01-01-A4-82-00-76-00-00-00-00-07-00-00-00-8D
F0-20-00-00-5D-27-69-0A-9C-07-00-00-00-00-00-00-81-65-01-01-A4-82-00-76-00-00-00-00-07-00-00-00-CA
F0-20-00-00-5D-27-69-0A-0B-0D-00-00-00-00-00-00-81-65-01-01-A4-82-00-76-00-00-00-00-07-00-00-00-55
F0-20-00-00-5D-27-69-0A-98-10-00-00-00-00-00-00-81-65-01-01-A4-82-00-76-00-00-00-00-07-00-00-00-C5
F0-20-00-00-5D-27-69-0A-25-11-00-00-00-00-00-00-81-65-01-01-A4-82-00-76-00-00-00-00-07-00-00-00-37
F0-20-00-00-45-27-65-0A-34-11-00-00-00-00-00-00-81-65-01-01-A4-82-00-76-00-00-00-00-07-00-00-00-44
F0-20-00-00-45-27-65-0A-34-11-00-00-00-00-00-00-81-65-01-01-A4-82-00-76-00-00-00-00-07-00-00-00-44
F0-20-00-00-5D-27-69-0A-39-11-00-00-00-00-00-00-81-65-01-01-A4-82-00-76-00-00-00-00-07-00-00-00-23
F0-20-00-00-5D-27-69-0A-34-11-00-00-00-00-00-00-81-65-01-01-A4-82-00-76-00-00-00-00-07-00-00-00-28
F0-20-00-00-5D-27-69-0A-39-11-00-00-00-00-00-00-81-65-01-01-A4-82-00-76-00-00-00-00-07-00-00-00-23
F0-20-00-00-5D-27-69-0A-39-11-00-00-00-00-00-00-81-65-01-01-A4-82-00-76-00-00-00-00-07-00-00-00-23
F0-20-00-00-45-27-65-0A-3E-11-00-00-00-00-00-00-81-65-01-01-A4-82-00-76-00-00-00-00-07-00-00-00-3A
F0-20-00-00-5D-27-69-0A-47-11-00-00-00-00-00-00-81-65-01-01-A4-82-00-76-00-00-00-00-07-00-00-00-15
F0-20-00-00-5D-27-69-0A-4C-11-00-00-00-00-00-00-81-65-01-01-A4-82-00-76-00-00-00-00-07-00-00-00-10
F0-20-00-00-5D-27-69-0A-51-11-00-00-00-00-00-00-81-65-01-01-A4-82-00-76-00-00-00-00-07-00-00-00-0B
F0-20-00-00-5D-27-69-0A-51-11-00-00-00-00-00-00-81-65-01-01-A4-82-00-76-00-00-00-00-07-00-00-00-0B
F0-20-00-00-45-27-65-0A-51-11-00-00-00-00-00-00-81-65-01-01-A4-82-00-76-00-00-00-00-07-00-00-00-27
F0-20-00-00-5D-27-69-0A-51-11-00-00-00-00-00-00-81-65-01-01-A4-82-00-76-00-00-00-00-07-00-00-00-0B
F0-20-00-00-45-27-65-0A-51-11-00-00-00-00-00-00-81-65-01-01-A4-82-00-76-00-00-00-00-07-00-00-00-27
F0-20-00-00-5D-27-69-0A-20-11-00-00-00-00-00-00-81-65-01-01-A4-82-00-76-00-00-00-00-07-00-00-00-3C
F0-20-00-00-45-27-65-0A-2E-08-00-00-00-00-00-00-81-65-01-01-A4-82-00-76-00-00-00-00-07-00-00-00-53
F0-20-00-00-45-27-65-0A-0A-02-00-00-00-00-00-00-81-65-01-01-A4-82-00-76-00-00-00-00-07-00-00-00-7D
F0-20-00-00-45-27-65-0A-F6-01-00-00-00-00-00-00-81-65-01-01-A4-82-00-76-00-00-00-00-07-00-00-00-92
F0-20-00-00-45-27-65-0A-F6-01-00-00-00-00-00-00-81-65-01-01-A4-82-00-76-00-00-00-00-07-00-00-00-92
F0-20-00-00-45-27-65-0A-F6-01-00-00-00-00-00-00-81-65-01-01-A4-82-00-76-00-00-00-00-07-00-00-00-92
F0-20-00-00-45-27-65-0A-F2-01-00-00-00-00-00-00-81-65-01-01-A4-82-00-76-00-00-00-00-07-00-00-00-96
F0-20-00-00-45-27-65-0A-F6-01-00-00-00-00-00-00-81-65-01-01-A4-82-00-76-00-00-00-00-07-00-00-00-92
F0-20-00-00-45-27-65-0A-F6-01-00-00-00-00-00-00-81-65-01-01-A4-82-00-76-00-00-00-00-07-00-00-00-92
F0-20-00-00-45-27-65-0A-F6-01-00-00-00-00-00-00-81-65-01-01-A4-82-00-76-00-00-00-00-07-00-00-00-92
F0-20-00-00-45-27-65-0A-F6-01-00-00-00-00-00-00-81-65-01-01-A4-82-00-76-00-00-00-00-07-00-00-00-92
F0-20-00-00-45-27-65-0A-F6-01-00-00-00-00-00-00-81-65-01-01-A4-82-00-76-00-00-00-00-07-00-00-00-92
F0-20-00-00-45-27-65-0A-F6-01-00-00-00-00-00-00-81-65-01-01-A4-82-00-76-00-00-00-00-07-00-00-00-92
F0-20-00-00-45-27-65-0A-F6-01-00-00-00-00-00-00-81-65-01-01-A4-82-00-76-00-00-00-00-07-00-00-00-92
F0-20-00-00-45-27-65-0A-F6-01-00-00-00-00-00-00-81-65-01-01-A4-82-00-76-00-00-00-00-07-00-00-00-92
F0-20-00-00-45-27-65-0A-F6-01-00-00-00-00-00-00-81-65-01-01-A4-82-00-76-00-00-00-00-07-00-00-00-92
F0-20-00-00-45-27-65-0A-F2-01-00-00-00-00-00-00-81-65-01-01-A4-82-00-76-00-00-00-00-07-00-00-00-96
F0-20-00-00-45-27-65-0A-F6-01-00-00-00-00-00-00-81-65-01-01-A4-82-00-76-00-00-00-00-07-00-00-00-92
F0-20-00-00-45-27-65-0A-F6-01-00-00-00-00-00-00-81-65-01-01-A4-82-00-76-00-00-00-00-07-00-00-00-92
F0-20-00-00-45-27-65-0A-F6-01-00-00-00-00-00-00-81-65-01-01-A4-82-00-76-00-00-00-00-07-00-00-00-92
F0-20-00-00-45-27-65-0A-F6-01-00-00-00-00-00-00-81-65-01-01-A4-82-00-76-00-00-00-00-07-00-00-00-92
F0-20-00-00-45-27-65-0A-F6-01-00-00-00-00-00-00-81-65-01-01-A4-82-00-76-00-00-00-00-07-00-00-00-92
F0-20-00-00-45-27-65-0A-F6-01-00-00-00-00-00-00-81-65-01-01-A4-82-00-76-00-00-00-00-07-00-00-00-92
F0-20-00-00-45-27-65-0A-F6-01-00-00-00-00-00-00-81-65-01-01-A4-82-00-76-00-00-00-00-07-00-00-00-92
F0-20-00-00-45-27-65-0A-F6-01-00-00-00-00-00-00-81-65-01-01-A4-82-00-76-00-00-00-00-07-00-00-00-92
F0-20-00-00-45-27-65-0A-F6-01-00-00-00-00-00-00-81-65-01-01-A4-82-00-76-00-00-00-00-07-00-00-00-92
F0-20-00-00-45-27-65-0A-F6-01-00-00-00-00-00-00-81-65-01-01-A4-82-00-76-00-00-00-00-07-00-00-00-92
F0-20-00-00-45-27-65-0A-F6-01-00-00-00-00-00-00-81-65-01-01-A4-82-00-76-00-00-00-00-07-00-00-00-92
F0-20-00-00-45-27-65-0A-F6-01-00-00-00-00-00-00-81-65-01-01-A4-82-00-76-00-00-00-00-07-00-00-00-92
F0-20-00-00-45-27-65-0A-F6-01-00-00-00-00-00-00-81-65-01-01-A4-82-00-76-00-00-00-00-07-00-00-00-92
F0-20-00-00-45-27-65-0A-F6-01-00-00-00-00-00-00-81-65-01-01-A4-82-00-76-00-00-00-00-07-00-00-00-92
F0-20-00-00-45-27-65-0A-3B-04-00-00-00-00-00-00-81-65-01-01-A4-82-00-76-00-00-00-00-07-00-00-00-4A
F0-20-00-00-5D-27-69-0A-D4-0F-00-00-00-00-00-00-81-65-01-01-A4-82-00-76-00-00-00-00-07-00-00-00-8A
F0-20-00-00-5D-27-69-0A-4C-11-00-00-00-00-00-00-81-65-01-01-A4-82-00-76-00-00-00-00-07-00-00-00-10
F0-20-00-00-5D-27-69-0A-4C-11-00-00-00-00-00-00-81-65-01-01-A4-82-00-76-00-00-00-00-07-00-00-00-10
F0-20-00-00-5D-27-69-0A-4C-11-00-00-00-00-00-00-81-65-01-01-A4-82-00-76-00-00-00-00-07-00-00-00-10
F0-20-00-00-5D-27-69-0A-4C-11-00-00-00-00-00-00-81-65-01-01-A4-82-00-76-00-00-00-00-07-00-00-00-10
F0-20-00-00-5D-27-69-0A-4C-11-00-00-00-00-00-00-81-65-01-01-A4-82-00-76-00-00-00-00-07-00-00-00-10
F0-20-00-00-5D-27-69-0A-4C-11-00-00-00-00-00-00-81-65-01-01-A4-82-00-76-00-00-00-00-07-00-00-00-10
F0-20-00-00-5D-27-69-0A-4C-11-00-00-00-00-00-00-81-65-01-01-A4-82-00-76-00-00-00-00-07-00-00-00-10
F0-20-00-00-5D-27-69-0A-4C-11-00-00-00-00-00-00-81-65-01-01-A4-82-00-76-00-00-00-00-07-00-00-00-10
F0-20-00-00-5D-27-69-0A-4C-11-00-00-00-00-00-00-81-65-01-01-A4-82-00-76-00-00-00-00-07-00-00-00-10
F0-20-00-00-5D-27-69-0A-4C-11-00-00-00-00-00-00-81-65-01-01-A4-82-00-76-00-00-00-00-07-00-00-00-10
F0-20-00-00-45-27-65-0A-4C-11-00-00-00-00-00-00-81-65-01-01-A4-82-00-76-00-00-00-00-07-00-00-00-2C
F0-20-00-00-5D-27-69-0A-4C-11-00-00-00-00-00-00-81-65-01-01-A4-82-00-76-00-00-00-00-07-00-00-00-10
F0-20-00-00-45-27-65-0A-4C-11-00-00-00-00-00-00-81-65-01-01-A4-82-00-76-00-00-00-00-07-00-00-00-2C
F0-20-00-00-5D-27-69-0A-4C-11-00-00-00-00-00-00-81-65-01-01-A4-82-00-76-00-00-00-00-07-00-00-00-10
F0-20-00-00-5D-27-69-0A-4C-11-00-00-00-00-00-00-81-65-01-01-A4-82-00-76-00-00-00-00-07-00-00-00-10
F0-20-00-00-5D-27-69-0A-4C-11-00-00-00-00-00-00-81-65-01-01-A4-82-00-76-00-00-00-00-07-00-00-00-10
F0-20-00-00-5D-27-69-0A-4C-11-00-00-00-00-00-00-81-65-01-01-A4-82-00-76-00-00-00-00-07-00-00-00-10
F0-20-00-00-5D-27-69-0A-4C-11-00-00-00-00-00-00-81-65-01-01-A4-82-00-76-00-00-00-00-07-00-00-00-10
F0-20-00-00-5D-27-69-0A-4C-11-00-00-00-00-00-00-81-65-01-01-A4-82-00-76-00-00-00-00-07-00-00-00-10
F0-20-00-00-5D-27-69-0A-4C-11-00-00-00-00-00-00-81-65-01-01-A4-82-00-76-00-00-00-00-07-00-00-00-10
F0-20-00-00-5D-27-69-0A-25-11-00-00-00-00-00-00-81-65-01-01-A4-82-00-76-00-00-00-00-07-00-00-00-37
F0-20-00-00-45-27-65-0A-EF-09-00-00-00-00-00-00-81-65-01-01-A4-82-00-76-00-00-00-00-07-00-00-00-91
F0-20-00-00-45-27-65-0A-56-03-00-00-00-00-00-00-81-65-01-01-A4-82-00-76-00-00-00-00-07-00-00-00-30
F0-20-00-00-45-27-65-0A-F2-01-00-00-00-00-00-00-81-65-01-01-A4-82-00-76-00-00-00-00-06-00-00-00-97
F0-20-00-00-2D-27-60-0A-F2-01-00-00-00-00-00-00-81-65-01-01-A4-82-00-76-00-00-00-00-0B-00-00-00-AF
F0-20-00-00-15-27-5B-0A-ED-01-00-00-00-00-00-00-81-65-01-01-A4-82-00-76-00-00-00-00-0B-00-00-00-D1
F0-20-00-00-45-27-65-0A-F2-01-00-00-00-00-00-00-81-65-01-01-A4-82-00-76-00-00-00-00-0B-00-00-00-92
F0-20-00-00-45-27-65-0A-F2-01-00-00-00-00-00-00-81-65-01-01-A4-82-00-76-00-00-00-00-0C-00-00-00-91
F0-20-00-00-45-27-65-0A-F2-01-00-00-00-00-00-00-81-65-01-01-A4-82-00-76-00-00-00-00-0C-00-00-00-91
F0-20-00-00-45-27-65-0A-F6-01-00-00-00-00-00-00-81-65-01-01-A4-82-00-76-00-00-00-00-0C-00-00-00-8D
F0-20-00-00-45-27-65-0A-F2-01-00-00-00-00-00-00-81-65-01-01-A4-82-00-76-00-00-00-00-0C-00-00-00-91
F0-20-00-00-45-27-65-0A-F2-01-00-00-00-00-00-00-81-65-01-01-A4-82-00-76-00-00-00-00-0C-00-00-00-91
F0-20-00-00-45-27-65-0A-F6-01-00-00-00-00-00-00-81-65-01-01-A4-82-00-76-00-00-00-00-0C-00-00-00-8D
F0-20-00-00-2D-27-60-0A-F2-01-00-00-00-00-00-00-81-65-01-01-A4-82-00-76-00-00-00-00-0C-00-00-00-AE
F0-20-00-00-45-27-65-0A-F2-01-00-00-00-00-00-00-81-65-01-01-A4-82-00-76-00-00-00-00-0C-00-00-00-91
F0-20-00-00-45-27-65-0A-F6-01-00-00-00-00-00-00-81-65-01-01-A4-82-00-76-00-00-00-00-0C-00-00-00-8D
F0-20-00-00-2D-27-60-0A-F2-01-00-00-00-00-00-00-81-65-01-01-A4-82-00-76-00-00-00-00-0B-00-00-00-AF
F0-20-00-00-45-27-65-0A-F2-01-00-00-00-00-00-00-81-65-01-01-A4-82-00-76-00-00-00-00-0C-00-00-00-91
F0-20-00-00-45-27-65-0A-F2-01-00-00-00-00-00-00-81-65-01-01-A4-82-00-76-00-00-00-00-0C-00-00-00-91
F0-20-00-00-45-27-65-0A-F6-01-00-00-00-00-00-00-81-65-01-01-A4-82-00-76-00-00-00-00-0C-00-00-00-8D
F0-20-00-00-45-27-65-0A-F2-01-00-00-00-00-00-00-81-65-01-01-A4-82-00-76-00-00-00-00-0B-00-00-00-92
F0-20-00-00-45-27-65-0A-F2-01-00-00-00-00-00-00-81-65-01-01-A4-82-00-76-00-00-00-00-0B-00-00-00-92
F0-20-00-00-45-27-65-0A-F6-01-00-00-00-00-00-00-81-65-01-01-A4-82-00-76-00-00-00-00-0C-00-00-00-8D
F0-20-00-00-45-27-65-0A-F2-01-00-00-00-00-00-00-81-65-01-01-A4-82-00-76-00-00-00-00-0C-00-00-00-91
F0-20-00-00-45-27-65-0A-F2-01-00-00-00-00-00-00-81-65-01-01-A4-82-00-76-00-00-00-00-0B-00-00-00-92
F0-20-00-00-2D-27-60-0A-F2-01-00-00-00-00-00-00-81-65-01-01-A4-82-00-76-00-00-00-00-0B-00-00-00-AF
F0-20-00-00-45-27-65-0A-F2-01-00-00-00-00-00-00-81-65-01-01-A4-82-00-76-00-00-00-00-0B-00-00-00-92
F0-20-00-00-45-27-65-0A-F2-01-00-00-00-00-00-00-81-65-01-01-A4-82-00-76-00-00-00-00-0C-00-00-00-91
F0-20-00-00-2D-27-60-0A-F2-01-00-00-00-00-00-00-81-65-01-01-A4-82-00-76-00-00-00-00-0B-00-00-00-AF
F0-20-00-00-45-27-65-0A-F2-01-00-00-00-00-00-00-81-65-01-01-A4-82-00-76-00-00-00-00-0C-00-00-00-91
F0-20-00-00-45-27-65-0A-F2-01-00-00-00-00-00-00-81-65-01-01-A4-82-00-76-00-00-00-00-0C-00-00-00-91
F0-20-00-00-45-27-65-0A-F6-01-00-00-00-00-00-00-81-65-01-01-A4-82-00-76-00-00-00-00-0C-00-00-00-8D
F0-20-00-00-45-27-65-0A-F2-01-00-00-00-00-00-00-81-65-01-01-A4-82-00-76-00-00-00-00-0B-00-00-00-92
F0-20-00-00-45-27-65-0A-F2-01-00-00-00-00-00-00-81-65-01-01-A4-82-00-76-00-00-00-00-0B-00-00-00-92
F0-20-00-00-45-27-65-0A-F2-01-00-00-00-00-00-00-81-65-01-01-A4-82-00-76-00-00-00-00-0C-00-00-00-91
F0-20-00-00-45-27-65-0A-F2-01-00-00-00-00-00-00-81-65-01-01-A4-82-00-76-00-00-00-00-0C-00-00-00-91
F0-20-00-00-45-27-65-0A-F2-01-00-00-00-00-00-00-81-65-01-01-A4-82-00-76-00-00-00-00-0B-00-00-00-92
F0-20-00-00-2D-27-60-0A-F6-01-00-00-00-00-00-00-81-65-01-01-A4-82-00-76-00-00-00-00-0C-00-00-00-AA
F0-20-00-00-45-27-65-0A-F2-01-00-00-00-00-00-00-81-65-01-01-A4-82-00-76-00-00-00-00-0C-00-00-00-91
F0-20-00-00-45-27-65-0A-F2-01-00-00-00-00-00-00-81-65-01-01-A4-82-00-76-00-00-00-00-0C-00-00-00-91
F0-20-00-00-45-27-65-0A-F6-01-00-00-00-00-00-00-81-65-01-01-A4-82-00-76-00-00-00-00-0B-00-00-00-8E
F0-20-00-00-45-27-65-0A-F2-01-00-00-00-00-00-00-81-65-01-01-A4-82-00-76-00-00-00-00-0C-00-00-00-91
F0-20-00-00-45-27-65-0A-F6-01-00-00-00-00-00-00-81-65-01-01-A4-82-00-76-00-00-00-00-0C-00-00-00-8D
F0-20-00-00-45-27-65-0A-F2-01-00-00-00-00-00-00-81-65-01-01-A4-82-00-76-00-00-00-00-0B-00-00-00-92
F0-20-00-00-45-27-65-0A-F2-01-00-00-00-00-00-00-81-65-01-01-A4-82-00-76-00-00-00-00-0B-00-00-00-92
F0-20-00-00-45-27-65-0A-ED-01-00-00-00-00-00-00-81-65-01-01-A4-82-00-76-00-00-00-00-0C-00-00-00-96
F0-20-00-00-45-27-65-0A-F6-01-00-00-00-00-00-00-81-65-01-01-A4-82-00-76-00-00-00-00-0C-00-00-00-8D
F0-20-00-00-45-27-65-0A-F2-01-00-00-00-00-00-00-81-65-01-01-A4-82-00-76-00-00-00-00-0C-00-00-00-91
F0-20-00-00-2D-27-60-0A-F2-01-00-00-00-00-00-00-81-65-01-01-A4-82-00-76-00-00-00-00-0B-00-00-00-AF
F0-20-00-00-45-27-65-0A-F2-01-00-00-00-00-00-00-81-65-01-01-A4-82-00-76-00-00-00-00-0C-00-00-00-91
F0-20-00-00-45-27-65-0A-F2-01-00-00-00-00-00-00-81-65-01-01-A4-82-00-76-00-00-00-00-0C-00-00-00-91
F0-20-00-00-2D-27-60-0A-F2-01-00-00-00-00-00-00-81-65-01-01-A4-82-00-76-00-00-00-00-0C-00-00-00-AE
F0-20-00-00-45-27-65-0A-F6-01-00-00-00-00-00-00-81-65-01-01-A4-82-00-76-00-00-00-00-0B-00-00-00-8E
F0-20-00-00-45-27-65-0A-F2-01-00-00-00-00-00-00-81-65-01-01-A4-82-00-76-00-00-00-00-0C-00-00-00-91
F0-20-00-00-45-27-65-0A-F2-01-00-00-00-00-00-00-81-65-01-01-A4-82-00-76-00-00-00-00-0C-00-00-00-91
F0-20-00-00-45-27-65-0A-F2-01-00-00-00-00-00-00-81-65-01-01-A4-82-00-76-00-00-00-00-0B-00-00-00-92
F0-20-00-00-45-27-65-0A-F2-01-00-00-00-00-00-00-81-65-01-01-A4-82-00-76-00-00-00-00-0C-00-00-00-91
F0-20-00-00-45-27-65-0A-F2-01-00-00-00-00-00-00-81-65-01-01-A4-82-00-76-00-00-00-00-0C-00-00-00-91
F0-20-00-00-45-27-65-0A-F6-01-00-00-00-00-00-00-81-65-01-01-A4-82-00-76-00-00-00-00-0C-00-00-00-8D
F0-20-00-00-45-27-65-0A-31-02-00-00-00-00-00-00-81-65-01-01-A4-82-00-76-00-00-00-00-0B-00-00-00-52
F0-20-00-00-45-27-65-0A-5F-08-00-00-00-00-00-00-81-65-01-01-A4-82-00-76-00-00-00-00-0B-00-00-00-1E
F0-20-00-00-45-27-65-0A-42-11-00-00-00-00-00-00-81-65-01-01-A4-82-00-76-00-00-00-00-0C-00-00-00-31
F0-20-00-00-5D-27-69-0A-4C-11-00-00-00-00-00-00-81-65-01-01-A4-82-00-76-00-00-00-00-0C-00-00-00-0B
F0-20-00-00-2D-27-60-0A-4C-11-00-00-00-00-00-00-81-65-01-01-A4-82-00-76-00-00-00-00-0B-00-00-00-45
F0-20-00-00-45-27-65-0A-51-11-00-00-00-00-00-00-81-65-01-01-A4-82-00-76-00-00-00-00-0C-00-00-00-22
F0-20-00-00-5D-27-69-0A-51-11-00-00-00-00-00-00-81-65-01-01-A4-82-00-76-00-00-00-00-0C-00-00-00-06
F0-20-00-00-5D-27-69-0A-4C-11-00-00-00-00-00-00-81-65-01-01-A4-82-00-76-00-00-00-00-0C-00-00-00-0B
F0-20-00-00-5D-27-69-0A-51-11-00-00-00-00-00-00-81-65-01-01-A4-82-00-76-00-00-00-00-0B-00-00-00-07
F0-20-00-00-45-27-65-0A-51-11-00-00-00-00-00-00-81-65-01-01-A4-82-00-76-00-00-00-00-0C-00-00-00-22
F0-20-00-00-45-27-65-0A-4C-11-00-00-00-00-00-00-81-65-01-01-A4-82-00-76-00-00-00-00-0C-00-00-00-27
F0-20-00-00-5D-27-69-0A-51-11-00-00-00-00-00-00-81-65-01-01-A4-82-00-76-00-00-00-00-0C-00-00-00-06
F0-20-00-00-5D-27-69-0A-4C-11-00-00-00-00-00-00-81-65-01-01-A4-82-00-76-00-00-00-00-0B-00-00-00-0C
F0-20-00-00-5D-27-69-0A-4C-11-00-00-00-00-00-00-81-65-01-01-A4-82-00-76-00-00-00-00-0B-00-00-00-0C
F0-20-00-00-45-27-65-0A-4C-11-00-00-00-00-00-00-81-65-01-01-A4-82-00-76-00-00-00-00-0C-00-00-00-27
F0-20-00-00-45-27-65-0A-4C-11-00-00-00-00-00-00-81-65-01-01-A4-82-00-76-00-00-00-00-0C-00-00-00-27
F0-20-00-00-45-27-65-0A-51-11-00-00-00-00-00-00-81-65-01-01-A4-82-00-76-00-00-00-00-0B-00-00-00-23
F0-20-00-00-45-27-65-0A-47-11-00-00-00-00-00-00-81-65-01-01-A4-82-00-76-00-00-00-00-0C-00-00-00-2C
F0-20-00-00-5D-27-69-0A-51-11-00-00-00-00-00-00-81-65-01-01-A4-82-00-76-00-00-00-00-0C-00-00-00-06
F0-20-00-00-5D-27-69-0A-51-11-00-00-00-00-00-00-81-65-01-01-A4-82-00-76-00-00-00-00-0C-00-00-00-06
F0-20-00-00-5D-27-69-0A-47-11-00-00-00-00-00-00-81-65-01-01-A4-82-00-76-00-00-00-00-0C-00-00-00-10
F0-20-00-00-45-27-65-0A-4C-11-00-00-00-00-00-00-81-65-01-01-A4-82-00-76-00-00-00-00-0C-00-00-00-27
F0-20-00-00-45-27-65-0A-4C-11-00-00-00-00-00-00-81-65-01-01-A4-82-00-76-00-00-00-00-0C-00-00-00-27
F0-20-00-00-5D-27-69-0A-47-11-00-00-00-00-00-00-81-65-01-01-A4-82-00-76-00-00-00-00-0B-00-00-00-11
F0-20-00-00-45-27-65-0A-51-11-00-00-00-00-00-00-81-65-01-01-A4-82-00-76-00-00-00-00-0C-00-00-00-22
F0-20-00-00-45-27-65-0A-4C-11-00-00-00-00-00-00-81-65-01-01-A4-82-00-76-00-00-00-00-0C-00-00-00-27
F0-20-00-00-2D-27-60-0A-4C-11-00-00-00-00-00-00-81-65-01-01-A4-82-00-76-00-00-00-00-0C-00-00-00-44
F0-20-00-00-45-27-65-0A-51-11-00-00-00-00-00-00-81-65-01-01-A4-82-00-76-00-00-00-00-0B-00-00-00-23
F0-20-00-00-5D-27-69-0A-51-11-00-00-00-00-00-00-81-65-01-01-A4-82-00-76-00-00-00-00-0C-00-00-00-06
F0-20-00-00-45-27-65-0A-4C-11-00-00-00-00-00-00-81-65-01-01-A4-82-00-76-00-00-00-00-0B-00-00-00-28
F0-20-00-00-45-27-65-0A-4C-11-00-00-00-00-00-00-81-65-01-01-A4-82-00-76-00-00-00-00-0C-00-00-00-27
F0-20-00-00-45-27-65-0A-4C-11-00-00-00-00-00-00-81-65-01-01-A4-82-00-76-00-00-00-00-0C-00-00-00-27
F0-20-00-00-45-27-65-0A-47-11-00-00-00-00-00-00-81-65-01-01-A4-82-00-76-00-00-00-00-0B-00-00-00-2D
F0-20-00-00-45-27-65-0A-51-11-00-00-00-00-00-00-81-65-01-01-A4-82-00-76-00-00-00-00-0C-00-00-00-22
F0-20-00-00-5D-27-69-0A-51-11-00-00-00-00-00-00-81-65-01-01-A4-82-00-76-00-00-00-00-0C-00-00-00-06
F0-20-00-00-5D-27-69-0A-4C-11-00-00-00-00-00-00-81-65-01-01-A4-82-00-76-00-00-00-00-0C-00-00-00-0B
F0-20-00-00-45-27-65-0A-51-11-00-00-00-00-00-00-81-65-01-01-A4-82-00-76-00-00-00-00-0C-00-00-00-22
F0-20-00-00-45-27-65-0A-51-11-00-00-00-00-00-00-81-65-01-01-A4-82-00-76-00-00-00-00-0C-00-00-00-22
F0-20-00-00-5D-27-69-0A-4C-11-00-00-00-00-00-00-81-65-01-01-A4-82-00-76-00-00-00-00-0C-00-00-00-0B
F0-20-00-00-5D-27-69-0A-4C-11-00-00-00-00-00-00-81-65-01-01-A4-82-00-76-00-00-00-00-0C-00-00-00-0B
F0-20-00-00-5D-27-69-0A-A6-10-00-00-00-00-00-00-81-65-01-01-A4-82-00-76-00-00-00-00-0C-00-00-00-B2
F0-20-00-00-45-27-65-0A-45-0B-00-00-00-00-00-00-81-65-01-01-A4-82-00-76-00-00-00-00-0B-00-00-00-35
F0-20-00-00-45-27-65-0A-1D-02-00-00-00-00-00-00-81-65-01-01-A4-82-00-76-00-00-00-00-0C-00-00-00-65
F0-20-00-00-45-27-65-0A-F6-01-00-00-00-00-00-00-81-65-01-01-A4-82-00-76-00-00-00-00-0B-00-00-00-8E
F0-20-00-00-2D-27-60-0A-F2-01-00-00-00-00-00-00-81-65-01-01-A4-82-00-76-00-00-00-00-0B-00-00-00-AF
F0-20-00-00-45-27-65-0A-F2-01-00-00-00-00-00-00-81-65-01-01-A4-82-00-76-00-00-00-00-0B-00-00-00-92
F0-20-00-00-45-27-65-0A-F2-01-00-00-00-00-00-00-81-65-01-01-A4-82-00-76-00-00-00-00-0B-00-00-00-92
F0-20-00-00-45-27-65-0A-F2-01-00-00-00-00-00-00-81-65-01-01-A4-82-00-76-00-00-00-00-0C-00-00-00-91
F0-20-00-00-45-27-65-0A-F6-01-00-00-00-00-00-00-81-65-01-01-A4-82-00-76-00-00-00-00-0C-00-00-00-8D
F0-20-00-00-45-27-65-0A-F2-01-00-00-00-00-00-00-81-65-01-01-A4-82-00-76-00-00-00-00-0C-00-00-00-91
F0-20-00-00-45-27-65-0A-F2-01-00-00-00-00-00-00-81-65-01-01-A4-82-00-76-00-00-00-00-0C-00-00-00-91
F0-20-00-00-45-27-65-0A-F2-01-00-00-00-00-00-00-81-65-01-01-A4-82-00-76-00-00-00-00-0C-00-00-00-91
F0-20-00-00-45-27-65-0A-F2-01-00-00-00-00-00-00-81-65-01-01-A4-82-00-76-00-00-00-00-0B-00-00-00-92
F0-20-00-00-2D-27-60-0A-F2-01-00-00-00-00-00-00-81-65-01-01-A4-82-00-76-00-00-00-00-0B-00-00-00-AF
F0-20-00-00-45-27-65-0A-F6-01-00-00-00-00-00-00-81-65-01-01-A4-82-00-76-00-00-00-00-0B-00-00-00-8E
F0-20-00-00-45-27-65-0A-F2-01-00-00-00-00-00-00-81-65-01-01-A4-82-00-76-00-00-00-00-0C-00-00-00-91
F0-20-00-00-45-27-65-0A-F2-01-00-00-00-00-00-00-81-65-01-01-A4-82-00-76-00-00-00-00-0C-00-00-00-91
F0-20-00-00-45-27-65-0A-F2-01-00-00-00-00-00-00-81-65-01-01-A4-82-00-76-00-00-00-00-0C-00-00-00-91
F0-20-00-00-45-27-65-0A-F2-01-00-00-00-00-00-00-81-65-01-01-A4-82-00-76-00-00-00-00-0C-00-00-00-91
F0-20-00-00-45-27-65-0A-F2-01-00-00-00-00-00-00-81-65-01-01-A4-82-00-76-00-00-00-00-0C-00-00-00-91
F0-20-00-00-45-27-65-0A-F2-01-00-00-00-00-00-00-81-65-01-01-A4-82-00-76-00-00-00-00-0B-00-00-00-92
F0-20-00-00-45-27-65-0A-F2-01-00-00-00-00-00-00-81-65-01-01-A4-82-00-76-00-00-00-00-0C-00-00-00-91
F0-20-00-00-45-27-65-0A-F2-01-00-00-00-00-00-00-81-65-01-01-A4-82-00-76-00-00-00-00-0C-00-00-00-91
F0-20-00-00-45-27-65-0A-F2-01-00-00-00-00-00-00-81-65-01-01-A4-82-00-76-00-00-00-00-0C-00-00-00-91
F0-20-00-00-45-27-65-0A-F6-01-00-00-00-00-00-00-81-65-01-01-A4-82-00-76-00-00-00-00-0B-00-00-00-8E
F0-20-00-00-2D-27-60-0A-F2-01-00-00-00-00-00-00-81-65-01-01-A4-82-00-76-00-00-00-00-0B-00-00-00-AF
F0-20-00-00-45-27-65-0A-F2-01-00-00-00-00-00-00-81-65-01-01-A4-82-00-76-00-00-00-00-0C-00-00-00-91
F0-20-00-00-45-27-65-0A-F2-01-00-00-00-00-00-00-81-65-01-01-A4-82-00-76-00-00-00-00-0C-00-00-00-91
F0-20-00-00-45-27-65-0A-F2-01-00-00-00-00-00-00-81-65-01-01-A4-82-00-76-00-00-00-00-0C-00-00-00-91
F0-20-00-00-45-27-65-0A-F2-01-00-00-00-00-00-00-81-65-01-01-A4-82-00-76-00-00-00-00-0C-00-00-00-91
F0-20-00-00-45-27-65-0A-F2-01-00-00-00-00-00-00-81-65-01-01-A4-82-00-76-00-00-00-00-0C-00-00-00-91
F0-20-00-00-45-27-65-0A-F2-01-00-00-00-00-00-00-81-65-01-01-A4-82-00-76-00-00-00-00-0C-00-00-00-91
F0-20-00-00-45-27-65-0A-F2-01-00-00-00-00-00-00-81-65-01-01-A4-82-00-76-00-00-00-00-0B-00-00-00-92
F0-20-00-00-45-27-65-0A-F2-01-00-00-00-00-00-00-81-65-01-01-A4-82-00-76-00-00-00-00-0C-00-00-00-91
F0-20-00-00-45-27-65-0A-F2-01-00-00-00-00-00-00-81-65-01-01-A4-82-00-76-00-00-00-00-0C-00-00-00-91
F0-20-00-00-45-27-65-0A-F2-01-00-00-00-00-00-00-81-65-01-01-A4-82-00-76-00-00-00-00-0B-00-00-00-92
F0-20-00-00-45-27-65-0A-C1-03-00-00-00-00-00-00-81-65-01-01-A4-82-00-76-00-00-00-00-0B-00-00-00-C1
F0-20-00-00-5D-27-69-0A-42-11-00-00-00-00-00-00-81-65-01-01-A4-82-00-76-00-00-00-00-0C-00-00-00-15
F0-20-00-00-5D-27-69-0A-47-11-00-00-00-00-00-00-81-65-01-01-A4-82-00-76-00-00-00-00-0C-00-00-00-10
F0-20-00-00-5D-27-69-0A-47-11-00-00-00-00-00-00-81-65-01-01-A4-82-00-76-00-00-00-00-0B-00-00-00-11
F0-20-00-00-45-27-65-0A-47-11-00-00-00-00-00-00-81-65-01-01-A4-82-00-76-00-00-00-00-0C-00-00-00-2C
F0-20-00-00-5D-27-69-0A-47-11-00-00-00-00-00-00-81-65-01-01-A4-82-00-76-00-00-00-00-0C-00-00-00-10
F0-20-00-00-45-27-65-0A-47-11-00-00-00-00-00-00-81-65-01-01-A4-82-00-76-00-00-00-00-0C-00-00-00-2C
F0-20-00-00-45-27-65-0A-47-11-00-00-00-00-00-00-81-65-01-01-A4-82-00-76-00-00-00-00-0B-00-00-00-2D
F0-20-00-00-45-27-65-0A-47-11-00-00-00-00-00-00-81-65-01-01-A4-82-00-76-00-00-00-00-0B-00-00-00-2D
F0-20-00-00-45-27-65-0A-47-11-00-00-00-00-00-00-81-65-01-01-A4-82-00-76-00-00-00-00-0C-00-00-00-2C
F0-20-00-00-45-27-65-0A-47-11-00-00-00-00-00-00-81-65-01-01-A4-82-00-76-00-00-00-00-0C-00-00-00-2C
F0-20-00-00-5D-27-69-0A-47-11-00-00-00-00-00-00-81-65-01-01-A4-82-00-76-00-00-00-00-0C-00-00-00-10
F0-20-00-00-45-27-65-0A-47-11-00-00-00-00-00-00-81-65-01-01-A4-82-00-76-00-00-00-00-0B-00-00-00-2D
F0-20-00-00-5D-27-69-0A-47-11-00-00-00-00-00-00-81-65-01-01-A4-82-00-76-00-00-00-00-0C-00-00-00-10
F0-20-00-00-45-27-65-0A-47-11-00-00-00-00-00-00-81-65-01-01-A4-82-00-76-00-00-00-00-0C-00-00-00-2C
F0-20-00-00-5D-27-69-0A-47-11-00-00-00-00-00-00-81-65-01-01-A4-82-00-76-00-00-00-00-0C-00-00-00-10
F0-20-00-00-45-27-65-0A-47-11-00-00-00-00-00-00-81-65-01-01-A4-82-00-76-00-00-00-00-0C-00-00-00-2C
F0-20-00-00-5D-27-69-0A-47-11-00-00-00-00-00-00-81-65-01-01-A4-82-00-76-00-00-00-00-0C-00-00-00-10
F0-20-00-00-5D-27-69-0A-20-11-00-00-00-00-00-00-81-65-01-01-A4-82-00-76-00-00-00-00-0C-00-00-00-37
F0-20-00-00-45-27-65-0A-76-0B-00-00-00-00-00-00-81-65-01-01-A4-82-00-76-00-00-00-00-0B-00-00-00-04
F0-20-00-00-45-27-65-0A-8C-05-00-00-00-00-00-00-81-65-01-01-A4-82-00-76-00-00-00-00-0B-00-00-00-F4
F0-20-00-00-45-27-65-0A-19-02-00-00-00-00-00-00-81-65-01-01-A4-82-00-76-00-00-00-00-0B-00-00-00-6A
F0-20-00-00-45-27-65-0A-F2-01-00-00-00-00-00-00-81-65-01-01-A4-82-00-76-00-00-00-00-0C-00-00-00-91
F0-20-00-00-45-27-65-0A-F2-01-00-00-00-00-00-00-81-65-01-01-A4-82-00-76-00-00-00-00-0C-00-00-00-91
F0-20-00-00-2D-27-60-0A-F2-01-00-00-00-00-00-00-81-65-01-01-A4-82-00-76-00-00-00-00-0C-00-00-00-AE
F0-20-00-00-45-27-65-0A-F2-01-00-00-00-00-00-00-81-65-01-01-A4-82-00-76-00-00-00-00-0C-00-00-00-91
F0-20-00-00-45-27-65-0A-F2-01-00-00-00-00-00-00-81-65-01-01-A4-82-00-76-00-00-00-00-0C-00-00-00-91
F0-20-00-00-45-27-65-0A-F2-01-00-00-00-00-00-00-81-65-01-01-A4-82-00-76-00-00-00-00-0C-00-00-00-91
F0-20-00-00-45-27-65-0A-F2-01-00-00-00-00-00-00-81-65-01-01-A4-82-00-76-00-00-00-00-0B-00-00-00-92
F0-20-00-00-45-27-65-0A-F2-01-00-00-00-00-00-00-81-65-01-01-A4-82-00-76-00-00-00-00-0B-00-00-00-92
F0-20-00-00-2D-27-60-0A-F2-01-00-00-00-00-00-00-81-65-01-01-A4-82-00-76-00-00-00-00-0B-00-00-00-AF
F0-20-00-00-45-27-65-0A-F6-01-00-00-00-00-00-00-81-65-01-01-A4-82-00-76-00-00-00-00-0C-00-00-00-8D
F0-20-00-00-45-27-65-0A-F2-01-00-00-00-00-00-00-81-65-01-01-A4-82-00-76-00-00-00-00-0C-00-00-00-91
F0-20-00-00-45-27-65-0A-F2-01-00-00-00-00-00-00-81-65-01-01-A4-82-00-76-00-00-00-00-0B-00-00-00-92
F0-20-00-00-45-27-65-0A-F2-01-00-00-00-00-00-00-81-65-01-01-A4-82-00-76-00-00-00-00-0C-00-00-00-91
F0-20-00-00-45-27-65-0A-F2-01-00-00-00-00-00-00-81-65-01-01-A4-82-00-76-00-00-00-00-0C-00-00-00-91
F0-20-00-00-45-27-65-0A-F2-01-00-00-00-00-00-00-81-65-01-01-A4-82-00-76-00-00-00-00-0B-00-00-00-92
F0-20-00-00-45-27-65-0A-F2-01-00-00-00-00-00-00-81-65-01-01-A4-82-00-76-00-00-00-00-0B-00-00-00-92
F0-20-00-00-45-27-65-0A-F2-01-00-00-00-00-00-00-81-65-01-01-A4-82-00-76-00-00-00-00-0C-00-00-00-91
F0-20-00-00-45-27-65-0A-F6-01-00-00-00-00-00-00-81-65-01-01-A4-82-00-76-00-00-00-00-0C-00-00-00-8D
F0-20-00-00-45-27-65-0A-F2-01-00-00-00-00-00-00-81-65-01-01-A4-82-00-76-00-00-00-00-0B-00-00-00-92
F0-20-00-00-45-27-65-0A-F2-01-00-00-00-00-00-00-81-65-01-01-A4-82-00-76-00-00-00-00-0B-00-00-00-92
F0-20-00-00-45-27-65-0A-F6-01-00-00-00-00-00-00-81-65-01-01-A4-82-00-76-00-00-00-00-0C-00-00-00-8D
F0-20-00-00-45-27-65-0A-F6-01-00-00-00-00-00-00-81-65-01-01-A4-82-00-76-00-00-00-00-0C-00-00-00-8D
F0-20-00-00-2D-27-60-0A-F2-01-00-00-00-00-00-00-81-65-01-01-A4-82-00-76-00-00-00-00-0C-00-00-00-AE
F0-20-00-00-45-27-65-0A-F2-01-00-00-00-00-00-00-81-65-01-01-A4-82-00-76-00-00-00-00-0C-00-00-00-91
F0-20-00-00-45-27-65-0A-F2-01-00-00-00-00-00-00-81-65-01-01-A4-82-00-76-00-00-00-00-0C-00-00-00-91
F0-20-00-00-45-27-65-0A-F2-01-00-00-00-00-00-00-81-65-01-01-A4-82-00-76-00-00-00-00-0C-00-00-00-91
F0-20-00-00-45-27-65-0A-F6-01-00-00-00-00-00-00-81-65-01-01-A4-82-00-76-00-00-00-00-0C-00-00-00-8D
F0-20-00-00-45-27-65-0A-F2-01-00-00-00-00-00-00-81-65-01-01-A4-82-00-76-00-00-00-00-0C-00-00-00-91
F0-20-00-00-2D-27-60-0A-F2-01-00-00-00-00-00-00-81-65-01-01-A4-82-00-76-00-00-00-00-0B-00-00-00-AF
