F0-20-00-00-15-27-5B-0A-E3-01-00-00-00-00-00-00-00-00-00-00-00-00-00-00-00-00-00-00-00-00-00-00-00
00-00-00-88-65-01-01-A4-84-00-78-00-00-00-00-03-00-00-00-D8-00-00-00-00-00-00-00-00-00-00-00-00-00
F0-20-00-00-15-27-5B-0A-E3-01-00-00-00-00-00-00-88-65-01-01-A4-84-00-78-00-00-00-00-02-00-00-00-D9
F0-20-00-00-15-27-5B-0A-E8-01-00-00-00-00-00-00-88-65-01-01-A4-84-00-78-00-00-00-00-03-00-00-00-D3
F0-20-00-00-45-27-65-0A-E3-01-00-00-00-00-00-00-88-65-01-01-A4-84-00-78-00-00-00-00-03-00-00-00-9E
F0-20-00-00-15-27-5B-0A-E8-01-00-00-00-00-00-00-88-65-01-01-A4-84-00-78-00-00-00-00-02-00-00-00-D4
F0-20-00-00-15-27-5B-0A-DE-01-00-00-00-00-00-00-88-65-01-01-A4-84-00-78-00-00-00-00-00-00-00-00-E0
F0-20-00-00-2D-27-60-0A-E8-01-00-00-00-00-00-00-88-65-01-01-A4-84-00-77-00-00-00-00-02-00-00-00-B8
F0-20-00-00-15-27-5B-0A-E3-01-00-00-00-00-00-00-88-65-01-01-A4-84-00-77-00-00-00-00-02-00-00-00-DA
F0-20-00-00-15-27-5B-0A-DE-01-00-00-00-00-00-00-88-65-01-01-A4-84-00-77-00-00-00-00-02-00-00-00-DF
F0-20-00-00-15-27-5B-0A-E3-01-00-00-00-00-00-00-88-65-01-01-A4-84-00-78-00-00-00-00-03-00-00-00-D8
F0-20-00-00-2D-27-60-0A-DE-01-00-00-00-00-00-00-88-65-01-01-A4-84-00-78-00-00-00-00-01-00-00-00-C2
F0-20-00-00-15-27-5B-0A-E3-01-00-00-00-00-00-00-88-65-01-01-A4-84-00-77-00-00-00-00-02-00-00-00-DA
F0-20-00-00-15-27-5B-0A-E3-01-00-00-00-00-00-00-88-65-01-01-A4-84-00-77-00-00-00-00-02-00-00-00-DA
F0-20-00-00-15-27-5B-0A-E8-01-00-00-00-00-00-00-88-65-01-01-A4-84-00-77-00-00-00-00-02-00-00-00-D5
F0-20-00-00-45-27-65-0A-E3-01-00-00-00-00-00-00-88-65-01-01-A4-84-00-77-00-00-00-00-02-00-00-00-A0
F0-20-00-00-45-27-65-0A-F2-01-00-00-00-00-00-00-88-65-01-01-A4-84-00-77-00-00-00-00-06-00-00-00-8D
F0-20-00-00-15-27-5B-0A-E3-01-00-00-00-00-00-00-88-65-01-01-A4-84-00-78-00-00-00-00-02-00-00-00-D9
F0-20-00-00-15-27-5B-0A-1C-0C-00-00-00-00-00-00-88-65-01-01-A4-84-00-77-00-00-00-00-02-00-00-00-96
F0-20-00-00-15-27-5B-0A-3E-11-00-00-00-00-00-00-88-65-01-01-A4-84-00-77-00-00-00-00-02-00-00-00-6F
F0-20-00-00-45-27-65-0A-42-11-00-00-00-00-00-00-88-65-01-01-A4-84-00-77-00-00-00-00-02-00-00-00-31
F0-20-00-00-2D-27-60-0A-4C-11-00-00-00-00-00-00-88-65-01-01-A4-84-00-78-00-00-00-00-03-00-00-00-42
F0-20-00-00-15-27-5B-0A-42-11-00-00-00-00-00-00-88-65-01-01-A4-84-00-77-00-00-00-00-01-00-00-00-6C
F0-20-00-00-2D-27-60-0A-42-11-00-00-00-00-00-00-88-65-01-01-A4-84-00-77-00-00-00-00-02-00-00-00-4E
F0-20-00-00-45-27-65-0A-42-11-00-00-00-00-00-00-88-65-01-01-A4-84-00-77-00-00-00-00-03-00-00-00-30
F0-20-00-00-15-27-5B-0A-42-11-00-00-00-00-00-00-88-65-01-01-A4-84-00-77-00-00-00-00-01-00-00-00-6C
F0-20-00-00-45-27-65-0A-4C-11-00-00-00-00-00-00-88-65-01-01-A4-84-00-77-00-00-00-00-02-00-00-00-27
F0-20-00-00-15-27-5B-0A-42-11-00-00-00-00-00-00-88-65-01-01-A4-84-00-77-00-00-00-00-02-00-00-00-6B
F0-20-00-00-15-27-5B-0A-42-11-00-00-00-00-00-00-88-65-01-01-A4-84-00-77-00-00-00-00-01-00-00-00-6C
F0-20-00-00-2D-27-60-0A-42-11-00-00-00-00-00-00-88-65-01-01-A4-84-00-77-00-00-00-00-02-00-00-00-4E
F0-20-00-00-2D-27-60-0A-47-11-00-00-00-00-00-00-88-65-01-01-A4-84-00-77-00-00-00-00-02-00-00-00-49
F0-20-00-00-2D-27-60-0A-42-11-00-00-00-00-00-00-88-65-01-01-A4-84-00-77-00-00-00-00-03-00-00-00-4D
F0-20-00-00-45-27-65-0A-42-11-00-00-00-00-00-00-88-65-01-01-A4-84-00-77-00-00-00-00-03-00-00-00-30
F0-20-00-00-15-27-5B-0A-2A-11-00-00-00-00-00-00-88-65-01-01-A4-84-00-77-00-00-00-00-00-00-00-00-85
F0-20-00-00-15-27-5B-0A-93-04-00-00-00-00-00-00-88-65-01-01-A4-84-00-77-00-00-00-00-03-00-00-00-26
F0-20-00-00-15-27-5B-0A-E8-01-00-00-00-00-00-00-88-65-01-01-A4-84-00-77-00-00-00-00-03-00-00-00-D4
F0-20-00-00-15-27-5B-0A-E3-01-00-00-00-00-00-00-88-65-01-01-A4-84-00-77-00-00-00-00-02-00-00-00-DA
F0-20-00-00-15-27-5B-0A-E3-01-00-00-00-00-00-00-88-65-01-01-A4-84-00-77-00-00-00-00-02-00-00-00-DA
F0-20-00-00-15-27-5B-0A-F2-01-00-00-00-00-00-00-88-65-01-01-A4-84-00-77-00-00-00-00-02-00-00-00-CB
F0-20-00-00-15-27-5B-0A-E8-01-00-00-00-00-00-00-88-65-01-01-A4-84-00-77-00-00-00-00-02-00-00-00-D5
F0-20-00-00-15-27-5B-0A-E8-01-00-00-00-00-00-00-88-65-01-01-A4-84-00-77-00-00-00-00-03-00-00-00-D4
F0-20-00-00-15-27-5B-0A-E8-01-00-00-00-00-00-00-88-65-01-01-A4-84-00-77-00-00-00-00-02-00-00-00-D5
F0-20-00-00-15-27-5B-0A-E8-01-00-00-00-00-00-00-88-65-01-01-A4-84-00-77-00-00-00-00-02-00-00-00-D5
F0-20-00-00-2D-27-60-0A-E3-01-00-00-00-00-00-00-88-65-01-01-A4-84-00-77-00-00-00-00-02-00-00-00-BD
F0-20-00-00-15-27-5B-0A-DE-01-00-00-00-00-00-00-88-65-01-01-A4-84-00-77-00-00-00-00-02-00-00-00-DF
F0-20-00-00-15-27-5B-0A-E3-01-00-00-00-00-00-00-88-65-01-01-A4-84-00-77-00-00-00-00-02-00-00-00-DA
F0-20-00-00-15-27-5B-0A-E8-01-00-00-00-00-00-00-88-65-01-01-A4-84-00-77-00-00-00-00-02-00-00-00-D5
F0-20-00-00-15-27-5B-0A-E3-01-00-00-00-00-00-00-88-65-01-01-A4-84-00-77-00-00-00-00-02-00-00-00-DA
F0-20-00-00-2D-27-60-0A-E8-01-00-00-00-00-00-00-88-65-01-01-A4-84-00-77-00-00-00-00-03-00-00-00-B7
F0-20-00-00-FD-26-56-0A-E3-01-00-00-00-00-00-00-88-65-01-01-A4-84-00-77-00-00-00-00-00-00-00-00-FA
F0-20-00-00-15-27-5B-0A-ED-01-00-00-00-00-00-00-88-65-01-01-A4-84-00-77-00-00-00-00-02-00-00-00-D0
F0-20-00-00-15-27-5B-0A-E3-01-00-00-00-00-00-00-88-65-01-01-A4-84-00-77-00-00-00-00-02-00-00-00-DA
F0-20-00-00-15-27-5B-0A-E8-01-00-00-00-00-00-00-88-65-01-01-A4-84-00-76-00-00-00-00-02-00-00-00-D6
F0-20-00-00-15-27-5B-0A-E8-01-00-00-00-00-00-00-88-65-01-01-A4-84-00-77-00-00-00-00-02-00-00-00-D5
F0-20-00-00-15-27-5B-0A-ED-01-00-00-00-00-00-00-88-65-01-01-A4-84-00-77-00-00-00-00-01-00-00-00-D1
F0-20-00-00-15-27-5B-0A-E3-01-00-00-00-00-00-00-88-65-01-01-A4-84-00-77-00-00-00-00-02-00-00-00-DA
F0-20-00-00-2D-27-60-0A-E8-01-00-00-00-00-00-00-88-65-01-01-A4-84-00-77-00-00-00-00-02-00-00-00-B8
F0-20-00-00-15-27-5B-0A-E3-01-00-00-00-00-00-00-88-65-01-01-A4-84-00-77-00-00-00-00-02-00-00-00-DA
F0-20-00-00-15-27-5B-0A-ED-01-00-00-00-00-00-00-88-65-01-01-A4-84-00-76-00-00-00-00-02-00-00-00-D1
F0-20-00-00-15-27-5B-0A-E8-01-00-00-00-00-00-00-88-65-01-01-A4-84-00-77-00-00-00-00-03-00-00-00-D4
F0-20-00-00-15-27-5B-0A-E3-01-00-00-00-00-00-00-87-65-01-01-A4-84-00-77-00-00-00-00-00-00-00-00-DD
F0-20-00-00-2D-27-60-0A-F2-01-00-00-00-00-00-00-87-65-01-01-A4-84-00-76-00-00-00-00-02-00-00-00-B0
F0-20-00-00-2D-27-60-0A-4C-11-00-00-00-00-00-00-87-65-01-01-A4-84-00-77-00-00-00-00-02-00-00-00-45
F0-20-00-00-2D-27-60-0A-47-11-00-00-00-00-00-00-87-65-01-01-A4-84-00-77-00-00-00-00-02-00-00-00-4A
F0-20-00-00-2D-27-60-0A-4C-11-00-00-00-00-00-00-87-65-01-01-A4-84-00-76-00-00-00-00-02-00-00-00-46
F0-20-00-00-15-27-5B-0A-4C-11-00-00-00-00-00-00-87-65-01-01-A4-84-00-76-00-00-00-00-01-00-00-00-64
F0-20-00-00-15-27-5B-0A-47-11-00-00-00-00-00-00-87-65-01-01-A4-84-00-77-00-00-00-00-02-00-00-00-67
F0-20-00-00-15-27-5B-0A-51-11-00-00-00-00-00-00-87-65-01-01-A4-84-00-77-00-00-00-00-03-00-00-00-5C
F0-20-00-00-15-27-5B-0A-4C-11-00-00-00-00-00-00-87-65-01-01-A4-84-00-76-00-00-00-00-02-00-00-00-63
F0-20-00-00-15-27-5B-0A-4C-11-00-00-00-00-00-00-87-65-01-01-A4-84-00-76-00-00-00-00-02-00-00-00-63
F0-20-00-00-45-27-65-0A-56-11-00-00-00-00-00-00-87-65-01-01-A4-84-00-76-00-00-00-00-02-00-00-00-1F
F0-20-00-00-15-27-5B-0A-4C-11-00-00-00-00-00-00-87-65-01-01-A4-84-00-77-00-00-00-00-01-00-00-00-63
F0-20-00-00-15-27-5B-0A-4C-11-00-00-00-00-00-00-87-65-01-01-A4-84-00-76-00-00-00-00-02-00-00-00-63
F0-20-00-00-2D-27-60-0A-4C-11-00-00-00-00-00-00-87-65-01-01-A4-84-00-76-00-00-00-00-02-00-00-00-46
F0-20-00-00-45-27-65-0A-4C-11-00-00-00-00-00-00-87-65-01-01-A4-84-00-77-00-00-00-00-03-00-00-00-27
F0-20-00-00-45-27-65-0A-4C-11-00-00-00-00-00-00-87-65-01-01-A4-84-00-77-00-00-00-00-03-00-00-00-27
F0-20-00-00-15-27-5B-0A-4C-11-00-00-00-00-00-00-87-65-01-01-A4-84-00-77-00-00-00-00-00-00-00-00-64
F0-20-00-00-2D-27-60-0A-51-11-00-00-00-00-00-00-87-65-01-01-A4-84-00-76-00-00-00-00-02-00-00-00-41
F0-20-00-00-2D-27-60-0A-4C-11-00-00-00-00-00-00-87-65-01-01-A4-84-00-76-00-00-00-00-02-00-00-00-46
F0-20-00-00-15-27-5B-0A-51-11-00-00-00-00-00-00-87-65-01-01-A4-84-00-77-00-00-00-00-03-00-00-00-5C
F0-20-00-00-2D-27-60-0A-7C-0F-00-00-00-00-00-00-87-65-01-01-A4-84-00-76-00-00-00-00-02-00-00-00-18
F0-20-00-00-FD-26-56-0A-E3-01-00-00-00-00-00-00-87-65-01-01-A4-84-00-76-00-00-00-00-01-00-00-00-FB
F0-20-00-00-2D-27-60-0A-E8-01-00-00-00-00-00-00-87-65-01-01-A4-84-00-77-00-00-00-00-03-00-00-00-B8
F0-20-00-00-15-27-5B-0A-E3-01-00-00-00-00-00-00-87-65-01-01-A4-84-00-76-00-00-00-00-02-00-00-00-DC
F0-20-00-00-45-27-65-0A-E8-01-00-00-00-00-00-00-87-65-01-01-A4-84-00-77-00-00-00-00-03-00-00-00-9B
F0-20-00-00-15-27-5B-0A-E3-01-00-00-00-00-00-00-87-65-01-01-A4-84-00-76-00-00-00-00-02-00-00-00-DC
F0-20-00-00-2D-27-60-0A-E8-01-00-00-00-00-00-00-87-65-01-01-A4-84-00-76-00-00-00-00-03-00-00-00-B9
F0-20-00-00-15-27-5B-0A-E8-01-00-00-00-00-00-00-87-65-01-01-A4-84-00-77-00-00-00-00-03-00-00-00-D5
F0-20-00-00-15-27-5B-0A-E8-01-00-00-00-00-00-00-87-65-01-01-A4-84-00-76-00-00-00-00-02-00-00-00-D7
F0-20-00-00-15-27-5B-0A-E3-01-00-00-00-00-00-00-87-65-01-01-A4-84-00-76-00-00-00-00-02-00-00-00-DC
F0-20-00-00-45-27-65-0A-E8-01-00-00-00-00-00-00-87-65-01-01-A4-84-00-76-00-00-00-00-03-00-00-00-9C
F0-20-00-00-2D-27-60-0A-E3-01-00-00-00-00-00-00-87-65-01-01-A4-84-00-76-00-00-00-00-02-00-00-00-BF
F0-20-00-00-15-27-5B-0A-DE-01-00-00-00-00-00-00-87-65-01-01-A4-84-00-76-00-00-00-00-00-00-00-00-E3
F0-20-00-00-15-27-5B-0A-E8-01-00-00-00-00-00-00-87-65-01-01-A4-84-00-76-00-00-00-00-03-00-00-00-D6
F0-20-00-00-15-27-5B-0A-E3-01-00-00-00-00-00-00-87-65-01-01-A4-84-00-76-00-00-00-00-02-00-00-00-DC
F0-20-00-00-15-27-5B-0A-E3-01-00-00-00-00-00-00-87-65-01-01-A4-84-00-76-00-00-00-00-02-00-00-00-DC
F0-20-00-00-2D-27-60-0A-2A-11-00-00-00-00-00-00-87-65-01-01-A4-84-00-76-00-00-00-00-02-00-00-00-68
F0-20-00-00-15-27-5B-0A-47-11-00-00-00-00-00-00-87-65-01-01-A4-84-00-77-00-00-00-00-01-00-00-00-68
F0-20-00-00-2D-27-60-0A-4C-11-00-00-00-00-00-00-87-65-01-01-A4-84-00-76-00-00-00-00-02-00-00-00-46
F0-20-00-00-15-27-5B-0A-47-11-00-00-00-00-00-00-87-65-01-01-A4-84-00-77-00-00-00-00-03-00-00-00-66
F0-20-00-00-2D-27-60-0A-42-11-00-00-00-00-00-00-87-65-01-01-A4-84-00-76-00-00-00-00-02-00-00-00-50
F0-20-00-00-15-27-5B-0A-4C-11-00-00-00-00-00-00-87-65-01-01-A4-84-00-76-00-00-00-00-02-00-00-00-63
F0-20-00-00-15-27-5B-0A-47-11-00-00-00-00-00-00-87-65-01-01-A4-84-00-76-00-00-00-00-02-00-00-00-68
F0-20-00-00-45-27-65-0A-47-11-00-00-00-00-00-00-87-65-01-01-A4-84-00-77-00-00-00-00-03-00-00-00-2C
F0-20-00-00-45-27-65-0A-51-11-00-00-00-00-00-00-87-65-01-01-A4-84-00-76-00-00-00-00-02-00-00-00-24
F0-20-00-00-2D-27-60-0A-47-11-00-00-00-00-00-00-87-65-01-01-A4-84-00-76-00-00-00-00-02-00-00-00-4B
F0-20-00-00-2D-27-60-0A-47-11-00-00-00-00-00-00-87-65-01-01-A4-84-00-76-00-00-00-00-02-00-00-00-4B
F0-20-00-00-15-27-5B-0A-42-11-00-00-00-00-00-00-87-65-01-01-A4-84-00-76-00-00-00-00-02-00-00-00-6D
F0-20-00-00-45-27-65-0A-47-11-00-00-00-00-00-00-87-65-01-01-A4-84-00-77-00-00-00-00-01-00-00-00-2E
F0-20-00-00-15-27-5B-0A-47-11-00-00-00-00-00-00-87-65-01-01-A4-84-00-76-00-00-00-00-02-00-00-00-68
F0-20-00-00-15-27-5B-0A-47-11-00-00-00-00-00-00-87-65-01-01-A4-84-00-76-00-00-00-00-01-00-00-00-69
F0-20-00-00-2D-27-60-0A-47-11-00-00-00-00-00-00-87-65-01-01-A4-84-00-76-00-00-00-00-02-00-00-00-4B
F0-20-00-00-45-27-65-0A-A6-10-00-00-00-00-00-00-87-65-01-01-A4-84-00-77-00-00-00-00-03-00-00-00-CE
F0-20-00-00-15-27-5B-0A-19-02-00-00-00-00-00-00-87-65-01-01-A4-84-00-76-00-00-00-00-01-00-00-00-A6
F0-20-00-00-15-27-5B-0A-E3-01-00-00-00-00-00-00-87-65-01-01-A4-84-00-76-00-00-00-00-02-00-00-00-DC
F0-20-00-00-45-27-65-0A-E3-01-00-00-00-00-00-00-87-65-01-01-A4-84-00-76-00-00-00-00-02-00-00-00-A2
F0-20-00-00-45-27-65-0A-E8-01-00-00-00-00-00-00-87-65-01-01-A4-84-00-76-00-00-00-00-02-00-00-00-9D
F0-20-00-00-15-27-5B-0A-E3-01-00-00-00-00-00-00-87-65-01-01-A4-84-00-76-00-00-00-00-02-00-00-00-DC
F0-20-00-00-FD-26-56-0A-F2-01-00-00-00-00-00-00-87-65-01-01-A4-84-00-76-00-00-00-00-01-00-00-00-EC
F0-20-00-00-15-27-5B-0A-E3-01-00-00-00-00-00-00-87-65-01-01-A4-84-00-76-00-00-00-00-02-00-00-00-DC
F0-20-00-00-15-27-5B-0A-E8-01-00-00-00-00-00-00-87-65-01-01-A4-84-00-76-00-00-00-00-02-00-00-00-D7
F0-20-00-00-15-27-5B-0A-E3-01-00-00-00-00-00-00-87-65-01-01-A4-84-00-76-00-00-00-00-02-00-00-00-DC
F0-20-00-00-15-27-5B-0A-E8-01-00-00-00-00-00-00-87-65-01-01-A4-84-00-76-00-00-00-00-02-00-00-00-D7
F0-20-00-00-15-27-5B-0A-6D-0D-00-00-00-00-00-00-87-65-01-01-A4-84-00-76-00-00-00-00-01-00-00-00-47
F0-20-00-00-15-27-5B-0A-47-11-00-00-00-00-00-00-87-65-01-01-A4-84-00-76-00-00-00-00-01-00-00-00-69
F0-20-00-00-15-27-5B-0A-47-11-00-00-00-00-00-00-87-65-01-01-A4-84-00-76-00-00-00-00-02-00-00-00-68
F0-20-00-00-15-27-5B-0A-4C-11-00-00-00-00-00-00-87-65-01-01-A4-84-00-76-00-00-00-00-02-00-00-00-63
F0-20-00-00-15-27-5B-0A-47-11-00-00-00-00-00-00-87-65-01-01-A4-84-00-77-00-00-00-00-03-00-00-00-66
F0-20-00-00-15-27-5B-0A-47-11-00-00-00-00-00-00-87-65-01-01-A4-84-00-76-00-00-00-00-02-00-00-00-68
F0-20-00-00-2D-27-60-0A-47-11-00-00-00-00-00-00-87-65-01-01-A4-84-00-77-00-00-00-00-02-00-00-00-4A
F0-20-00-00-2D-27-60-0A-4C-11-00-00-00-00-00-00-87-65-01-01-A4-84-00-76-00-00-00-00-02-00-00-00-46
F0-20-00-00-2D-27-60-0A-47-11-00-00-00-00-00-00-87-65-01-01-A4-84-00-76-00-00-00-00-02-00-00-00-4B
F0-20-00-00-2D-27-60-0A-47-11-00-00-00-00-00-00-87-65-01-01-A4-84-00-76-00-00-00-00-02-00-00-00-4B
F0-20-00-00-2D-27-60-0A-47-11-00-00-00-00-00-00-87-65-01-01-A4-84-00-76-00-00-00-00-02-00-00-00-4B
F0-20-00-00-45-27-65-0A-47-11-00-00-00-00-00-00-87-65-01-01-A4-84-00-76-00-00-00-00-02-00-00-00-2E
F0-20-00-00-15-27-5B-0A-51-11-00-00-00-00-00-00-87-65-01-01-A4-84-00-76-00-00-00-00-02-00-00-00-5E
F0-20-00-00-2D-27-60-0A-47-11-00-00-00-00-00-00-87-65-01-01-A4-84-00-76-00-00-00-00-02-00-00-00-4B
F0-20-00-00-45-27-65-0A-47-11-00-00-00-00-00-00-87-65-01-01-A4-84-00-76-00-00-00-00-04-00-00-00-2C
F0-20-00-00-45-27-65-0A-47-11-00-00-00-00-00-00-87-65-01-01-A4-84-00-76-00-00-00-00-04-00-00-00-2C
F0-20-00-00-45-27-65-0A-42-11-00-00-00-00-00-00-87-65-01-01-A4-84-00-76-00-00-00-00-05-00-00-00-30
F0-20-00-00-45-27-65-0A-4C-11-00-00-00-00-00-00-87-65-01-01-A4-84-00-76-00-00-00-00-04-00-00-00-27
F0-20-00-00-2D-27-60-0A-47-11-00-00-00-00-00-00-87-65-01-01-A4-84-00-76-00-00-00-00-05-00-00-00-48
F0-20-00-00-2D-27-60-0A-47-11-00-00-00-00-00-00-87-65-01-01-A4-84-00-76-00-00-00-00-06-00-00-00-47
F0-20-00-00-5D-27-69-0A-4C-11-00-00-00-00-00-00-87-65-01-01-A4-84-00-76-00-00-00-00-07-00-00-00-08
F0-20-00-00-5D-27-69-0A-42-11-00-00-00-00-00-00-87-65-01-01-A4-84-00-76-00-00-00-00-06-00-00-00-13
F0-20-00-00-5D-27-69-0A-4C-11-00-00-00-00-00-00-87-65-01-01-A4-84-00-76-00-00-00-00-06-00-00-00-09
F0-20-00-00-45-27-65-0A-4C-11-00-00-00-00-00-00-87-65-01-01-A4-84-00-76-00-00-00-00-07-00-00-00-24
F0-20-00-00-2D-27-60-0A-4C-11-00-00-00-00-00-00-87-65-01-01-A4-84-00-76-00-00-00-00-06-00-00-00-42
F0-20-00-00-2D-27-60-0A-4C-11-00-00-00-00-00-00-87-65-01-01-A4-84-00-76-00-00-00-00-06-00-00-00-42
F0-20-00-00-5D-27-69-0A-42-11-00-00-00-00-00-00-87-65-01-01-A4-84-00-76-00-00-00-00-07-00-00-00-12
F0-20-00-00-5D-27-69-0A-25-11-00-00-00-00-00-00-87-65-01-01-A4-84-00-76-00-00-00-00-06-00-00-00-30
F0-20-00-00-5D-27-69-0A-8E-09-00-00-00-00-00-00-87-65-01-01-A4-84-00-76-00-00-00-00-06-00-00-00-CF
F0-20-00-00-5D-27-69-0A-A8-06-00-00-00-00-00-00-87-65-01-01-A4-84-00-76-00-00-00-00-07-00-00-00-B7
F0-20-00-00-5D-27-69-0A-B1-04-00-00-00-00-00-00-87-65-01-01-A4-84-00-76-00-00-00-00-06-00-00-00-B1
F0-20-00-00-2D-27-60-0A-00-02-00-00-00-00-00-00-87-65-01-01-A4-84-00-76-00-00-00-00-06-00-00-00-9D
F0-20-00-00-2D-27-60-0A-F6-01-00-00-00-00-00-00-87-65-01-01-A4-84-00-76-00-00-00-00-07-00-00-00-A7
F0-20-00-00-45-27-65-0A-F2-01-00-00-00-00-00-00-87-65-01-01-A4-84-00-76-00-00-00-00-07-00-00-00-8E
F0-20-00-00-45-27-65-0A-F2-01-00-00-00-00-00-00-87-65-01-01-A4-84-00-76-00-00-00-00-06-00-00-00-8F
F0-20-00-00-45-27-65-0A-F6-01-00-00-00-00-00-00-87-65-01-01-A4-84-00-76-00-00-00-00-07-00-00-00-8A
F0-20-00-00-2D-27-60-0A-ED-01-00-00-00-00-00-00-87-65-01-01-A4-84-00-76-00-00-00-00-06-00-00-00-B1
F0-20-00-00-45-27-65-0A-F6-01-00-00-00-00-00-00-87-65-01-01-A4-84-00-76-00-00-00-00-07-00-00-00-8A
F0-20-00-00-2D-27-60-0A-F2-01-00-00-00-00-00-00-87-65-01-01-A4-84-00-76-00-00-00-00-06-00-00-00-AC
F0-20-00-00-45-27-65-0A-F2-01-00-00-00-00-00-00-87-65-01-01-A4-84-00-76-00-00-00-00-07-00-00-00-8E
F0-20-00-00-5D-27-69-0A-FB-01-00-00-00-00-00-00-87-65-01-01-A4-84-00-76-00-00-00-00-07-00-00-00-69
