F0-20-43-03-E5-17-75-07-DE-01-ED-02-04-01-16-00-00-00-00-00-00-00-00-00-00-00-00-00-00-00-00-00-00
07-6C-0E-01-01-A5-77-06-8D-00-00-6D-00-00-00-00-00-A9-00-00-00-00-00-00-00-00-00-00-00-00-00-00-00
F0-20-50-03-1D-18-83-07-DE-01-F1-02-04-01-15-06-6C-0E-01-01-A5-77-03-8D-00-00-6E-00-00-00-00-00-55
F0-20-47-03-25-18-83-07-DE-01-F1-02-04-01-16-07-6C-0E-01-01-A5-77-01-8D-00-00-6E-00-00-00-00-00-56
F0-20-66-03-0D-18-7D-07-DE-01-F1-02-04-01-14-05-6C-0E-01-01-A5-77-03-8D-00-00-6E-00-00-00-00-00-57
F0-20-67-03-ED-17-7A-07-DE-01-F1-02-04-01-13-04-6C-0E-01-01-A5-77-03-8D-00-00-6E-00-00-00-00-00-7C
F0-20-6E-03-BD-17-71-07-DE-01-EF-02-04-01-13-04-6C-0E-01-01-A5-77-04-8D-00-00-6E-00-00-00-00-00-AF
F0-20-6C-03-85-17-6A-07-E3-01-ED-02-04-01-13-04-6C-0E-01-01-A5-77-04-8D-00-00-6D-00-00-00-00-00-EE
F0-20-6D-03-7D-17-65-07-DE-01-EB-02-04-01-13-04-6C-0E-01-01-A5-77-03-8D-00-00-6D-00-00-00-00-00-02
F0-20-50-03-85-17-63-07-DE-01-E9-02-04-01-15-06-6C-0E-01-01-A5-77-01-8D-00-00-6D-00-00-00-00-00-19
F0-20-2D-03-9D-17-6B-07-DE-01-E9-02-04-01-18-09-6C-0E-01-01-A5-77-03-8D-00-00-6D-00-00-00-00-00-14
F0-20-1E-03-BD-17-7E-07-DE-01-E9-02-04-01-1A-0B-6C-0E-01-01-A5-77-06-8D-00-00-6D-00-00-00-00-00-E9
F0-20-2C-03-55-18-96-07-E3-01-ED-02-04-01-18-09-6C-0E-01-01-A5-77-04-8D-00-00-6E-00-00-00-00-00-26
F0-20-65-03-45-18-8C-07-E3-01-F5-02-04-01-14-05-6C-0E-01-01-A5-77-03-8D-00-00-6E-00-00-00-00-00-08
F0-20-8D-03-DD-17-75-07-DE-01-F5-02-04-01-10-01-6C-0E-01-01-A5-77-05-8D-00-00-6E-00-00-00-00-00-6B
F0-20-87-03-7D-17-64-07-E3-01-EF-02-04-01-10-01-6C-0E-01-01-A5-77-04-8D-00-00-6D-00-00-00-00-00-E5
F0-20-7E-03-45-17-5B-07-DE-01-E7-02-04-01-11-02-6C-0E-01-01-A5-77-04-8D-00-00-6D-00-00-00-00-00-3A
F0-20-5D-03-3D-17-58-07-DE-01-D9-02-04-01-14-05-6C-0E-01-01-A5-77-01-8D-00-00-6D-00-00-00-00-00-71
F0-20-4C-03-85-17-68-07-DE-01-D9-02-04-01-15-06-6C-0E-01-01-A5-77-04-8D-00-00-6D-00-00-00-00-00-25
F0-20-5D-03-DD-17-76-07-DE-01-E9-02-04-01-14-05-6C-0E-01-01-A5-77-05-8D-00-00-6D-00-00-00-00-00-9F
F0-20-6C-03-B5-17-70-07-DE-01-ED-02-04-01-13-04-6C-0E-01-01-A5-77-04-8D-00-00-6D-00-00-00-00-00-BD
F0-20-72-03-6D-17-65-07-DE-01-ED-02-04-01-12-03-6C-0E-01-01-A5-77-04-8D-00-00-6D-00-00-00-00-00-0C
F0-20-6E-03-75-17-60-07-DE-01-EB-02-04-01-13-04-6C-0E-01-01-A5-77-05-8D-00-00-6D-00-00-00-00-00-0C
F0-20-4D-03-5D-17-60-07-DE-01-E3-02-04-01-15-06-6C-0E-01-01-A5-77-03-8D-00-00-6D-00-00-00-00-00-4B
F0-20-3A-03-C5-17-72-07-DE-01-E9-02-04-01-18-09-6C-0E-01-01-A5-77-05-8D-00-00-6D-00-00-00-00-00-D6
F0-20-3E-03-FD-17-83-07-DE-01-EF-02-04-01-16-07-6C-0E-01-01-A5-77-01-8D-00-00-6D-00-00-00-00-00-8B
F0-20-5E-03-45-18-86-07-DE-01-F3-02-04-01-14-05-6C-0E-01-01-A5-77-04-8D-00-00-6D-00-00-00-00-00-1C
F0-20-8E-03-F5-17-75-07-DE-01-F1-02-04-01-10-01-6C-0E-01-01-A5-77-04-8C-00-00-6D-00-00-00-00-00-59
F0-20-68-03-9D-17-68-07-DE-01-F1-02-04-01-13-04-6C-0E-01-01-A5-77-03-8D-00-00-6D-00-00-00-00-00-DE
F0-20-59-03-8D-17-6F-07-DE-01-EB-02-04-01-14-05-6C-0E-01-01-A5-77-04-8D-00-00-6D-00-00-00-00-00-F9
F0-20-50-03-BD-17-72-07-DE-01-ED-02-04-01-15-06-6C-0E-01-01-A5-77-03-8D-00-00-6D-00-00-00-00-00-CC
F0-20-4D-03-CD-17-76-07-DE-01-ED-02-04-01-15-06-6C-0E-01-01-A5-77-05-8D-00-00-6E-00-00-00-00-00-B8
F0-20-73-03-05-18-7F-07-DE-01-EF-02-04-01-12-03-6C-0E-01-01-A5-77-04-8D-00-00-6E-00-00-00-00-00-55
F0-20-6B-03-AD-17-6E-07-DE-01-F1-02-04-01-13-04-6C-0E-01-01-A5-77-04-8D-00-00-6D-00-00-00-00-00-C4
F0-20-85-03-75-17-64-07-E3-01-EF-02-04-01-11-02-6C-0E-01-01-A5-77-04-8D-00-00-6D-00-00-00-00-00-ED
F0-20-8A-03-7D-17-5D-07-E3-01-EB-02-04-01-10-01-6C-0E-01-01-A5-77-01-8D-00-00-6D-00-00-00-00-00-F0
F0-20-78-03-2D-17-51-07-E3-01-D5-02-04-01-12-03-6C-0E-01-01-A5-77-05-8D-00-00-6C-00-00-00-00-00-6D
F0-20-5A-03-1D-17-57-07-DE-01-D1-02-04-01-14-05-6C-0E-01-01-A5-77-05-8D-00-00-6C-00-00-00-00-00-9A
F0-20-51-03-85-17-68-07-E3-01-D1-02-04-01-15-06-6C-0E-01-01-A5-77-04-8D-00-00-6C-00-00-00-00-00-24
F0-20-69-03-CD-17-75-07-DE-01-E9-02-04-01-13-04-6C-0E-01-01-A5-77-04-8D-00-00-6C-00-00-00-00-00-A8
F0-20-75-03-9D-17-6C-07-DE-01-ED-02-04-01-12-03-6C-0E-01-01-A5-77-04-8D-00-00-6C-00-00-00-00-00-D3
F0-20-7D-03-55-17-5F-07-DE-01-ED-02-04-01-11-02-6C-0E-01-01-A5-77-04-8D-00-00-6C-00-00-00-00-00-22
F0-20-72-03-45-17-58-07-DE-01-E5-02-04-01-12-03-6C-0E-01-01-A5-77-03-8D-00-00-6C-00-00-00-00-00-4B
F0-20-57-03-35-17-58-07-DE-01-DB-02-04-01-14-05-6C-0E-01-01-A5-77-04-8D-00-00-6C-00-00-00-00-00-7B
F0-20-37-03-9D-17-6A-07-DE-01-E3-02-04-01-17-08-6C-0E-01-01-A5-77-04-8D-00-00-6C-00-00-00-00-00-13
F0-20-3D-03-E5-17-7E-07-DE-01-ED-02-04-01-17-08-6C-0E-01-01-A5-77-01-8D-00-00-6C-00-00-00-00-00-AA
F0-20-62-03-25-18-82-07-E3-01-F3-02-04-01-14-05-6C-0E-01-01-A5-77-04-8D-00-00-6C-00-00-00-00-00-38
F0-20-92-03-DD-17-6E-07-DE-01-EF-02-04-01-0F-00-6C-0E-01-01-A5-77-04-8D-00-00-6C-00-00-00-00-00-78
F0-20-85-03-75-17-61-07-DE-01-EB-02-04-01-10-01-6C-0E-01-01-A5-77-03-8D-00-00-6C-00-00-00-00-00-FD
F0-20-6C-03-35-17-53-07-DE-01-D7-02-04-01-13-04-6C-0E-01-01-A5-77-04-8D-00-00-6B-00-00-00-00-00-72
F0-20-50-03-3D-17-59-07-DE-01-D7-02-04-01-15-06-6C-0E-01-01-A5-77-04-8D-00-00-6B-00-00-00-00-00-7C
F0-20-4F-03-5D-17-6B-07-DE-01-D9-02-04-01-15-06-6C-0E-01-01-A5-77-04-8D-00-00-6B-00-00-00-00-00-49
F0-20-52-03-BD-17-79-07-DE-01-EB-02-04-01-14-05-6C-0E-01-01-A5-77-03-8D-00-00-6B-00-00-00-00-00-C9
F0-20-7A-03-AD-17-6D-07-DE-01-EF-02-04-01-12-03-6C-0E-01-01-A5-77-03-8D-00-00-6B-00-00-00-00-00-BD
F0-20-7B-03-5D-17-60-07-DE-01-ED-02-04-01-11-02-6C-0E-01-01-A5-77-05-8D-00-00-6B-00-00-00-00-00-1B
F0-20-69-03-65-17-5E-07-DE-01-E5-02-04-01-13-04-6C-0E-01-01-A5-77-01-8D-00-00-6B-00-00-00-00-00-2F
F0-20-4B-03-55-17-5E-07-DE-01-DF-02-04-01-15-06-6C-0E-01-01-A5-77-04-8D-00-00-6B-00-00-00-00-00-5C
F0-20-4B-03-55-17-64-07-DE-01-DF-02-04-01-15-06-6C-0E-01-01-A5-77-04-8D-00-00-6B-00-00-00-00-00-56
F0-20-44-03-BD-17-79-07-DE-01-E9-02-04-01-16-07-6C-0E-01-01-A5-77-04-8D-00-00-6B-00-00-00-00-00-D4
F0-20-69-03-D5-17-77-07-DE-01-EF-02-04-01-13-04-6C-0E-01-01-A5-77-05-8D-00-00-6B-00-00-00-00-00-98
F0-20-8E-03-9D-17-6A-07-DE-01-EF-02-04-01-10-01-6C-0E-01-01-A5-77-03-8D-00-00-6B-00-00-00-00-00-C0
F0-20-94-03-8D-17-58-07-DE-01-EB-02-04-01-0F-00-6C-0E-01-01-A5-77-01-8D-00-00-6B-00-00-00-00-00-E4
F0-20-58-03-3D-17-58-07-DE-01-D9-02-04-01-14-05-6C-0E-01-01-A5-77-05-8D-00-00-6B-00-00-00-00-00-74
F0-20-29-03-9D-17-6B-07-DE-01-D9-02-04-01-18-09-6C-0E-01-01-A5-77-04-8D-00-00-6B-00-00-00-00-00-29
F0-20-33-03-A5-17-74-07-DE-01-E9-02-04-01-18-09-6C-0E-01-01-A5-77-04-8D-00-00-6B-00-00-00-00-00-FE
F0-20-53-03-15-18-85-07-DE-01-ED-02-04-01-14-05-6C-0E-01-01-A5-77-04-8D-00-00-6C-00-00-00-00-00-5F
F0-20-6B-03-ED-17-7B-07-DE-01-F3-02-04-01-13-04-6C-0E-01-01-A5-77-04-8D-00-00-6C-00-00-00-00-00-76
F0-20-73-03-8D-17-68-07-DE-01-F1-02-04-01-12-03-6C-0E-01-01-A5-77-03-8D-00-00-6B-00-00-00-00-00-E7
F0-20-6A-03-9D-17-65-07-DE-01-EB-02-04-01-13-04-6C-0E-01-01-A5-77-01-8D-00-00-6B-00-00-00-00-00-E9
F0-20-56-03-8D-17-6B-07-DE-01-E9-02-04-01-14-05-6C-0E-01-01-A5-77-04-8D-00-00-6B-00-00-00-00-00-04
F0-20-50-03-8D-17-68-07-DE-01-E9-02-04-01-15-06-6C-0E-01-01-A5-77-05-8C-00-00-6B-00-00-00-00-00-0B
F0-20-49-03-9D-17-6B-07-DE-01-E9-02-04-01-15-06-6C-0E-01-01-A5-77-03-8D-00-00-6B-00-00-00-00-00-00
F0-20-39-03-9D-17-71-07-E3-01-EB-02-04-01-17-08-6C-0E-01-01-A5-77-05-8D-00-00-6B-00-00-00-00-00-FD
F0-20-47-03-D5-17-7A-07-DE-01-ED-02-04-01-16-07-6C-0E-01-01-A5-77-04-8D-00-00-6C-00-00-00-00-00-B3
F0-20-53-03-CD-17-75-07-E3-01-EF-02-04-01-14-05-6C-0E-01-01-A5-77-04-8D-00-00-6C-00-00-00-00-00-B1
F0-20-5C-03-E5-17-75-07-DE-01-EF-02-04-01-14-05-6C-0E-01-01-A5-77-01-8D-00-00-6C-00-00-00-00-00-98
F0-20-4F-03-D5-17-75-07-DE-01-ED-02-04-01-15-06-6C-0E-01-01-A5-77-04-8D-00-00-6C-00-00-00-00-00-B2
F0-20-35-03-CD-17-72-07-DE-01-ED-02-04-01-17-08-6C-0E-01-01-A5-77-04-8D-00-00-6C-00-00-00-00-00-D3
F0-20-3A-03-BD-17-72-07-DE-01-EB-02-04-01-17-08-6C-0E-01-01-A5-77-04-8D-00-00-6C-00-00-00-00-00-E0
F0-20-16-03-1D-18-86-07-E3-01-ED-02-04-01-1A-0B-6C-0E-01-01-A5-77-04-8D-00-00-6C-00-00-00-00-00-82
F0-20-2C-03-5D-18-8F-07-DE-01-F3-02-04-01-18-09-6C-0E-01-01-A5-77-01-8D-00-00-6D-00-00-00-00-00-28
F0-20-61-03-6D-18-8E-07-E3-01-F7-02-04-01-14-05-6C-0E-01-01-A5-77-05-8D-00-00-6D-00-00-00-00-00-DF
F0-20-71-03-25-18-82-07-DE-01-F7-02-04-01-12-03-6C-0E-01-01-A5-77-04-8D-00-00-6D-00-00-00-00-00-2D
F0-20-77-03-CD-17-74-07-E3-01-F3-02-04-01-12-03-6C-0E-01-01-A5-77-05-8D-00-00-6C-00-00-00-00-00-8D
F0-20-64-03-9D-17-6B-07-DE-01-ED-02-04-01-14-05-6C-0E-01-01-A5-77-04-8C-00-00-6C-00-00-00-00-00-E2
F0-20-45-03-9D-17-6C-07-DE-01-EB-02-04-01-16-07-6C-0E-01-01-A5-77-01-8D-00-00-6C-00-00-00-00-00-00
F0-20-2A-03-D5-17-76-07-DE-01-EB-02-04-01-18-09-6C-0E-01-01-A5-77-04-8D-00-00-6C-00-00-00-00-00-D2
F0-20-2B-03-45-18-8B-07-E3-01-ED-02-04-01-19-0A-6C-0E-01-01-A5-77-04-8D-00-00-6C-00-00-00-00-00-42
F0-20-30-03-3D-18-91-07-E3-01-F1-02-04-01-18-09-6C-0E-01-01-A5-77-04-8D-00-00-6D-00-00-00-00-00-3C
F0-20-56-03-35-18-87-07-DE-01-F5-02-04-01-14-05-6C-0E-01-01-A5-77-04-8D-00-00-6D-00-00-00-00-00-31
F0-20-66-03-35-18-80-07-DE-01-F3-02-04-01-14-05-6C-0E-01-01-A5-77-01-8D-00-00-6D-00-00-00-00-00-2D
F0-20-60-03-F5-17-7A-07-DE-01-EF-02-04-01-14-05-6C-0E-01-01-A5-77-04-8D-00-00-6D-00-00-00-00-00-7B
F0-20-5D-03-C5-17-71-07-DE-01-EF-02-04-01-14-05-6C-0E-01-01-A5-77-05-8D-00-00-6D-00-00-00-00-00-B6
F0-20-63-03-A5-17-6C-07-DE-01-ED-02-04-01-14-05-6C-0E-01-01-A5-77-05-8D-00-00-6D-00-00-00-00-00-D7
F0-20-44-03-AD-17-72-07-DE-01-EB-02-04-01-16-07-6C-0E-01-01-A5-77-05-8D-00-00-6D-00-00-00-00-00-E6
F0-20-58-03-CD-17-77-07-E3-01-EF-02-04-01-14-05-6C-0E-01-01-A5-77-05-8D-00-00-6D-00-00-00-00-00-A8
F0-20-75-03-BD-17-71-07-DE-01-EF-02-04-01-12-03-6C-0E-01-01-A5-77-04-8D-00-00-6D-00-00-00-00-00-AB
F0-20-79-03-BD-17-6C-07-DE-01-ED-02-04-01-12-03-6C-0E-01-01-A5-77-01-8D-00-00-6C-00-00-00-00-00-B2
F0-20-45-03-9D-17-69-07-DE-01-ED-02-04-01-16-07-6C-0E-01-01-A5-77-04-8C-00-00-6C-00-00-00-00-00-FF
F0-20-3B-03-9D-17-6D-07-DE-01-EB-02-04-01-17-08-6C-0E-01-01-A5-77-04-8D-00-00-6C-00-00-00-00-00-04
F0-20-36-03-C5-17-73-07-DE-01-EB-02-04-01-17-08-6C-0E-01-01-A5-77-05-8D-00-00-6D-00-00-00-00-00-D9
F0-20-36-03-05-18-7E-07-DE-01-EB-02-04-01-17-08-6C-0E-01-01-A5-77-04-8D-00-00-6D-00-00-00-00-00-8E
F0-20-48-03-35-18-88-07-DE-01-F3-02-04-01-15-06-6C-0E-01-01-A5-77-01-8D-00-00-6D-00-00-00-00-00-41
F0-20-56-03-5D-18-8D-07-E3-01-F3-02-04-01-14-05-6C-0E-01-01-A5-77-04-8D-00-00-6E-00-00-00-00-00-FF
F0-20-80-03-1D-18-83-07-DE-01-F5-02-04-01-11-02-6C-0E-01-01-A5-77-05-8D-00-00-6E-00-00-00-00-00-27
F0-20-74-03-BD-17-6F-07-DE-01-F3-02-04-01-12-03-6C-0E-01-01-A5-77-05-8D-00-00-6D-00-00-00-00-00-A9
F0-20-6D-03-AD-17-6E-07-DE-01-ED-02-04-01-13-04-6C-0E-01-01-A5-77-04-8D-00-00-6D-00-00-00-00-00-C6
F0-20-5B-03-95-17-69-07-DE-01-ED-02-04-01-14-05-6C-0E-01-01-A5-77-03-8D-00-00-6D-00-00-00-00-00-F4
F0-20-3E-03-B5-17-71-07-DE-01-EB-02-04-01-16-07-6C-0E-01-01-A5-77-01-8D-00-00-6D-00-00-00-00-00-E9
F0-20-57-03-F5-17-7A-07-DE-01-EB-02-04-01-14-05-6C-0E-01-01-A5-77-04-8D-00-00-6E-00-00-00-00-00-87
F0-20-61-03-05-18-7F-07-DE-01-EF-02-04-01-14-05-6C-0E-01-01-A5-77-04-8D-00-00-6E-00-00-00-00-00-63
F0-20-69-03-CD-17-75-07-DE-01-F1-02-04-01-13-04-6C-0E-01-01-A5-77-03-8D-00-00-6E-00-00-00-00-00-9F
F0-20-67-03-8D-17-68-07-DE-01-EF-02-04-01-13-04-6C-0E-01-01-A5-77-03-8D-00-00-6D-00-00-00-00-00-F1
F0-20-61-03-85-17-67-07-DE-01-EB-02-04-01-14-05-6C-0E-01-01-A5-77-04-8D-00-00-6D-00-00-00-00-00-01
F0-20-4E-03-9D-17-69-07-DE-01-EB-02-04-01-15-06-6C-0E-01-01-A5-77-01-8D-00-00-6D-00-00-00-00-00-FB
F0-20-38-03-B5-17-70-07-DE-01-EB-02-04-01-17-08-6C-0E-01-01-A5-77-05-8D-00-00-6E-00-00-00-00-00-E9
F0-20-51-03-E5-17-79-07-E3-01-EB-02-04-01-15-06-6C-0E-01-01-A5-77-04-8D-00-00-6E-00-00-00-00-00-97
F0-20-5A-03-DD-17-7A-07-DE-01-EF-02-04-01-14-05-6C-0E-01-01-A5-77-05-8D-00-00-6E-00-00-00-00-00-97
F0-20-78-03-BD-17-72-07-DE-01-EF-02-04-01-12-03-6C-0E-01-01-A5-77-04-8D-00-00-6E-00-00-00-00-00-A6
F0-20-7A-03-BD-17-68-07-DE-01-ED-02-04-01-12-03-6C-0E-01-01-A5-77-01-8D-00-00-6E-00-00-00-00-00-B3
F0-20-54-03-A5-17-6D-07-E3-01-EB-02-04-01-14-05-6C-0E-01-01-A5-77-04-8D-00-00-6E-00-00-00-00-00-E2
F0-20-4B-03-AD-17-6D-07-E3-01-EB-02-04-01-15-06-6C-0E-01-01-A5-77-04-8D-00-00-6E-00-00-00-00-00-E1
F0-20-39-03-C5-17-72-07-DE-01-EB-02-04-01-17-08-6C-0E-01-01-A5-77-04-8D-00-00-6E-00-00-00-00-00-D7
F0-20-46-03-CD-17-79-07-E3-01-ED-02-04-01-16-07-6C-0E-01-01-A5-77-04-8D-00-00-6E-00-00-00-00-00-B6
F0-20-65-03-D5-17-78-07-DE-01-EF-02-04-01-14-05-6C-0E-01-01-A5-77-04-8D-00-00-6E-00-00-00-00-00-97
F0-20-48-03-B5-17-71-07-DE-01-ED-02-04-01-15-06-6C-0E-01-01-A5-77-04-8D-00-00-6E-00-00-00-00-00-DB
F0-20-45-03-D5-17-73-07-DE-01-ED-02-04-01-16-07-6C-0E-01-01-A5-77-01-8D-00-00-6E-00-00-00-00-00-BD
F0-20-3B-03-F5-17-7C-07-DE-01-EF-02-04-01-17-08-6C-0E-01-01-A5-77-04-8D-00-00-6F-00-00-00-00-00-96
F0-20-3C-03-15-18-81-07-DE-01-EF-02-04-01-17-08-6C-0E-01-01-A5-77-05-8D-00-00-6F-00-00-00-00-00-6E
F0-20-40-03-15-18-82-07-DE-01-EF-02-04-01-16-07-6C-0E-01-01-A5-77-04-8D-00-00-6F-00-00-00-00-00-6C
F0-20-42-03-05-18-84-07-E3-01-EF-02-04-01-16-07-6C-0E-01-01-A5-77-05-8D-00-00-70-00-00-00-00-00-71
F0-20-4E-03-15-18-82-07-DE-01-F3-02-04-01-15-06-6C-0E-01-01-A5-77-03-8D-00-00-70-00-00-00-00-00-5C
F0-20-44-03-FD-17-7D-07-DE-01-F1-02-04-01-16-07-6C-0E-01-01-A5-77-04-8D-00-00-70-00-00-00-00-00-83
F0-20-4B-03-25-18-80-07-DE-01-F1-02-04-01-15-06-6C-0E-01-01-A5-77-01-8D-00-00-70-00-00-00-00-00-55
F0-20-66-03-2D-18-84-07-DE-01-F1-02-04-01-14-05-6C-0E-01-01-A5-77-04-8D-00-00-70-00-00-00-00-00-2D
F0-20-61-03-DD-17-77-07-E3-01-F3-02-04-01-14-05-6C-0E-01-01-A5-77-05-8D-00-00-70-00-00-00-00-00-88
F0-20-6B-03-B5-17-70-07-DE-01-ED-02-04-01-13-04-6C-0E-01-01-A5-77-05-8D-00-00-70-00-00-00-00-00-BA
F0-20-43-03-AD-17-6F-07-E3-01-EB-02-04-01-16-07-6C-0E-01-01-A5-77-04-8D-00-00-70-00-00-00-00-00-E3
F0-20-40-03-E5-17-7E-07-E3-01-ED-02-04-01-16-07-6C-0E-01-01-A5-77-01-8D-00-00-70-00-00-00-00-00-A0
F0-20-48-03-15-18-7E-07-DE-01-F1-02-04-01-15-06-6C-0E-01-01-A5-77-03-8D-00-00-71-00-00-00-00-00-67
F0-20-6F-03-15-18-7E-07-E3-01-F1-02-04-01-13-04-6C-0E-01-01-A5-77-04-8D-00-00-71-00-00-00-00-00-3E
F0-20-83-03-DD-17-76-07-DE-01-F3-02-04-01-11-02-6C-0E-01-01-A5-77-04-8D-00-00-70-00-00-00-00-00-73
F0-20-7A-03-85-17-64-07-DE-01-EF-02-04-01-12-03-6C-0E-01-01-A5-77-04-8D-00-00-70-00-00-00-00-00-E8
F0-20-5F-03-6D-17-61-07-DE-01-EB-02-04-01-14-05-6C-0E-01-01-A5-77-04-8D-00-00-70-00-00-00-00-00-1E
F0-20-39-03-85-17-6A-07-E3-01-E9-02-04-01-17-08-6C-0E-01-01-A5-77-04-8D-00-00-70-00-00-00-00-00-1A
F0-20-4C-03-F5-17-7B-07-DE-01-ED-02-04-01-15-06-6C-0E-01-01-A5-77-04-8D-00-00-70-00-00-00-00-00-8B
F0-20-5F-03-15-18-7B-07-DE-01-F1-02-04-01-14-05-6C-0E-01-01-A5-77-01-8D-00-00-70-00-00-00-00-00-58
F0-20-91-03-E5-17-68-07-DE-01-F1-02-04-01-0F-00-6C-0E-01-01-A5-77-04-8D-00-00-70-00-00-00-00-00-71
F0-20-64-03-85-17-65-07-DE-01-F1-02-04-01-14-05-6C-0E-01-01-A5-77-05-8D-00-00-70-00-00-00-00-00-F6
F0-20-54-03-B5-17-6F-07-DE-01-EB-02-04-01-14-05-6C-0E-01-01-A5-77-05-8D-00-00-70-00-00-00-00-00-D2
F0-20-59-03-A5-17-6D-07-DE-01-ED-02-04-01-14-05-6C-0E-01-01-A5-77-04-8C-00-00-70-00-00-00-00-00-DF
F0-20-5A-03-BD-17-73-07-DE-01-ED-02-04-01-14-05-6C-0E-01-01-A5-77-04-8D-00-00-70-00-00-00-00-00-BF
F0-20-71-03-B5-17-6F-07-DE-01-EF-02-04-01-12-03-6C-0E-01-01-A5-77-05-8D-00-00-70-00-00-00-00-00-B5
F0-20-71-03-BD-17-68-07-E3-01-ED-02-04-01-12-03-6C-0E-01-01-A5-77-01-8D-00-00-70-00-00-00-00-00-B5
F0-20-77-03-A5-17-68-07-E3-01-ED-02-04-01-12-03-6C-0E-01-01-A5-77-05-8D-00-00-70-00-00-00-00-00-C3
F0-20-5F-03-7D-17-64-07-DE-01-ED-02-04-01-14-05-6C-0E-01-01-A5-77-06-8D-00-00-70-00-00-00-00-00-07
F0-20-5C-03-6D-17-62-07-E3-01-E9-02-04-01-14-05-6C-0E-01-01-A5-77-04-8D-00-00-70-00-00-00-00-00-1D
F0-20-58-03-85-17-66-07-DE-01-E9-02-04-01-14-05-6C-0E-01-01-A5-77-04-8D-00-00-70-00-00-00-00-00-0A
F0-20-43-03-A5-17-6D-07-E3-01-EB-02-04-01-16-07-6C-0E-01-01-A5-77-01-8D-00-00-70-00-00-00-00-00-F0
F0-20-50-03-DD-17-77-07-DE-01-ED-02-04-01-15-06-6C-0E-01-01-A5-77-04-8D-00-00-70-00-00-00-00-00-A3
F0-20-69-03-DD-17-74-07-DE-01-ED-02-04-01-13-04-6C-0E-01-01-A5-77-04-8D-00-00-70-00-00-00-00-00-91
F0-20-6A-03-B5-17-6D-07-DE-01-EF-02-04-01-13-04-6C-0E-01-01-A5-77-04-8C-00-00-70-00-00-00-00-00-BE
F0-20-4B-03-85-17-6D-07-E3-01-ED-02-04-01-15-06-6C-0E-01-01-A5-77-05-8D-00-00-70-00-00-00-00-00-04
F0-20-48-03-B5-17-75-07-DE-01-EB-02-04-01-15-06-6C-0E-01-01-A5-77-04-8D-00-00-70-00-00-00-00-00-D7
F0-20-47-03-F5-17-7A-07-DE-01-EF-02-04-01-16-07-6C-0E-01-01-A5-77-04-8D-00-00-70-00-00-00-00-00-8D
F0-20-4C-03-0D-18-80-07-DE-01-EF-02-04-01-15-06-6C-0E-01-01-A5-77-03-8D-00-00-71-00-00-00-00-00-6B
F0-20-56-03-2D-18-83-07-DE-01-F3-02-04-01-14-05-6C-0E-01-01-A5-77-01-8D-00-00-71-00-00-00-00-00-3E
F0-20-67-03-25-18-7D-07-DE-01-F3-02-04-01-13-04-6C-0E-01-01-A5-77-05-8D-00-00-71-00-00-00-00-00-39
F0-20-86-03-ED-17-72-07-DE-01-F1-02-04-01-10-01-6C-0E-01-01-A5-77-04-8D-00-00-71-00-00-00-00-00-67
F0-20-77-03-9D-17-68-07-DE-01-EB-02-04-01-12-03-6C-0E-01-01-A5-77-04-8D-00-00-70-00-00-00-00-00-D3
F0-20-65-03-75-17-61-07-DE-01-EB-02-04-01-14-05-6C-0E-01-01-A5-77-05-8D-00-00-70-00-00-00-00-00-0F
F0-20-5D-03-75-17-63-07-DE-01-E9-02-04-01-14-05-6C-0E-01-01-A5-77-04-8D-00-00-70-00-00-00-00-00-18
F0-20-5C-03-6D-17-68-07-DE-01-E9-02-04-01-14-05-6C-0E-01-01-A5-77-05-8D-00-00-70-00-00-00-00-00-1B
F0-20-63-03-7D-17-68-07-DE-01-EB-02-04-01-14-05-6C-0E-01-01-A5-77-03-8C-00-00-70-00-00-00-00-00-05
F0-20-6A-03-75-17-63-07-E3-01-EB-02-04-01-13-04-6C-0E-01-01-A5-77-03-8D-00-00-70-00-00-00-00-00-07
F0-20-68-03-85-17-64-07-DE-01-EB-02-04-01-13-04-6C-0E-01-01-A5-77-01-8D-00-00-70-00-00-00-00-00-FF
F0-20-66-03-8D-17-66-07-DE-01-EB-02-04-01-14-05-6C-0E-01-01-A5-77-05-8D-00-00-6F-00-00-00-00-00-F2
F0-20-5B-03-7D-17-64-07-DE-01-EB-02-04-01-14-05-6C-0E-01-01-A5-77-04-8D-00-00-6F-00-00-00-00-00-10
F0-20-5F-03-6D-17-61-07-DE-01-E9-02-04-01-14-05-6C-0E-01-01-A5-77-05-8D-00-00-6F-00-00-00-00-00-20
F0-20-45-03-85-17-6A-07-E3-01-E9-02-04-01-16-07-6C-0E-01-01-A5-77-04-8D-00-00-70-00-00-00-00-00-10
F0-20-40-03-DD-17-76-07-E3-01-ED-02-04-01-16-07-6C-0E-01-01-A5-77-05-8D-00-00-70-00-00-00-00-00-AC
F0-20-44-03-05-18-7D-07-DE-01-EF-02-04-01-16-07-6C-0E-01-01-A5-77-01-8D-00-00-70-00-00-00-00-00-7F
F0-20-6B-03-05-18-76-07-DE-01-F1-02-04-01-13-04-6C-0E-01-01-A5-77-05-8D-00-00-70-00-00-00-00-00-5F
F0-20-61-03-D5-17-76-07-DE-01-ED-02-04-01-14-05-6C-0E-01-01-A5-77-05-8D-00-00-70-00-00-00-00-00-9C
F0-20-51-03-BD-17-6F-07-E3-01-ED-02-04-01-15-06-6C-0E-01-01-A5-77-05-8D-00-00-70-00-00-00-00-00-C4
F0-20-2B-03-BD-17-71-07-DE-01-ED-02-04-01-18-09-6C-0E-01-01-A5-77-04-8C-00-00-70-00-00-00-00-00-E9
F0-20-1D-03-CD-17-79-07-DE-01-EB-02-04-01-1A-0B-6C-0E-01-01-A5-77-04-8C-00-00-70-00-00-00-00-00-DD
F0-20-3B-03-55-18-8E-07-DE-01-EF-02-04-01-17-08-6C-0E-01-01-A5-77-04-8D-00-00-70-00-00-00-00-00-22
F0-20-5B-03-6D-18-8B-07-DE-01-F5-02-04-01-14-05-6C-0E-01-01-A5-77-01-8D-00-00-70-00-00-00-00-00-F0
F0-20-91-03-25-18-76-07-DE-01-F5-02-04-01-0F-00-6C-0E-01-01-A5-77-03-8D-00-00-70-00-00-00-00-00-1F
F0-20-88-03-A5-17-6B-07-DE-01-F5-02-04-01-10-01-6C-0E-01-01-A5-77-04-8D-00-00-70-00-00-00-00-00-B1
F0-20-71-03-55-17-5D-07-E3-01-ED-02-04-01-12-03-6C-0E-01-01-A5-77-05-8D-00-00-70-00-00-00-00-00-24
F0-20-77-03-35-17-5A-07-DE-01-E1-02-04-01-12-03-6C-0E-01-01-A5-77-03-8D-00-00-6F-00-00-00-00-00-55
F0-20-5D-03-6D-17-68-07-DE-01-DF-02-04-01-14-05-6C-0E-01-01-A5-77-04-8D-00-00-6F-00-00-00-00-00-26
F0-20-71-03-7D-17-67-07-E3-01-EB-02-04-01-12-03-6C-0E-01-01-A5-77-04-8D-00-00-6F-00-00-00-00-00-F6
F0-20-8B-03-4D-17-5D-07-E3-01-EB-02-04-01-10-01-6C-0E-01-01-A5-77-04-8D-00-00-6F-00-00-00-00-00-1A
F0-20-8E-03-4D-17-52-07-DE-01-DF-02-04-01-10-01-6C-0E-01-01-A5-77-01-8D-00-00-6F-00-00-00-00-00-36
F0-20-5C-03-35-17-57-07-DE-01-D8-02-04-01-14-05-6C-0E-01-01-A5-77-02-8D-00-00-6F-00-00-00-00-00-79
F0-20-2F-03-55-17-5E-07-E3-01-D8-02-04-01-18-09-6C-0E-01-01-A5-77-04-8D-00-00-6F-00-00-00-00-00-70
F0-20-34-03-65-17-68-07-DE-01-DF-02-04-01-17-08-6C-0E-01-01-A5-77-04-8D-00-00-6F-00-00-00-00-00-51
F0-20-40-03-DD-17-79-07-E3-01-EB-02-04-01-16-07-6C-0E-01-01-A5-77-04-8D-00-00-6F-00-00-00-00-00-AD
F0-20-4F-03-05-18-7E-07-DE-01-EF-02-04-01-15-06-6C-0E-01-01-A5-77-01-8D-00-00-6F-00-00-00-00-00-76
F0-20-7E-03-FD-17-70-07-DE-01-F1-02-04-01-11-02-6C-0E-01-01-A5-77-04-8D-00-00-6F-00-00-00-00-00-61
F0-20-72-03-A5-17-66-07-DE-01-ED-02-04-01-12-03-6C-0E-01-01-A5-77-04-8D-00-00-6F-00-00-00-00-00-D1
F0-20-58-03-9D-17-6A-07-DE-01-EB-02-04-01-14-05-6C-0E-01-01-A5-77-04-8C-00-00-6F-00-00-00-00-00-EE
F0-20-49-03-9D-17-6A-07-DE-01-EB-02-04-01-15-06-6C-0E-01-01-A5-77-04-8D-00-00-6F-00-00-00-00-00-FA
F0-20-53-03-95-17-6D-07-DE-01-EB-02-04-01-14-05-6C-0E-01-01-A5-77-04-8D-00-00-6F-00-00-00-00-00-F7
F0-20-3E-03-B5-17-77-07-E3-01-EB-02-04-01-16-07-6C-0E-01-01-A5-77-03-8D-00-00-6F-00-00-00-00-00-DA
F0-20-5B-03-DD-17-7A-07-DE-01-ED-02-04-01-14-05-6C-0E-01-01-A5-77-03-8C-00-00-70-00-00-00-00-00-99
F0-20-6A-03-BD-17-71-07-DE-01-EF-02-04-01-13-04-6C-0E-01-01-A5-77-04-8D-00-00-6F-00-00-00-00-00-B2
F0-20-5C-03-A5-17-6D-07-DE-01-ED-02-04-01-14-05-6C-0E-01-01-A5-77-05-8D-00-00-6F-00-00-00-00-00-DB
F0-20-56-03-BD-17-70-07-DE-01-ED-02-04-01-14-05-6C-0E-01-01-A5-77-01-8D-00-00-6F-00-00-00-00-00-CA
F0-20-4D-03-CD-17-74-07-DE-01-ED-02-04-01-15-06-6C-0E-01-01-A5-77-03-8D-00-00-70-00-00-00-00-00-BA
F0-20-5E-03-AD-17-73-07-DE-01-ED-02-04-01-14-05-6C-0E-01-01-A5-77-04-8D-00-00-70-00-00-00-00-00-CB
F0-20-5B-03-AD-17-6F-07-DE-01-ED-02-04-01-14-05-6C-0E-01-01-A5-77-05-8D-00-00-70-00-00-00-00-00-D1
F0-20-5F-03-AD-17-6E-07-DE-01-ED-02-04-01-14-05-6C-0E-01-01-A5-77-03-8C-00-00-70-00-00-00-00-00-D1
F0-20-59-03-C5-17-6E-07-DE-01-ED-02-04-01-14-05-6C-0E-01-01-A5-77-01-8D-00-00-70-00-00-00-00-00-C0
F0-20-41-03-BD-17-71-07-DE-01-ED-02-04-01-16-07-6C-0E-01-01-A5-77-03-8D-00-00-70-00-00-00-00-00-D7
F0-20-41-03-C5-17-78-07-DE-01-EB-02-04-01-16-07-6C-0E-01-01-A5-77-04-8D-00-00-70-00-00-00-00-00-C9
F0-20-42-03-DD-17-7B-07-DE-01-EF-02-04-01-16-07-6C-0E-01-01-A5-77-04-8D-00-00-70-00-00-00-00-00-A9
F0-20-51-03-F5-17-7E-07-E3-01-EF-02-04-01-15-06-6C-0E-01-01-A5-77-04-8D-00-00-70-00-00-00-00-00-7C
F0-20-67-03-15-18-7A-07-DE-01-F1-02-04-01-13-04-6C-0E-01-01-A5-77-01-8D-00-00-70-00-00-00-00-00-53
F0-20-76-03-E5-17-6E-07-DE-01-EF-02-04-01-12-03-6C-0E-01-01-A5-77-04-8D-00-00-70-00-00-00-00-00-82
F0-20-5B-03-BD-17-6E-07-DE-01-EF-02-04-01-14-05-6C-0E-01-01-A5-77-05-8D-00-00-70-00-00-00-00-00-C0
F0-20-58-03-9D-17-6D-07-DE-01-ED-02-04-01-14-05-6C-0E-01-01-A5-77-03-8D-00-00-70-00-00-00-00-00-E8
F0-20-33-03-C5-17-76-07-DE-01-EB-02-04-01-18-09-6C-0E-01-01-A5-77-04-8D-00-00-70-00-00-00-00-00-D5
F0-20-60-03-E5-17-79-07-DE-01-EF-02-04-01-14-05-6C-0E-01-01-A5-77-04-8D-00-00-70-00-00-00-00-00-89
F0-20-5E-03-F5-17-79-07-E3-01-EF-02-04-01-14-05-6C-0E-01-01-A5-77-01-8D-00-00-70-00-00-00-00-00-79
F0-20-62-03-DD-17-75-07-DE-01-ED-02-04-01-14-05-6C-0E-01-01-A5-77-05-8C-00-00-70-00-00-00-00-00-95
F0-20-67-03-B5-17-71-07-DE-01-ED-02-04-01-13-04-6C-0E-01-01-A5-77-04-8D-00-00-70-00-00-00-00-00-BE
F0-20-52-03-AD-17-6F-07-DE-01-ED-02-04-01-14-05-6C-0E-01-01-A5-77-04-8D-00-00-70-00-00-00-00-00-DB
F0-20-56-03-B5-17-6F-07-DE-01-ED-02-04-01-14-05-6C-0E-01-01-A5-77-06-8D-00-00-70-00-00-00-00-00-CD
F0-20-4D-03-C5-17-6D-07-DE-01-ED-02-04-01-15-06-6C-0E-01-01-A5-77-01-8D-00-00-70-00-00-00-00-00-CB
F0-20-35-03-ED-17-7A-07-DE-01-ED-02-04-01-17-08-6C-0E-01-01-A5-77-05-8D-00-00-71-00-00-00-00-00-A5
F0-20-3B-03-FD-17-85-07-DE-01-ED-02-04-01-17-08-6C-0E-01-01-A5-77-04-8D-00-00-71-00-00-00-00-00-85
F0-20-3F-03-25-18-87-07-DE-01-F1-02-04-01-16-07-6C-0E-01-01-A5-77-04-8D-00-00-71-00-00-00-00-00-54
F0-20-6C-03-25-18-84-07-DE-01-F3-02-04-01-13-04-6C-0E-01-01-A5-77-05-8D-00-00-71-00-00-00-00-00-2D
F0-20-71-03-1D-18-80-07-DE-01-F3-02-04-01-12-03-6C-0E-01-01-A5-77-01-8D-00-00-71-00-00-00-00-00-3A
F0-20-62-03-C5-17-70-07-E3-01-F3-02-04-01-14-05-6C-0E-01-01-A5-77-04-8C-00-00-71-00-00-00-00-00-A7
F0-20-63-03-A5-17-6F-07-DE-01-ED-02-04-01-14-05-6C-0E-01-01-A5-77-04-8D-00-00-71-00-00-00-00-00-D1
F0-20-37-03-B5-17-73-07-E3-01-EB-02-04-01-17-08-6C-0E-01-01-A5-77-04-8C-00-00-71-00-00-00-00-00-E1
F0-20-3F-03-ED-17-7D-07-DE-01-F0-02-04-01-16-07-6C-0E-01-01-A5-77-01-8C-00-00-71-00-00-00-00-00-9C
F0-20-5B-03-0D-18-7E-07-DE-01-F1-02-04-01-14-05-6C-0E-01-01-A5-77-03-8D-00-00-71-00-00-00-00-00-5E
F0-20-6F-03-ED-17-7A-07-DE-01-F1-02-04-01-13-04-6C-0E-01-01-A5-77-01-8D-00-00-71-00-00-00-00-00-73
F0-20-76-03-B5-17-71-07-DE-01-EF-02-04-01-12-03-6C-0E-01-01-A5-77-01-8D-00-00-71-00-00-00-00-00-B1
F0-20-69-03-85-17-67-07-DE-01-ED-02-04-01-13-04-6C-0E-01-01-A5-77-01-8D-00-00-71-00-00-00-00-00-F8
F0-20-57-03-85-17-68-07-DE-01-E9-02-04-01-14-05-6C-0E-01-01-A5-77-01-8D-00-00-71-00-00-00-00-00-0B
F0-20-42-03-AD-17-6F-07-DE-01-EB-02-04-01-16-07-6C-0E-01-01-A5-77-01-8D-00-00-71-00-00-00-00-00-EB
F0-20-4C-03-E5-17-78-07-DE-01-EB-02-04-01-15-06-6C-0E-01-01-A5-77-01-8D-00-00-71-00-00-00-00-00-A2
F0-20-68-03-E5-17-74-07-DE-01-ED-02-04-01-13-04-6C-0E-01-01-A5-77-01-8C-00-00-71-00-00-00-00-00-8D
F0-20-4C-03-CD-17-74-07-DE-01-F0-02-04-01-15-06-6C-0E-01-01-A5-77-01-8D-00-00-71-00-00-00-00-00-B9
F0-20-4D-03-BD-17-7A-07-DE-01-ED-02-04-01-15-06-6C-0E-01-01-A5-77-01-8D-00-00-71-00-00-00-00-00-C5
F0-20-47-03-FD-17-7E-07-DE-01-EF-02-04-01-16-07-6C-0E-01-01-A5-77-01-8C-00-00-72-00-00-00-00-00-83
F0-20-67-03-F5-17-7C-07-DE-01-F1-02-04-01-13-04-6C-0E-01-01-A5-77-01-8D-00-00-72-00-00-00-00-00-70
F0-20-6A-03-F5-17-75-07-DE-01-EF-02-04-01-13-04-6C-0E-01-01-A5-77-01-8D-00-00-72-00-00-00-00-00-76
F0-20-74-03-DD-17-73-07-DE-01-EF-02-04-01-12-03-6C-0E-01-01-A5-77-01-8D-00-00-71-00-00-00-00-00-89
F0-20-7A-03-A5-17-69-07-DE-01-EF-02-04-01-12-03-6C-0E-01-01-A5-77-01-8D-00-00-71-00-00-00-00-00-C5
F0-20-71-03-6D-17-60-07-DE-01-ED-02-04-01-12-03-6C-0E-01-01-A5-77-01-8D-00-00-71-00-00-00-00-00-11
F0-20-57-03-6D-17-69-07-DE-01-E9-02-04-01-14-05-6C-0E-01-01-A5-77-01-8D-00-00-71-00-00-00-00-00-22
F0-20-5C-03-B5-17-6E-07-DE-01-EB-02-04-01-14-05-6C-0E-01-01-A5-77-02-8D-00-00-71-00-00-00-00-00-CD
F0-20-64-03-AD-17-70-07-DE-01-ED-02-04-01-14-05-6C-0E-01-01-A5-77-02-8D-00-00-71-00-00-00-00-00-C9
F0-20-6B-03-85-17-68-07-DE-01-ED-02-04-01-13-04-6C-0E-01-01-A5-77-02-8D-00-00-71-00-00-00-00-00-F4
F0-20-74-03-85-17-66-07-DE-01-EB-02-04-01-12-03-6C-0E-01-01-A5-77-02-8D-00-00-71-00-00-00-00-00-F1
F0-20-74-03-85-17-65-07-DE-01-EB-02-04-01-12-03-6C-0E-01-01-A5-77-01-8C-00-00-71-00-00-00-00-00-F4
F0-20-5D-03-55-17-5D-07-DE-01-DF-02-04-01-14-05-6C-0E-01-01-A5-77-02-8C-00-00-70-00-00-00-00-00-4B
F0-20-4C-03-7D-17-65-07-DE-01-DF-02-04-01-15-06-6C-0E-01-01-A5-77-03-8C-00-00-70-00-00-00-00-00-29
F0-20-38-03-A5-17-75-07-DE-01-EA-02-04-01-17-08-6C-0E-01-01-A5-77-04-8D-00-00-70-00-00-00-00-00-F4
F0-20-45-03-DD-17-7A-07-DE-01-ED-02-04-01-16-07-6C-0E-01-01-A5-77-04-8D-00-00-71-00-00-00-00-00-A8
F0-20-56-03-DD-17-7A-07-DE-01-EF-02-04-01-14-05-6C-0E-01-01-A5-77-04-8D-00-00-71-00-00-00-00-00-99
F0-20-67-03-F5-17-75-07-DE-01-EF-02-04-01-13-04-6C-0E-01-01-A5-77-01-8D-00-00-71-00-00-00-00-00-7A
F0-20-51-03-C5-17-70-07-DE-01-ED-02-04-01-15-06-6C-0E-01-01-A5-77-03-8D-00-00-71-00-00-00-00-00-C1
F0-20-43-03-BD-17-71-07-DE-01-ED-02-04-01-16-07-6C-0E-01-01-A5-77-04-8D-00-00-71-00-00-00-00-00-D3
F0-20-51-03-C5-17-78-07-DE-01-EB-02-04-01-15-06-6C-0E-01-01-A5-77-04-8D-00-00-71-00-00-00-00-00-BA
F0-20-66-03-05-18-82-07-E3-01-EF-02-04-01-14-05-6C-0E-01-01-A5-77-04-8C-00-00-71-00-00-00-00-00-54
F0-20-92-03-BD-17-72-07-DE-01-F3-02-04-01-0F-00-6C-0E-01-01-A5-77-03-8D-00-00-71-00-00-00-00-00-8C
F0-20-A8-03-AD-17-5E-07-DE-01-ED-02-04-01-0D-00-6C-0E-01-01-A5-77-01-8D-00-00-71-00-00-00-00-00-A4
F0-20-85-03-45-17-57-07-DE-01-DD-02-04-01-10-01-6C-0E-01-01-A5-77-03-8D-00-00-71-00-00-00-00-00-40
F0-20-5F-03-45-17-5B-07-DE-01-DD-02-04-01-14-05-6C-0E-01-01-A5-77-04-8D-00-00-70-00-00-00-00-00-5A
F0-20-5B-03-35-17-5A-07-E3-01-DB-02-04-01-14-05-6C-0E-01-01-A5-77-04-8D-00-00-70-00-00-00-00-00-6C
F0-20-58-03-95-17-6C-07-DE-01-E3-02-04-01-14-05-6C-0E-01-01-A5-77-04-8D-00-00-71-00-00-00-00-00-F9
F0-20-6B-03-D5-17-75-07-DE-01-ED-02-04-01-13-04-6C-0E-01-01-A5-77-04-8D-00-00-70-00-00-00-00-00-96
F0-20-8B-03-8D-17-68-07-DE-01-EF-02-04-01-10-01-6C-0E-01-01-A5-77-04-8D-00-00-70-00-00-00-00-00-CF
F0-20-A4-03-8D-17-5A-07-DE-01-EB-02-04-01-0D-00-6C-0E-01-01-A5-77-01-8D-00-00-70-00-00-00-00-00-CF
F0-20-8B-03-25-17-4E-07-DE-01-D5-02-04-01-10-01-6C-0E-01-01-A5-77-04-8D-00-00-70-00-00-00-00-00-6B
F0-20-75-03-05-17-4A-07-DE-01-CB-02-04-01-12-03-6C-0E-01-01-A5-77-04-8D-00-00-70-00-00-00-00-00-AB
F0-20-59-03-15-17-51-07-DE-01-CB-02-04-01-14-05-6C-0E-01-01-A5-77-04-8D-00-00-70-00-00-00-00-00-AC
F0-20-57-03-1D-17-5B-07-DE-01-CF-02-04-01-14-05-6C-0E-01-01-A5-77-03-8D-00-00-70-00-00-00-00-00-99
F0-20-76-03-45-17-5B-07-E3-01-DF-02-04-01-12-03-6C-0E-01-01-A5-77-03-8D-00-00-70-00-00-00-00-00-41
F0-20-71-03-2D-17-57-07-DE-01-DF-02-04-01-12-03-6C-0E-01-01-A5-77-04-8D-00-00-6F-00-00-00-00-00-67
F0-20-6F-03-45-17-57-07-DE-01-DD-02-04-01-13-04-6C-0E-01-01-A5-77-01-8D-00-00-6F-00-00-00-00-00-54
F0-20-5E-03-4D-17-5A-07-DE-01-DD-02-04-01-14-05-6C-0E-01-01-A5-77-05-8D-00-00-6F-00-00-00-00-00-54
F0-20-59-03-3D-17-5D-07-DE-01-DD-02-04-01-14-05-6C-0E-01-01-A5-77-03-8D-00-00-6F-00-00-00-00-00-68
F0-20-66-03-55-17-60-07-DE-01-E3-02-04-01-14-05-6C-0E-01-01-A5-77-04-8D-00-00-6F-00-00-00-00-00-39
F0-20-61-03-65-17-63-07-DE-01-E7-02-04-01-14-05-6C-0E-01-01-A5-77-04-8D-00-00-6F-00-00-00-00-00-27
F0-20-6C-03-85-17-64-07-E3-01-EB-02-04-01-13-04-6C-0E-01-01-A5-77-01-8D-00-00-6F-00-00-00-00-00-F7
F0-20-54-03-75-17-60-07-DE-01-E9-02-04-01-14-05-6C-0E-01-01-A5-77-03-8D-00-00-6F-00-00-00-00-00-26
F0-20-3E-03-95-17-6B-07-DE-01-E9-02-03-01-16-07-6C-0E-01-01-A5-78-03-8D-00-00-6F-00-00-00-00-00-0D
F0-20-49-03-9D-17-71-07-DE-01-E9-02-03-01-15-06-6C-0E-01-01-A5-78-04-8D-00-00-6F-00-00-00-00-00-F5
F0-20-3E-03-BD-17-75-07-E3-01-EB-02-03-01-16-07-6C-0E-01-01-A5-78-03-8D-00-00-6F-00-00-00-00-00-D4
F0-20-41-03-DD-17-76-07-DE-01-ED-02-03-01-16-07-6C-0E-01-01-A5-78-04-8C-00-00-70-00-00-00-00-00-B2
F0-20-3F-03-FD-17-7D-07-E3-01-ED-02-03-01-16-07-6C-0E-01-01-A5-78-03-8D-00-00-70-00-00-00-00-00-88
F0-20-48-03-25-18-82-07-DE-01-EF-02-03-01-15-06-6C-0E-01-01-A5-78-01-8D-00-00-70-00-00-00-00-00-58
F0-20-45-03-0D-18-7D-07-DE-01-ED-02-03-01-16-07-6C-0E-01-01-A5-78-04-8D-00-00-70-00-00-00-00-00-75
F0-20-31-03-FD-17-7D-07-DE-01-ED-02-03-01-18-09-6C-0E-01-01-A5-78-04-8C-00-00-71-00-00-00-00-00-96
F0-20-33-03-35-18-88-07-DE-01-ED-02-03-01-18-09-6C-0E-01-01-A5-78-04-8D-00-00-71-00-00-00-00-00-4F
F0-20-43-03-35-18-8A-07-DE-01-EF-02-03-01-16-07-6C-0E-01-01-A5-78-03-8C-00-00-71-00-00-00-00-00-41
F0-20-61-03-1D-18-86-07-DE-01-F1-02-03-01-14-05-6C-0E-01-01-A5-78-04-8D-00-00-71-00-00-00-00-00-3F
F0-20-7B-03-2D-18-7A-07-DE-01-F1-02-03-01-11-02-6C-0E-01-01-A5-78-01-8D-00-00-71-00-00-00-00-00-2A
F0-20-86-03-C5-17-6E-07-DE-01-ED-02-03-01-10-01-6C-0E-01-01-A5-78-03-8D-00-00-71-00-00-00-00-00-98
F0-20-60-03-75-17-61-07-DE-01-E8-02-03-01-14-05-6C-0E-01-01-A5-78-04-8C-00-00-71-00-00-00-00-00-18
F0-20-38-03-7D-17-65-07-E3-01-E8-02-03-01-17-08-6C-0E-01-01-A5-78-04-8C-00-00-71-00-00-00-00-00-29
F0-20-2A-03-B5-17-74-07-DE-01-E8-02-03-01-18-09-6C-0E-01-01-A5-78-04-8D-00-00-71-00-00-00-00-00-F2
F0-20-51-03-2D-18-8A-07-DE-01-ED-02-03-01-15-06-6C-0E-01-01-A5-78-04-8D-00-00-71-00-00-00-00-00-3D
F0-20-71-03-45-18-80-07-DE-01-F1-02-03-01-12-03-6C-0E-01-01-A5-78-01-8D-00-00-71-00-00-00-00-00-14
F0-20-AB-03-D5-17-67-07-DE-01-EF-02-03-01-0D-00-6C-0E-01-01-A5-78-04-8D-00-00-71-00-00-00-00-00-6B
F0-20-A1-03-4D-17-5A-07-DE-01-EF-02-03-01-0E-00-6C-0E-01-01-A5-78-03-8D-00-00-70-00-00-00-00-00-0B
F0-20-81-03-ED-16-45-07-DE-01-DD-02-03-01-11-02-6C-0E-01-01-A5-78-04-8D-00-00-70-00-00-00-00-00-AD
F0-20-76-03-BD-16-44-07-DE-01-C1-02-03-01-12-03-6C-0E-01-01-A5-78-04-8C-00-00-70-00-00-00-00-00-04
F0-20-53-03-2D-17-5B-07-DE-01-C3-02-03-01-14-05-6C-0E-01-01-A5-78-04-8C-00-00-70-00-00-00-00-00-99
F0-20-5E-03-7D-17-6B-07-DE-01-E7-02-03-01-14-05-6C-0E-01-01-A5-78-01-8D-00-00-70-00-00-00-00-00-0C
F0-20-85-03-A5-17-63-07-DE-01-EB-02-03-01-10-01-6C-0E-01-01-A5-78-04-8D-00-00-70-00-00-00-00-00-C6
F0-20-AA-03-5D-17-53-07-DE-01-E1-02-03-01-0D-00-6C-0E-01-01-A5-78-04-8D-00-00-70-00-00-00-00-00-07
F0-20-91-03-FD-16-4C-07-DE-01-E1-02-03-01-0F-00-6C-0E-01-01-A5-78-04-8D-00-00-70-00-00-00-00-00-86
F0-20-78-03-D5-16-45-07-DE-01-C7-02-03-01-12-03-6C-0E-01-01-A5-78-04-8D-00-00-6F-00-00-00-00-00-E3
F0-20-6C-03-BD-16-42-07-E3-01-BB-02-03-01-13-04-6C-0E-01-01-A5-78-04-8D-00-00-6F-00-00-00-00-00-0F
F0-20-36-03-FD-16-4F-07-DE-01-BF-02-03-01-17-08-6C-0E-01-01-A5-78-04-8D-00-00-6F-00-00-00-00-00-F1
F0-20-41-03-6D-17-68-07-DE-01-E3-02-03-01-16-07-6C-0E-01-01-A5-78-01-8D-00-00-6F-00-00-00-00-00-3D
F0-20-68-03-BD-17-6E-07-DE-01-EB-02-03-01-13-04-6C-0E-01-01-A5-78-04-8D-00-00-6F-00-00-00-00-00-BB
F0-20-91-03-95-17-64-07-DE-01-EA-02-03-01-0F-00-6C-0E-01-01-A5-78-04-8D-00-00-6F-00-00-00-00-00-CD
F0-20-8C-03-45-17-58-07-E3-01-DB-02-03-01-10-01-6C-0E-01-01-A5-78-04-8C-00-00-6F-00-00-00-00-00-37
F0-20-77-03-05-17-4A-07-DE-01-DB-02-03-01-12-03-6C-0E-01-01-A5-78-04-8D-00-00-6E-00-00-00-00-00-9B
F0-20-56-03-05-17-4E-07-DE-01-C9-02-03-01-14-05-6C-0E-01-01-A5-78-05-8D-00-00-6E-00-00-00-00-00-C5
F0-20-45-03-25-17-60-07-DE-01-C9-02-03-01-16-07-6C-0E-01-01-A5-78-05-8C-00-00-6E-00-00-00-00-00-A1
F0-20-4B-03-A5-17-71-07-DE-01-E7-02-03-01-15-06-6C-0E-01-01-A5-78-04-8D-00-00-6E-00-00-00-00-00-EE
F0-20-75-03-A5-17-6D-07-DE-01-EB-02-03-01-12-03-6C-0E-01-01-A5-78-03-8D-00-00-6E-00-00-00-00-00-CB
F0-20-9A-03-5D-17-5F-07-DE-01-EB-02-03-01-0E-00-6C-0E-01-01-A5-78-04-8D-00-00-6E-00-00-00-00-00-02
F0-20-96-03-4D-17-59-07-DE-01-DD-02-03-01-0F-00-6C-0E-01-01-A5-78-01-8D-00-00-6E-00-00-00-00-00-2C
F0-20-7D-03-F5-16-48-07-DE-01-C3-02-03-01-11-02-6C-0E-01-01-A5-78-04-8C-00-00-6E-00-00-00-00-00-C3
F0-20-76-03-CD-16-48-07-DE-01-C3-02-03-01-12-03-6C-0E-01-01-A5-78-04-8D-00-00-6E-00-00-00-00-00-EF
F0-20-36-03-15-17-58-07-DE-01-C1-02-03-01-17-08-6C-0E-01-01-A5-78-03-8D-00-00-6E-00-00-00-00-00-CF
F0-20-41-03-75-17-6F-07-DE-01-E7-02-03-01-16-07-6C-0E-01-01-A5-78-01-8D-00-00-6E-00-00-00-00-00-2B
F0-20-71-03-FD-17-75-07-E3-01-EF-02-03-01-12-03-6C-0E-01-01-A5-78-04-8D-00-00-6E-00-00-00-00-00-65
F0-20-AE-03-AD-17-60-07-DE-01-EB-02-03-01-0C-00-6C-0E-01-01-A5-78-04-8D-00-00-6E-00-00-00-00-00-9F
F0-20-B0-03-25-17-4A-07-DE-01-D3-02-03-01-0C-00-6C-0E-01-01-A5-78-04-8D-00-00-6E-00-00-00-00-00-53
F0-20-8A-03-B5-16-3A-07-E3-01-B3-02-03-01-10-01-6C-0E-01-01-A5-78-04-8D-00-00-6D-00-00-00-00-00-11
F0-20-57-03-BD-16-41-07-DE-01-B3-02-03-01-14-05-6C-0E-01-01-A5-78-05-8D-00-00-6D-00-00-00-00-00-31
F0-20-3B-03-E5-16-58-07-DE-01-B3-02-03-01-17-08-6C-0E-01-01-A5-78-04-8D-00-00-6D-00-00-00-00-00-09
F0-20-5A-03-85-17-6F-07-DE-01-DB-02-03-01-14-05-6C-0E-01-01-A5-78-05-8D-00-00-6E-00-00-00-00-00-0E
F0-20-9E-03-8D-17-68-07-DE-01-ED-02-03-01-0E-00-6C-0E-01-01-A5-78-03-8D-00-00-6E-00-00-00-00-00-C4
F0-20-CD-03-0D-17-4E-07-DE-01-E9-02-03-01-0A-00-6C-0E-01-01-A5-78-03-8D-00-00-6E-00-00-00-00-00-37
F0-20-B4-03-D5-16-3F-07-E3-01-BD-02-03-01-0C-00-6C-0E-01-01-A5-78-01-8D-00-00-6D-00-00-00-00-00-C0
F0-20-94-03-85-16-32-07-DE-01-A6-02-03-01-0F-00-6C-0E-01-01-A5-78-04-8D-00-00-6D-00-00-00-00-00-53
F0-20-63-03-9D-16-3A-07-DE-01-A6-02-03-01-14-05-6C-0E-01-01-A5-78-04-8D-00-00-6D-00-00-00-00-00-5A
F0-20-4E-03-D5-16-54-07-E3-01-AB-02-03-01-15-06-6C-0E-01-01-A5-78-04-8C-00-00-6D-00-00-00-00-00-12
F0-20-6E-03-3D-17-5C-07-DE-01-D5-02-03-01-13-04-6C-0E-01-01-A5-78-03-8C-00-00-6D-00-00-00-00-00-61
F0-20-A3-03-25-17-54-07-DE-01-E3-02-03-01-0E-00-6C-0E-01-01-A5-78-03-8D-00-00-6D-00-00-00-00-00-46
F0-20-C9-03-C5-16-41-07-DE-01-D1-02-03-01-0A-00-6C-0E-01-01-A5-78-03-8D-00-00-6D-00-00-00-00-00-AA
F0-20-B1-03-6D-16-2F-07-DE-01-AF-02-03-01-0C-00-6C-0E-01-01-A5-78-04-8D-00-00-6C-00-00-00-00-00-4C
F0-20-91-03-35-16-27-07-E3-01-99-02-03-01-0F-00-6C-0E-01-01-A5-78-04-8D-00-00-6C-00-00-00-00-00-BA
F0-20-67-03-8D-16-38-07-DE-01-99-02-03-01-13-04-6C-0E-01-01-A5-78-04-8D-00-00-6C-00-00-00-00-00-78
F0-20-6D-03-DD-16-49-07-DE-01-BD-02-03-01-13-04-6C-0E-01-01-A5-78-01-8D-00-00-6C-00-00-00-00-00-F0
F0-20-92-03-05-17-4A-07-E3-01-CB-02-03-01-0F-00-6C-0E-01-01-A5-78-03-8D-00-00-6C-00-00-00-00-00-94
F0-20-B9-03-C5-16-42-07-DE-01-CB-02-03-01-0B-00-6C-0E-01-01-A5-78-04-8D-00-00-6C-00-00-00-00-00-BE
F0-20-B0-03-85-16-35-07-DE-01-B9-02-03-01-0C-00-6C-0E-01-01-A5-78-04-8D-00-00-6C-00-00-00-00-00-25
F0-20-AD-03-4D-16-28-07-DE-01-A7-02-03-01-0D-00-6C-0E-01-01-A5-78-04-8D-00-00-6B-00-00-00-00-00-7F
F0-20-92-03-35-16-27-07-E3-01-97-02-03-01-0F-00-6C-0E-01-01-A5-78-04-8D-00-00-6B-00-00-00-00-00-BC
F0-20-71-03-45-16-2B-07-DE-01-93-02-03-01-12-03-6C-0E-01-01-A5-78-01-8D-00-00-6B-00-00-00-00-00-CF
F0-20-69-03-AD-16-44-07-DE-01-AF-02-03-01-13-04-6C-0E-01-01-A5-78-03-8D-00-00-6B-00-00-00-00-00-36
F0-20-8C-03-FD-16-4A-07-DE-01-AF-02-03-01-10-01-6C-0E-01-01-A5-78-04-8D-00-00-6B-00-00-00-00-00-C2
F0-20-AB-03-CD-16-41-07-E3-01-C7-02-03-01-0D-00-6C-0E-01-01-A5-78-04-8D-00-00-6B-00-00-00-00-00-C3
F0-20-A0-03-9D-16-3A-07-E3-01-BB-02-03-01-0E-00-6C-0E-01-01-A5-78-03-8D-00-00-6A-00-00-00-00-00-12
F0-20-85-03-65-16-2F-07-DE-01-AF-02-03-01-10-01-6C-0E-01-01-A5-78-04-8D-00-00-6A-00-00-00-00-00-7D
F0-20-86-03-4D-16-2C-07-DE-01-9D-02-03-01-10-01-6C-0E-01-01-A5-78-04-8D-00-00-6A-00-00-00-00-00-A9
F0-20-63-03-AD-16-40-07-DE-01-A3-02-03-01-14-05-6C-0E-01-01-A5-78-05-8C-00-00-6A-00-00-00-00-00-4A
F0-20-72-03-ED-16-4C-07-DE-01-BB-02-03-01-12-03-6C-0E-01-01-A5-78-04-8D-00-00-69-00-00-00-00-00-DC
F0-20-9F-03-D5-16-45-07-DE-01-CD-02-03-01-0E-00-6C-0E-01-01-A5-78-04-8D-00-00-69-00-00-00-00-00-C3
F0-20-A6-03-95-16-39-07-DE-01-BD-02-03-01-0D-00-6C-0E-01-01-A5-78-03-8D-00-00-69-00-00-00-00-00-1A
F0-20-9E-03-95-16-34-07-E3-01-AD-02-03-01-0E-00-6C-0E-01-01-A5-78-01-8D-00-00-69-00-00-00-00-00-33
F0-20-88-03-75-16-2F-07-DE-01-A1-02-03-01-10-01-6C-0E-01-01-A5-78-04-8D-00-00-68-00-00-00-00-00-7A
F0-20-73-03-75-16-31-07-DE-01-9F-02-03-01-12-03-6C-0E-01-01-A5-78-04-8D-00-00-68-00-00-00-00-00-8B
F0-20-76-03-AD-16-3D-07-DE-01-9F-02-03-01-12-03-6C-0E-01-01-A5-78-04-8D-00-00-68-00-00-00-00-00-44
F0-20-8D-03-C5-16-42-07-DE-01-B1-02-03-01-10-01-6C-0E-01-01-A5-78-04-8D-00-00-67-00-00-00-00-00-03
F0-20-A4-03-A5-16-3C-07-DE-01-B7-02-03-01-0D-00-6C-0E-01-01-A5-78-04-8D-00-00-67-00-00-00-00-00-10
F0-20-A2-03-75-16-32-07-E3-01-B1-02-03-01-0E-00-6C-0E-01-01-A5-78-04-8D-00-00-67-00-00-00-00-00-4C
F0-20-8D-03-4D-16-2D-07-E3-01-A5-02-03-01-10-01-6C-0E-01-01-A5-78-04-8C-00-00-66-00-00-00-00-00-99
F0-20-79-03-4D-16-2E-07-DE-01-9F-02-03-01-12-03-6C-0E-01-01-A5-78-04-8C-00-00-66-00-00-00-00-00-B3
F0-20-5B-03-9D-16-3A-07-DE-01-A4-02-03-01-14-05-6C-0E-01-01-A5-78-03-8D-00-00-66-00-00-00-00-00-6C
F0-20-64-03-DD-16-4A-07-DE-01-BB-02-03-01-14-05-6C-0E-01-01-A5-78-01-8D-00-00-66-00-00-00-00-00-FE
F0-20-7F-03-05-17-4D-07-DE-01-CB-02-03-01-11-02-6C-0E-01-01-A5-78-03-8C-00-00-66-00-00-00-00-00-AC
F0-20-98-03-ED-16-43-07-DE-01-C3-02-03-01-0F-00-6C-0E-01-01-A5-78-04-8C-00-00-65-00-00-00-00-00-C2
F0-20-94-03-AD-16-40-07-E3-01-C3-02-03-01-0F-00-6C-0E-01-01-A5-78-04-8D-00-00-65-00-00-00-00-00-03
F0-20-77-03-95-16-3C-07-DE-01-B5-02-03-01-12-03-6C-0E-01-01-A5-78-03-8D-00-00-65-00-00-00-00-00-4A
F0-20-55-03-AD-16-3D-07-DE-01-AF-02-03-01-14-05-6C-0E-01-01-A5-78-04-8D-00-00-65-00-00-00-00-00-54
F0-20-3B-03-ED-16-53-07-DE-01-BF-02-03-01-17-08-6C-0E-01-01-A5-78-01-8D-00-00-65-00-00-00-00-00-05
F0-20-50-03-5D-17-60-07-DE-01-BF-02-03-01-15-06-6C-0E-01-01-A5-78-04-8D-00-00-65-00-00-00-00-00-73
F0-20-89-03-6D-17-62-07-E3-01-DF-02-03-01-10-01-6C-0E-01-01-A5-78-04-8C-00-00-65-00-00-00-00-00-0E
F0-20-9A-03-1D-17-52-07-DE-01-E6-02-03-01-0E-00-6C-0E-01-01-A5-78-03-8D-00-00-65-00-00-00-00-00-5E
F0-20-7A-03-C5-16-42-07-DE-01-D1-02-03-01-12-03-6C-0E-01-01-A5-78-04-8D-00-00-65-00-00-00-00-00-F4
F0-20-3F-03-ED-16-4C-07-DE-01-B9-02-03-01-16-07-6C-0E-01-01-A5-78-04-8C-00-00-65-00-00-00-00-00-0E
F0-20-2C-03-65-17-60-07-DE-01-D9-02-03-01-18-09-6C-0E-01-01-A5-78-04-8C-00-00-65-00-00-00-00-00-70
F0-20-33-03-A5-17-71-07-DE-01-E9-02-03-01-18-09-6C-0E-01-01-A5-78-01-8D-00-00-65-00-00-00-00-00-0A
F0-20-74-03-DD-17-75-07-DE-01-E9-02-03-01-12-03-6C-0E-01-01-A5-78-04-8D-00-00-65-00-00-00-00-00-96
F0-20-97-03-AD-17-6D-07-DE-01-ED-02-03-01-0F-00-6C-0E-01-01-A5-78-02-8D-00-00-65-00-00-00-00-00-AF
F0-20-8C-03-15-17-4E-07-DE-01-E9-02-03-01-10-01-6C-0E-01-01-A5-78-03-8D-00-00-65-00-00-00-00-00-72
F0-20-5D-03-05-17-4E-07-E3-01-CD-02-03-01-14-05-6C-0E-01-01-A5-78-04-8D-00-00-65-00-00-00-00-00-BF
F0-20-47-03-3D-17-5E-07-DE-01-D7-02-03-01-16-07-6C-0E-01-01-A5-78-01-8D-00-00-65-00-00-00-00-00-87
F0-20-46-03-8D-17-68-07-DE-01-D7-02-03-01-16-07-6C-0E-01-01-A5-78-04-8D-00-00-65-00-00-00-00-00-2B
F0-20-78-03-8D-17-68-07-DE-01-E7-02-03-01-12-03-6C-0E-01-01-A5-78-04-8D-00-00-65-00-00-00-00-00-F1
F0-20-7B-03-55-17-60-07-DE-01-E9-02-03-01-11-02-6C-0E-01-01-A5-78-03-8D-00-00-65-00-00-00-00-00-2F
F0-20-89-03-35-17-55-07-DE-01-E5-02-03-01-10-01-6C-0E-01-01-A5-78-03-8C-00-00-64-00-00-00-00-00-54
F0-20-79-03-FD-16-4D-07-DE-01-D3-02-03-01-12-03-6C-0E-01-01-A5-78-04-8C-00-00-64-00-00-00-00-00-B2
F0-20-57-03-15-17-51-07-DE-01-CB-02-03-01-14-05-6C-0E-01-01-A5-78-04-8D-00-00-64-00-00-00-00-00-BA
F0-20-4F-03-45-17-5B-07-DE-01-D9-02-03-01-15-06-6C-0E-01-01-A5-78-01-8C-00-00-64-00-00-00-00-00-7C
F0-20-67-03-6D-17-60-07-DE-01-D9-02-03-01-13-04-6C-0E-01-01-A5-78-04-8D-00-00-64-00-00-00-00-00-37
F0-20-79-03-4D-17-5F-07-DE-01-E5-02-03-01-12-03-6C-0E-01-01-A5-78-04-8D-00-00-64-00-00-00-00-00-3C
F0-20-6A-03-05-17-50-07-DE-01-DF-02-03-01-13-04-6C-0E-01-01-A5-78-04-8D-00-00-64-00-00-00-00-00-A6
F0-20-55-03-2D-17-58-07-DE-01-D1-02-03-01-14-05-6C-0E-01-01-A5-78-03-8C-00-00-64-00-00-00-00-00-99
F0-20-3D-03-65-17-60-07-DE-01-DF-02-03-01-17-08-6C-0E-01-01-A5-78-03-8D-00-00-64-00-00-00-00-00-5C
F0-20-28-03-A5-17-72-07-E3-01-E9-02-03-01-19-0A-6C-0E-01-01-A5-78-01-8C-00-00-64-00-00-00-00-00-0F
F0-20-51-03-FD-17-7D-07-E3-01-E9-02-03-01-15-06-6C-0E-01-01-A5-78-04-8D-00-00-65-00-00-00-00-00-86
F0-20-73-03-DD-17-79-07-DE-01-ED-02-03-01-12-03-6C-0E-01-01-A5-78-04-8D-00-00-65-00-00-00-00-00-8F
F0-20-92-03-75-17-61-07-E3-01-ED-02-03-01-0F-00-6C-0E-01-01-A5-78-03-8D-00-00-65-00-00-00-00-00-F2
F0-20-7E-03-05-17-4E-07-DE-01-E5-02-03-01-11-02-6C-0E-01-01-A5-78-04-8C-00-00-64-00-00-00-00-00-93
F0-20-5B-03-0D-17-52-07-DE-01-CC-02-03-01-14-05-6C-0E-01-01-A5-78-01-8D-00-00-64-00-00-00-00-00-BF
F0-20-33-03-65-17-60-07-DE-01-CC-02-03-01-18-09-6C-0E-01-01-A5-78-04-8D-00-00-64-00-00-00-00-00-76
F0-20-3A-03-8D-17-6D-07-DE-01-E1-02-03-01-17-08-6C-0E-01-01-A5-78-04-8D-00-00-64-00-00-00-00-00-27
F0-20-43-03-ED-17-82-07-DE-01-E9-02-03-01-16-07-6C-0E-01-01-A5-78-04-8D-00-00-65-00-00-00-00-00-A2
F0-20-72-03-05-18-82-07-DE-01-EF-02-03-01-12-03-6C-0E-01-01-A5-78-04-8D-00-00-65-00-00-00-00-00-5C
F0-20-9B-03-9D-17-6B-07-E3-01-EF-02-03-01-0E-00-6C-0E-01-01-A5-78-04-8D-00-00-65-00-00-00-00-00-B5
F0-20-B3-03-7D-17-56-07-DE-01-E9-02-03-01-0C-00-6C-0E-01-01-A5-78-01-8D-00-00-65-00-00-00-00-00-E2
F0-20-7F-03-05-17-4E-07-DE-01-CB-02-03-01-11-02-6C-0E-01-01-A5-78-03-8D-00-00-64-00-00-00-00-00-AC
F0-20-65-03-ED-16-4A-07-DE-01-CB-02-03-01-14-05-6C-0E-01-01-A5-78-04-8D-00-00-64-00-00-00-00-00-DC
F0-20-67-03-DD-16-4B-07-DE-01-C1-02-03-01-13-04-6C-0E-01-01-A5-78-04-8D-00-00-64-00-00-00-00-00-F5
F0-20-50-03-15-17-54-07-DE-01-C9-02-03-01-15-06-6C-0E-01-01-A5-78-04-8D-00-00-64-00-00-00-00-00-BE
F0-20-6B-03-65-17-60-07-DE-01-E1-02-03-01-13-04-6C-0E-01-01-A5-78-02-8D-00-00-64-00-00-00-00-00-35
F0-20-7A-03-85-17-62-07-DE-01-E9-02-03-01-12-03-6C-0E-01-01-A5-78-01-8D-00-00-64-00-00-00-00-00-FF
F0-20-96-03-45-17-53-07-DE-01-DB-02-03-01-0F-00-6C-0E-01-01-A5-78-03-8C-00-00-64-00-00-00-00-00-45
F0-20-7D-03-F5-16-4D-07-E3-01-DB-02-03-01-11-02-6C-0E-01-01-A5-78-03-8D-00-00-64-00-00-00-00-00-AB
F0-20-62-03-ED-16-4A-07-DE-01-C9-02-03-01-14-05-6C-0E-01-01-A5-78-04-8D-00-00-64-00-00-00-00-00-E1
F0-20-48-03-05-17-51-07-DE-01-C9-02-03-01-15-06-6C-0E-01-01-A5-78-04-8D-00-00-64-00-00-00-00-00-D9
F0-20-48-03-6D-17-64-07-DE-01-DB-02-03-01-15-06-6C-0E-01-01-A5-78-04-8D-00-00-64-00-00-00-00-00-4C
F0-20-73-03-8D-17-68-07-DE-01-E9-02-03-01-12-03-6C-0E-01-01-A5-78-05-8D-00-00-64-00-00-00-00-00-F4
F0-20-81-03-95-17-5D-07-DE-01-E9-02-03-01-11-02-6C-0E-01-01-A5-78-01-8D-00-00-64-00-00-00-00-00-EF
F0-20-80-03-4D-17-57-07-DE-01-DD-02-03-01-11-02-6C-0E-01-01-A5-78-04-8C-00-00-64-00-00-00-00-00-48
F0-20-4A-03-2D-17-55-07-DE-01-DD-02-03-01-15-06-6C-0E-01-01-A5-78-03-8D-00-00-64-00-00-00-00-00-98
F0-20-34-03-45-17-65-07-DE-01-D3-02-03-01-17-08-6C-0E-01-01-A5-78-03-8C-00-00-64-00-00-00-00-00-8D
F0-20-25-03-AD-17-70-07-DE-01-E6-02-03-01-19-0A-6C-0E-01-01-A5-78-03-8D-00-00-64-00-00-00-00-00-11
F0-20-31-03-ED-17-7F-07-DE-01-EB-02-03-01-18-09-6C-0E-01-01-A5-78-01-8D-00-00-64-00-00-00-00-00-B5
F0-20-6E-03-1D-18-7A-07-DE-01-F1-02-03-01-13-04-6C-0E-01-01-A5-78-04-8D-00-00-64-00-00-00-00-00-4D
F0-20-98-03-BD-17-62-07-E3-01-ED-02-03-01-0F-00-6C-0E-01-01-A5-78-03-8D-00-00-64-00-00-00-00-00-A4
F0-20-7C-03-45-17-57-07-DE-01-DB-02-03-01-11-02-6C-0E-01-01-A5-78-04-8D-00-00-64-00-00-00-00-00-55
F0-20-6C-03-2D-17-55-07-DE-01-D3-02-03-01-13-04-6C-0E-01-01-A5-78-04-8C-00-00-64-00-00-00-00-00-84
F0-20-6E-03-15-17-52-07-E3-01-D3-02-03-01-13-04-6C-0E-01-01-A5-78-04-8C-00-00-64-00-00-00-00-00-98
F0-20-69-03-25-17-54-07-DE-01-D4-02-03-01-13-04-6C-0E-01-01-A5-78-03-8C-00-00-64-00-00-00-00-00-90
F0-20-6A-03-2D-17-56-07-DE-01-D8-02-03-01-13-04-6C-0E-01-01-A5-78-04-8D-00-00-63-00-00-00-00-00-80
F0-20-72-03-4D-17-56-07-E3-01-DE-02-03-01-12-03-6C-0E-01-01-A5-78-01-8D-00-00-63-00-00-00-00-00-52
F0-20-67-03-3D-17-57-07-DE-01-D7-02-03-01-13-04-6C-0E-01-01-A5-78-04-8C-00-00-63-00-00-00-00-00-74
F0-20-3A-03-35-17-57-07-DE-01-D7-02-03-01-17-08-6C-0E-01-01-A5-78-04-8C-00-00-63-00-00-00-00-00-A1
F0-20-37-03-4D-17-64-07-DE-01-D6-02-03-01-17-08-6C-0E-01-01-A5-78-05-8D-00-00-63-00-00-00-00-00-7E
F0-20-41-03-B5-17-71-07-DE-01-E7-02-03-01-16-07-6C-0E-01-01-A5-78-03-8C-00-00-64-00-00-00-00-00-F2
F0-20-39-03-DD-17-76-07-DE-01-EB-02-03-01-17-08-6C-0E-01-01-A5-78-01-8D-00-00-64-00-00-00-00-00-C8
F0-20-6C-03-DD-17-6E-07-E3-01-ED-02-03-01-13-04-6C-0E-01-01-A5-78-04-8C-00-00-64-00-00-00-00-00-9C
F0-20-72-03-A5-17-69-07-DE-01-ED-02-03-01-12-03-6C-0E-01-01-A5-78-03-8D-00-00-64-00-00-00-00-00-DA
F0-20-53-03-65-17-63-07-DE-01-EB-02-03-01-14-05-6C-0E-01-01-A5-78-04-8D-00-00-64-00-00-00-00-00-3C
F0-20-42-03-7D-17-6D-07-DE-01-E7-02-03-01-16-07-6C-0E-01-01-A5-78-04-8D-00-00-64-00-00-00-00-00-2B
F0-20-2D-03-DD-17-79-07-DE-01-E9-02-03-01-18-09-6C-0E-01-01-A5-78-04-8C-00-00-64-00-00-00-00-00-CF
F0-20-5E-03-F5-17-7E-07-DE-01-ED-02-03-01-14-05-6C-0E-01-01-A5-78-04-8C-00-00-64-00-00-00-00-00-85
F0-20-65-03-FD-17-75-07-DE-01-F0-02-03-01-14-05-6C-0E-01-01-A5-78-01-8D-00-00-64-00-00-00-00-00-7E
F0-20-74-03-B5-17-6B-07-DE-01-EC-02-03-01-12-03-6C-0E-01-01-A5-78-04-8D-00-00-64-00-00-00-00-00-C6
F0-20-58-03-8D-17-66-07-DE-01-E7-02-03-01-14-05-6C-0E-01-01-A5-78-04-8D-00-00-64-00-00-00-00-00-10
F0-20-51-03-9D-17-69-07-E3-01-E7-02-03-01-15-06-6C-0E-01-01-A5-78-04-8C-00-00-64-00-00-00-00-00-FE
F0-20-51-03-85-17-68-07-DE-01-E9-02-03-01-15-06-6C-0E-01-01-A5-78-04-8D-00-00-64-00-00-00-00-00-19
F0-20-3E-03-AD-17-71-07-DE-01-E7-02-03-01-16-07-6C-0E-01-01-A5-78-04-8D-00-00-64-00-00-00-00-00-FB
F0-20-41-03-DD-17-78-07-E3-01-EB-02-03-01-16-07-6C-0E-01-01-A5-78-04-8D-00-00-65-00-00-00-00-00-B7
F0-20-2F-03-FD-17-7C-07-DE-01-ED-02-03-01-18-09-6C-0E-01-01-A5-78-01-8D-00-00-65-00-00-00-00-00-A7
F0-20-53-03-15-18-80-07-DE-01-EF-02-03-01-14-05-6C-0E-01-01-A5-78-04-8C-00-00-65-00-00-00-00-00-6A
F0-20-66-03-ED-17-78-07-E3-01-EF-02-03-01-14-05-6C-0E-01-01-A5-78-03-8C-00-00-65-00-00-00-00-00-84
F0-20-51-03-CD-17-75-07-DE-01-EE-02-03-01-14-05-6C-0E-01-01-A5-78-04-8D-00-00-65-00-00-00-00-00-C0
F0-20-50-03-B5-17-6E-07-DE-01-EB-02-03-01-15-06-6C-0E-01-01-A5-78-04-8C-00-00-65-00-00-00-00-00-E2
F0-20-37-03-C5-17-72-07-E3-01-E9-02-03-01-17-08-6C-0E-01-01-A5-78-04-8D-00-00-65-00-00-00-00-00-DF
F0-20-3E-03-FD-17-83-07-E3-01-ED-02-03-01-16-07-6C-0E-01-01-A5-78-01-8D-00-00-66-00-00-00-00-00-8F
F0-20-4F-03-15-18-80-07-E3-01-EF-02-03-01-15-06-6C-0E-01-01-A5-78-04-8D-00-00-66-00-00-00-00-00-65
F0-20-77-03-F5-17-75-07-DE-01-EF-02-03-01-12-03-6C-0E-01-01-A5-78-04-8C-00-00-66-00-00-00-00-00-75
F0-20-54-03-AD-17-6D-07-DE-01-EF-02-03-01-14-05-6C-0E-01-01-A5-78-04-8D-00-00-66-00-00-00-00-00-E3
F0-20-4D-03-E5-17-79-07-DE-01-E9-02-03-01-15-06-6C-0E-01-01-A5-78-03-8D-00-00-66-00-00-00-00-00-AB
F0-20-5C-03-C5-17-73-07-DE-01-ED-02-03-01-14-05-6C-0E-01-01-A5-78-04-8D-00-00-66-00-00-00-00-00-BF
F0-20-6A-03-BD-17-72-07-E3-01-EB-02-03-01-13-04-6C-0E-01-01-A5-78-03-8D-00-00-66-00-00-00-00-00-BA
F0-20-72-03-85-17-65-07-DE-01-EB-02-03-01-12-03-6C-0E-01-01-A5-78-04-8C-00-00-66-00-00-00-00-00-FE
F0-20-57-03-6D-17-63-07-DE-01-EA-02-03-01-14-05-6C-0E-01-01-A5-78-03-8C-00-00-66-00-00-00-00-00-31
F0-20-37-03-75-17-64-07-DE-01-E7-02-03-01-17-08-6C-0E-01-01-A5-78-04-8C-00-00-66-00-00-00-00-00-44
F0-20-3C-03-AD-17-6D-07-DE-01-EA-02-03-01-17-08-6C-0E-01-01-A5-78-01-8D-00-00-66-00-00-00-00-00-FD
F0-20-3D-03-F5-17-7C-07-DE-01-ED-02-03-01-17-08-6C-0E-01-01-A5-78-03-8C-00-00-66-00-00-00-00-00-A1
F0-20-40-03-FD-17-7D-07-DE-01-ED-02-03-01-16-07-6C-0E-01-01-A5-78-03-8D-00-00-67-00-00-00-00-00-95
F0-20-57-03-E5-17-7A-07-DE-01-ED-02-03-01-14-05-6C-0E-01-01-A5-78-04-8C-00-00-67-00-00-00-00-00-9D
F0-20-60-03-CD-17-75-07-DE-01-ED-02-03-01-14-05-6C-0E-01-01-A5-78-04-8C-00-00-67-00-00-00-00-00-B1
F0-20-54-03-AD-17-6F-07-E3-01-EB-02-03-01-14-05-6C-0E-01-01-A5-78-04-8D-00-00-67-00-00-00-00-00-DF
F0-20-3C-03-9D-17-6C-07-E3-01-EB-02-03-01-17-08-6C-0E-01-01-A5-78-04-8C-00-00-67-00-00-00-00-00-05
F0-20-45-03-D5-17-75-07-DE-01-EC-02-03-01-16-07-6C-0E-01-01-A5-78-04-8C-00-00-67-00-00-00-00-00-C1
F0-20-51-03-0D-18-7C-07-DE-01-EF-02-03-01-15-06-6C-0E-01-01-A5-78-01-8C-00-00-67-00-00-00-00-00-77
F0-20-4F-03-ED-17-7A-07-DE-01-ED-02-03-01-15-06-6C-0E-01-01-A5-78-03-8D-00-00-67-00-00-00-00-00-9B
F0-20-61-03-DD-17-75-07-DE-01-EB-02-03-01-14-05-6C-0E-01-01-A5-78-04-8C-00-00-67-00-00-00-00-00-A2
F0-20-48-03-B5-17-70-07-E3-01-EB-02-03-01-15-06-6C-0E-01-01-A5-78-04-8D-00-00-67-00-00-00-00-00-E0
F0-20-46-03-A5-17-71-07-DE-01-E9-02-03-01-16-07-6C-0E-01-01-A5-78-04-8D-00-00-67-00-00-00-00-00-F6
F0-20-39-03-AD-17-73-07-DE-01-EB-02-03-01-17-08-6C-0E-01-01-A5-78-04-8D-00-00-67-00-00-00-00-00-F5
F0-20-4E-03-D5-17-75-07-E3-01-EB-02-03-01-15-06-6C-0E-01-01-A5-78-05-8D-00-00-68-00-00-00-00-00-B3
F0-20-51-03-ED-17-75-07-DE-01-ED-02-03-01-15-06-6C-0E-01-01-A5-78-01-8D-00-00-68-00-00-00-00-00-9F
F0-20-50-03-D5-17-75-07-DE-01-EB-02-03-01-15-06-6C-0E-01-01-A5-78-04-8D-00-00-68-00-00-00-00-00-B7
F0-20-62-03-D5-17-72-07-DE-01-EC-02-03-01-14-05-6C-0E-01-01-A5-78-04-8C-00-00-68-00-00-00-00-00-AA
F0-20-4A-03-BD-17-6F-07-E3-01-EC-02-03-01-15-06-6C-0E-01-01-A5-78-03-8C-00-00-68-00-00-00-00-00-D7
F0-20-52-03-AD-17-6F-07-DE-01-E9-02-03-01-14-05-6C-0E-01-01-A5-78-04-8D-00-00-68-00-00-00-00-00-E7
F0-20-42-03-B5-17-73-07-DE-01-EC-02-03-01-16-07-6C-0E-01-01-A5-78-04-8C-00-00-68-00-00-00-00-00-E5
F0-20-54-03-C5-17-73-07-DE-01-ED-02-03-01-14-05-6C-0E-01-01-A5-78-04-8D-00-00-68-00-00-00-00-00-C5
F0-20-57-03-CD-17-74-07-E3-01-EB-02-03-01-14-05-6C-0E-01-01-A5-78-01-8D-00-00-68-00-00-00-00-00-B9
F0-20-4A-03-C5-17-74-07-DE-01-EB-02-03-01-15-06-6C-0E-01-01-A5-78-04-8C-00-00-68-00-00-00-00-00-CF
F0-20-3B-03-C5-17-71-07-E3-01-EB-02-03-01-17-08-6C-0E-01-01-A5-78-05-8C-00-00-69-00-00-00-00-00-D6
F0-20-1D-03-CD-17-77-07-DE-01-EC-02-03-01-1A-0B-6C-0E-01-01-A5-78-04-8D-00-00-69-00-00-00-00-00-E4
F0-20-28-03-05-18-80-07-DE-01-E9-02-03-01-19-0A-6C-0E-01-01-A5-78-04-8D-00-00-69-00-00-00-00-00-9C
F0-20-33-03-2D-18-84-07-DE-01-EF-02-03-01-18-09-6C-0E-01-01-A5-78-01-8C-00-00-69-00-00-00-00-00-65
F0-20-4F-03-45-18-87-07-DE-01-F2-02-03-01-15-06-6C-0E-01-01-A5-78-04-8D-00-00-69-00-00-00-00-00-2D
F0-20-65-03-15-18-7E-07-DE-01-F0-02-03-01-14-05-6C-0E-01-01-A5-78-03-8C-00-00-69-00-00-00-00-00-56
F0-20-5E-03-DD-17-74-07-E3-01-F0-02-03-01-14-05-6C-0E-01-01-A5-78-04-8C-00-00-69-00-00-00-00-00-9A
F0-20-5C-03-B5-17-73-07-DE-01-EC-02-03-01-14-05-6C-0E-01-01-A5-78-03-8C-00-00-69-00-00-00-00-00-CF
F0-20-56-03-B5-17-70-07-DE-01-EC-02-03-01-14-05-6C-0E-01-01-A5-78-04-8C-00-00-69-00-00-00-00-00-D7
F0-20-52-03-CD-17-71-07-DE-01-EC-02-03-01-14-05-6C-0E-01-01-A5-78-01-8D-00-00-69-00-00-00-00-00-C4
F0-20-54-03-C5-17-6D-07-DE-01-EB-02-03-01-14-05-6C-0E-01-01-A5-78-03-8D-00-00-69-00-00-00-00-00-CD
F0-20-57-03-CD-17-73-07-DE-01-EC-02-03-01-14-05-6C-0E-01-01-A5-78-04-8D-00-00-69-00-00-00-00-00-BA
F0-20-48-03-C5-17-71-07-DE-01-EC-02-03-01-15-06-6C-0E-01-01-A5-78-03-8C-00-00-6A-00-00-00-00-00-D2
F0-20-40-03-D5-17-75-07-DE-01-EB-02-03-01-16-07-6C-0E-01-01-A5-78-04-8D-00-00-6A-00-00-00-00-00-C3
F0-20-52-03-CD-17-76-07-DE-01-EB-02-03-01-14-05-6C-0E-01-01-A5-78-04-8D-00-00-6A-00-00-00-00-00-BC
F0-20-5C-03-CD-17-75-07-DE-01-ED-02-03-01-14-05-6C-0E-01-01-A5-78-04-8C-00-00-6A-00-00-00-00-00-B2
F0-20-58-03-B5-17-6F-07-DE-01-EC-02-03-01-14-05-6C-0E-01-01-A5-78-04-8C-00-00-6A-00-00-00-00-00-D5
F0-20-4A-03-C5-17-6F-07-DE-01-EC-02-03-01-15-06-6C-0E-01-01-A5-78-01-8C-00-00-6A-00-00-00-00-00-D4
F0-20-44-03-ED-17-79-07-DE-01-EC-02-03-01-16-07-6C-0E-01-01-A5-78-04-8C-00-00-6A-00-00-00-00-00-A3
F0-20-42-03-DD-17-77-07-DE-01-EE-02-03-01-16-07-6C-0E-01-01-A5-78-04-8D-00-00-6A-00-00-00-00-00-B4
F0-20-40-03-ED-17-7A-07-DE-01-ED-02-03-01-16-07-6C-0E-01-01-A5-78-04-8D-00-00-6B-00-00-00-00-00-A3
F0-20-4A-03-05-18-81-07-E3-01-ED-02-03-01-15-06-6C-0E-01-01-A5-78-05-8D-00-00-6B-00-00-00-00-00-75
F0-20-5F-03-F5-17-7E-07-E3-01-EF-02-03-01-14-05-6C-0E-01-01-A5-78-04-8C-00-00-6B-00-00-00-00-00-76
F0-20-62-03-C5-17-72-07-DE-01-EE-02-03-01-14-05-6C-0E-01-01-A5-78-04-8D-00-00-6B-00-00-00-00-00-B4
F0-20-51-03-CD-17-71-07-DE-01-EB-02-03-01-15-06-6C-0E-01-01-A5-78-01-8D-00-00-6B-00-00-00-00-00-C2
F0-20-44-03-ED-17-7B-07-DE-01-ED-02-03-01-16-07-6C-0E-01-01-A5-78-04-8C-00-00-6B-00-00-00-00-00-9F
F0-20-4E-03-E5-17-77-07-DE-01-ED-02-03-01-15-06-6C-0E-01-01-A5-78-04-8C-00-00-6C-00-00-00-00-00-A2
F0-20-5A-03-ED-17-7A-07-DE-01-ED-02-03-01-14-05-6C-0E-01-01-A5-78-04-8D-00-00-6C-00-00-00-00-00-8C
F0-20-63-03-C5-17-75-07-DE-01-ED-02-03-01-14-05-6C-0E-01-01-A5-78-04-8D-00-00-6C-00-00-00-00-00-B0
F0-20-6B-03-AD-17-6E-07-DE-01-ED-02-03-01-13-04-6C-0E-01-01-A5-78-03-8C-00-00-6B-00-00-00-00-00-CC
F0-20-6A-03-85-17-64-07-DE-01-E9-02-03-01-13-04-6C-0E-01-01-A5-78-04-8D-00-00-6B-00-00-00-00-00-01
F0-20-31-03-85-17-70-07-DE-01-E7-02-03-01-18-09-6C-0E-01-01-A5-78-04-8D-00-00-6B-00-00-00-00-00-26
F0-20-2E-03-ED-17-7E-07-E3-01-EA-02-03-01-18-09-6C-0E-01-01-A5-78-04-8D-00-00-6C-00-00-00-00-00-AA
F0-20-53-03-0D-18-80-07-DE-01-EF-02-03-01-14-05-6C-0E-01-01-A5-78-05-8D-00-00-6C-00-00-00-00-00-69
F0-20-71-03-1D-18-79-07-DE-01-F1-02-03-01-12-03-6C-0E-01-01-A5-78-01-8D-00-00-6C-00-00-00-00-00-48
F0-20-7A-03-CD-17-6E-07-DE-01-ED-02-03-01-12-03-6C-0E-01-01-A5-78-03-8D-00-00-6C-00-00-00-00-00-9D
F0-20-72-03-7D-17-63-07-E3-01-E8-02-03-01-12-03-6C-0E-01-01-A5-78-04-8D-00-00-6B-00-00-00-00-00-00
F0-20-48-03-5D-17-5F-07-DE-01-E8-02-03-01-15-06-6C-0E-01-01-A5-78-04-8C-00-00-6B-00-00-00-00-00-4E
F0-20-40-03-65-17-69-07-E3-01-E0-02-03-01-16-07-6C-0E-01-01-A5-78-03-8C-00-00-6B-00-00-00-00-00-46
F0-20-4E-03-D5-17-78-07-DE-01-E9-02-03-01-15-06-6C-0E-01-01-A5-78-04-8C-00-00-6C-00-00-00-00-00-B5
F0-20-6E-03-C5-17-73-07-DE-01-EE-02-03-01-13-04-6C-0E-01-01-A5-78-01-8C-00-00-6C-00-00-00-00-00-AC
F0-20-81-03-C5-17-68-07-E3-01-EE-02-03-01-11-02-6C-0E-01-01-A5-78-01-8C-00-00-6C-00-00-00-00-00-A3
F0-20-5F-03-8D-17-67-07-DE-01-E9-02-03-01-14-05-6C-0E-01-01-A5-78-01-8D-00-00-6B-00-00-00-00-00-02
F0-20-31-03-8D-17-6A-07-DE-01-E7-02-03-01-18-09-6C-0E-01-01-A5-78-01-8D-00-00-6B-00-00-00-00-00-27
F0-20-2B-03-CD-17-74-07-DE-01-E7-02-03-01-18-09-6C-0E-01-01-A5-78-01-8D-00-00-6C-00-00-00-00-00-E2
F0-20-3C-03-ED-17-7F-07-DE-01-E9-02-03-01-17-08-6C-0E-01-01-A5-78-01-8D-00-00-6C-00-00-00-00-00-A6
F0-20-59-03-0D-18-81-07-DE-01-EF-02-03-01-14-05-6C-0E-01-01-A6-78-01-8D-00-00-6C-00-00-00-00-00-65
F0-20-72-03-CD-17-75-07-DE-01-EF-02-03-01-12-03-6C-0E-01-01-A6-78-01-8C-00-00-6C-00-00-00-00-00-9E
F0-20-5D-03-85-17-67-07-DE-01-EC-02-03-01-14-05-6C-0E-01-01-A6-78-01-8D-00-00-6C-00-00-00-00-00-07
F0-20-51-03-A5-17-6D-07-DE-01-E9-02-03-01-15-06-6C-0E-01-01-A6-78-01-8C-00-00-6C-00-00-00-00-00-EF
F0-20-36-03-BD-17-71-07-DE-01-E9-02-03-01-17-08-6C-0E-01-01-A6-78-01-8D-00-00-6C-00-00-00-00-00-E9
F0-20-3C-03-ED-17-7F-07-DE-01-ED-02-03-01-17-08-6C-0E-01-01-A6-78-01-8C-00-00-6D-00-00-00-00-00-A1
F0-20-5E-03-1D-18-81-07-DE-01-ED-02-03-01-14-05-6C-0E-01-01-A6-78-01-8C-00-00-6D-00-00-00-00-00-52
F0-20-72-03-F5-17-7B-07-DE-01-F0-02-03-01-12-03-6C-0E-01-01-A6-78-01-8D-00-00-6C-00-00-00-00-00-6E
F0-20-6D-03-A5-17-6D-07-DE-01-ED-02-03-01-13-04-6C-0E-01-01-A6-78-01-8D-00-00-6C-00-00-00-00-00-D2
F0-20-61-03-85-17-69-07-DE-01-EC-02-03-01-14-05-6C-0E-01-01-A6-78-01-8D-00-00-6C-00-00-00-00-00-01
F0-20-4F-03-85-17-67-07-DE-01-E9-02-03-01-15-06-6C-0E-01-01-A6-78-01-8C-00-00-6C-00-00-00-00-00-17
F0-20-3F-03-95-17-69-07-DE-01-E7-02-03-01-16-07-6C-0E-01-01-A6-78-02-8C-00-00-6C-00-00-00-00-00-14
F0-20-37-03-CD-17-7C-07-DE-01-EC-02-03-01-17-08-6C-0E-01-01-A6-78-01-8D-00-00-6D-00-00-00-00-00-C9
F0-20-5B-03-1D-18-7D-07-DE-01-F0-02-03-01-14-05-6C-0E-01-01-A6-78-02-8D-00-00-6D-00-00-00-00-00-54
F0-20-81-03-F5-17-76-07-DE-01-EF-02-03-01-11-02-6C-0E-01-01-A6-78-02-8D-00-00-6D-00-00-00-00-00-65
F0-20-7F-03-8D-17-64-07-DE-01-EA-02-03-01-11-02-6C-0E-01-01-A6-78-03-8C-00-00-6C-00-00-00-00-00-E7
F0-20-55-03-6D-17-61-07-E3-01-EA-02-03-01-14-05-6C-0E-01-01-A6-78-03-8C-00-00-6C-00-00-00-00-00-29
F0-20-50-03-65-17-61-07-DE-01-E4-02-03-01-15-06-6C-0E-01-01-A6-78-03-8D-00-00-6C-00-00-00-00-00-3E
F0-20-34-03-7D-17-67-07-DE-01-E7-02-03-01-17-08-6C-0E-01-01-A6-78-04-8D-00-00-6C-00-00-00-00-00-34
F0-20-36-03-05-18-83-07-DE-01-E9-02-03-01-17-08-6C-0E-01-01-A6-78-04-8D-00-00-6D-00-00-00-00-00-8A
F0-20-54-03-35-18-83-07-DE-01-EF-02-03-01-14-05-6C-0E-01-01-A6-78-01-8D-00-00-6D-00-00-00-00-00-3F
F0-20-8F-03-05-18-70-07-E3-01-EF-02-03-01-10-01-6C-0E-01-01-A6-78-03-8D-00-00-6D-00-00-00-00-00-48
F0-20-9A-03-8D-17-5F-07-DE-01-E9-02-03-01-0E-00-6C-0E-01-01-A6-78-02-8D-00-00-6C-00-00-00-00-00-D7
F0-20-6F-03-3D-17-57-07-DE-01-DA-02-03-01-13-04-6C-0E-01-01-A6-78-03-8C-00-00-6C-00-00-00-00-00-60
F0-20-47-03-4D-17-59-07-DE-01-DA-02-03-01-16-07-6C-0E-01-01-A6-78-04-8C-00-00-6C-00-00-00-00-00-6F
F0-20-44-03-45-17-63-07-DE-01-DC-02-03-01-16-07-6C-0E-01-01-A6-78-03-8D-00-00-6C-00-00-00-00-00-6E
F0-20-47-03-C5-17-75-07-E3-01-E7-02-03-01-16-07-6C-0E-01-01-A6-78-03-8C-00-00-6C-00-00-00-00-00-CA
F0-20-57-03-FD-17-7D-07-DE-01-EE-02-03-01-14-05-6C-0E-01-01-A6-78-03-8C-00-00-6D-00-00-00-00-00-7B
F0-20-6E-03-15-18-76-07-DE-01-EF-02-03-01-13-04-6C-0E-01-01-A6-78-01-8D-00-00-6C-00-00-00-00-00-55
F0-20-92-03-C5-17-64-07-E3-01-ED-02-03-01-0F-00-6C-0E-01-01-A6-78-03-8C-00-00-6C-00-00-00-00-00-98
F0-20-81-03-75-17-5F-07-E3-01-E7-02-03-01-11-02-6C-0E-01-01-A6-78-04-8C-00-00-6C-00-00-00-00-00-FF
F0-20-67-03-2D-17-54-07-DE-01-D3-02-03-01-13-04-6C-0E-01-01-A6-78-04-8D-00-00-6C-00-00-00-00-00-80
F0-20-4E-03-35-17-57-07-DE-01-D3-02-03-01-15-06-6C-0E-01-01-A6-78-04-8C-00-00-6C-00-00-00-00-00-8B
F0-20-4D-03-A5-17-6C-07-DE-01-D5-02-03-01-15-06-6C-0E-01-01-A6-78-03-8C-00-00-6C-00-00-00-00-00-06
F0-20-5F-03-C5-17-77-07-DE-01-EA-02-03-01-14-05-6C-0E-01-01-A6-78-04-8D-00-00-6C-00-00-00-00-00-B4
F0-20-89-03-8D-17-69-07-E3-01-ED-02-03-01-10-01-6C-0E-01-01-A6-78-04-8C-00-00-6C-00-00-00-00-00-D1
F0-20-92-03-2D-17-55-07-DE-01-EA-02-03-01-0F-00-6C-0E-01-01-A6-78-03-8D-00-00-6B-00-00-00-00-00-47
F0-20-83-03-05-17-4C-07-DE-01-D6-02-03-01-11-02-6C-0E-01-01-A6-78-04-8D-00-00-6B-00-00-00-00-00-96
F0-20-5D-03-F5-16-4C-07-DE-01-C3-02-03-01-14-05-6C-0E-01-01-A6-78-04-8C-00-00-6B-00-00-00-00-00-DB
F0-20-43-03-65-17-60-07-E3-01-D4-02-03-01-16-07-6C-0E-01-01-A6-78-04-8D-00-00-6B-00-00-00-00-00-55
F0-20-54-03-AD-17-71-07-DE-01-E9-02-03-01-14-05-6C-0E-01-01-A6-78-01-8C-00-00-6B-00-00-00-00-00-E3
F0-20-88-03-C5-17-6D-07-DE-01-EE-02-03-01-10-01-6C-0E-01-01-A6-78-04-8C-00-00-6B-00-00-00-00-00-9B
F0-20-AB-03-65-17-59-07-DE-01-E4-02-03-01-0D-00-6C-0E-01-01-A6-78-04-8C-00-00-6B-00-00-00-00-00-FA
F0-20-77-03-05-17-4E-07-DE-01-E4-02-03-01-12-03-6C-0E-01-01-A6-78-03-8D-00-00-6B-00-00-00-00-00-91
F0-20-67-03-35-17-57-07-DE-01-C9-02-03-01-13-04-6C-0E-01-01-A6-78-04-8C-00-00-6B-00-00-00-00-00-81
F0-20-6D-03-1D-17-53-07-E3-01-D6-02-03-01-13-04-6C-0E-01-01-A6-78-03-8D-00-00-6B-00-00-00-00-00-85
F0-20-76-03-35-17-59-07-DE-01-D7-02-03-01-12-03-6C-0E-01-01-A6-78-04-8C-00-00-6B-00-00-00-00-00-64
F0-20-8C-03-15-17-53-07-DE-01-DC-02-03-01-10-01-6C-0E-01-01-A6-78-03-8C-00-00-6A-00-00-00-00-00-75
F0-20-82-03-DD-16-46-07-DE-01-D2-02-03-01-11-02-6C-0E-01-01-A6-78-03-8C-00-00-6A-00-00-00-00-00-CD
F0-20-74-03-F5-16-4A-07-DE-01-C4-02-03-01-12-03-6C-0E-01-01-A6-78-01-8D-00-00-6A-00-00-00-00-00-CC
F0-20-64-03-15-17-50-07-DE-01-CD-02-03-01-14-05-6C-0E-01-01-A6-78-04-8D-00-00-6A-00-00-00-00-00-A5
F0-20-65-03-25-17-56-07-E3-01-D1-02-03-01-14-05-6C-0E-01-01-A6-78-04-8D-00-00-69-00-00-00-00-00-86
F0-20-66-03-35-17-57-07-DE-01-D5-02-03-01-14-05-6C-0E-01-01-A6-78-03-8C-00-00-69-00-00-00-00-00-77
F0-20-78-03-3D-17-55-07-DE-01-D5-02-03-01-12-03-6C-0E-01-01-A6-78-04-8C-00-00-69-00-00-00-00-00-62
F0-20-50-03-2D-17-56-07-E3-01-D9-02-03-01-15-06-6C-0E-01-01-A6-78-04-8C-00-00-69-00-00-00-00-00-8A
F0-20-4C-03-35-17-64-07-DE-01-D4-02-03-01-15-06-6C-0E-01-01-A6-78-03-8D-00-00-69-00-00-00-00-00-82
F0-20-43-03-7D-17-6A-07-DE-01-E8-02-03-01-16-07-6C-0E-01-01-A6-78-03-8D-00-00-69-00-00-00-00-00-27
F0-20-6C-03-9D-17-6A-07-DE-01-EC-02-03-01-13-04-6C-0E-01-01-A6-78-03-8C-00-00-69-00-00-00-00-00-E1
F0-20-76-03-75-17-64-07-DE-01-E9-02-03-01-12-03-6C-0E-01-01-A6-78-04-8C-00-00-69-00-00-00-00-00-09
F0-20-66-03-75-17-60-07-DE-01-E7-02-03-01-14-05-6C-0E-01-01-A6-78-01-8C-00-00-69-00-00-00-00-00-1E
F0-20-71-03-6D-17-60-07-DE-01-E5-02-03-01-12-03-6C-0E-01-01-A6-78-04-8D-00-00-69-00-00-00-00-00-1D
F0-20-6F-03-65-17-60-07-DE-01-E5-02-03-01-13-04-6C-0E-01-01-A6-78-03-8D-00-00-69-00-00-00-00-00-26
F0-20-5C-03-35-17-5C-07-DE-01-E3-02-03-01-14-05-6C-0E-01-01-A6-78-03-8C-00-00-69-00-00-00-00-00-6E
F0-20-3C-03-45-17-5F-07-DE-01-DE-02-03-01-17-08-6C-0E-01-01-A6-78-04-8C-00-00-69-00-00-00-00-00-79
F0-20-4A-03-8D-17-6D-07-E3-01-E8-02-03-01-15-06-6C-0E-01-01-A6-78-04-8C-00-00-69-00-00-00-00-00-0A
F0-20-56-03-CD-17-71-07-DE-01-EC-02-03-01-14-05-6C-0E-01-01-A6-78-01-8C-00-00-69-00-00-00-00-00-C0
F0-20-56-03-B5-17-6F-07-DE-01-EB-02-03-01-14-05-6C-0E-01-01-A6-78-05-8D-00-00-69-00-00-00-00-00-D6
F0-20-5F-03-AD-17-6D-07-DE-01-EA-02-03-01-14-05-6C-0E-01-01-A6-78-04-8C-00-00-69-00-00-00-00-00-DA
F0-20-5B-03-9D-17-68-07-DE-01-EA-02-03-01-14-05-6C-0E-01-01-A6-78-05-8D-00-00-69-00-00-00-00-00-F1
F0-20-61-03-7D-17-68-07-DE-01-EA-02-03-01-14-05-6C-0E-01-01-A6-78-04-8D-00-00-69-00-00-00-00-00-0C
F0-20-4B-03-75-17-66-07-DE-01-E9-02-03-01-15-06-6C-0E-01-01-A6-78-05-8C-00-00-69-00-00-00-00-00-2B
F0-20-36-03-95-17-6D-07-E3-01-EA-02-03-01-17-08-6C-0E-01-01-A6-78-04-8D-00-00-69-00-00-00-00-00-0F
F0-20-40-03-E5-17-78-07-DE-01-EB-02-03-01-16-07-6C-0E-01-01-A6-78-01-8C-00-00-69-00-00-00-00-00-B4
F0-20-37-03-15-18-83-07-DE-01-EB-02-03-01-17-08-6C-0E-01-01-A6-78-04-8C-00-00-69-00-00-00-00-00-7C
F0-20-52-03-1D-18-83-07-DE-01-EE-02-03-01-14-05-6C-0E-01-01-A6-78-04-8D-00-00-6A-00-00-00-00-00-5A
F0-20-6F-03-15-18-7B-07-DE-01-EF-02-03-01-13-04-6C-0E-01-01-A6-78-04-8C-00-00-6A-00-00-00-00-00-4F
F0-20-62-03-CD-17-76-07-DE-01-EE-02-03-01-14-05-6C-0E-01-01-A6-78-05-8C-00-00-6A-00-00-00-00-00-A8
F0-20-6F-03-9D-17-6D-07-DE-01-EE-02-03-01-13-04-6C-0E-01-01-A6-78-04-8C-00-00-69-00-00-00-00-00-D8
F0-20-6F-03-7D-17-65-07-DE-01-EC-02-03-01-13-04-6C-0E-01-01-A6-78-04-8D-00-00-69-00-00-00-00-00-01
F0-20-61-03-7D-17-62-07-E3-01-E7-02-03-01-14-05-6C-0E-01-01-A6-78-01-8D-00-00-69-00-00-00-00-00-13
F0-20-41-03-8D-17-69-07-DE-01-E8-02-03-01-16-07-6C-0E-01-01-A6-78-04-8C-00-00-69-00-00-00-00-00-1A
F0-20-53-03-B5-17-71-07-DE-01-EB-02-03-01-14-05-6C-0E-01-01-A6-78-03-8C-00-00-69-00-00-00-00-00-DA
F0-20-66-03-AD-17-6F-07-DE-01-EB-02-03-01-14-05-6C-0E-01-01-A6-78-04-8D-00-00-69-00-00-00-00-00-CF
F0-20-77-03-85-17-68-07-DE-01-E9-02-03-01-12-03-6C-0E-01-01-A6-78-04-8D-00-00-69-00-00-00-00-00-F3
F0-20-71-03-4D-17-5C-07-E3-01-EA-02-03-01-12-03-6C-0E-01-01-A6-78-04-8D-00-00-69-00-00-00-00-00-37
F0-20-50-03-4D-17-5E-07-DE-01-E3-02-03-01-15-06-6C-0E-01-01-A6-78-04-8C-00-00-69-00-00-00-00-00-5D
F0-20-44-03-6D-17-62-07-E3-01-E3-02-03-01-16-07-6C-0E-01-01-A6-78-04-8C-00-00-69-00-00-00-00-00-3E
F0-20-42-03-A5-17-6A-07-DE-01-E9-02-03-01-16-07-6C-0E-01-01-A6-78-01-8C-00-00-69-00-00-00-00-00-02
F0-20-56-03-D5-17-75-07-DE-01-EC-02-03-01-14-05-6C-0E-01-01-A6-78-04-8C-00-00-69-00-00-00-00-00-B1
F0-20-69-03-BD-17-6F-07-DE-01-EC-02-03-01-13-04-6C-0E-01-01-A6-78-04-8C-00-00-69-00-00-00-00-00-BE
F0-20-7B-03-85-17-67-07-E3-01-EC-02-03-01-11-02-6C-0E-01-01-A6-78-04-8C-00-00-69-00-00-00-00-00-EB
F0-20-5C-03-65-17-60-07-E3-01-EA-02-03-01-14-05-6C-0E-01-01-A6-78-04-8C-00-00-69-00-00-00-00-00-2D
F0-20-29-03-A5-17-6D-07-DE-01-E8-02-03-01-18-09-6C-0E-01-01-A6-78-04-8C-00-00-69-00-00-00-00-00-12
F0-20-13-03-E5-17-81-07-DE-01-E8-02-03-01-1B-0C-6C-0E-01-01-A6-78-01-8D-00-00-69-00-00-00-00-00-D0
F0-20-3D-03-45-18-8B-07-E3-01-EF-02-03-01-17-08-6C-0E-01-01-A6-78-03-8C-00-00-69-00-00-00-00-00-36
F0-20-4F-03-35-18-8C-07-DE-01-EF-02-03-01-15-06-6C-0E-01-01-A6-78-04-8C-00-00-69-00-00-00-00-00-3B
F0-20-78-03-F5-17-7A-07-DE-01-F1-02-03-01-12-03-6C-0E-01-01-A6-78-04-8D-00-00-69-00-00-00-00-00-68
F0-20-8D-03-8D-17-63-07-DE-01-EF-02-03-01-10-01-6C-0E-01-01-A6-78-04-8D-00-00-69-00-00-00-00-00-D8
F0-20-70-03-75-17-5D-07-DE-01-E8-02-03-01-13-04-6C-0E-01-01-A6-78-01-8C-00-00-69-00-00-00-00-00-18
F0-20-4E-03-6D-17-64-07-DE-01-E4-02-03-01-15-06-6C-0E-01-01-A6-78-04-8C-00-00-69-00-00-00-00-00-38
F0-20-39-03-A5-17-6D-07-E3-01-E4-02-03-01-17-08-6C-0E-01-01-A6-78-04-8C-00-00-69-00-00-00-00-00-03
F0-20-32-03-CD-17-7E-07-DE-01-EA-02-03-01-18-09-6C-0E-01-01-A6-78-05-8C-00-00-69-00-00-00-00-00-CD
F0-20-54-03-ED-17-7C-07-DE-01-EE-02-03-01-14-05-6C-0E-01-01-A6-78-04-8C-00-00-69-00-00-00-00-00-92
F0-20-81-03-BD-17-71-07-DE-01-EF-02-03-01-11-02-6C-0E-01-01-A6-78-03-8D-00-00-69-00-00-00-00-00-A5
F0-20-83-03-AD-17-69-07-DE-01-EB-02-03-01-11-02-6C-0E-01-01-A6-78-01-8D-00-00-69-00-00-00-00-00-C1
F0-20-6E-03-55-17-5A-07-DE-01-DD-02-03-01-13-04-6C-0E-01-01-A6-78-04-8C-00-00-68-00-00-00-00-00-46
F0-20-6A-03-2D-17-5B-07-DE-01-DD-02-03-01-13-04-6C-0E-01-01-A6-78-04-8D-00-00-68-00-00-00-00-00-70
F0-20-4C-03-75-17-68-07-DE-01-DD-02-03-01-15-06-6C-0E-01-01-A6-78-04-8D-00-00-68-00-00-00-00-00-35
F0-20-4F-03-95-17-69-07-DE-01-E9-02-03-01-15-06-6C-0E-01-01-A6-78-04-8C-00-00-69-00-00-00-00-00-05
F0-20-64-03-BD-17-68-07-DE-01-EB-02-03-01-14-05-6C-0E-01-01-A6-78-01-8C-00-00-69-00-00-00-00-00-CC
F0-20-61-03-B5-17-6A-07-DE-01-EC-02-03-01-14-05-6C-0E-01-01-A6-78-03-8C-00-00-69-00-00-00-00-00-D2
F0-20-43-03-85-17-67-07-E3-01-E8-02-03-01-16-07-6C-0E-01-01-A6-78-05-8C-00-00-69-00-00-00-00-00-1C
F0-20-34-03-AD-17-6F-07-DE-01-E8-02-03-01-17-08-6C-0E-01-01-A6-78-03-8C-00-00-69-00-00-00-00-00-00
F0-20-39-03-DD-17-7E-07-E3-01-E9-02-03-01-17-08-6C-0E-01-01-A6-78-03-8C-00-00-69-00-00-00-00-00-B6
F0-20-46-03-FD-17-81-07-E3-01-EE-02-03-01-16-07-6C-0E-01-01-A6-78-04-8C-00-00-69-00-00-00-00-00-82
F0-20-6B-03-E5-17-79-07-DE-01-F0-02-03-01-13-04-6C-0E-01-01-A6-78-03-8C-00-00-69-00-00-00-00-00-87
F0-20-76-03-E5-17-72-07-E3-01-EE-02-03-01-12-03-6C-0E-01-01-A6-78-01-8D-00-00-69-00-00-00-00-00-83
F0-20-59-03-A5-17-6B-07-E3-01-EA-02-03-01-14-05-6C-0E-01-01-A6-78-04-8C-00-00-69-00-00-00-00-00-E5
F0-20-58-03-95-17-66-07-DE-01-EA-02-03-01-14-05-6C-0E-01-01-A6-78-04-8C-00-00-69-00-00-00-00-00-00
F0-20-3F-03-85-17-68-07-DE-01-E8-02-03-01-16-07-6C-0E-01-01-A6-78-04-8C-00-00-69-00-00-00-00-00-25
F0-20-21-03-C5-17-7E-07-DE-01-EA-02-03-01-19-0A-6C-0E-01-01-A6-78-01-8C-00-00-6A-00-00-00-00-00-E7
F0-20-44-03-35-18-87-07-DE-01-EF-02-03-01-16-07-6C-0E-01-01-A6-78-04-8D-00-00-6A-00-00-00-00-00-47
F0-20-7F-03-2D-18-7D-07-DE-01-F2-02-03-01-11-02-6C-0E-01-01-A6-78-04-8C-00-00-6A-00-00-00-00-00-26
F0-20-97-03-AD-17-68-07-E3-01-EC-02-03-01-0F-00-6C-0E-01-01-A6-78-04-8C-00-00-6A-00-00-00-00-00-A9
F0-20-77-03-45-17-59-07-DE-01-EC-02-03-01-12-03-6C-0E-01-01-A6-78-04-8C-00-00-69-00-00-00-00-00-40
F0-20-53-03-5D-17-64-07-DE-01-DB-02-03-01-14-05-6C-0E-01-01-A6-78-03-8D-00-00-69-00-00-00-00-00-4E
F0-20-38-03-95-17-6D-07-DE-01-E8-02-03-01-17-08-6C-0E-01-01-A6-78-01-8C-00-00-69-00-00-00-00-00-18
F0-20-2E-03-ED-17-80-07-E3-01-EB-02-03-01-18-09-6C-0E-01-01-A6-78-04-8D-00-00-6A-00-00-00-00-00-A8
F0-20-66-03-2D-18-86-07-E3-01-EB-02-03-01-14-05-6C-0E-01-01-A6-78-05-8D-00-00-6A-00-00-00-00-00-30
F0-20-6B-03-ED-17-7A-07-DE-01-F1-02-03-01-13-04-6C-0E-01-01-A6-78-04-8C-00-00-6A-00-00-00-00-00-7B
F0-20-86-03-95-17-65-07-E3-01-F0-02-03-01-10-01-6C-0E-01-01-A6-78-03-8D-00-00-6A-00-00-00-00-00-CF
F0-20-73-03-4D-17-5B-07-DE-01-EA-02-03-01-12-03-6C-0E-01-01-A6-78-04-8C-00-00-69-00-00-00-00-00-3C
F0-20-69-03-5D-17-5D-07-DE-01-E1-02-03-01-13-04-6C-0E-01-01-A6-78-01-8D-00-00-69-00-00-00-00-00-3D
F0-20-55-03-45-17-5A-07-E3-01-DA-02-03-01-14-05-6C-0E-01-01-A6-78-04-8C-00-00-69-00-00-00-00-00-6A
F0-20-39-03-6D-17-65-07-DE-01-E4-02-03-01-17-08-6C-0E-01-01-A6-78-04-8C-00-00-69-00-00-00-00-00-48
F0-20-43-03-E5-17-78-07-DE-01-E4-02-03-01-16-07-6C-0E-01-01-A6-78-03-8C-00-00-6A-00-00-00-00-00-B5
F0-20-51-03-E5-17-7C-07-DE-01-EC-02-03-01-15-06-6C-0E-01-01-A6-78-04-8C-00-00-6A-00-00-00-00-00-9C
F0-20-80-03-C5-17-71-07-DE-01-F0-02-03-01-11-02-6C-0E-01-01-A6-78-04-8C-00-00-6A-00-00-00-00-00-9C
F0-20-74-03-45-17-5B-07-DE-01-EC-02-03-01-12-03-6C-0E-01-01-A6-78-04-8C-00-00-69-00-00-00-00-00-41
F0-20-5F-03-65-17-60-07-DE-01-DD-02-03-01-14-05-6C-0E-01-01-A6-78-05-8D-00-00-69-00-00-00-00-00-3A
F0-20-47-03-85-17-66-07-E3-01-E7-02-03-01-16-07-6C-0E-01-01-A6-78-01-8D-00-00-6A-00-00-00-00-00-1C
F0-20-3B-03-A5-17-6D-07-DE-01-E7-02-03-01-17-08-6C-0E-01-01-A6-78-03-8D-00-00-6A-00-00-00-00-00-02
F0-20-50-03-BD-17-73-07-DE-01-E9-02-03-01-15-06-6C-0E-01-01-A6-78-04-8C-00-00-6A-00-00-00-00-00-D1
F0-20-64-03-F5-17-7E-07-E3-01-ED-02-03-01-14-05-6C-0E-01-01-A6-78-03-8D-00-00-6A-00-00-00-00-00-73
F0-20-7C-03-FD-17-71-07-DE-01-EF-02-03-01-11-02-6C-0E-01-01-A6-78-01-8C-00-00-6A-00-00-00-00-00-6C
F0-20-A1-03-9D-17-58-07-E3-01-EC-02-03-01-0E-00-6C-0E-01-01-A6-78-02-8D-00-00-6A-00-00-00-00-00-C1
F0-20-76-03-35-17-57-07-DE-01-D6-02-03-01-12-03-6C-0E-01-01-A6-78-03-8C-00-00-6A-00-00-00-00-00-69
F0-20-5F-03-45-17-5A-07-DE-01-D6-02-03-01-14-05-6C-0E-01-01-A6-78-04-8C-00-00-69-00-00-00-00-00-69
F0-20-67-03-2D-17-55-07-DE-01-DA-02-03-01-13-04-6C-0E-01-01-A6-78-03-8C-00-00-69-00-00-00-00-00-7D
F0-20-5E-03-75-17-67-07-E3-01-E1-02-03-01-14-05-6C-0E-01-01-A6-78-04-8C-00-00-69-00-00-00-00-00-1D
F0-20-57-03-85-17-6A-07-DE-01-EA-02-03-01-14-05-6C-0E-01-01-A6-78-05-8D-00-00-69-00-00-00-00-00-0B
F0-20-6A-03-AD-17-65-07-DE-01-EA-02-03-01-13-04-6C-0E-01-01-A6-78-01-8D-00-00-69-00-00-00-00-00-DB
F0-20-74-03-85-17-61-07-DE-01-EA-02-03-01-12-03-6C-0E-01-01-A6-78-04-8C-00-00-69-00-00-00-00-00-FD
F0-20-3F-03-75-17-63-07-DE-01-EA-02-03-01-16-07-6C-0E-01-01-A6-78-03-8C-00-00-69-00-00-00-00-00-39
F0-20-48-03-85-17-72-07-DE-01-E7-02-03-01-15-06-6C-0E-01-01-A6-78-04-8D-00-00-69-00-00-00-00-00-14
F0-20-42-03-C5-17-72-07-DE-01-E9-02-03-01-16-07-6C-0E-01-01-A6-78-04-8D-00-00-6A-00-00-00-00-00-D5
F0-20-58-03-E5-17-78-07-E3-01-EC-02-03-01-14-05-6C-0E-01-01-A6-78-04-8D-00-00-6A-00-00-00-00-00-95
F0-20-68-03-F5-17-78-07-DE-01-EE-02-03-01-13-04-6C-0E-01-01-A6-78-01-8D-00-00-6A-00-00-00-00-00-7D
F0-20-7F-03-C5-17-6D-07-DE-01-EE-02-03-01-11-02-6C-0E-01-01-A6-78-03-8C-00-00-6A-00-00-00-00-00-A4
F0-20-79-03-75-17-64-07-E3-01-EE-02-03-01-12-03-6C-0E-01-01-A6-78-04-8C-00-00-6A-00-00-00-00-00-FB
F0-20-6E-03-4D-17-60-07-DE-01-E8-02-03-01-13-04-6C-0E-01-01-A6-78-03-8C-00-00-69-00-00-00-00-00-3D
F0-20-5C-03-45-17-5B-07-E3-01-E6-02-03-01-14-05-6C-0E-01-01-A6-78-04-8D-00-00-69-00-00-00-00-00-55
F0-20-4A-03-65-17-60-07-DE-01-E1-02-03-01-15-06-6C-0E-01-01-A6-78-04-8C-00-00-69-00-00-00-00-00-4B
F0-20-31-03-8D-17-6F-07-DE-01-E7-02-03-01-18-09-6C-0E-01-01-A6-78-01-8D-00-00-6A-00-00-00-00-00-22
F0-20-4B-03-ED-17-7C-07-DE-01-ED-02-03-01-15-06-6C-0E-01-01-A6-78-03-8C-00-00-6A-00-00-00-00-00-9A
F0-20-5E-03-FD-17-7E-07-DE-01-ED-02-03-01-14-05-6C-0E-01-01-A6-78-04-8C-00-00-6A-00-00-00-00-00-76
F0-20-68-03-BD-17-75-07-DE-01-F0-02-03-01-13-04-6C-0E-01-01-A6-78-03-8D-00-00-6A-00-00-00-00-00-B4
F0-20-63-03-6D-17-61-07-E3-01-EE-02-03-01-14-05-6C-0E-01-01-A6-78-03-8D-00-00-69-00-00-00-00-00-19
F0-20-55-03-75-17-67-07-DE-01-E8-02-03-01-14-05-6C-0E-01-01-A6-78-01-8C-00-00-69-00-00-00-00-00-27
F0-20-3E-03-B5-17-70-07-E3-01-EA-02-03-01-16-07-6C-0E-01-01-A6-78-03-8C-00-00-6A-00-00-00-00-00-E7
F0-20-46-03-D5-17-75-07-DE-01-EA-02-03-01-16-07-6C-0E-01-01-A6-78-04-8C-00-00-6A-00-00-00-00-00-BE
F0-20-63-03-ED-17-7B-07-DE-01-EC-02-03-01-14-05-6C-0E-01-01-A6-78-04-8D-00-00-6A-00-00-00-00-00-84
F0-20-6D-03-BD-17-74-07-DE-01-EE-02-03-01-13-04-6C-0E-01-01-A6-78-04-8C-00-00-6A-00-00-00-00-00-B2
F0-20-84-03-CD-17-67-07-DE-01-EE-02-03-01-11-02-6C-0E-01-01-A6-78-01-8D-00-00-6A-00-00-00-00-00-9E
F0-20-85-03-6D-17-5A-07-DE-01-E6-02-03-01-10-01-6C-0E-01-01-A6-78-04-8D-00-00-69-00-00-00-00-00-12
F0-20-55-03-4D-17-5E-07-DE-01-DB-02-03-01-14-05-6C-0E-01-01-A6-78-04-8D-00-00-69-00-00-00-00-00-61
F0-20-41-03-85-17-69-07-E3-01-E8-02-03-01-16-07-6C-0E-01-01-A6-78-04-8C-00-00-69-00-00-00-00-00-1D
F0-20-38-03-AD-17-6D-07-DE-01-E8-02-03-01-17-08-6C-0E-01-01-A6-78-04-8C-00-00-6A-00-00-00-00-00-FC
F0-20-52-03-AD-17-73-07-DE-01-EA-02-03-01-14-05-6C-0E-01-01-A6-78-03-8C-00-00-6A-00-00-00-00-00-E1
F0-20-3B-03-C5-17-75-07-DE-01-EC-02-03-01-17-08-6C-0E-01-01-A6-78-04-8C-00-00-6A-00-00-00-00-00-D5
F0-20-39-03-F5-17-7A-07-DE-01-EE-02-03-01-17-08-6C-0E-01-01-A6-78-01-8C-00-00-6A-00-00-00-00-00-A3
F0-20-50-03-2D-18-84-07-E3-01-F0-02-03-01-15-06-6C-0E-01-01-A6-78-04-8C-00-00-6A-00-00-00-00-00-43
F0-20-56-03-1D-18-83-07-DE-01-F0-02-03-01-14-05-6C-0E-01-01-A6-78-03-8C-00-00-6A-00-00-00-00-00-56
F0-20-6E-03-FD-17-78-07-DE-01-F0-02-03-01-13-04-6C-0E-01-01-A6-78-03-8C-00-00-6A-00-00-00-00-00-6C
F0-20-65-03-BD-17-6F-07-E3-01-EE-02-03-01-14-05-6C-0E-01-01-A6-78-04-8C-00-00-6A-00-00-00-00-00-B8
F0-20-44-03-BD-17-6D-07-E3-01-EA-02-03-01-16-07-6C-0E-01-01-A6-78-01-8D-00-00-6A-00-00-00-00-00-DD
F0-20-30-03-FD-17-80-07-DE-01-EE-02-03-01-18-09-6C-0E-01-01-A6-78-03-8C-00-00-6B-00-00-00-00-00-99
F0-20-3B-03-15-18-87-07-DE-01-EE-02-03-01-17-08-6C-0E-01-01-A6-78-03-8C-00-00-6B-00-00-00-00-00-70
F0-20-64-03-0D-18-83-07-DE-01-F0-02-03-01-14-05-6C-0E-01-01-A6-78-04-8D-00-00-6B-00-00-00-00-00-55
F0-20-7D-03-B5-17-70-07-E3-01-F0-02-03-01-11-02-6C-0E-01-01-A6-78-03-8D-00-00-6B-00-00-00-00-00-AA
F0-20-7B-03-85-17-66-07-DE-01-EC-02-03-01-11-02-6C-0E-01-01-A6-78-03-8C-00-00-6B-00-00-00-00-00-F0
F0-20-5C-03-6D-17-5D-07-DE-01-E4-02-03-01-14-05-6C-0E-01-01-A6-78-01-8D-00-00-6A-00-00-00-00-00-34
F0-20-36-03-7D-17-66-07-DE-01-E4-02-03-01-17-08-6C-0E-01-01-A6-78-05-8C-00-00-6A-00-00-00-00-00-38
F0-20-33-03-A5-17-78-07-DE-01-E8-02-03-01-18-09-6C-0E-01-01-A6-78-03-8C-00-00-6A-00-00-00-00-00-FD
F0-20-53-03-05-18-86-07-DE-01-EE-02-03-01-14-05-6C-0E-01-01-A6-78-04-8C-00-00-6B-00-00-00-00-00-6E
F0-20-81-03-CD-17-72-07-DE-01-F2-02-03-01-11-02-6C-0E-01-01-A6-78-04-8C-00-00-6B-00-00-00-00-00-8F
F0-20-85-03-6D-17-60-07-DE-01-EE-02-03-01-10-01-6C-0E-01-01-A6-78-03-8C-00-00-6A-00-00-00-00-00-05
F0-20-75-03-45-17-59-07-DE-01-E6-02-03-01-12-03-6C-0E-01-01-A6-78-03-8C-00-00-6A-00-00-00-00-00-48
F0-20-58-03-3D-17-56-07-E3-01-D8-02-03-01-14-05-6C-0E-01-01-A6-78-01-8C-00-00-6A-00-00-00-00-00-77
F0-20-3C-03-5D-17-64-07-DE-01-DF-02-03-01-17-08-6C-0E-01-01-A6-78-04-8C-00-00-6A-00-00-00-00-00-5A
F0-20-40-03-85-17-71-07-DE-01-DF-02-03-01-16-07-6C-0E-01-01-A6-78-04-8C-00-00-6A-00-00-00-00-00-23
F0-20-54-03-DD-17-7E-07-DE-01-EB-02-03-01-14-05-6C-0E-01-01-A6-78-03-8C-00-00-6A-00-00-00-00-00-A3
F0-20-86-03-B5-17-71-07-DE-01-EE-02-03-01-10-01-6C-0E-01-01-A6-78-04-8C-00-00-6A-00-00-00-00-00-AA
F0-20-7B-03-45-17-5A-07-DE-01-EC-02-03-01-11-02-6C-0E-01-01-A6-78-03-8C-00-00-6A-00-00-00-00-00-3D
F0-20-5B-03-45-17-5B-07-DE-01-DA-02-03-01-14-05-6C-0E-01-01-A6-78-01-8C-00-00-6A-00-00-00-00-00-6A
F0-20-40-03-75-17-63-07-DE-01-DA-02-03-01-16-07-6C-0E-01-01-A6-78-04-8C-00-00-6A-00-00-00-00-00-46
F0-20-45-03-8D-17-69-07-E3-01-E8-02-03-01-16-07-6C-0E-01-01-A6-78-03-8C-00-00-6A-00-00-00-00-00-11
F0-20-4A-03-FD-17-81-07-E3-01-EA-02-03-01-15-06-6C-0E-01-01-A6-78-03-8C-00-00-6B-00-00-00-00-00-83
F0-20-62-03-1D-18-7E-07-DE-01-F0-02-03-01-14-05-6C-0E-01-01-A6-78-01-8C-00-00-6B-00-00-00-00-00-50
F0-20-7A-03-05-18-74-07-E3-01-F0-02-03-01-12-03-6C-0E-01-01-A6-78-03-8D-00-00-6B-00-00-00-00-00-56
F0-20-9A-03-AD-17-67-07-DE-01-EB-02-03-01-0E-00-6C-0E-01-01-A6-78-03-8D-00-00-6B-00-00-00-00-00-AD
F0-20-7E-03-3D-17-57-07-DE-01-D9-02-03-01-11-02-6C-0E-01-01-A6-78-04-8C-00-00-6A-00-00-00-00-00-57
F0-20-83-03-15-17-4E-07-E3-01-D9-02-03-01-11-02-6C-0E-01-01-A6-78-03-8D-00-00-6A-00-00-00-00-00-7E
F0-20-67-03-1D-17-57-07-DE-01-CE-02-03-01-13-04-6C-0E-01-01-A6-78-04-8D-00-00-6A-00-00-00-00-00-94
F0-20-4C-03-7D-17-65-07-DE-01-DC-02-03-01-15-06-6C-0E-01-01-A6-78-04-8C-00-00-6A-00-00-00-00-00-30
F0-20-62-03-BD-17-72-07-E3-01-EC-02-03-01-14-05-6C-0E-01-01-A6-78-01-8C-00-00-6A-00-00-00-00-00-BD
F0-20-84-03-CD-17-67-07-DE-01-EE-02-03-01-11-02-6C-0E-01-01-A6-78-03-8D-00-00-6A-00-00-00-00-00-9C
F0-20-A8-03-75-17-55-07-DE-01-EA-02-03-01-0D-00-6C-0E-01-01-A6-78-03-8D-00-00-6A-00-00-00-00-00-EC
F0-20-7B-03-15-17-4F-07-DE-01-EA-02-03-01-11-02-6C-0E-01-01-A6-78-01-8C-00-00-6A-00-00-00-00-00-7C
F0-20-5C-03-FD-16-4D-07-DE-01-CE-02-03-01-14-05-6C-0E-01-01-A6-78-01-8D-00-00-6A-00-00-00-00-00-CB
F0-20-5D-03-F5-16-4C-07-DE-01-C3-02-03-01-14-05-6C-0E-01-01-A6-78-01-8C-00-00-6A-00-00-00-00-00-DF
F0-20-4D-03-55-17-60-07-DE-01-D4-02-03-01-15-06-6C-0E-01-01-A6-78-01-8C-00-00-6A-00-00-00-00-00-67
F0-20-74-03-AD-17-6E-07-DE-01-E9-02-03-01-12-03-6C-0E-01-01-A6-78-01-8C-00-00-6A-00-00-00-00-00-CB
F0-20-89-03-55-17-5D-07-DE-01-EC-02-03-01-10-01-6C-0E-01-01-A6-78-01-8C-00-00-6A-00-00-00-00-00-20
F0-20-9F-03-65-17-58-07-DE-01-E3-02-03-01-0E-00-6C-0E-01-01-A6-78-01-8D-00-00-69-00-00-00-00-00-0B
F0-20-7D-03-05-17-4D-07-E3-01-CB-02-03-01-11-02-6C-0E-01-01-A6-78-01-8C-00-00-69-00-00-00-00-00-A7
F0-20-7C-03-F5-16-49-07-DE-01-CB-02-03-01-11-02-6C-0E-01-01-A6-78-01-8C-00-00-69-00-00-00-00-00-C2
F0-20-64-03-ED-16-4D-07-DE-01-C2-02-03-01-14-05-6C-0E-01-01-A6-78-01-8D-00-00-69-00-00-00-00-00-E0
F0-20-56-03-4D-17-61-07-E3-01-CE-02-03-01-14-05-6C-0E-01-01-A6-78-01-8C-00-00-69-00-00-00-00-00-69
F0-20-4F-03-7D-17-68-07-E3-01-EA-02-03-01-15-06-6C-0E-01-01-A6-78-01-8C-00-00-69-00-00-00-00-00-1B
F0-20-64-03-AD-17-67-07-DE-01-E9-02-03-01-14-05-6C-0E-01-01-A6-78-01-8C-00-00-69-00-00-00-00-00-DF
F0-20-88-03-AD-17-68-07-DE-01-EC-02-03-01-10-01-6C-0E-01-01-A6-78-01-8D-00-00-69-00-00-00-00-00-BE
F0-20-7B-03-6D-17-61-07-DE-01-EC-02-03-01-11-02-6C-0E-01-01-A6-78-01-8C-00-00-69-00-00-00-00-00-11
F0-20-8F-03-3D-17-52-07-DE-01-E6-02-03-01-10-01-6C-0E-01-01-A6-78-01-8C-00-00-68-00-00-00-00-00-45
F0-20-82-03-05-17-4D-07-E3-01-D4-02-03-01-11-02-6C-0E-01-01-A6-78-01-8C-00-00-68-00-00-00-00-00-9A
F0-20-53-03-F5-16-4E-07-DE-01-CA-02-03-01-14-05-6C-0E-01-01-A6-78-01-8C-00-00-68-00-00-00-00-00-E2
F0-20-3C-03-5D-17-5F-07-E3-01-DC-02-03-01-17-08-6C-0E-01-01-A6-78-01-8C-00-00-68-00-00-00-00-00-62
F0-20-4C-03-9D-17-66-07-DE-01-EA-02-03-01-15-06-6C-0E-01-01-A6-78-01-8C-00-00-68-00-00-00-00-00-06
F0-20-7F-03-C5-17-6B-07-DE-01-EE-02-03-01-11-02-6C-0E-01-01-A6-78-01-8D-00-00-68-00-00-00-00-00-A9
F0-20-86-03-75-17-60-07-DE-01-E9-02-03-01-10-01-6C-0E-01-01-A6-78-01-8C-00-00-68-00-00-00-00-00-05
F0-20-7B-03-25-17-53-07-DE-01-E9-02-03-01-11-02-6C-0E-01-01-A6-78-02-8C-00-00-67-00-00-00-00-00-6B
F0-20-81-03-F5-16-4A-07-DE-01-D4-02-03-01-11-02-6C-0E-01-01-A6-78-02-8D-00-00-67-00-00-00-00-00-B3
F0-20-42-03-15-17-57-07-DE-01-C3-02-03-01-16-07-6C-0E-01-01-A6-78-03-8D-00-00-67-00-00-00-00-00-CA
F0-20-3C-03-9D-17-70-07-DE-01-E2-02-03-01-17-08-6C-0E-01-01-A6-78-03-8C-00-00-67-00-00-00-00-00-0F
F0-20-4F-03-C5-17-6B-07-DE-01-EC-02-03-01-15-06-6C-0E-01-01-A6-78-01-8D-00-00-67-00-00-00-00-00-D4
F0-20-67-03-CD-17-71-07-DE-01-EC-02-03-01-13-04-6C-0E-01-01-A6-78-02-8C-00-00-67-00-00-00-00-00-B2
F0-20-61-03-95-17-69-07-DE-01-EC-02-03-01-14-05-6C-0E-01-01-A6-78-03-8C-00-00-67-00-00-00-00-00-F5
F0-20-67-03-75-17-64-07-E3-01-EA-02-03-01-13-04-6C-0E-01-01-A6-78-04-8C-00-00-67-00-00-00-00-00-12
F0-20-5E-03-65-17-63-07-DE-01-E8-02-03-01-14-05-6C-0E-01-01-A6-78-04-8C-00-00-67-00-00-00-00-00-31
F0-20-34-03-AD-17-72-07-DE-01-E8-02-03-01-17-08-6C-0E-01-01-A6-78-03-8C-00-00-68-00-00-00-00-00-FE
F0-20-58-03-F5-17-7E-07-E3-01-EE-02-03-01-14-05-6C-0E-01-01-A6-78-02-8C-00-00-68-00-00-00-00-00-82
F0-20-7A-03-BD-17-71-07-DE-01-F0-02-03-01-12-03-6C-0E-01-01-A6-78-02-8C-00-00-68-00-00-00-00-00-AC
F0-20-8A-03-B5-17-60-07-DE-01-EC-02-03-01-10-01-6C-0E-01-01-A6-78-01-8C-00-00-68-00-00-00-00-00-BE
F0-20-52-03-6D-17-60-07-E3-01-E4-02-03-01-14-05-6C-0E-01-01-A6-78-04-8C-00-00-68-00-00-00-00-00-36
F0-20-2E-03-AD-17-71-07-E3-01-EA-02-03-01-18-09-6C-0E-01-01-A6-78-04-8C-00-00-68-00-00-00-00-00-FB
F0-20-37-03-B5-17-74-07-DE-01-EA-02-03-01-17-08-6C-0E-01-01-A6-78-03-8D-00-00-68-00-00-00-00-00-EE
F0-20-43-03-05-18-82-07-DE-01-EB-02-03-01-16-07-6C-0E-01-01-A6-78-04-8C-00-00-68-00-00-00-00-00-84
F0-20-77-03-25-18-87-07-DE-01-F2-02-03-01-12-03-6C-0E-01-01-A6-78-03-8C-00-00-68-00-00-00-00-00-2D
F0-20-93-03-AD-17-6F-07-DE-01-F2-02-03-01-0F-00-6C-0E-01-01-A6-78-03-8C-00-00-68-00-00-00-00-00-A8
F0-20-87-03-25-17-52-07-DE-01-EC-02-03-01-10-01-6C-0E-01-01-A6-78-03-8C-00-00-68-00-00-00-00-00-5D
F0-20-65-03-25-17-55-07-DE-01-D2-02-03-01-14-05-6C-0E-01-01-A6-78-01-8C-00-00-68-00-00-00-00-00-90
F0-20-48-03-65-17-64-07-DE-01-E2-02-03-01-15-06-6C-0E-01-01-A6-78-03-8C-00-00-68-00-00-00-00-00-4A
F0-20-3C-03-B5-17-70-07-DE-01-E2-02-03-01-17-08-6C-0E-01-01-A6-78-04-8D-00-00-68-00-00-00-00-00-F4
F0-20-58-03-DD-17-7A-07-DE-01-E9-02-03-01-14-05-6C-0E-01-01-A6-78-03-8D-00-00-68-00-00-00-00-00-A6
F0-20-7A-03-B5-17-70-07-DE-01-EE-02-03-01-12-03-6C-0E-01-01-A6-78-03-8C-00-00-68-00-00-00-00-00-B6
F0-20-8A-03-5D-17-5E-07-DE-01-EC-02-03-01-10-01-6C-0E-01-01-A6-78-04-8C-00-00-68-00-00-00-00-00-15
F0-20-76-03-15-17-52-07-DE-01-DE-02-03-01-12-03-6C-0E-01-01-A6-78-03-8C-00-00-67-00-00-00-00-00-89
F0-20-72-03-15-17-52-07-DE-01-D5-02-03-01-12-03-6C-0E-01-01-A6-78-04-8C-00-00-67-00-00-00-00-00-95
F0-20-5E-03-25-17-53-07-DE-01-D2-02-03-01-14-05-6C-0E-01-01-A6-78-01-8C-00-00-67-00-00-00-00-00-9A
F0-20-5B-03-3D-17-58-07-DE-01-D8-02-03-01-14-05-6C-0E-01-01-A6-78-03-8C-00-00-67-00-00-00-00-00-78
F0-20-5B-03-5D-17-5F-07-DE-01-D8-02-03-01-14-05-6C-0E-01-01-A6-78-03-8C-00-00-67-00-00-00-00-00-51
F0-20-68-03-4D-17-5E-07-DE-01-E2-02-03-01-13-04-6C-0E-01-01-A6-78-03-8C-00-00-67-00-00-00-00-00-4D
F0-20-68-03-3D-17-59-07-E3-01-E4-02-03-01-13-04-6C-0E-01-01-A6-78-03-8C-00-00-67-00-00-00-00-00-5B
F0-20-62-03-55-17-5A-07-DE-01-DE-02-03-01-14-05-6C-0E-01-01-A6-78-01-8D-00-00-67-00-00-00-00-00-52
F0-20-53-03-65-17-60-07-DE-01-E2-02-03-01-14-05-6C-0E-01-01-A6-78-03-8D-00-00-67-00-00-00-00-00-45
F0-20-48-03-5D-17-64-07-DE-01-E2-02-03-01-15-06-6C-0E-01-01-A6-78-03-8D-00-00-67-00-00-00-00-00-52
F0-20-40-03-8D-17-6C-07-DE-01-E7-02-03-01-16-07-6C-0E-01-01-A6-78-03-8C-00-00-67-00-00-00-00-00-1C
F0-20-2C-03-C5-17-72-07-DE-01-EA-02-03-01-18-09-6C-0E-01-01-A6-78-03-8C-00-00-68-00-00-00-00-00-EA
F0-20-33-03-F5-17-7B-07-DE-01-EC-02-03-01-18-09-6C-0E-01-01-A6-78-01-8C-00-00-68-00-00-00-00-00-AA
F0-20-4E-03-05-18-7D-07-E3-01-EC-02-03-01-15-06-6C-0E-01-01-A6-78-03-8C-00-00-68-00-00-00-00-00-7B
F0-20-54-03-DD-17-7A-07-DE-01-EE-02-03-01-14-05-6C-0E-01-01-A6-78-03-8C-00-00-68-00-00-00-00-00-A6
F0-20-3F-03-B5-17-75-07-E3-01-EE-02-03-01-16-07-6C-0E-01-01-A6-78-03-8C-00-00-68-00-00-00-00-00-DF
F0-20-38-03-E5-17-7D-07-DE-01-EC-02-03-01-17-08-6C-0E-01-01-A6-78-04-8C-00-00-69-00-00-00-00-00-B1
F0-20-37-03-25-18-83-07-DE-01-EF-02-03-01-17-08-6C-0E-01-01-A6-78-01-8C-00-00-69-00-00-00-00-00-6B
F0-20-33-03-2D-18-87-07-DE-01-EF-02-03-01-18-09-6C-0E-01-01-A6-78-03-8C-00-00-69-00-00-00-00-00-5F
F0-20-4F-03-1D-18-85-07-DE-01-EF-02-03-01-15-06-6C-0E-01-01-A6-78-04-8C-00-00-69-00-00-00-00-00-5A
F0-20-6D-03-F5-17-79-07-DE-01-F2-02-03-01-13-04-6C-0E-01-01-A6-78-04-8D-00-00-69-00-00-00-00-00-71
F0-20-5F-03-C5-17-73-07-DE-01-EE-02-03-01-14-05-6C-0E-01-01-A6-78-04-8C-00-00-69-00-00-00-00-00-B8
F0-20-62-03-9D-17-6C-07-E3-01-EE-02-03-01-14-05-6C-0E-01-01-A6-78-04-8C-00-00-69-00-00-00-00-00-DF
F0-20-5D-03-B5-17-6D-07-DE-01-EC-02-03-01-14-05-6C-0E-01-01-A6-78-01-8C-00-00-69-00-00-00-00-00-D5
F0-20-62-03-9D-17-66-07-DE-01-EA-02-03-01-14-05-6C-0E-01-01-A6-78-04-8C-00-00-69-00-00-00-00-00-EE
F0-20-59-03-8D-17-68-07-DE-01-EA-02-03-01-1F-15-6C-0E-01-01-A7-78-03-8A-00-00-86-00-00-00-00-00-CF
F0-20-59-03-7D-17-6D-07-E3-01-ED-02-03-01-1F-15-6C-0E-01-01-A7-78-03-88-00-00-87-00-00-00-00-00-D3
F0-20-59-03-CD-17-7C-07-DE-01-F5-02-03-01-1F-15-6C-0E-01-01-A7-78-01-8C-00-00-87-00-00-00-00-00-6F
F0-20-38-03-05-18-83-07-E3-01-EF-02-03-01-22-18-6C-0E-01-01-A7-78-01-8C-00-00-87-00-00-00-00-00-4B
F0-20-3E-03-3D-18-8A-07-DE-01-F1-02-03-01-21-17-6C-0E-01-01-A7-78-01-8C-00-00-87-00-00-00-00-00-0B
F0-20-39-03-85-18-98-07-DE-01-F4-02-03-01-22-18-6C-0E-01-01-A7-78-01-8C-00-00-88-00-00-00-00-00-B4
F0-20-44-03-7D-18-9C-07-E3-01-F4-02-03-01-21-17-6C-0E-01-01-A7-78-03-8C-00-00-88-00-00-00-00-00-A8
F0-20-57-03-75-18-95-07-DE-01-F6-02-03-01-1F-15-6C-0E-01-01-A7-78-01-8C-00-00-89-00-00-00-00-00-AC
F0-20-37-03-85-18-97-07-E3-01-F4-02-03-01-22-18-6C-0E-01-01-A7-78-01-8C-00-00-89-00-00-00-00-00-B1
F0-20-20-03-B5-18-A2-07-DE-01-F4-02-03-01-24-1A-6C-0E-01-01-A7-78-01-8C-00-00-89-00-00-00-00-00-8E
F0-20-39-03-DD-18-A6-07-DE-01-F4-02-03-01-22-18-6C-0E-01-01-A7-78-01-8C-00-00-89-00-00-00-00-00-4D
F0-20-4D-03-C5-18-A6-07-DE-01-F8-02-03-01-20-16-6C-0E-01-01-A7-78-01-8C-00-00-8A-00-00-00-00-00-50
F0-20-7A-03-9D-18-9D-07-E3-01-FA-02-03-01-1D-13-6C-0E-01-01-A7-78-01-8C-00-00-8A-00-00-00-00-00-53
F0-20-85-03-35-18-87-07-DE-01-F8-02-03-01-1B-11-6C-0E-01-01-A7-78-02-8C-00-00-89-00-00-00-00-00-D1
F0-20-81-03-2D-18-7F-07-DE-01-F2-02-03-01-1C-12-6C-0E-01-01-A7-78-01-8C-00-00-89-00-00-00-00-00-EA
F0-20-69-03-F5-17-7A-07-DE-01-EE-02-03-01-1D-13-6C-0E-01-01-A7-78-01-8C-00-00-89-00-00-00-00-00-42
F0-20-62-03-FD-17-7F-07-DE-01-F0-02-03-01-1E-14-6C-0E-01-01-A7-78-01-8C-00-00-89-00-00-00-00-00-38
F0-20-70-03-FD-17-7B-07-E3-01-F0-02-03-01-1D-13-6C-0E-01-01-A7-78-01-8C-00-00-89-00-00-00-00-00-2B
F0-20-74-03-D5-17-7A-07-DE-01-F0-02-03-01-1D-13-6C-0E-01-01-A7-78-01-8C-00-00-89-00-00-00-00-00-55
F0-20-68-03-C5-17-78-07-DE-01-F0-02-03-01-1D-13-6C-0E-01-01-A7-78-01-8C-00-00-89-00-00-00-00-00-73
F0-20-61-03-DD-17-77-07-DE-01-EE-02-03-01-1E-14-6C-0E-01-01-A7-78-01-8C-00-00-89-00-00-00-00-00-63
F0-20-59-03-F5-17-7B-07-DE-01-EE-02-03-01-1F-15-6C-0E-01-01-A7-78-01-8C-00-00-8A-00-00-00-00-00-4C
F0-20-3B-03-FD-17-7D-07-DE-01-EE-02-03-01-22-18-6C-0E-01-01-A7-78-01-8C-00-00-8A-00-00-00-00-00-5A
F0-20-3E-03-55-18-8E-07-DE-01-EE-02-03-01-21-17-6C-0E-01-01-A7-78-02-8C-00-00-8A-00-00-00-00-00-EE
F0-20-4F-03-75-18-97-07-DE-01-F2-02-03-01-20-16-6C-0E-01-01-A7-78-01-8C-00-00-8A-00-00-00-00-00-B3
F0-20-7C-03-65-18-93-07-DE-01-F6-02-03-01-1C-12-6C-0E-01-01-A7-78-01-8C-00-00-8A-00-00-00-00-00-9E
F0-20-75-03-ED-17-7B-07-DE-01-F6-02-03-01-1D-13-6C-0E-01-01-A7-78-01-8C-00-00-8A-00-00-00-00-00-34
F0-20-8D-03-E5-17-7A-07-DE-01-F0-02-03-01-1B-11-6C-0E-01-01-A7-78-02-8C-00-00-8A-00-00-00-00-00-2E
F0-20-86-03-C5-17-73-07-DE-01-F0-02-03-01-1B-11-6C-0E-01-01-A7-78-01-8C-00-00-8A-00-00-00-00-00-5D
F0-20-6C-03-BD-17-6E-07-E3-01-EC-02-03-01-1D-13-6C-0E-01-01-A7-78-01-8C-00-00-8A-00-00-00-00-00-7F
F0-20-7C-03-CD-17-74-07-E3-01-EE-02-03-01-1C-12-6C-0E-01-01-A7-78-01-8C-00-00-8A-00-00-00-00-00-59
F0-20-86-03-E5-17-75-07-E3-01-EE-02-03-01-1B-11-6C-0E-01-01-A7-78-01-8C-00-00-89-00-00-00-00-00-39
F0-20-8F-03-AD-17-6F-07-E3-01-EE-02-03-01-1A-10-6C-0E-01-01-A7-78-01-8C-00-00-89-00-00-00-00-00-70
F0-20-9E-03-65-17-62-07-DE-01-EC-02-03-01-19-0F-6C-0E-01-01-A7-78-03-8C-00-00-89-00-00-00-00-00-BD
F0-20-A4-03-3D-17-53-07-DE-01-EA-02-03-01-18-0E-6C-0E-01-01-A7-78-02-8C-00-00-88-00-00-00-00-00-F4
F0-20-81-03-05-17-4F-07-DE-01-D2-02-03-01-1C-12-6C-0E-01-01-A7-78-04-8C-00-00-88-00-00-00-00-00-61
F0-20-5E-03-35-17-5F-07-DE-01-D6-02-03-01-1E-14-6C-0E-01-01-A7-78-01-8C-00-00-88-00-00-00-00-00-3F
F0-20-68-03-B5-17-72-07-DE-01-EC-02-03-01-1D-13-6C-0E-01-01-A7-78-01-8C-00-00-88-00-00-00-00-00-8E
F0-20-8A-03-E5-17-75-07-DE-01-EC-02-03-01-1B-11-6C-0E-01-01-A7-78-01-8C-00-00-88-00-00-00-00-00-3D
F0-20-B0-03-AD-17-6A-07-DE-01-EE-02-03-01-17-0D-6C-0E-01-01-A7-78-01-8C-00-00-88-00-00-00-00-00-60
