F0-20-00-00-00-00-00-00-00-00-00-00-00-00-00-00-00-00-00-00-00-00-00-00-00-00-00-00-00-00-00-00-00
00-5D-27-69-0A-F2-01-00-00-00-00-00-00-77-65-01-01-A0-75-00-7D-00-00-00-00-07-00-00-00-8E-00-00-00
F0-20-00-00-5D-27-69-0A-F2-01-00-00-00-00-00-00-77-65-01-01-A0-75-00-7D-00-00-00-00-07-00-00-00-8E
F0-20-00-00-5D-27-69-0A-F2-01-00-00-00-00-00-00-77-65-01-01-A0-75-00-7D-00-00-00-00-07-00-00-00-8E
F0-20-00-00-5D-27-69-0A-F2-01-00-00-00-00-00-00-77-65-01-01-A0-75-00-7D-00-00-00-00-07-00-00-00-8E
F0-20-00-00-5D-27-69-0A-F2-01-00-00-00-00-00-00-77-65-01-01-A0-75-00-7D-00-00-00-00-07-00-00-00-8E
F0-20-00-00-5D-27-69-0A-F2-01-00-00-00-00-00-00-77-65-01-01-A0-75-00-7D-00-00-00-00-07-00-00-00-8E
F0-20-00-00-5D-27-69-0A-F2-01-00-00-00-00-00-00-77-65-01-01-A0-75-00-7D-00-00-00-00-07-00-00-00-8E
F0-20-00-00-45-27-65-0A-F2-01-00-00-00-00-00-00-77-65-01-01-A0-75-00-7D-00-00-00-00-07-00-00-00-AA
F0-20-00-00-45-27-65-0A-F2-01-00-00-00-00-00-00-77-65-01-01-A0-75-00-7D-00-00-00-00-07-00-00-00-AA
F0-20-00-00-45-27-65-0A-F2-01-00-00-00-00-00-00-77-65-01-01-A0-75-00-7D-00-00-00-00-07-00-00-00-AA
F0-20-00-00-45-27-65-0A-F2-01-00-00-00-00-00-00-77-65-01-01-A0-75-00-7D-00-00-00-00-07-00-00-00-AA
F0-20-00-00-5D-27-69-0A-F2-01-00-00-00-00-00-00-77-65-01-01-A0-75-00-7D-00-00-00-00-07-00-00-00-8E
F0-20-00-00-45-27-65-0A-F2-01-00-00-00-00-00-00-77-65-01-01-A0-75-00-7D-00-00-00-00-07-00-00-00-AA
F0-20-00-00-5D-27-69-0A-F2-01-00-00-00-00-00-00-77-65-01-01-A0-75-00-7D-00-00-00-00-07-00-00-00-8E
F0-20-00-00-5D-27-69-0A-F2-01-00-00-00-00-00-00-77-65-01-01-A0-75-00-7D-00-00-00-00-07-00-00-00-8E
F0-20-00-00-45-27-65-0A-F2-01-00-00-00-00-00-00-77-65-01-01-A0-75-00-7D-00-00-00-00-07-00-00-00-AA
F0-20-00-00-45-27-65-0A-F2-01-00-00-00-00-00-00-77-65-01-01-A0-75-00-7D-00-00-00-00-07-00-00-00-AA
F0-20-00-00-5D-27-69-0A-F2-01-00-00-00-00-00-00-77-65-01-01-A0-75-00-7D-00-00-00-00-07-00-00-00-8E
F0-20-00-00-5D-27-69-0A-F2-01-00-00-00-00-00-00-77-65-01-01-A0-75-00-7D-00-00-00-00-07-00-00-00-8E
F0-20-00-00-5D-27-69-0A-F2-01-00-00-00-00-00-00-77-65-01-01-A0-75-00-7D-00-00-00-00-07-00-00-00-8E
F0-20-00-00-5D-27-69-0A-F2-01-00-00-00-00-00-00-77-65-01-01-A0-75-00-7D-00-00-00-00-07-00-00-00-8E
F0-20-00-00-5D-27-69-0A-F2-01-00-00-00-00-00-00-77-65-01-01-A0-75-00-7D-00-00-00-00-07-00-00-00-8E
F0-20-00-00-45-27-65-0A-F2-01-00-00-00-00-00-00-77-65-01-01-A0-75-00-7D-00-00-00-00-07-00-00-00-AA
F0-20-00-00-5D-27-69-0A-F2-01-00-00-00-00-00-00-77-65-01-01-A0-75-00-7D-00-00-00-00-07-00-00-00-8E
F0-20-00-00-45-27-65-0A-F2-01-00-00-00-00-00-00-77-65-01-01-A0-75-00-7D-00-00-00-00-07-00-00-00-AA
F0-20-00-00-5D-27-69-0A-F2-01-00-00-00-00-00-00-77-65-01-01-A0-75-00-7C-00-00-00-00-07-00-00-00-8F
F0-20-00-00-45-27-65-0A-ED-01-00-00-00-00-00-00-77-65-01-01-A0-75-00-7D-00-00-00-00-0A-00-00-00-AC
F0-20-00-00-45-27-65-0A-ED-01-00-00-00-00-00-00-77-65-01-01-A0-75-00-7D-00-00-00-00-0C-00-00-00-AA
F0-20-00-00-45-27-65-0A-ED-01-00-00-00-00-00-00-77-65-01-01-A0-75-00-7D-00-00-00-00-0B-00-00-00-AB
F0-20-00-00-45-27-65-0A-ED-01-00-00-00-00-00-00-77-65-01-01-A0-75-00-7C-00-00-00-00-0B-00-00-00-AC
F0-20-00-00-45-27-65-0A-ED-01-00-00-00-00-00-00-77-65-01-01-A0-75-00-7D-00-00-00-00-0C-00-00-00-AA
F0-20-00-00-2D-27-60-0A-E8-01-00-00-00-00-00-00-77-65-01-01-A0-76-00-7D-00-00-00-00-0B-00-00-00-CC
F0-20-00-00-45-27-65-0A-ED-01-00-00-00-00-00-00-77-65-01-01-A0-76-00-7D-00-00-00-00-0B-00-00-00-AA
F0-20-00-00-45-27-65-0A-F2-01-00-00-00-00-00-00-77-65-01-01-A0-76-00-7D-00-00-00-00-0B-00-00-00-A5
F0-20-00-00-45-27-65-0A-ED-01-00-00-00-00-00-00-77-65-01-01-A0-76-00-7D-00-00-00-00-0B-00-00-00-AA
F0-20-00-00-45-27-65-0A-ED-01-00-00-00-00-00-00-77-65-01-01-A0-76-00-7D-00-00-00-00-0B-00-00-00-AA
F0-20-00-00-2D-27-60-0A-ED-01-00-00-00-00-00-00-77-65-01-01-A0-76-00-7D-00-00-00-00-0B-00-00-00-C7
F0-20-00-00-45-27-65-0A-ED-01-00-00-00-00-00-00-77-65-01-01-A0-76-00-7C-00-00-00-00-0B-00-00-00-AB
F0-20-00-00-45-27-65-0A-ED-01-00-00-00-00-00-00-77-65-01-01-A0-76-00-7C-00-00-00-00-0B-00-00-00-AB
F0-20-00-00-45-27-65-0A-ED-01-00-00-00-00-00-00-77-65-01-01-A0-76-00-7C-00-00-00-00-0B-00-00-00-AB
F0-20-00-00-45-27-65-0A-ED-01-00-00-00-00-00-00-77-65-01-01-A0-76-00-7C-00-00-00-00-0B-00-00-00-AB
F0-20-00-00-2D-27-60-0A-E8-01-00-00-00-00-00-00-77-65-01-01-A0-76-00-7C-00-00-00-00-0B-00-00-00-CD
F0-20-00-00-45-27-65-0A-ED-01-00-00-00-00-00-00-77-65-01-01-A0-76-00-7C-00-00-00-00-0B-00-00-00-AB
F0-20-00-00-5D-27-69-0A-ED-01-00-00-00-00-00-00-77-65-01-01-A0-76-00-7C-00-00-00-00-0B-00-00-00-8F
F0-20-00-00-5D-27-69-0A-ED-01-00-00-00-00-00-00-77-65-01-01-A0-76-00-7C-00-00-00-00-0B-00-00-00-8F
F0-20-00-00-5D-27-69-0A-ED-01-00-00-00-00-00-00-77-65-01-01-A0-76-00-7C-00-00-00-00-0B-00-00-00-8F
F0-20-00-00-45-27-65-0A-ED-01-00-00-00-00-00-00-77-65-01-01-A0-76-00-7C-00-00-00-00-0B-00-00-00-AB
F0-20-00-00-45-27-65-0A-ED-01-00-00-00-00-00-00-77-65-01-01-A0-76-00-7C-00-00-00-00-0B-00-00-00-AB
F0-20-00-00-45-27-65-0A-ED-01-00-00-00-00-00-00-77-65-01-01-A0-76-00-7C-00-00-00-00-0B-00-00-00-AB
F0-20-00-00-2D-27-60-0A-ED-01-00-00-00-00-00-00-77-65-01-01-A0-76-00-7C-00-00-00-00-0B-00-00-00-C8
F0-20-00-00-45-27-65-0A-ED-01-00-00-00-00-00-00-77-65-01-01-A0-76-00-7C-00-00-00-00-0C-00-00-00-AA
F0-20-00-00-45-27-65-0A-ED-01-00-00-00-00-00-00-77-65-01-01-A0-76-00-7C-00-00-00-00-0B-00-00-00-AB
F0-20-00-00-45-27-65-0A-ED-01-00-00-00-00-00-00-77-65-01-01-A0-76-00-7C-00-00-00-00-0B-00-00-00-AB
F0-20-00-00-2D-27-60-0A-ED-01-00-00-00-00-00-00-77-65-01-01-A0-76-00-7C-00-00-00-00-0B-00-00-00-C8
F0-20-00-00-2D-27-60-0A-ED-01-00-00-00-00-00-00-77-65-01-01-A0-76-00-7C-00-00-00-00-0B-00-00-00-C8
F0-20-00-00-5D-27-69-0A-ED-01-00-00-00-00-00-00-77-65-01-01-A0-76-00-7C-00-00-00-00-0C-00-00-00-8E
F0-20-00-00-45-27-65-0A-ED-01-00-00-00-00-00-00-77-65-01-01-A0-76-00-7C-00-00-00-00-0B-00-00-00-AB
F0-20-00-00-45-27-65-0A-ED-01-00-00-00-00-00-00-77-65-01-01-A0-76-00-7C-00-00-00-00-0B-00-00-00-AB
F0-20-00-00-45-27-65-0A-ED-01-00-00-00-00-00-00-77-65-01-01-A0-76-00-7C-00-00-00-00-0B-00-00-00-AB
F0-20-00-00-45-27-65-0A-E8-01-00-00-00-00-00-00-77-65-01-01-A0-76-00-7C-00-00-00-00-0B-00-00-00-B0
F0-20-00-00-45-27-65-0A-ED-01-00-00-00-00-00-00-77-65-01-01-A0-76-00-7C-00-00-00-00-0B-00-00-00-AB
F0-20-00-00-5D-27-69-0A-F2-01-00-00-00-00-00-00-77-65-01-01-A0-76-00-7C-00-00-00-00-0C-00-00-00-89
F0-20-00-00-45-27-65-0A-F2-01-00-00-00-00-00-00-77-65-01-01-A0-76-00-7C-00-00-00-00-0B-00-00-00-A6
F0-20-00-00-45-27-65-0A-F2-01-00-00-00-00-00-00-77-65-01-01-A0-76-00-7C-00-00-00-00-0C-00-00-00-A5
F0-20-00-00-45-27-65-0A-ED-01-00-00-00-00-00-00-77-65-01-01-A0-76-00-7C-00-00-00-00-0B-00-00-00-AB
F0-20-00-00-45-27-65-0A-ED-01-00-00-00-00-00-00-77-65-01-01-A0-76-00-7C-00-00-00-00-0B-00-00-00-AB
F0-20-00-00-5D-27-69-0A-ED-01-00-00-00-00-00-00-77-65-01-01-A0-76-00-7C-00-00-00-00-0B-00-00-00-8F
F0-20-00-00-45-27-65-0A-ED-01-00-00-00-00-00-00-77-65-01-01-A0-76-00-7C-00-00-00-00-0C-00-00-00-AA
F0-20-00-00-2D-27-60-0A-ED-01-00-00-00-00-00-00-77-65-01-01-A0-76-00-7C-00-00-00-00-0B-00-00-00-C8
F0-20-00-00-45-27-65-0A-E8-01-00-00-00-00-00-00-77-65-01-01-A0-76-00-7C-00-00-00-00-0C-00-00-00-AF
F0-20-00-00-45-27-65-0A-ED-01-00-00-00-00-00-00-77-65-01-01-A0-76-00-7C-00-00-00-00-0B-00-00-00-AB
F0-20-00-00-45-27-65-0A-ED-01-00-00-00-00-00-00-77-65-01-01-A0-76-00-7C-00-00-00-00-0B-00-00-00-AB
F0-20-00-00-45-27-65-0A-ED-01-00-00-00-00-00-00-77-65-01-01-A0-76-00-7C-00-00-00-00-0B-00-00-00-AB
F0-20-00-00-2D-27-60-0A-ED-01-00-00-00-00-00-00-77-65-01-01-A0-76-00-7B-00-00-00-00-0B-00-00-00-C9
F0-20-00-00-5D-27-69-0A-ED-01-00-00-00-00-00-00-77-65-01-01-A0-76-00-7C-00-00-00-00-0B-00-00-00-8F
F0-20-00-00-45-27-65-0A-ED-01-00-00-00-00-00-00-77-65-01-01-A0-76-00-7C-00-00-00-00-0B-00-00-00-AB
F0-20-00-00-45-27-65-0A-ED-01-00-00-00-00-00-00-77-65-01-01-A0-76-00-7C-00-00-00-00-0B-00-00-00-AB
F0-20-00-00-5D-27-69-0A-ED-01-00-00-00-00-00-00-77-65-01-01-A0-76-00-7C-00-00-00-00-0B-00-00-00-8F
F0-20-00-00-2D-27-60-0A-E8-01-00-00-00-00-00-00-77-65-01-01-A0-76-00-7B-00-00-00-00-0B-00-00-00-CE
F0-20-00-00-45-27-65-0A-E8-01-00-00-00-00-00-00-77-65-01-01-A0-76-00-7B-00-00-00-00-0C-00-00-00-B0
F0-20-00-00-5D-27-69-0A-F2-01-00-00-00-00-00-00-77-65-01-01-A0-76-00-7B-00-00-00-00-0B-00-00-00-8B
F0-20-00-00-45-27-65-0A-ED-01-00-00-00-00-00-00-77-65-01-01-A0-76-00-7B-00-00-00-00-0B-00-00-00-AC
F0-20-00-00-45-27-65-0A-ED-01-00-00-00-00-00-00-77-65-01-01-A0-76-00-7B-00-00-00-00-0B-00-00-00-AC
F0-20-00-00-45-27-65-0A-ED-01-00-00-00-00-00-00-77-65-01-01-A0-76-00-7B-00-00-00-00-0B-00-00-00-AC
F0-20-00-00-45-27-65-0A-ED-01-00-00-00-00-00-00-77-65-01-01-A0-76-00-7B-00-00-00-00-0B-00-00-00-AC
F0-20-00-00-45-27-65-0A-ED-01-00-00-00-00-00-00-77-65-01-01-A0-76-00-7B-00-00-00-00-0B-00-00-00-AC
F0-20-00-00-5D-27-69-0A-ED-01-00-00-00-00-00-00-77-65-01-01-A0-76-00-7B-00-00-00-00-0B-00-00-00-90
F0-20-00-00-2D-27-60-0A-ED-01-00-00-00-00-00-00-77-65-01-01-A0-76-00-7B-00-00-00-00-0B-00-00-00-C9
F0-20-00-00-45-27-65-0A-E8-01-00-00-00-00-00-00-77-65-01-01-A0-76-00-7B-00-00-00-00-0C-00-00-00-B0
F0-20-00-00-45-27-65-0A-ED-01-00-00-00-00-00-00-77-65-01-01-A0-76-00-7B-00-00-00-00-0B-00-00-00-AC
F0-20-00-00-45-27-65-0A-F2-01-00-00-00-00-00-00-77-65-01-01-A0-76-00-7B-00-00-00-00-0B-00-00-00-A7
F0-20-00-00-45-27-65-0A-F2-01-00-00-00-00-00-00-77-65-01-01-A0-76-00-7B-00-00-00-00-0B-00-00-00-A7
F0-20-00-00-45-27-65-0A-ED-01-00-00-00-00-00-00-77-65-01-01-A0-76-00-7B-00-00-00-00-0B-00-00-00-AC
F0-20-00-00-5D-26-39-0A-D4-01-00-00-00-00-00-00-77-65-01-01-A0-76-00-51-00-00-00-00-0D-00-00-00-02
F0-20-00-00-A5-25-17-0A-D4-01-00-00-00-00-1F-1A-77-65-01-01-A0-76-01-5F-00-00-E8-03-04-00-00-00-B3
F0-20-72-00-8D-26-42-0A-D4-01-16-0B-00-00-1F-1A-77-65-01-01-A0-76-01-60-00-00-E8-03-02-00-00-00-0D
F0-20-B9-00-95-26-45-0A-D4-01-E5-0A-00-00-1F-1A-77-65-01-01-A0-76-01-61-00-00-E8-03-01-00-00-00-ED
F0-20-CA-00-9D-26-45-0A-D9-01-95-08-00-00-1F-1A-77-65-01-01-A0-76-01-63-00-00-E8-03-01-00-00-00-1F
F0-20-DC-00-AD-26-46-0A-D4-01-0C-08-00-00-1F-1A-77-65-01-01-A0-76-01-65-00-00-E8-03-01-00-00-00-88
F0-20-14-02-15-25-F1-09-D9-01-A6-03-00-00-1F-1C-77-65-01-01-A0-76-01-6C-00-00-E8-03-01-00-00-00-9A
F0-20-45-03-1D-21-22-09-D4-01-70-04-29-01-25-23-77-65-01-01-A0-77-02-7F-00-00-0D-02-01-00-00-00-FD
F0-20-4D-04-2D-1C-38-08-DE-01-C6-03-28-01-2B-2B-78-65-01-01-A0-77-02-8C-00-00-0D-02-00-00-00-00-5B
F0-20-A8-04-0D-18-7F-07-DE-01-60-03-26-01-2F-2F-78-5D-01-01-A0-77-03-8C-00-00-0D-02-00-00-00-00-45
F0-20-02-05-3D-16-28-07-E3-01-F4-02-25-01-2E-2E-78-49-01-01-A0-77-04-8C-00-00-0D-02-00-00-00-00-91
F0-20-7F-05-45-15-F7-06-E3-01-DA-02-24-01-2E-2E-78-33-01-01-A0-77-03-8C-00-00-07-02-00-00-00-00-77
F0-20-A2-05-75-14-D1-06-E8-01-A6-02-22-01-2E-2E-78-1C-01-01-A0-77-04-8C-00-00-F8-01-00-00-00-00-A2
F0-20-B0-05-3D-14-C7-06-E3-01-92-02-21-01-2E-2E-78-0E-01-01-A0-77-03-8C-00-00-EB-01-00-00-00-00-0C
F0-20-CD-05-85-13-A4-06-E8-01-8A-02-1F-01-2E-2E-78-0C-01-01-A0-77-02-8C-00-00-DC-01-00-00-00-00-E2
F0-20-E0-05-DD-12-86-06-E8-01-8A-02-1D-01-2F-2F-78-08-01-01-A0-77-02-8C-00-00-CB-01-00-00-00-00-AB
F0-20-E0-05-FD-12-8A-06-E8-01-8A-02-1C-01-2F-2F-78-06-01-01-A0-77-02-8C-00-00-BC-01-00-00-00-00-99
F0-20-CA-05-95-12-7A-06-E8-01-8A-02-1A-01-2E-2E-78-04-01-01-A0-77-01-8C-00-00-AD-01-00-00-00-00-3D
F0-20-B1-05-8D-12-76-06-E8-01-8A-02-19-01-2E-2D-78-07-01-01-A0-77-02-8C-00-00-9E-01-01-00-00-00-6E
F0-20-95-05-CD-12-80-06-ED-01-8A-02-17-01-2D-2C-78-0E-01-01-A0-77-02-8C-00-00-91-01-01-00-00-00-45
F0-20-69-05-A5-12-7E-06-ED-01-8A-02-16-01-2C-2B-78-0E-01-01-A0-77-02-8C-00-00-82-01-01-00-00-00-AD
F0-20-80-05-B5-12-7C-06-ED-01-8A-02-14-01-2C-2B-78-0E-01-01-A0-77-02-8C-00-00-73-01-02-00-00-00-98
F0-20-7B-05-BD-12-7C-06-F2-01-8A-02-13-01-2C-2B-78-0E-01-01-A0-77-02-8C-00-00-65-01-03-00-00-00-9E
F0-20-58-05-0D-13-8E-06-F2-01-8A-02-11-01-2B-2B-78-0E-01-01-A0-77-02-8C-00-00-58-01-02-00-00-00-6F
F0-20-3A-05-F5-12-8B-06-05-02-8A-02-10-01-2A-2A-78-0E-01-01-A0-77-03-8C-00-00-49-01-08-00-00-00-A0
F0-20-2C-05-ED-12-88-06-05-02-8B-02-0E-01-2A-29-78-0E-01-01-A0-77-03-8C-00-00-3B-01-08-00-00-00-C9
F0-20-2D-05-E5-12-86-06-05-02-8A-02-0D-01-2A-29-78-0E-01-01-A0-77-03-8C-00-00-2E-01-08-00-00-00-E1
F0-20-18-05-DD-12-84-06-05-02-8A-02-0C-01-29-29-78-0E-01-01-A0-77-03-8C-00-00-20-01-08-00-00-00-10
F0-20-0A-05-2D-13-90-06-05-02-8A-02-0A-01-29-29-78-0E-01-01-A0-77-03-8C-00-00-13-01-08-00-00-00-D0
F0-20-C1-04-1D-13-95-06-05-02-8B-02-09-01-27-26-78-0E-01-01-A0-77-02-8C-00-00-07-01-08-00-00-00-37
F0-20-C3-04-7D-13-A3-06-05-02-8A-02-07-01-27-27-78-0E-01-01-A0-77-03-8C-00-00-F9-00-08-00-00-00-D7
F0-20-98-04-95-13-A7-06-05-02-8A-02-06-01-27-27-78-0E-01-01-A0-77-03-8C-00-00-ED-00-08-00-00-00-F3
F0-20-88-04-DD-13-B4-06-05-02-8B-02-05-01-27-26-78-0E-01-01-A0-77-03-8C-00-00-E1-00-08-00-00-00-BB
F0-20-63-04-25-14-C6-06-00-02-8A-02-04-01-27-26-78-0E-01-01-A0-77-03-8C-00-00-D7-00-08-00-00-00-96
F0-20-6B-04-25-14-C2-06-00-02-8A-02-04-01-27-26-78-0E-01-01-A0-77-02-8C-00-00-CB-00-08-00-00-00-9F
F0-20-63-04-7D-14-D3-06-00-02-8A-02-04-01-28-26-77-0E-01-01-A0-77-02-8C-00-00-BF-00-08-00-00-00-4A
F0-20-35-04-1D-14-C2-06-00-02-8A-02-04-01-27-25-77-0E-01-01-A0-77-02-8C-00-00-B4-00-08-00-00-00-F6
F0-20-0E-04-4D-14-CF-06-05-02-8A-02-04-01-24-22-77-0E-01-01-A0-77-02-8C-00-00-AA-00-08-00-00-00-EB
F0-20-04-04-65-14-CE-06-00-02-8A-02-04-01-1D-1B-77-0E-01-01-A0-77-02-8C-00-00-9F-00-08-00-00-00-FC
F0-20-B1-03-AD-15-0B-07-05-02-8A-02-04-01-16-14-77-0E-01-01-A0-77-02-8C-00-00-95-00-08-00-00-00-DC
F0-20-80-03-95-16-3C-07-05-02-AE-02-04-01-14-0E-77-0E-01-01-A0-77-02-8C-00-00-8C-00-08-00-00-00-E0
F0-20-53-03-35-17-57-07-00-02-D8-02-04-01-14-08-77-0E-01-01-A0-77-07-8C-00-00-83-00-08-00-00-00-36
F0-20-04-03-25-18-8D-07-00-02-EA-02-04-01-14-05-77-0E-01-01-A0-77-05-8C-00-00-91-00-08-00-00-00-43
F0-20-E9-02-1D-19-B7-07-00-02-F8-02-04-01-1F-10-76-0E-01-01-A0-77-05-8C-00-00-AB-00-08-00-00-00-FF
F0-20-3E-03-AD-19-CD-07-00-02-04-03-04-01-16-07-76-0E-01-01-A0-77-05-8C-00-00-98-00-08-00-00-00-1B
F0-20-35-03-85-18-96-07-00-02-F6-02-04-01-17-08-76-0E-01-01-A0-77-05-8C-00-00-94-00-08-00-00-00-95
F0-20-48-03-05-19-B0-07-00-02-FE-02-04-01-15-06-76-0E-01-01-A0-77-05-8C-00-00-94-00-08-00-00-00-E3
F0-20-33-03-75-18-94-07-00-02-F6-02-04-01-18-09-76-0E-01-01-A0-77-05-8C-00-00-94-00-08-00-00-00-A7
F0-20-23-03-5D-19-BB-07-00-02-00-03-04-01-19-0A-76-0E-01-01-A0-77-05-8C-00-00-95-00-08-00-00-00-99
F0-20-2A-03-AD-18-9D-07-00-02-F8-02-04-01-18-09-76-0E-01-01-A0-77-06-8C-00-00-95-00-08-00-00-00-6B
F0-20-3C-03-5D-19-BF-07-00-02-FA-02-04-01-17-08-76-0E-01-01-A0-77-06-8C-00-00-96-00-07-00-00-00-86
F0-20-4B-03-A5-18-9D-07-00-02-FC-02-04-01-15-06-76-0E-01-01-A0-77-05-8C-00-00-96-00-08-00-00-00-54
F0-20-30-03-BD-18-A5-07-00-02-F8-02-04-01-18-09-75-0E-01-01-A0-77-05-8C-00-00-97-00-08-00-00-00-4D
F0-20-41-03-B5-18-A1-07-00-02-FA-02-04-01-16-07-75-0E-01-01-A0-77-05-8C-00-00-98-00-08-00-00-00-49
F0-20-11-03-5D-19-C1-07-00-02-FC-02-04-01-1B-0C-75-0E-01-01-A0-77-06-8C-00-00-98-00-08-00-00-00-A3
F0-20-17-03-DD-18-A7-07-FB-01-00-03-04-01-1A-0B-75-0E-01-01-A0-77-07-8C-00-00-98-00-07-00-00-00-3B
F0-20-41-03-8D-19-CC-07-00-02-00-03-04-01-16-07-75-0E-01-01-A0-77-05-8C-00-00-9C-00-08-00-00-00-3A
F0-20-43-03-65-18-93-07-00-02-F8-02-04-01-16-07-75-0E-01-01-A0-77-05-8C-00-00-98-00-07-00-00-00-A8
F0-20-37-03-15-19-AF-07-00-02-FE-02-04-01-17-08-75-0E-01-01-A0-77-05-8C-00-00-98-00-08-00-00-00-DE
F0-20-3D-03-55-18-8C-07-00-02-F4-02-04-01-17-08-75-0E-01-01-A0-77-05-8C-00-00-98-00-07-00-00-00-C7
F0-20-56-03-ED-18-A9-07-00-02-FA-02-04-01-14-05-75-0E-01-01-A0-77-05-8C-00-00-99-00-08-00-00-00-F7
F0-20-04-03-DD-18-A8-07-00-02-F6-02-04-01-1C-0D-75-0E-01-01-A0-77-05-8C-00-00-99-00-07-00-00-00-4F
F0-20-67-03-FD-18-AC-07-00-02-02-03-04-01-13-04-75-0E-01-01-A0-77-06-8C-00-00-99-00-07-00-00-00-CC
F0-20-31-03-B5-18-A1-07-05-02-F8-02-04-01-18-09-74-0E-01-01-A0-77-05-8C-00-00-9A-00-08-00-00-00-51
F0-20-66-03-FD-18-AE-07-00-02-00-03-04-01-14-05-74-0E-01-01-A0-77-05-8C-00-00-9A-00-08-00-00-00-CB
F0-20-3C-03-C5-18-A0-07-00-02-FA-02-04-01-17-08-74-0E-01-01-A0-77-05-8C-00-00-9B-00-08-00-00-00-3B
F0-20-65-03-AD-18-98-07-00-02-FA-02-04-01-14-05-74-0E-01-01-A0-77-04-8C-00-00-9B-00-08-00-00-00-39
F0-20-1E-03-15-19-B2-07-00-02-F4-02-04-01-1A-0B-74-0E-01-01-A0-77-01-8C-00-00-9C-00-08-00-00-00-F9
F0-20-53-03-FD-18-AE-07-00-02-FE-02-04-01-14-05-74-0E-01-01-A0-77-01-8C-00-00-9C-00-08-00-00-00-E3
F0-20-41-03-D5-18-AB-07-05-02-FA-02-04-01-16-07-74-0E-01-01-A0-77-01-8C-00-00-9D-00-08-00-00-00-1A
F0-20-4F-03-A5-18-9D-07-00-02-FA-02-04-01-15-06-74-0E-01-01-A0-77-01-8C-00-00-9D-00-08-00-00-00-51
F0-20-38-03-D5-18-A1-07-FB-01-FA-02-04-01-17-08-74-0E-01-01-A0-77-02-8C-00-00-9E-00-3D-00-00-00-FF
F0-20-53-03-D5-18-A1-07-FB-01-FC-02-04-01-14-05-74-0E-01-01-A0-77-03-8C-00-00-9F-00-3D-00-00-00-E6
F0-20-40-03-AD-18-9E-07-FB-01-F8-02-04-01-16-07-73-0E-01-01-A0-77-05-8C-00-00-A0-00-3C-00-00-00-23
F0-20-4C-03-8D-18-9B-07-F6-01-FA-02-04-01-15-06-73-0E-01-01-A0-77-06-8C-00-00-A1-00-3D-00-00-00-3C
F0-20-26-03-BD-18-A4-07-F6-01-F8-02-04-01-19-0A-73-0E-01-01-A0-77-04-8C-00-00-A2-00-3D-00-00-00-24
F0-20-4D-03-95-18-9A-07-F6-01-FA-02-04-01-15-06-73-0E-01-01-A0-77-05-8C-00-00-A2-00-3D-00-00-00-34
F0-20-50-03-CD-18-9F-07-FB-01-FA-02-04-01-15-06-73-0E-01-01-A0-77-05-8C-00-00-A3-00-3D-00-00-00-EE
F0-20-26-03-AD-18-9D-07-00-02-F8-02-04-01-19-0A-73-0E-01-01-A0-77-06-8C-00-00-A3-00-3D-00-00-00-2D
F0-20-78-03-C5-18-A3-07-FB-01-FE-02-04-01-12-03-73-0E-01-01-A0-77-05-8C-00-00-A4-00-3D-00-00-00-CB
F0-20-5E-03-55-18-8F-07-FB-01-F6-02-04-01-14-05-73-0E-01-01-A0-77-05-8C-00-00-A4-00-3D-00-00-00-6D
F0-20-4E-03-3D-18-8E-07-FB-01-F6-02-04-01-15-06-73-0E-01-01-A0-77-04-8C-00-00-A4-00-3D-00-00-00-95
F0-20-42-03-ED-18-AB-07-FB-01-FA-02-04-01-16-07-73-0E-01-01-A0-77-05-8C-00-00-A5-00-3D-00-00-00-CC
F0-20-6D-03-5D-18-90-07-FB-01-FA-02-04-01-13-04-73-0E-01-01-A0-77-06-8C-00-00-A5-00-3D-00-00-00-51
F0-20-4E-03-AD-18-9C-07-FB-01-FA-02-04-01-15-06-73-0E-01-01-A0-77-05-8C-00-00-A5-00-3D-00-00-00-11
F0-20-6E-03-15-18-7D-07-F6-01-F4-02-04-01-13-04-72-0E-01-01-A0-77-05-8C-00-00-A4-00-3D-00-00-00-B9
F0-20-4F-03-7D-18-93-07-F6-01-F8-02-04-01-15-06-72-0E-01-01-A0-77-05-8C-00-00-A5-00-3D-00-00-00-51
F0-20-41-03-75-18-93-07-F6-01-F8-02-04-01-16-07-72-0E-01-01-A0-77-05-8C-00-00-A5-00-3D-00-00-00-65
F0-20-45-03-D5-18-AC-07-FB-01-FA-02-04-01-16-07-72-0E-01-01-A0-77-05-8C-00-00-A6-00-3D-00-00-00-E0
F0-20-64-03-3D-18-8B-07-FB-01-F8-02-04-01-14-05-72-0E-01-01-A0-77-06-8C-00-00-A5-00-3D-00-00-00-80
F0-20-6E-03-5D-18-8C-07-FB-01-F8-02-04-01-13-04-72-0E-01-01-A0-77-05-8C-00-00-A5-00-3D-00-00-00-58
F0-20-33-03-8D-18-9B-07-FB-01-F6-02-04-01-18-09-72-0E-01-01-A0-77-05-8C-00-00-A6-00-3D-00-00-00-4B
F0-20-60-03-AD-18-9A-07-FB-01-FA-02-04-01-14-05-72-0E-01-01-A0-77-07-8C-00-00-A6-00-3D-00-00-00-01
F0-20-55-03-AD-18-9C-07-FB-01-FA-02-04-01-14-05-72-0E-01-01-A0-77-05-8C-00-00-A6-00-3D-00-00-00-0C
F0-20-64-03-7D-18-92-07-FB-01-F8-02-04-01-14-05-72-0E-01-01-A0-77-06-8C-00-00-A6-00-3D-00-00-00-38
F0-20-50-03-75-18-92-07-F6-01-F6-02-04-01-15-06-72-0E-01-01-A0-77-07-8C-00-00-A7-00-3D-00-00-00-57
F0-20-63-03-A5-18-9D-07-F6-01-F8-02-04-01-14-05-72-0E-01-01-A0-77-05-8C-00-00-A7-00-3D-00-00-00-0B
F0-20-58-03-6D-18-93-07-FB-01-F6-02-04-01-14-05-72-0E-01-01-A0-77-05-8C-00-00-A7-00-3E-00-00-00-54
F0-20-42-03-3D-18-90-07-FB-01-F4-02-04-01-16-07-72-0E-01-01-A0-77-05-8C-00-00-A7-00-3D-00-00-00-9C
F0-20-5C-03-95-18-9D-07-FB-01-FA-02-04-01-14-05-71-0E-01-01-A0-77-06-8C-00-00-A8-00-3D-00-00-00-1A
F0-20-69-03-35-18-8A-07-FB-01-F8-02-04-01-13-04-71-0E-01-01-A0-77-06-8C-00-00-A7-00-3D-00-00-00-85
F0-20-3F-03-3D-18-8E-07-FB-01-F4-02-04-01-16-07-71-0E-01-01-A0-77-05-8C-00-00-A7-00-3D-00-00-00-A2
F0-20-66-03-55-18-8D-07-FB-01-F8-02-04-01-14-05-71-0E-01-01-A0-77-05-8C-00-00-A7-00-3D-00-00-00-64
F0-20-45-03-2D-18-8B-07-FB-01-F4-02-04-01-16-07-71-0E-01-01-A0-77-05-8C-00-00-A7-00-3D-00-00-00-AF
F0-20-89-03-6D-18-87-07-FB-01-F8-02-04-01-10-01-71-0E-01-01-A0-77-06-8C-00-00-A7-00-3D-00-00-00-36
F0-20-47-03-FD-17-83-07-FB-01-F0-02-04-01-16-07-71-0E-01-01-A0-77-06-8C-00-00-A6-00-3D-00-00-00-EA
F0-20-87-03-5D-18-83-07-F6-01-F8-02-04-01-10-01-71-0E-01-01-A0-77-05-8C-00-00-A6-00-3D-00-00-00-53
F0-20-32-03-1D-18-86-07-FB-01-F0-02-04-01-18-09-71-0E-01-01-A0-77-05-8C-00-00-A6-00-3D-00-00-00-D8
F0-20-75-03-75-18-91-07-FB-01-FA-02-04-01-12-03-71-0E-01-01-A0-77-05-8C-00-00-A6-00-3D-00-00-00-34
F0-20-4A-03-45-18-8B-07-00-02-F4-02-04-01-15-06-71-0E-01-01-A0-77-04-8C-00-00-A6-00-3C-00-00-00-91
F0-20-5B-03-45-18-90-07-FB-01-F8-02-04-01-14-05-71-0E-01-01-A0-77-07-8C-00-00-A6-00-3D-00-00-00-7B
F0-20-4F-03-35-18-8F-07-FB-01-F4-02-04-01-15-06-71-0E-01-01-A0-77-05-8C-00-00-A6-00-3D-00-00-00-9C
F0-20-5E-03-CD-18-A4-07-FB-01-FE-02-04-01-14-05-71-0E-01-01-A0-77-05-8C-00-00-A7-00-3D-00-00-00-D7
F0-20-5C-03-F5-17-7D-07-FB-01-F4-02-04-01-14-05-71-0E-01-01-A0-77-05-8C-00-00-A6-00-3D-00-00-00-E4
F0-20-8C-03-3D-18-8B-07-FB-01-FA-02-04-01-10-01-71-0E-01-01-A0-77-05-8C-00-00-A7-00-3D-00-00-00-5E
F0-20-3D-03-1D-18-83-07-F6-01-F0-02-04-01-17-08-71-0E-01-01-A0-77-06-8C-00-00-A6-00-3C-00-00-00-D7
F0-20-79-03-95-18-8F-07-F6-01-FA-02-04-01-12-03-70-0E-01-01-A0-77-05-8C-00-00-A6-00-3D-00-00-00-18
F0-20-42-03-25-18-85-07-F6-01-F2-02-04-01-16-07-70-0E-01-01-A0-77-05-8C-00-00-A6-00-3D-00-00-00-C9
F0-20-62-03-AD-18-9A-07-FB-01-FA-02-04-01-14-05-70-0E-01-01-A0-77-07-8C-00-00-A7-00-3D-00-00-00-00
F0-20-36-03-45-18-89-07-00-02-F6-02-04-01-17-08-70-0E-01-01-A0-77-07-8C-00-00-A6-00-3D-00-00-00-9E
F0-20-86-03-B5-18-A0-07-FB-01-FC-02-04-01-10-01-70-0E-01-01-A0-77-05-8C-00-00-A7-00-3D-00-00-00-D6
F0-20-5D-03-2D-18-87-07-FB-01-F4-02-04-01-14-05-70-0E-01-01-A0-77-01-8C-00-00-A7-00-3E-00-00-00-A3
F0-20-70-03-15-18-81-07-FB-01-F6-02-04-01-13-04-70-0E-01-01-A0-77-01-8C-00-00-A6-00-3D-00-00-00-B0
F0-20-6A-03-25-18-87-07-FB-01-F4-02-04-01-13-04-70-0E-01-01-A0-77-01-8C-00-00-A6-00-3D-00-00-00-A2
F0-20-64-03-15-18-83-07-FB-01-F4-02-04-01-14-05-70-0E-01-01-A0-77-01-8C-00-00-A6-00-3C-00-00-00-BB
F0-20-44-03-85-18-97-07-FB-01-F6-02-04-01-16-07-70-0E-01-01-A0-77-01-8C-00-00-A6-00-3E-00-00-00-4F
F0-20-51-03-9D-18-9A-07-F6-01-F8-02-04-01-15-06-70-0E-01-01-A0-77-04-8C-00-00-A7-00-3D-00-00-00-29
F0-20-75-03-65-18-8A-07-F6-01-F8-02-04-01-12-03-70-0E-01-01-A0-77-03-8C-00-00-A6-00-3C-00-00-00-56
F0-20-58-03-35-18-85-07-FB-01-F4-02-04-01-14-05-70-0E-01-01-A0-77-04-8C-00-00-A6-00-3D-00-00-00-A1
F0-20-68-03-45-18-87-07-00-02-F6-02-04-01-13-04-70-0E-01-01-A0-77-04-8C-00-00-A6-00-3D-00-00-00-79
