F0-20-00-00-00-00-00-00-00-00-00-00-00-00-00-00-00-00-00-00-00-00-00-00-00-00-00-00-00-00-00-00-00
00-00-45-27-65-0A-E8-01-00-00-00-00-00-00-7D-65-01-01-A4-80-00-78-00-00-00-00-07-00-00-00-A4-00-00
F0-20-00-00-45-27-65-0A-ED-01-00-00-00-00-00-00-7D-65-01-01-A4-80-00-78-00-00-00-00-07-00-00-00-9F
F0-20-00-00-45-27-65-0A-F2-01-00-00-00-00-00-00-7D-65-01-01-A4-80-00-78-00-00-00-00-07-00-00-00-9A
F0-20-00-00-45-27-65-0A-ED-01-00-00-00-00-00-00-7D-65-01-01-A4-80-00-78-00-00-00-00-06-00-00-00-A0
F0-20-00-00-45-27-65-0A-F2-01-00-00-00-00-00-00-7D-65-01-01-A4-80-00-78-00-00-00-00-07-00-00-00-9A
F0-20-00-00-45-27-65-0A-E8-01-00-00-00-00-00-00-7D-65-01-01-A4-80-00-78-00-00-00-00-07-00-00-00-A4
F0-20-00-00-45-27-65-0A-ED-01-00-00-00-00-00-00-7D-65-01-01-A4-80-00-78-00-00-00-00-07-00-00-00-9F
F0-20-00-00-45-27-65-0A-F2-01-00-00-00-00-00-00-7D-65-01-01-A4-80-00-78-00-00-00-00-07-00-00-00-9A
F0-20-00-00-45-27-65-0A-ED-01-00-00-00-00-00-00-7D-65-01-01-A4-80-00-78-00-00-00-00-07-00-00-00-9F
F0-20-00-00-2D-27-60-0A-ED-01-00-00-00-00-00-00-7D-65-01-01-A4-80-00-78-00-00-00-00-07-00-00-00-BC
F0-20-00-00-2D-27-60-0A-E8-01-00-00-00-00-00-00-7D-65-01-01-A4-80-00-78-00-00-00-00-08-00-00-00-C0
F0-20-00-00-5D-27-69-0A-ED-01-00-00-00-00-00-00-7D-65-01-01-A4-80-00-78-00-00-00-00-07-00-00-00-83
F0-20-00-00-5D-27-69-0A-F2-01-00-00-00-00-00-00-7D-65-01-01-A4-80-00-78-00-00-00-00-07-00-00-00-7E
F0-20-00-00-45-27-65-0A-ED-01-00-00-00-00-00-00-7D-65-01-01-A4-80-00-78-00-00-00-00-07-00-00-00-9F
F0-20-00-00-5D-27-69-0A-ED-01-00-00-00-00-00-00-7D-65-01-01-A4-80-00-78-00-00-00-00-07-00-00-00-83
F0-20-00-00-2D-27-60-0A-E8-01-00-00-00-00-00-00-7D-65-01-01-A4-80-00-78-00-00-00-00-07-00-00-00-C1
F0-20-00-00-45-27-65-0A-ED-01-00-00-00-00-00-00-7D-65-01-01-A4-80-00-78-00-00-00-00-07-00-00-00-9F
F0-20-00-00-45-27-65-0A-ED-01-00-00-00-00-00-00-7D-65-01-01-A4-80-00-78-00-00-00-00-07-00-00-00-9F
F0-20-00-00-45-27-65-0A-ED-01-00-00-00-00-00-00-7D-65-01-01-A4-80-00-78-00-00-00-00-07-00-00-00-9F
F0-20-00-00-45-27-65-0A-F2-01-00-00-00-00-00-00-7D-65-01-01-A4-80-00-78-00-00-00-00-07-00-00-00-9A
F0-20-00-00-45-27-65-0A-ED-01-00-00-00-00-00-00-7D-65-01-01-A4-80-00-78-00-00-00-00-07-00-00-00-9F
F0-20-00-00-2D-27-60-0A-ED-01-00-00-00-00-00-00-7D-65-01-01-A4-80-00-78-00-00-00-00-07-00-00-00-BC
F0-20-00-00-5D-27-69-0A-ED-01-00-00-00-00-00-00-7D-65-01-01-A4-80-00-78-00-00-00-00-08-00-00-00-82
F0-20-00-00-45-27-65-0A-ED-01-00-00-00-00-00-00-7D-65-01-01-A4-80-00-78-00-00-00-00-07-00-00-00-9F
F0-20-00-00-45-27-65-0A-ED-01-00-00-00-00-00-00-7D-65-01-01-A4-80-00-77-00-00-00-00-07-00-00-00-A0
F0-20-00-00-5D-27-69-0A-ED-01-00-00-00-00-00-00-7D-65-01-01-A4-80-00-77-00-00-00-00-07-00-00-00-84
F0-20-00-00-45-27-65-0A-F2-01-00-00-00-00-00-00-7D-65-01-01-A4-80-00-78-00-00-00-00-07-00-00-00-9A
F0-20-00-00-45-27-65-0A-ED-01-00-00-00-00-00-00-7D-65-01-01-A4-80-00-77-00-00-00-00-07-00-00-00-A0
F0-20-00-00-5D-27-69-0A-ED-01-00-00-00-00-00-00-7D-65-01-01-A4-80-00-77-00-00-00-00-07-00-00-00-84
F0-20-00-00-5D-27-69-0A-ED-01-00-00-00-00-00-00-7D-65-01-01-A4-80-00-77-00-00-00-00-07-00-00-00-84
F0-20-00-00-45-27-65-0A-ED-01-00-00-00-00-00-00-7D-65-01-01-A4-80-00-77-00-00-00-00-07-00-00-00-A0
F0-20-00-00-45-27-65-0A-F2-01-00-00-00-00-00-00-7D-65-01-01-A4-80-00-77-00-00-00-00-07-00-00-00-9B
F0-20-00-00-45-27-65-0A-ED-01-00-00-00-00-00-00-7D-65-01-01-A4-80-00-77-00-00-00-00-07-00-00-00-A0
F0-20-00-00-5D-27-69-0A-ED-01-00-00-00-00-00-00-7D-65-01-01-A4-80-00-77-00-00-00-00-07-00-00-00-84
F0-20-00-00-45-27-65-0A-F2-01-00-00-00-00-00-00-7D-65-01-01-A4-80-00-77-00-00-00-00-07-00-00-00-9B
F0-20-00-00-45-27-65-0A-F2-01-00-00-00-00-00-00-7D-65-01-01-A4-80-00-77-00-00-00-00-07-00-00-00-9B
F0-20-00-00-45-27-65-0A-F2-01-00-00-00-00-00-00-7D-65-01-01-A4-80-00-77-00-00-00-00-07-00-00-00-9B
F0-20-00-00-45-27-65-0A-ED-01-00-00-00-00-00-00-7D-65-01-01-A4-80-00-77-00-00-00-00-07-00-00-00-A0
F0-20-00-00-45-27-65-0A-ED-01-00-00-00-00-00-00-7D-65-01-01-A4-80-00-77-00-00-00-00-08-00-00-00-9F
F0-20-00-00-45-27-65-0A-ED-01-00-00-00-00-00-00-7D-65-01-01-A4-80-00-77-00-00-00-00-07-00-00-00-A0
F0-20-00-00-45-27-65-0A-ED-01-00-00-00-00-00-00-7D-65-01-01-A4-80-00-77-00-00-00-00-07-00-00-00-A0
F0-20-00-00-45-27-65-0A-ED-01-00-00-00-00-00-00-7D-65-01-01-A4-80-00-77-00-00-00-00-07-00-00-00-A0
F0-20-00-00-45-27-65-0A-ED-01-00-00-00-00-00-00-7D-65-01-01-A4-80-00-77-00-00-00-00-07-00-00-00-A0
F0-20-00-00-45-27-65-0A-ED-01-00-00-00-00-00-00-7D-65-01-01-A4-80-00-77-00-00-00-00-07-00-00-00-A0
F0-20-00-00-5D-27-69-0A-ED-01-00-00-00-00-00-00-7D-65-01-01-A4-80-00-77-00-00-00-00-07-00-00-00-84
F0-20-00-00-45-27-65-0A-ED-01-00-00-00-00-00-00-7D-65-01-01-A4-80-00-77-00-00-00-00-07-00-00-00-A0
F0-20-00-00-45-27-65-0A-F2-01-00-00-00-00-00-00-7D-65-01-01-A4-80-00-77-00-00-00-00-07-00-00-00-9B
F0-20-00-00-45-27-65-0A-ED-01-00-00-00-00-00-00-7D-65-01-01-A4-80-00-77-00-00-00-00-08-00-00-00-9F
F0-20-00-00-45-27-65-0A-F2-01-00-00-00-00-00-00-7D-65-01-01-A4-80-00-77-00-00-00-00-07-00-00-00-9B
F0-20-00-00-45-27-65-0A-ED-01-00-00-00-00-00-00-7D-65-01-01-A4-80-00-77-00-00-00-00-07-00-00-00-A0
F0-20-00-00-45-27-65-0A-F2-01-00-00-00-00-00-00-7D-65-01-01-A4-80-00-77-00-00-00-00-07-00-00-00-9B
F0-20-00-00-45-27-65-0A-ED-01-00-00-00-00-00-00-7D-65-01-01-A4-80-00-77-00-00-00-00-07-00-00-00-A0
F0-20-00-00-45-27-65-0A-ED-01-00-00-00-00-00-00-7D-65-01-01-A4-80-00-77-00-00-00-00-08-00-00-00-9F
F0-20-00-00-45-27-65-0A-ED-01-00-00-00-00-00-00-7D-65-01-01-A4-80-00-77-00-00-00-00-08-00-00-00-9F
F0-20-00-00-45-27-65-0A-F2-01-00-00-00-00-00-00-7D-65-01-01-A4-80-00-77-00-00-00-00-07-00-00-00-9B
F0-20-00-00-45-27-65-0A-F2-01-00-00-00-00-00-00-7D-65-01-01-A4-80-00-77-00-00-00-00-08-00-00-00-9A
F0-20-00-00-45-27-65-0A-F2-01-00-00-00-00-00-00-7D-65-01-01-A4-80-00-77-00-00-00-00-07-00-00-00-9B
F0-20-00-00-45-27-65-0A-F2-01-00-00-00-00-00-00-7D-65-01-01-A4-80-00-77-00-00-00-00-08-00-00-00-9A
F0-20-00-00-45-27-65-0A-F2-01-00-00-00-00-00-00-7D-65-01-01-A4-80-00-77-00-00-00-00-07-00-00-00-9B
F0-20-00-00-5D-27-69-0A-F2-01-00-00-00-00-00-00-7D-65-01-01-A4-80-00-77-00-00-00-00-08-00-00-00-7E
F0-20-00-00-45-27-65-0A-F2-01-00-00-00-00-00-00-7D-65-01-01-A4-80-00-77-00-00-00-00-08-00-00-00-9A
F0-20-00-00-45-27-65-0A-F2-01-00-00-00-00-00-00-7D-65-01-01-A4-80-00-77-00-00-00-00-08-00-00-00-9A
F0-20-00-00-45-27-65-0A-F2-01-00-00-00-00-00-00-7D-65-01-01-A4-80-00-76-00-00-00-00-08-00-00-00-9B
F0-20-00-00-5D-27-69-0A-F2-01-00-00-00-00-00-00-7D-65-01-01-A4-80-00-77-00-00-00-00-08-00-00-00-7E
F0-20-00-00-5D-27-69-0A-F2-01-00-00-00-00-00-00-7D-65-01-01-A4-80-00-76-00-00-00-00-08-00-00-00-7F
F0-20-00-00-45-27-65-0A-F2-01-00-00-00-00-00-00-7D-65-01-01-A4-80-00-76-00-00-00-00-07-00-00-00-9C
F0-20-00-00-45-27-65-0A-F2-01-00-00-00-00-00-00-7D-65-01-01-A4-80-00-76-00-00-00-00-08-00-00-00-9B
F0-20-00-00-45-27-65-0A-ED-01-00-00-00-00-00-00-7D-65-01-01-A4-80-00-76-00-00-00-00-07-00-00-00-A1
F0-20-00-00-45-27-65-0A-ED-01-00-00-00-00-00-00-7D-65-01-01-A4-80-00-76-00-00-00-00-08-00-00-00-A0
F0-20-00-00-5D-27-69-0A-F2-01-00-00-00-00-00-00-7D-65-01-01-A4-80-00-76-00-00-00-00-08-00-00-00-7F
F0-20-00-00-5D-27-69-0A-ED-01-00-00-00-00-00-00-7D-65-01-01-A4-80-00-76-00-00-00-00-07-00-00-00-85
F0-20-00-00-45-27-65-0A-F2-01-00-00-00-00-00-00-7D-65-01-01-A4-80-00-76-00-00-00-00-08-00-00-00-9B
F0-20-00-00-45-27-65-0A-F2-01-00-00-00-00-00-00-7D-65-01-01-A4-80-00-76-00-00-00-00-07-00-00-00-9C
F0-20-00-00-45-27-65-0A-F2-01-00-00-00-00-00-00-7D-65-01-01-A4-80-00-76-00-00-00-00-07-00-00-00-9C
F0-20-00-00-45-27-65-0A-ED-01-00-00-00-00-00-00-7D-65-01-01-A4-80-00-76-00-00-00-00-08-00-00-00-A0
F0-20-00-00-45-27-65-0A-ED-01-00-00-00-00-00-00-7D-65-01-01-A4-80-00-76-00-00-00-00-07-00-00-00-A1
F0-20-00-00-45-27-65-0A-F2-01-00-00-00-00-00-00-7D-65-01-01-A4-80-00-76-00-00-00-00-08-00-00-00-9B
